[0.004s] Invoking command in '/home/chelbaev/NSU/robots/ex03/ros2_ws/build/turtlesim': CMAKE_PREFIX_PATH=/opt/ros/humble /usr/bin/cmake /home/chelbaev/NSU/robots/ex03/ros2_ws/src/ros_tutorials/turtlesim -DCMAKE_INSTALL_PREFIX=/home/chelbaev/NSU/robots/ex03/ros2_ws/install/turtlesim
[0.069s] -- The C compiler identification is GNU 11.4.0
[0.112s] -- The CXX compiler identification is GNU 11.4.0
[0.118s] -- Detecting C compiler ABI info
[0.169s] -- Detecting C compiler ABI info - done
[0.175s] -- Check for working C compiler: /usr/bin/cc - skipped
[0.176s] -- Detecting C compile features
[0.176s] -- Detecting C compile features - done
[0.178s] -- Detecting CXX compiler ABI info
[0.236s] -- Detecting CXX compiler ABI info - done
[0.243s] -- Check for working CXX compiler: /usr/bin/c++ - skipped
[0.243s] -- Detecting CXX compile features
[0.244s] -- Detecting CXX compile features - done
[0.246s] -- Found ament_cmake: 1.3.12 (/opt/ros/humble/share/ament_cmake/cmake)
[0.352s] -- Found Python3: /usr/bin/python3 (found version "3.10.12") found components: Interpreter 
[0.408s] -- Found ament_index_cpp: 1.4.0 (/opt/ros/humble/share/ament_index_cpp/cmake)
[0.409s] -- Found geometry_msgs: 4.9.0 (/opt/ros/humble/share/geometry_msgs/cmake)
[0.431s] -- Found rosidl_generator_c: 3.1.7 (/opt/ros/humble/share/rosidl_generator_c/cmake)
[0.433s] -- Found rosidl_adapter: 3.1.7 (/opt/ros/humble/share/rosidl_adapter/cmake)
[0.437s] -- Found rosidl_generator_cpp: 3.1.7 (/opt/ros/humble/share/rosidl_generator_cpp/cmake)
[0.444s] -- Using all available rosidl_typesupport_c: rosidl_typesupport_fastrtps_c;rosidl_typesupport_introspection_c
[0.452s] -- Using all available rosidl_typesupport_cpp: rosidl_typesupport_fastrtps_cpp;rosidl_typesupport_introspection_cpp
[0.497s] -- Found rclcpp: 16.0.14 (/opt/ros/humble/share/rclcpp/cmake)
[0.517s] -- Found rmw_implementation_cmake: 6.1.2 (/opt/ros/humble/share/rmw_implementation_cmake/cmake)
[0.518s] -- Found rmw_fastrtps_cpp: 6.2.8 (/opt/ros/humble/share/rmw_fastrtps_cpp/cmake)
[0.577s] -- Found OpenSSL: /usr/lib/x86_64-linux-gnu/libcrypto.so (found version "3.0.2")  
[0.596s] -- Found FastRTPS: /opt/ros/humble/include  
[0.619s] -- Using RMW implementation 'rmw_fastrtps_cpp' as default
[0.624s] -- Looking for pthread.h
[0.677s] -- Looking for pthread.h - found
[0.677s] -- Performing Test CMAKE_HAVE_LIBC_PTHREAD
[0.735s] -- Performing Test CMAKE_HAVE_LIBC_PTHREAD - Success
[0.736s] -- Found Threads: TRUE  
[0.757s] -- Found rclcpp_action: 16.0.14 (/opt/ros/humble/share/rclcpp_action/cmake)
[0.776s] -- Found rosidl_default_generators: 1.2.0 (/opt/ros/humble/share/rosidl_default_generators/cmake)
[0.787s] -- Found std_srvs: 4.9.0 (/opt/ros/humble/share/std_srvs/cmake)
[0.995s] -- Found ament_cmake_ros: 0.10.0 (/opt/ros/humble/share/ament_cmake_ros/cmake)
[1.223s] -- Using all available rosidl_typesupport_c: rosidl_typesupport_fastrtps_c;rosidl_typesupport_introspection_c
[1.311s] -- Using all available rosidl_typesupport_cpp: rosidl_typesupport_fastrtps_cpp;rosidl_typesupport_introspection_cpp
[1.332s] -- Found PythonInterp: /usr/bin/python3 (found suitable version "3.10.12", minimum required is "3.6") 
[1.334s] -- Found python_cmake_module: 0.10.0 (/opt/ros/humble/share/python_cmake_module/cmake)
[1.353s] -- Found PythonLibs: /usr/lib/x86_64-linux-gnu/libpython3.10.so (found suitable version "3.10.12", minimum required is "3.5") 
[1.353s] -- Using PYTHON_EXECUTABLE: /usr/bin/python3
[1.353s] -- Using PYTHON_INCLUDE_DIRS: /usr/include/python3.10
[1.353s] -- Using PYTHON_LIBRARIES: /usr/lib/x86_64-linux-gnu/libpython3.10.so
[1.372s] -- Found PythonExtra: .so  
[1.414s] -- Configuring done
[1.450s] -- Generating done
[1.462s] -- Build files have been written to: /home/chelbaev/NSU/robots/ex03/ros2_ws/build/turtlesim
[1.470s] Invoked command in '/home/chelbaev/NSU/robots/ex03/ros2_ws/build/turtlesim' returned '0': CMAKE_PREFIX_PATH=/opt/ros/humble /usr/bin/cmake /home/chelbaev/NSU/robots/ex03/ros2_ws/src/ros_tutorials/turtlesim -DCMAKE_INSTALL_PREFIX=/home/chelbaev/NSU/robots/ex03/ros2_ws/install/turtlesim
[1.472s] Invoking command in '/home/chelbaev/NSU/robots/ex03/ros2_ws/build/turtlesim': CMAKE_PREFIX_PATH=/opt/ros/humble /usr/bin/cmake --build /home/chelbaev/NSU/robots/ex03/ros2_ws/build/turtlesim -- -j12 -l12
[1.508s] [  1%] [34m[1mGenerating C code for ROS interfaces[0m
[1.516s] [  2%] [34m[1mGenerating C++ code for ROS interfaces[0m
[1.523s] [  2%] Built target ament_cmake_python_copy_turtlesim
[1.662s] running egg_info
[1.663s] creating turtlesim.egg-info
[1.663s] writing turtlesim.egg-info/PKG-INFO
[1.663s] writing dependency_links to turtlesim.egg-info/dependency_links.txt
[1.663s] writing top-level names to turtlesim.egg-info/top_level.txt
[1.663s] writing manifest file 'turtlesim.egg-info/SOURCES.txt'
[1.664s] reading manifest file 'turtlesim.egg-info/SOURCES.txt'
[1.664s] writing manifest file 'turtlesim.egg-info/SOURCES.txt'
[1.684s] [  2%] Built target ament_cmake_python_build_turtlesim_egg
[2.067s] [  2%] Built target turtlesim__cpp
[2.076s] [  3%] [34m[1mGenerating C++ type support dispatch for ROS interfaces[0m
[2.076s] [  5%] [34m[1mGenerating C++ type support for eProsima Fast-RTPS[0m
[2.076s] [  5%] [34m[1mGenerating C++ introspection for ROS interfaces[0m
[2.142s] [  6%] [32mBuilding C object CMakeFiles/turtlesim__rosidl_generator_c.dir/rosidl_generator_c/turtlesim/srv/detail/teleport_absolute__functions.c.o[0m
[2.142s] [  9%] [32mBuilding C object CMakeFiles/turtlesim__rosidl_generator_c.dir/rosidl_generator_c/turtlesim/msg/detail/color__functions.c.o[0m
[2.142s] [  9%] [32mBuilding C object CMakeFiles/turtlesim__rosidl_generator_c.dir/rosidl_generator_c/turtlesim/action/detail/rotate_absolute__functions.c.o[0m
[2.142s] [  9%] [32mBuilding C object CMakeFiles/turtlesim__rosidl_generator_c.dir/rosidl_generator_c/turtlesim/srv/detail/kill__functions.c.o[0m
[2.142s] [ 10%] [32mBuilding C object CMakeFiles/turtlesim__rosidl_generator_c.dir/rosidl_generator_c/turtlesim/msg/detail/pose__functions.c.o[0m
[2.142s] [ 12%] [32mBuilding C object CMakeFiles/turtlesim__rosidl_generator_c.dir/rosidl_generator_c/turtlesim/srv/detail/set_pen__functions.c.o[0m
[2.142s] [ 12%] [32mBuilding C object CMakeFiles/turtlesim__rosidl_generator_c.dir/rosidl_generator_c/turtlesim/srv/detail/spawn__functions.c.o[0m
[2.143s] [ 13%] [32mBuilding C object CMakeFiles/turtlesim__rosidl_generator_c.dir/rosidl_generator_c/turtlesim/srv/detail/teleport_relative__functions.c.o[0m
[2.278s] [ 14%] [32m[1mLinking C shared library libturtlesim__rosidl_generator_c.so[0m
[2.311s] [ 14%] Built target turtlesim__rosidl_generator_c
[2.321s] [ 15%] [34m[1mGenerating C type support dispatch for ROS interfaces[0m
[2.321s] [ 17%] [34m[1mGenerating C introspection for ROS interfaces[0m
[2.321s] [ 17%] [34m[1mGenerating C type support for eProsima Fast-RTPS[0m
[2.452s] [ 18%] [32mBuilding CXX object CMakeFiles/turtlesim__rosidl_typesupport_cpp.dir/rosidl_typesupport_cpp/turtlesim/srv/kill__type_support.cpp.o[0m
[2.452s] [ 20%] [32mBuilding CXX object CMakeFiles/turtlesim__rosidl_typesupport_cpp.dir/rosidl_typesupport_cpp/turtlesim/msg/color__type_support.cpp.o[0m
[2.452s] [ 20%] [32mBuilding CXX object CMakeFiles/turtlesim__rosidl_typesupport_cpp.dir/rosidl_typesupport_cpp/turtlesim/msg/pose__type_support.cpp.o[0m
[2.452s] [ 21%] [32mBuilding CXX object CMakeFiles/turtlesim__rosidl_typesupport_cpp.dir/rosidl_typesupport_cpp/turtlesim/srv/set_pen__type_support.cpp.o[0m
[2.453s] [ 22%] [32mBuilding CXX object CMakeFiles/turtlesim__rosidl_typesupport_cpp.dir/rosidl_typesupport_cpp/turtlesim/action/rotate_absolute__type_support.cpp.o[0m
[2.453s] [ 23%] [32mBuilding CXX object CMakeFiles/turtlesim__rosidl_typesupport_cpp.dir/rosidl_typesupport_cpp/turtlesim/srv/spawn__type_support.cpp.o[0m
[2.453s] [ 24%] [32mBuilding CXX object CMakeFiles/turtlesim__rosidl_typesupport_cpp.dir/rosidl_typesupport_cpp/turtlesim/srv/teleport_absolute__type_support.cpp.o[0m
[2.757s] [ 25%] [32mBuilding CXX object CMakeFiles/turtlesim__rosidl_typesupport_cpp.dir/rosidl_typesupport_cpp/turtlesim/srv/teleport_relative__type_support.cpp.o[0m
[2.811s] [ 27%] [32mBuilding CXX object CMakeFiles/turtlesim__rosidl_typesupport_introspection_cpp.dir/rosidl_typesupport_introspection_cpp/turtlesim/action/detail/rotate_absolute__type_support.cpp.o[0m
[2.812s] [ 27%] [32mBuilding CXX object CMakeFiles/turtlesim__rosidl_typesupport_introspection_cpp.dir/rosidl_typesupport_introspection_cpp/turtlesim/msg/detail/color__type_support.cpp.o[0m
[2.813s] [ 28%] [32mBuilding CXX object CMakeFiles/turtlesim__rosidl_typesupport_introspection_cpp.dir/rosidl_typesupport_introspection_cpp/turtlesim/msg/detail/pose__type_support.cpp.o[0m
[2.816s] [ 29%] [32mBuilding CXX object CMakeFiles/turtlesim__rosidl_typesupport_introspection_cpp.dir/rosidl_typesupport_introspection_cpp/turtlesim/srv/detail/kill__type_support.cpp.o[0m
[2.824s] [ 30%] [32mBuilding CXX object CMakeFiles/turtlesim__rosidl_typesupport_introspection_cpp.dir/rosidl_typesupport_introspection_cpp/turtlesim/srv/detail/set_pen__type_support.cpp.o[0m
[2.831s] [ 31%] [32mBuilding CXX object CMakeFiles/turtlesim__rosidl_typesupport_introspection_cpp.dir/rosidl_typesupport_introspection_cpp/turtlesim/srv/detail/spawn__type_support.cpp.o[0m
[3.046s] [ 32%] [32mBuilding CXX object CMakeFiles/turtlesim__rosidl_typesupport_c.dir/rosidl_typesupport_c/turtlesim/action/rotate_absolute__type_support.cpp.o[0m
[3.049s] [ 33%] [32mBuilding CXX object CMakeFiles/turtlesim__rosidl_typesupport_introspection_cpp.dir/rosidl_typesupport_introspection_cpp/turtlesim/srv/detail/teleport_absolute__type_support.cpp.o[0m
[3.110s] [ 34%] [32mBuilding CXX object CMakeFiles/turtlesim__rosidl_typesupport_c.dir/rosidl_typesupport_c/turtlesim/msg/color__type_support.cpp.o[0m
[3.115s] [ 35%] [32m[1mLinking CXX shared library libturtlesim__rosidl_typesupport_cpp.so[0m
[3.149s] [ 36%] [32mBuilding CXX object CMakeFiles/turtlesim__rosidl_typesupport_c.dir/rosidl_typesupport_c/turtlesim/msg/pose__type_support.cpp.o[0m
[3.166s] [ 37%] [32mBuilding CXX object CMakeFiles/turtlesim__rosidl_typesupport_fastrtps_cpp.dir/rosidl_typesupport_fastrtps_cpp/turtlesim/action/detail/dds_fastrtps/rotate_absolute__type_support.cpp.o[0m
[3.168s] [ 37%] Built target turtlesim__rosidl_typesupport_cpp
[3.181s] [ 38%] [32mBuilding CXX object CMakeFiles/turtlesim__rosidl_typesupport_c.dir/rosidl_typesupport_c/turtlesim/srv/kill__type_support.cpp.o[0m
[3.186s] [ 39%] [32mBuilding CXX object CMakeFiles/turtlesim__rosidl_typesupport_introspection_cpp.dir/rosidl_typesupport_introspection_cpp/turtlesim/srv/detail/teleport_relative__type_support.cpp.o[0m
[3.224s] [ 40%] [32mBuilding CXX object CMakeFiles/turtlesim__rosidl_typesupport_c.dir/rosidl_typesupport_c/turtlesim/srv/set_pen__type_support.cpp.o[0m
[3.259s] [ 41%] [32mBuilding C object CMakeFiles/turtlesim__rosidl_typesupport_introspection_c.dir/rosidl_typesupport_introspection_c/turtlesim/action/detail/rotate_absolute__type_support.c.o[0m
[3.260s] [ 42%] [32mBuilding CXX object CMakeFiles/turtlesim__rosidl_typesupport_c.dir/rosidl_typesupport_c/turtlesim/srv/spawn__type_support.cpp.o[0m
[3.298s] [ 43%] [32mBuilding CXX object CMakeFiles/turtlesim__rosidl_typesupport_c.dir/rosidl_typesupport_c/turtlesim/srv/teleport_absolute__type_support.cpp.o[0m
[3.313s] [ 44%] [34m[1mGenerating include/turtlesim/moc_turtle_frame.cpp[0m
[3.332s] [ 45%] [32mBuilding C object CMakeFiles/turtlesim__rosidl_typesupport_introspection_c.dir/rosidl_typesupport_introspection_c/turtlesim/msg/detail/color__type_support.c.o[0m
[3.333s] [ 46%] [32mBuilding CXX object CMakeFiles/turtlesim__rosidl_typesupport_fastrtps_cpp.dir/rosidl_typesupport_fastrtps_cpp/turtlesim/msg/detail/dds_fastrtps/color__type_support.cpp.o[0m
[3.335s] [ 47%] [32mBuilding CXX object CMakeFiles/turtlesim__rosidl_typesupport_c.dir/rosidl_typesupport_c/turtlesim/srv/teleport_relative__type_support.cpp.o[0m
[3.336s] [ 48%] [32mBuilding CXX object CMakeFiles/turtle_teleop_key.dir/tutorials/teleop_turtle_key.cpp.o[0m
[3.365s] [ 50%] [32mBuilding CXX object CMakeFiles/turtlesim__rosidl_typesupport_fastrtps_cpp.dir/rosidl_typesupport_fastrtps_cpp/turtlesim/msg/detail/dds_fastrtps/pose__type_support.cpp.o[0m
[3.366s] [ 50%] [32mBuilding C object CMakeFiles/turtlesim__rosidl_typesupport_introspection_c.dir/rosidl_typesupport_introspection_c/turtlesim/msg/detail/pose__type_support.c.o[0m
[3.372s] [ 51%] [32m[1mLinking CXX shared library libturtlesim__rosidl_typesupport_c.so[0m
[3.409s] [ 52%] [32mBuilding C object CMakeFiles/turtlesim__rosidl_typesupport_introspection_c.dir/rosidl_typesupport_introspection_c/turtlesim/srv/detail/kill__type_support.c.o[0m
[3.424s] [ 53%] [32mBuilding CXX object CMakeFiles/draw_square.dir/tutorials/draw_square.cpp.o[0m
[3.425s] [ 53%] Built target turtlesim__rosidl_typesupport_c
[3.434s] [ 54%] [32mBuilding CXX object CMakeFiles/turtlesim_node.dir/src/turtlesim.cpp.o[0m
[3.440s] [ 55%] [32mBuilding C object CMakeFiles/turtlesim__rosidl_typesupport_introspection_c.dir/rosidl_typesupport_introspection_c/turtlesim/srv/detail/set_pen__type_support.c.o[0m
[3.453s] [ 56%] [32mBuilding CXX object CMakeFiles/turtlesim__rosidl_typesupport_fastrtps_c.dir/rosidl_typesupport_fastrtps_c/turtlesim/action/detail/rotate_absolute__type_support_c.cpp.o[0m
[3.460s] [ 57%] [32mBuilding CXX object CMakeFiles/turtlesim__rosidl_typesupport_fastrtps_c.dir/rosidl_typesupport_fastrtps_c/turtlesim/msg/detail/color__type_support_c.cpp.o[0m
[3.480s] [ 58%] [32mBuilding C object CMakeFiles/turtlesim__rosidl_typesupport_introspection_c.dir/rosidl_typesupport_introspection_c/turtlesim/srv/detail/spawn__type_support.c.o[0m
[3.531s] [ 59%] [32mBuilding C object CMakeFiles/turtlesim__rosidl_typesupport_introspection_c.dir/rosidl_typesupport_introspection_c/turtlesim/srv/detail/teleport_absolute__type_support.c.o[0m
[3.563s] [ 60%] [32mBuilding CXX object CMakeFiles/turtlesim__rosidl_typesupport_fastrtps_c.dir/rosidl_typesupport_fastrtps_c/turtlesim/msg/detail/pose__type_support_c.cpp.o[0m
[3.572s] [ 61%] [32mBuilding C object CMakeFiles/turtlesim__rosidl_typesupport_introspection_c.dir/rosidl_typesupport_introspection_c/turtlesim/srv/detail/teleport_relative__type_support.c.o[0m
[3.625s] [ 62%] [32m[1mLinking C shared library libturtlesim__rosidl_typesupport_introspection_c.so[0m
[3.631s] [ 63%] [32mBuilding CXX object CMakeFiles/turtlesim__rosidl_typesupport_fastrtps_cpp.dir/rosidl_typesupport_fastrtps_cpp/turtlesim/srv/detail/dds_fastrtps/kill__type_support.cpp.o[0m
[3.653s] [ 63%] Built target turtlesim__rosidl_typesupport_introspection_c
[3.661s] [ 64%] [32mBuilding CXX object CMakeFiles/turtlesim__rosidl_typesupport_fastrtps_c.dir/rosidl_typesupport_fastrtps_c/turtlesim/srv/detail/kill__type_support_c.cpp.o[0m
[3.696s] [ 65%] [32m[1mLinking CXX shared library libturtlesim__rosidl_typesupport_introspection_cpp.so[0m
[3.822s] [ 65%] Built target turtlesim__rosidl_typesupport_introspection_cpp
[3.825s] [ 66%] [32mBuilding CXX object CMakeFiles/turtlesim_node.dir/src/turtle.cpp.o[0m
[3.832s] [ 67%] [32mBuilding CXX object CMakeFiles/turtlesim_node.dir/src/turtle_frame.cpp.o[0m
[3.886s] [ 68%] [32mBuilding CXX object CMakeFiles/turtlesim__rosidl_typesupport_fastrtps_cpp.dir/rosidl_typesupport_fastrtps_cpp/turtlesim/srv/detail/dds_fastrtps/set_pen__type_support.cpp.o[0m
[3.949s] [ 69%] [32mBuilding CXX object CMakeFiles/mimic.dir/tutorials/mimic.cpp.o[0m
[3.949s] [ 70%] [32mBuilding CXX object CMakeFiles/turtlesim_node.dir/include/turtlesim/moc_turtle_frame.cpp.o[0m
[3.994s] [ 71%] [32mBuilding CXX object CMakeFiles/turtlesim__rosidl_typesupport_fastrtps_c.dir/rosidl_typesupport_fastrtps_c/turtlesim/srv/detail/set_pen__type_support_c.cpp.o[0m
[4.030s] [ 72%] [32mBuilding CXX object CMakeFiles/turtlesim__rosidl_typesupport_fastrtps_cpp.dir/rosidl_typesupport_fastrtps_cpp/turtlesim/srv/detail/dds_fastrtps/spawn__type_support.cpp.o[0m
[4.074s] [ 73%] [32mBuilding CXX object CMakeFiles/turtlesim__rosidl_typesupport_fastrtps_cpp.dir/rosidl_typesupport_fastrtps_cpp/turtlesim/srv/detail/dds_fastrtps/teleport_absolute__type_support.cpp.o[0m
[4.144s] [ 74%] [32mBuilding CXX object CMakeFiles/turtlesim__rosidl_typesupport_fastrtps_c.dir/rosidl_typesupport_fastrtps_c/turtlesim/srv/detail/spawn__type_support_c.cpp.o[0m
[4.459s] [ 75%] [32mBuilding CXX object CMakeFiles/turtlesim__rosidl_typesupport_fastrtps_c.dir/rosidl_typesupport_fastrtps_c/turtlesim/srv/detail/teleport_absolute__type_support_c.cpp.o[0m
[4.471s] [ 76%] [32mBuilding CXX object CMakeFiles/turtlesim__rosidl_typesupport_fastrtps_c.dir/rosidl_typesupport_fastrtps_c/turtlesim/srv/detail/teleport_relative__type_support_c.cpp.o[0m
[4.564s] [ 77%] [32mBuilding CXX object CMakeFiles/turtlesim__rosidl_typesupport_fastrtps_cpp.dir/rosidl_typesupport_fastrtps_cpp/turtlesim/srv/detail/dds_fastrtps/teleport_relative__type_support.cpp.o[0m
[4.852s] [ 78%] [32m[1mLinking CXX shared library libturtlesim__rosidl_typesupport_fastrtps_c.so[0m
[4.946s] [ 78%] Built target turtlesim__rosidl_typesupport_fastrtps_c
[5.133s] [ 79%] [32m[1mLinking CXX shared library libturtlesim__rosidl_typesupport_fastrtps_cpp.so[0m
[5.242s] [ 79%] Built target turtlesim__rosidl_typesupport_fastrtps_cpp
[5.264s] [ 79%] Built target turtlesim
[5.288s] [ 80%] [34m[1mGenerating Python code for ROS interfaces[0m
[7.335s] [ 80%] Built target turtlesim__py
[7.356s] [ 82%] [32mBuilding C object CMakeFiles/turtlesim__rosidl_generator_py.dir/rosidl_generator_py/turtlesim/srv/_kill_s.c.o[0m
[7.357s] [ 82%] [32mBuilding C object CMakeFiles/turtlesim__rosidl_generator_py.dir/rosidl_generator_py/turtlesim/action/_rotate_absolute_s.c.o[0m
[7.357s] [ 83%] [32mBuilding C object CMakeFiles/turtlesim__rosidl_generator_py.dir/rosidl_generator_py/turtlesim/msg/_color_s.c.o[0m
[7.363s] [ 84%] [32mBuilding C object CMakeFiles/turtlesim__rosidl_generator_py.dir/rosidl_generator_py/turtlesim/msg/_pose_s.c.o[0m
[7.364s] [ 85%] [32mBuilding C object CMakeFiles/turtlesim__rosidl_generator_py.dir/rosidl_generator_py/turtlesim/srv/_set_pen_s.c.o[0m
[7.522s] [ 86%] [32mBuilding C object CMakeFiles/turtlesim__rosidl_generator_py.dir/rosidl_generator_py/turtlesim/srv/_spawn_s.c.o[0m
[7.524s] [ 87%] [32mBuilding C object CMakeFiles/turtlesim__rosidl_generator_py.dir/rosidl_generator_py/turtlesim/srv/_teleport_absolute_s.c.o[0m
[7.527s] [ 88%] [32mBuilding C object CMakeFiles/turtlesim__rosidl_generator_py.dir/rosidl_generator_py/turtlesim/srv/_teleport_relative_s.c.o[0m
[7.674s] [ 89%] [32m[1mLinking C shared library rosidl_generator_py/turtlesim/libturtlesim__rosidl_generator_py.so[0m
[7.728s] [ 89%] Built target turtlesim__rosidl_generator_py
[7.749s] [ 90%] [32mBuilding C object CMakeFiles/turtlesim__rosidl_typesupport_introspection_c__pyext.dir/rosidl_generator_py/turtlesim/_turtlesim_s.ep.rosidl_typesupport_introspection_c.c.o[0m
[7.754s] [ 92%] [32mBuilding C object CMakeFiles/turtlesim__rosidl_typesupport_c__pyext.dir/rosidl_generator_py/turtlesim/_turtlesim_s.ep.rosidl_typesupport_c.c.o[0m
[7.754s] [ 92%] [32mBuilding C object CMakeFiles/turtlesim__rosidl_typesupport_fastrtps_c__pyext.dir/rosidl_generator_py/turtlesim/_turtlesim_s.ep.rosidl_typesupport_fastrtps_c.c.o[0m
[7.892s] [ 93%] [32m[1mLinking C shared library rosidl_generator_py/turtlesim/turtlesim_s__rosidl_typesupport_introspection_c.cpython-310-x86_64-linux-gnu.so[0m
[7.945s] [ 93%] Built target turtlesim__rosidl_typesupport_introspection_c__pyext
[7.956s] [ 94%] [32m[1mLinking C shared library rosidl_generator_py/turtlesim/turtlesim_s__rosidl_typesupport_c.cpython-310-x86_64-linux-gnu.so[0m
[7.974s] [ 95%] [32m[1mLinking C shared library rosidl_generator_py/turtlesim/turtlesim_s__rosidl_typesupport_fastrtps_c.cpython-310-x86_64-linux-gnu.so[0m
[7.993s] [ 95%] Built target turtlesim__rosidl_typesupport_c__pyext
[8.020s] [ 95%] Built target turtlesim__rosidl_typesupport_fastrtps_c__pyext
[9.565s] [ 96%] [32m[1mLinking CXX executable turtle_teleop_key[0m
[9.818s] [ 96%] Built target turtle_teleop_key
[12.866s] [ 97%] [32m[1mLinking CXX executable draw_square[0m
[13.161s] [ 98%] [32m[1mLinking CXX executable mimic[0m
[13.272s] [ 98%] Built target draw_square
[13.482s] [ 98%] Built target mimic
[15.343s] [100%] [32m[1mLinking CXX executable turtlesim_node[0m
[16.775s] [100%] Built target turtlesim_node
[16.785s] Invoked command in '/home/chelbaev/NSU/robots/ex03/ros2_ws/build/turtlesim' returned '0': CMAKE_PREFIX_PATH=/opt/ros/humble /usr/bin/cmake --build /home/chelbaev/NSU/robots/ex03/ros2_ws/build/turtlesim -- -j12 -l12
[16.786s] Invoking command in '/home/chelbaev/NSU/robots/ex03/ros2_ws/build/turtlesim': CMAKE_PREFIX_PATH=/opt/ros/humble /usr/bin/cmake --install /home/chelbaev/NSU/robots/ex03/ros2_ws/build/turtlesim
[16.793s] -- Install configuration: ""
[16.793s] -- Installing: /home/chelbaev/NSU/robots/ex03/ros2_ws/install/turtlesim/share/ament_index/resource_index/rosidl_interfaces/turtlesim
[16.793s] -- Installing: /home/chelbaev/NSU/robots/ex03/ros2_ws/install/turtlesim/include/turtlesim/turtlesim
[16.793s] -- Installing: /home/chelbaev/NSU/robots/ex03/ros2_ws/install/turtlesim/include/turtlesim/turtlesim/srv
[16.793s] -- Installing: /home/chelbaev/NSU/robots/ex03/ros2_ws/install/turtlesim/include/turtlesim/turtlesim/srv/teleport_absolute.h
[16.794s] -- Installing: /home/chelbaev/NSU/robots/ex03/ros2_ws/install/turtlesim/include/turtlesim/turtlesim/srv/set_pen.h
[16.794s] -- Installing: /home/chelbaev/NSU/robots/ex03/ros2_ws/install/turtlesim/include/turtlesim/turtlesim/srv/detail
[16.794s] -- Installing: /home/chelbaev/NSU/robots/ex03/ros2_ws/install/turtlesim/include/turtlesim/turtlesim/srv/detail/kill__struct.h
[16.794s] -- Installing: /home/chelbaev/NSU/robots/ex03/ros2_ws/install/turtlesim/include/turtlesim/turtlesim/srv/detail/kill__functions.h
[16.794s] -- Installing: /home/chelbaev/NSU/robots/ex03/ros2_ws/install/turtlesim/include/turtlesim/turtlesim/srv/detail/teleport_relative__struct.h
[16.794s] -- Installing: /home/chelbaev/NSU/robots/ex03/ros2_ws/install/turtlesim/include/turtlesim/turtlesim/srv/detail/kill__type_support.h
[16.794s] -- Installing: /home/chelbaev/NSU/robots/ex03/ros2_ws/install/turtlesim/include/turtlesim/turtlesim/srv/detail/teleport_absolute__struct.h
[16.794s] -- Installing: /home/chelbaev/NSU/robots/ex03/ros2_ws/install/turtlesim/include/turtlesim/turtlesim/srv/detail/spawn__type_support.h
[16.794s] -- Installing: /home/chelbaev/NSU/robots/ex03/ros2_ws/install/turtlesim/include/turtlesim/turtlesim/srv/detail/kill__functions.c
[16.794s] -- Installing: /home/chelbaev/NSU/robots/ex03/ros2_ws/install/turtlesim/include/turtlesim/turtlesim/srv/detail/teleport_absolute__functions.h
[16.794s] -- Installing: /home/chelbaev/NSU/robots/ex03/ros2_ws/install/turtlesim/include/turtlesim/turtlesim/srv/detail/teleport_relative__type_support.h
[16.794s] -- Installing: /home/chelbaev/NSU/robots/ex03/ros2_ws/install/turtlesim/include/turtlesim/turtlesim/srv/detail/set_pen__functions.c
[16.794s] -- Installing: /home/chelbaev/NSU/robots/ex03/ros2_ws/install/turtlesim/include/turtlesim/turtlesim/srv/detail/set_pen__type_support.h
[16.794s] -- Installing: /home/chelbaev/NSU/robots/ex03/ros2_ws/install/turtlesim/include/turtlesim/turtlesim/srv/detail/teleport_absolute__type_support.h
[16.794s] -- Installing: /home/chelbaev/NSU/robots/ex03/ros2_ws/install/turtlesim/include/turtlesim/turtlesim/srv/detail/spawn__functions.h
[16.794s] -- Installing: /home/chelbaev/NSU/robots/ex03/ros2_ws/install/turtlesim/include/turtlesim/turtlesim/srv/detail/teleport_relative__functions.c
[16.794s] -- Installing: /home/chelbaev/NSU/robots/ex03/ros2_ws/install/turtlesim/include/turtlesim/turtlesim/srv/detail/spawn__functions.c
[16.794s] -- Installing: /home/chelbaev/NSU/robots/ex03/ros2_ws/install/turtlesim/include/turtlesim/turtlesim/srv/detail/teleport_absolute__functions.c
[16.794s] -- Installing: /home/chelbaev/NSU/robots/ex03/ros2_ws/install/turtlesim/include/turtlesim/turtlesim/srv/detail/set_pen__struct.h
[16.794s] -- Installing: /home/chelbaev/NSU/robots/ex03/ros2_ws/install/turtlesim/include/turtlesim/turtlesim/srv/detail/set_pen__functions.h
[16.794s] -- Installing: /home/chelbaev/NSU/robots/ex03/ros2_ws/install/turtlesim/include/turtlesim/turtlesim/srv/detail/teleport_relative__functions.h
[16.794s] -- Installing: /home/chelbaev/NSU/robots/ex03/ros2_ws/install/turtlesim/include/turtlesim/turtlesim/srv/detail/spawn__struct.h
[16.794s] -- Installing: /home/chelbaev/NSU/robots/ex03/ros2_ws/install/turtlesim/include/turtlesim/turtlesim/srv/kill.h
[16.794s] -- Installing: /home/chelbaev/NSU/robots/ex03/ros2_ws/install/turtlesim/include/turtlesim/turtlesim/srv/teleport_relative.h
[16.794s] -- Installing: /home/chelbaev/NSU/robots/ex03/ros2_ws/install/turtlesim/include/turtlesim/turtlesim/srv/spawn.h
[16.794s] -- Installing: /home/chelbaev/NSU/robots/ex03/ros2_ws/install/turtlesim/include/turtlesim/turtlesim/msg
[16.795s] -- Installing: /home/chelbaev/NSU/robots/ex03/ros2_ws/install/turtlesim/include/turtlesim/turtlesim/msg/color.h
[16.795s] -- Installing: /home/chelbaev/NSU/robots/ex03/ros2_ws/install/turtlesim/include/turtlesim/turtlesim/msg/detail
[16.795s] -- Installing: /home/chelbaev/NSU/robots/ex03/ros2_ws/install/turtlesim/include/turtlesim/turtlesim/msg/detail/color__functions.h
[16.795s] -- Installing: /home/chelbaev/NSU/robots/ex03/ros2_ws/install/turtlesim/include/turtlesim/turtlesim/msg/detail/color__struct.h
[16.795s] -- Installing: /home/chelbaev/NSU/robots/ex03/ros2_ws/install/turtlesim/include/turtlesim/turtlesim/msg/detail/pose__functions.h
[16.795s] -- Installing: /home/chelbaev/NSU/robots/ex03/ros2_ws/install/turtlesim/include/turtlesim/turtlesim/msg/detail/pose__struct.h
[16.795s] -- Installing: /home/chelbaev/NSU/robots/ex03/ros2_ws/install/turtlesim/include/turtlesim/turtlesim/msg/detail/pose__functions.c
[16.795s] -- Installing: /home/chelbaev/NSU/robots/ex03/ros2_ws/install/turtlesim/include/turtlesim/turtlesim/msg/detail/color__type_support.h
[16.795s] -- Installing: /home/chelbaev/NSU/robots/ex03/ros2_ws/install/turtlesim/include/turtlesim/turtlesim/msg/detail/pose__type_support.h
[16.795s] -- Installing: /home/chelbaev/NSU/robots/ex03/ros2_ws/install/turtlesim/include/turtlesim/turtlesim/msg/detail/color__functions.c
[16.795s] -- Installing: /home/chelbaev/NSU/robots/ex03/ros2_ws/install/turtlesim/include/turtlesim/turtlesim/msg/pose.h
[16.795s] -- Installing: /home/chelbaev/NSU/robots/ex03/ros2_ws/install/turtlesim/include/turtlesim/turtlesim/msg/rosidl_generator_c__visibility_control.h
[16.795s] -- Installing: /home/chelbaev/NSU/robots/ex03/ros2_ws/install/turtlesim/include/turtlesim/turtlesim/action
[16.795s] -- Installing: /home/chelbaev/NSU/robots/ex03/ros2_ws/install/turtlesim/include/turtlesim/turtlesim/action/rotate_absolute.h
[16.795s] -- Installing: /home/chelbaev/NSU/robots/ex03/ros2_ws/install/turtlesim/include/turtlesim/turtlesim/action/detail
[16.795s] -- Installing: /home/chelbaev/NSU/robots/ex03/ros2_ws/install/turtlesim/include/turtlesim/turtlesim/action/detail/rotate_absolute__struct.h
[16.795s] -- Installing: /home/chelbaev/NSU/robots/ex03/ros2_ws/install/turtlesim/include/turtlesim/turtlesim/action/detail/rotate_absolute__type_support.h
[16.795s] -- Installing: /home/chelbaev/NSU/robots/ex03/ros2_ws/install/turtlesim/include/turtlesim/turtlesim/action/detail/rotate_absolute__functions.h
[16.795s] -- Installing: /home/chelbaev/NSU/robots/ex03/ros2_ws/install/turtlesim/include/turtlesim/turtlesim/action/detail/rotate_absolute__functions.c
[16.795s] -- Installing: /home/chelbaev/NSU/robots/ex03/ros2_ws/install/turtlesim/share/turtlesim/environment/library_path.sh
[16.795s] -- Installing: /home/chelbaev/NSU/robots/ex03/ros2_ws/install/turtlesim/share/turtlesim/environment/library_path.dsv
[16.795s] -- Installing: /home/chelbaev/NSU/robots/ex03/ros2_ws/install/turtlesim/lib/libturtlesim__rosidl_generator_c.so
[16.795s] -- Set runtime path of "/home/chelbaev/NSU/robots/ex03/ros2_ws/install/turtlesim/lib/libturtlesim__rosidl_generator_c.so" to ""
[16.795s] -- Up-to-date: /home/chelbaev/NSU/robots/ex03/ros2_ws/install/turtlesim/include/turtlesim/turtlesim
[16.795s] -- Up-to-date: /home/chelbaev/NSU/robots/ex03/ros2_ws/install/turtlesim/include/turtlesim/turtlesim/srv
[16.796s] -- Up-to-date: /home/chelbaev/NSU/robots/ex03/ros2_ws/install/turtlesim/include/turtlesim/turtlesim/srv/detail
[16.796s] -- Installing: /home/chelbaev/NSU/robots/ex03/ros2_ws/install/turtlesim/include/turtlesim/turtlesim/srv/detail/teleport_relative__rosidl_typesupport_fastrtps_c.h
[16.796s] -- Installing: /home/chelbaev/NSU/robots/ex03/ros2_ws/install/turtlesim/include/turtlesim/turtlesim/srv/detail/spawn__rosidl_typesupport_fastrtps_c.h
[16.796s] -- Installing: /home/chelbaev/NSU/robots/ex03/ros2_ws/install/turtlesim/include/turtlesim/turtlesim/srv/detail/set_pen__rosidl_typesupport_fastrtps_c.h
[16.796s] -- Installing: /home/chelbaev/NSU/robots/ex03/ros2_ws/install/turtlesim/include/turtlesim/turtlesim/srv/detail/teleport_absolute__rosidl_typesupport_fastrtps_c.h
[16.796s] -- Installing: /home/chelbaev/NSU/robots/ex03/ros2_ws/install/turtlesim/include/turtlesim/turtlesim/srv/detail/kill__rosidl_typesupport_fastrtps_c.h
[16.796s] -- Up-to-date: /home/chelbaev/NSU/robots/ex03/ros2_ws/install/turtlesim/include/turtlesim/turtlesim/msg
[16.796s] -- Installing: /home/chelbaev/NSU/robots/ex03/ros2_ws/install/turtlesim/include/turtlesim/turtlesim/msg/rosidl_typesupport_fastrtps_c__visibility_control.h
[16.796s] -- Up-to-date: /home/chelbaev/NSU/robots/ex03/ros2_ws/install/turtlesim/include/turtlesim/turtlesim/msg/detail
[16.796s] -- Installing: /home/chelbaev/NSU/robots/ex03/ros2_ws/install/turtlesim/include/turtlesim/turtlesim/msg/detail/pose__rosidl_typesupport_fastrtps_c.h
[16.796s] -- Installing: /home/chelbaev/NSU/robots/ex03/ros2_ws/install/turtlesim/include/turtlesim/turtlesim/msg/detail/color__rosidl_typesupport_fastrtps_c.h
[16.796s] -- Up-to-date: /home/chelbaev/NSU/robots/ex03/ros2_ws/install/turtlesim/include/turtlesim/turtlesim/action
[16.796s] -- Up-to-date: /home/chelbaev/NSU/robots/ex03/ros2_ws/install/turtlesim/include/turtlesim/turtlesim/action/detail
[16.796s] -- Installing: /home/chelbaev/NSU/robots/ex03/ros2_ws/install/turtlesim/include/turtlesim/turtlesim/action/detail/rotate_absolute__rosidl_typesupport_fastrtps_c.h
[16.796s] -- Installing: /home/chelbaev/NSU/robots/ex03/ros2_ws/install/turtlesim/lib/libturtlesim__rosidl_typesupport_fastrtps_c.so
[16.796s] -- Set runtime path of "/home/chelbaev/NSU/robots/ex03/ros2_ws/install/turtlesim/lib/libturtlesim__rosidl_typesupport_fastrtps_c.so" to ""
[16.796s] -- Up-to-date: /home/chelbaev/NSU/robots/ex03/ros2_ws/install/turtlesim/include/turtlesim/turtlesim
[16.796s] -- Up-to-date: /home/chelbaev/NSU/robots/ex03/ros2_ws/install/turtlesim/include/turtlesim/turtlesim/srv
[16.796s] -- Installing: /home/chelbaev/NSU/robots/ex03/ros2_ws/install/turtlesim/include/turtlesim/turtlesim/srv/set_pen.hpp
[16.796s] -- Up-to-date: /home/chelbaev/NSU/robots/ex03/ros2_ws/install/turtlesim/include/turtlesim/turtlesim/srv/detail
[16.796s] -- Installing: /home/chelbaev/NSU/robots/ex03/ros2_ws/install/turtlesim/include/turtlesim/turtlesim/srv/detail/teleport_relative__traits.hpp
[16.796s] -- Installing: /home/chelbaev/NSU/robots/ex03/ros2_ws/install/turtlesim/include/turtlesim/turtlesim/srv/detail/kill__builder.hpp
[16.796s] -- Installing: /home/chelbaev/NSU/robots/ex03/ros2_ws/install/turtlesim/include/turtlesim/turtlesim/srv/detail/spawn__struct.hpp
[16.796s] -- Installing: /home/chelbaev/NSU/robots/ex03/ros2_ws/install/turtlesim/include/turtlesim/turtlesim/srv/detail/set_pen__builder.hpp
[16.796s] -- Installing: /home/chelbaev/NSU/robots/ex03/ros2_ws/install/turtlesim/include/turtlesim/turtlesim/srv/detail/spawn__type_support.hpp
[16.796s] -- Installing: /home/chelbaev/NSU/robots/ex03/ros2_ws/install/turtlesim/include/turtlesim/turtlesim/srv/detail/spawn__builder.hpp
[16.797s] -- Installing: /home/chelbaev/NSU/robots/ex03/ros2_ws/install/turtlesim/include/turtlesim/turtlesim/srv/detail/teleport_relative__builder.hpp
[16.797s] -- Installing: /home/chelbaev/NSU/robots/ex03/ros2_ws/install/turtlesim/include/turtlesim/turtlesim/srv/detail/teleport_absolute__struct.hpp
[16.797s] -- Installing: /home/chelbaev/NSU/robots/ex03/ros2_ws/install/turtlesim/include/turtlesim/turtlesim/srv/detail/kill__type_support.hpp
[16.797s] -- Installing: /home/chelbaev/NSU/robots/ex03/ros2_ws/install/turtlesim/include/turtlesim/turtlesim/srv/detail/set_pen__type_support.hpp
[16.797s] -- Installing: /home/chelbaev/NSU/robots/ex03/ros2_ws/install/turtlesim/include/turtlesim/turtlesim/srv/detail/teleport_relative__type_support.hpp
[16.797s] -- Installing: /home/chelbaev/NSU/robots/ex03/ros2_ws/install/turtlesim/include/turtlesim/turtlesim/srv/detail/teleport_relative__struct.hpp
[16.797s] -- Installing: /home/chelbaev/NSU/robots/ex03/ros2_ws/install/turtlesim/include/turtlesim/turtlesim/srv/detail/teleport_absolute__builder.hpp
[16.797s] -- Installing: /home/chelbaev/NSU/robots/ex03/ros2_ws/install/turtlesim/include/turtlesim/turtlesim/srv/detail/teleport_absolute__type_support.hpp
[16.797s] -- Installing: /home/chelbaev/NSU/robots/ex03/ros2_ws/install/turtlesim/include/turtlesim/turtlesim/srv/detail/set_pen__struct.hpp
[16.797s] -- Installing: /home/chelbaev/NSU/robots/ex03/ros2_ws/install/turtlesim/include/turtlesim/turtlesim/srv/detail/kill__struct.hpp
[16.797s] -- Installing: /home/chelbaev/NSU/robots/ex03/ros2_ws/install/turtlesim/include/turtlesim/turtlesim/srv/detail/set_pen__traits.hpp
[16.797s] -- Installing: /home/chelbaev/NSU/robots/ex03/ros2_ws/install/turtlesim/include/turtlesim/turtlesim/srv/detail/kill__traits.hpp
[16.797s] -- Installing: /home/chelbaev/NSU/robots/ex03/ros2_ws/install/turtlesim/include/turtlesim/turtlesim/srv/detail/teleport_absolute__traits.hpp
[16.797s] -- Installing: /home/chelbaev/NSU/robots/ex03/ros2_ws/install/turtlesim/include/turtlesim/turtlesim/srv/detail/spawn__traits.hpp
[16.797s] -- Installing: /home/chelbaev/NSU/robots/ex03/ros2_ws/install/turtlesim/include/turtlesim/turtlesim/srv/spawn.hpp
[16.797s] -- Installing: /home/chelbaev/NSU/robots/ex03/ros2_ws/install/turtlesim/include/turtlesim/turtlesim/srv/teleport_relative.hpp
[16.797s] -- Installing: /home/chelbaev/NSU/robots/ex03/ros2_ws/install/turtlesim/include/turtlesim/turtlesim/srv/kill.hpp
[16.797s] -- Installing: /home/chelbaev/NSU/robots/ex03/ros2_ws/install/turtlesim/include/turtlesim/turtlesim/srv/teleport_absolute.hpp
[16.797s] -- Up-to-date: /home/chelbaev/NSU/robots/ex03/ros2_ws/install/turtlesim/include/turtlesim/turtlesim/msg
[16.797s] -- Installing: /home/chelbaev/NSU/robots/ex03/ros2_ws/install/turtlesim/include/turtlesim/turtlesim/msg/pose.hpp
[16.797s] -- Up-to-date: /home/chelbaev/NSU/robots/ex03/ros2_ws/install/turtlesim/include/turtlesim/turtlesim/msg/detail
[16.797s] -- Installing: /home/chelbaev/NSU/robots/ex03/ros2_ws/install/turtlesim/include/turtlesim/turtlesim/msg/detail/color__traits.hpp
[16.797s] -- Installing: /home/chelbaev/NSU/robots/ex03/ros2_ws/install/turtlesim/include/turtlesim/turtlesim/msg/detail/pose__struct.hpp
[16.797s] -- Installing: /home/chelbaev/NSU/robots/ex03/ros2_ws/install/turtlesim/include/turtlesim/turtlesim/msg/detail/color__struct.hpp
[16.797s] -- Installing: /home/chelbaev/NSU/robots/ex03/ros2_ws/install/turtlesim/include/turtlesim/turtlesim/msg/detail/pose__builder.hpp
[16.798s] -- Installing: /home/chelbaev/NSU/robots/ex03/ros2_ws/install/turtlesim/include/turtlesim/turtlesim/msg/detail/color__builder.hpp
[16.798s] -- Installing: /home/chelbaev/NSU/robots/ex03/ros2_ws/install/turtlesim/include/turtlesim/turtlesim/msg/detail/pose__traits.hpp
[16.798s] -- Installing: /home/chelbaev/NSU/robots/ex03/ros2_ws/install/turtlesim/include/turtlesim/turtlesim/msg/detail/pose__type_support.hpp
[16.798s] -- Installing: /home/chelbaev/NSU/robots/ex03/ros2_ws/install/turtlesim/include/turtlesim/turtlesim/msg/detail/color__type_support.hpp
[16.798s] -- Installing: /home/chelbaev/NSU/robots/ex03/ros2_ws/install/turtlesim/include/turtlesim/turtlesim/msg/color.hpp
[16.798s] -- Installing: /home/chelbaev/NSU/robots/ex03/ros2_ws/install/turtlesim/include/turtlesim/turtlesim/msg/rosidl_generator_cpp__visibility_control.hpp
[16.798s] -- Up-to-date: /home/chelbaev/NSU/robots/ex03/ros2_ws/install/turtlesim/include/turtlesim/turtlesim/action
[16.798s] -- Up-to-date: /home/chelbaev/NSU/robots/ex03/ros2_ws/install/turtlesim/include/turtlesim/turtlesim/action/detail
[16.798s] -- Installing: /home/chelbaev/NSU/robots/ex03/ros2_ws/install/turtlesim/include/turtlesim/turtlesim/action/detail/rotate_absolute__type_support.hpp
[16.798s] -- Installing: /home/chelbaev/NSU/robots/ex03/ros2_ws/install/turtlesim/include/turtlesim/turtlesim/action/detail/rotate_absolute__traits.hpp
[16.798s] -- Installing: /home/chelbaev/NSU/robots/ex03/ros2_ws/install/turtlesim/include/turtlesim/turtlesim/action/detail/rotate_absolute__builder.hpp
[16.798s] -- Installing: /home/chelbaev/NSU/robots/ex03/ros2_ws/install/turtlesim/include/turtlesim/turtlesim/action/detail/rotate_absolute__struct.hpp
[16.798s] -- Installing: /home/chelbaev/NSU/robots/ex03/ros2_ws/install/turtlesim/include/turtlesim/turtlesim/action/rotate_absolute.hpp
[16.798s] -- Up-to-date: /home/chelbaev/NSU/robots/ex03/ros2_ws/install/turtlesim/include/turtlesim/turtlesim
[16.798s] -- Up-to-date: /home/chelbaev/NSU/robots/ex03/ros2_ws/install/turtlesim/include/turtlesim/turtlesim/srv
[16.798s] -- Up-to-date: /home/chelbaev/NSU/robots/ex03/ros2_ws/install/turtlesim/include/turtlesim/turtlesim/srv/detail
[16.798s] -- Installing: /home/chelbaev/NSU/robots/ex03/ros2_ws/install/turtlesim/include/turtlesim/turtlesim/srv/detail/spawn__rosidl_typesupport_fastrtps_cpp.hpp
[16.798s] -- Installing: /home/chelbaev/NSU/robots/ex03/ros2_ws/install/turtlesim/include/turtlesim/turtlesim/srv/detail/dds_fastrtps
[16.798s] -- Installing: /home/chelbaev/NSU/robots/ex03/ros2_ws/install/turtlesim/include/turtlesim/turtlesim/srv/detail/teleport_absolute__rosidl_typesupport_fastrtps_cpp.hpp
[16.798s] -- Installing: /home/chelbaev/NSU/robots/ex03/ros2_ws/install/turtlesim/include/turtlesim/turtlesim/srv/detail/teleport_relative__rosidl_typesupport_fastrtps_cpp.hpp
[16.798s] -- Installing: /home/chelbaev/NSU/robots/ex03/ros2_ws/install/turtlesim/include/turtlesim/turtlesim/srv/detail/set_pen__rosidl_typesupport_fastrtps_cpp.hpp
[16.798s] -- Installing: /home/chelbaev/NSU/robots/ex03/ros2_ws/install/turtlesim/include/turtlesim/turtlesim/srv/detail/kill__rosidl_typesupport_fastrtps_cpp.hpp
[16.798s] -- Up-to-date: /home/chelbaev/NSU/robots/ex03/ros2_ws/install/turtlesim/include/turtlesim/turtlesim/msg
[16.798s] -- Installing: /home/chelbaev/NSU/robots/ex03/ros2_ws/install/turtlesim/include/turtlesim/turtlesim/msg/rosidl_typesupport_fastrtps_cpp__visibility_control.h
[16.798s] -- Up-to-date: /home/chelbaev/NSU/robots/ex03/ros2_ws/install/turtlesim/include/turtlesim/turtlesim/msg/detail
[16.798s] -- Installing: /home/chelbaev/NSU/robots/ex03/ros2_ws/install/turtlesim/include/turtlesim/turtlesim/msg/detail/color__rosidl_typesupport_fastrtps_cpp.hpp
[16.798s] -- Installing: /home/chelbaev/NSU/robots/ex03/ros2_ws/install/turtlesim/include/turtlesim/turtlesim/msg/detail/dds_fastrtps
[16.799s] -- Installing: /home/chelbaev/NSU/robots/ex03/ros2_ws/install/turtlesim/include/turtlesim/turtlesim/msg/detail/pose__rosidl_typesupport_fastrtps_cpp.hpp
[16.799s] -- Up-to-date: /home/chelbaev/NSU/robots/ex03/ros2_ws/install/turtlesim/include/turtlesim/turtlesim/action
[16.799s] -- Up-to-date: /home/chelbaev/NSU/robots/ex03/ros2_ws/install/turtlesim/include/turtlesim/turtlesim/action/detail
[16.799s] -- Installing: /home/chelbaev/NSU/robots/ex03/ros2_ws/install/turtlesim/include/turtlesim/turtlesim/action/detail/dds_fastrtps
[16.799s] -- Installing: /home/chelbaev/NSU/robots/ex03/ros2_ws/install/turtlesim/include/turtlesim/turtlesim/action/detail/rotate_absolute__rosidl_typesupport_fastrtps_cpp.hpp
[16.799s] -- Installing: /home/chelbaev/NSU/robots/ex03/ros2_ws/install/turtlesim/lib/libturtlesim__rosidl_typesupport_fastrtps_cpp.so
[16.799s] -- Set runtime path of "/home/chelbaev/NSU/robots/ex03/ros2_ws/install/turtlesim/lib/libturtlesim__rosidl_typesupport_fastrtps_cpp.so" to ""
[16.799s] -- Up-to-date: /home/chelbaev/NSU/robots/ex03/ros2_ws/install/turtlesim/include/turtlesim/turtlesim
[16.799s] -- Up-to-date: /home/chelbaev/NSU/robots/ex03/ros2_ws/install/turtlesim/include/turtlesim/turtlesim/srv
[16.799s] -- Up-to-date: /home/chelbaev/NSU/robots/ex03/ros2_ws/install/turtlesim/include/turtlesim/turtlesim/srv/detail
[16.799s] -- Installing: /home/chelbaev/NSU/robots/ex03/ros2_ws/install/turtlesim/include/turtlesim/turtlesim/srv/detail/set_pen__type_support.c
[16.799s] -- Installing: /home/chelbaev/NSU/robots/ex03/ros2_ws/install/turtlesim/include/turtlesim/turtlesim/srv/detail/spawn__type_support.c
[16.799s] -- Installing: /home/chelbaev/NSU/robots/ex03/ros2_ws/install/turtlesim/include/turtlesim/turtlesim/srv/detail/teleport_absolute__type_support.c
[16.799s] -- Installing: /home/chelbaev/NSU/robots/ex03/ros2_ws/install/turtlesim/include/turtlesim/turtlesim/srv/detail/set_pen__rosidl_typesupport_introspection_c.h
[16.799s] -- Installing: /home/chelbaev/NSU/robots/ex03/ros2_ws/install/turtlesim/include/turtlesim/turtlesim/srv/detail/teleport_absolute__rosidl_typesupport_introspection_c.h
[16.799s] -- Installing: /home/chelbaev/NSU/robots/ex03/ros2_ws/install/turtlesim/include/turtlesim/turtlesim/srv/detail/teleport_relative__rosidl_typesupport_introspection_c.h
[16.799s] -- Installing: /home/chelbaev/NSU/robots/ex03/ros2_ws/install/turtlesim/include/turtlesim/turtlesim/srv/detail/spawn__rosidl_typesupport_introspection_c.h
[16.799s] -- Installing: /home/chelbaev/NSU/robots/ex03/ros2_ws/install/turtlesim/include/turtlesim/turtlesim/srv/detail/kill__rosidl_typesupport_introspection_c.h
[16.799s] -- Installing: /home/chelbaev/NSU/robots/ex03/ros2_ws/install/turtlesim/include/turtlesim/turtlesim/srv/detail/teleport_relative__type_support.c
[16.799s] -- Installing: /home/chelbaev/NSU/robots/ex03/ros2_ws/install/turtlesim/include/turtlesim/turtlesim/srv/detail/kill__type_support.c
[16.799s] -- Up-to-date: /home/chelbaev/NSU/robots/ex03/ros2_ws/install/turtlesim/include/turtlesim/turtlesim/msg
[16.799s] -- Up-to-date: /home/chelbaev/NSU/robots/ex03/ros2_ws/install/turtlesim/include/turtlesim/turtlesim/msg/detail
[16.799s] -- Installing: /home/chelbaev/NSU/robots/ex03/ros2_ws/install/turtlesim/include/turtlesim/turtlesim/msg/detail/pose__rosidl_typesupport_introspection_c.h
[16.799s] -- Installing: /home/chelbaev/NSU/robots/ex03/ros2_ws/install/turtlesim/include/turtlesim/turtlesim/msg/detail/color__type_support.c
[16.799s] -- Installing: /home/chelbaev/NSU/robots/ex03/ros2_ws/install/turtlesim/include/turtlesim/turtlesim/msg/detail/color__rosidl_typesupport_introspection_c.h
[16.799s] -- Installing: /home/chelbaev/NSU/robots/ex03/ros2_ws/install/turtlesim/include/turtlesim/turtlesim/msg/detail/pose__type_support.c
[16.799s] -- Installing: /home/chelbaev/NSU/robots/ex03/ros2_ws/install/turtlesim/include/turtlesim/turtlesim/msg/rosidl_typesupport_introspection_c__visibility_control.h
[16.800s] -- Up-to-date: /home/chelbaev/NSU/robots/ex03/ros2_ws/install/turtlesim/include/turtlesim/turtlesim/action
[16.800s] -- Up-to-date: /home/chelbaev/NSU/robots/ex03/ros2_ws/install/turtlesim/include/turtlesim/turtlesim/action/detail
[16.800s] -- Installing: /home/chelbaev/NSU/robots/ex03/ros2_ws/install/turtlesim/include/turtlesim/turtlesim/action/detail/rotate_absolute__type_support.c
[16.800s] -- Installing: /home/chelbaev/NSU/robots/ex03/ros2_ws/install/turtlesim/include/turtlesim/turtlesim/action/detail/rotate_absolute__rosidl_typesupport_introspection_c.h
[16.800s] -- Installing: /home/chelbaev/NSU/robots/ex03/ros2_ws/install/turtlesim/lib/libturtlesim__rosidl_typesupport_introspection_c.so
[16.800s] -- Set runtime path of "/home/chelbaev/NSU/robots/ex03/ros2_ws/install/turtlesim/lib/libturtlesim__rosidl_typesupport_introspection_c.so" to ""
[16.800s] -- Installing: /home/chelbaev/NSU/robots/ex03/ros2_ws/install/turtlesim/lib/libturtlesim__rosidl_typesupport_c.so
[16.800s] -- Set runtime path of "/home/chelbaev/NSU/robots/ex03/ros2_ws/install/turtlesim/lib/libturtlesim__rosidl_typesupport_c.so" to ""
[16.800s] -- Up-to-date: /home/chelbaev/NSU/robots/ex03/ros2_ws/install/turtlesim/include/turtlesim/turtlesim
[16.800s] -- Up-to-date: /home/chelbaev/NSU/robots/ex03/ros2_ws/install/turtlesim/include/turtlesim/turtlesim/srv
[16.800s] -- Up-to-date: /home/chelbaev/NSU/robots/ex03/ros2_ws/install/turtlesim/include/turtlesim/turtlesim/srv/detail
[16.800s] -- Installing: /home/chelbaev/NSU/robots/ex03/ros2_ws/install/turtlesim/include/turtlesim/turtlesim/srv/detail/spawn__type_support.cpp
[16.800s] -- Installing: /home/chelbaev/NSU/robots/ex03/ros2_ws/install/turtlesim/include/turtlesim/turtlesim/srv/detail/teleport_absolute__type_support.cpp
[16.800s] -- Installing: /home/chelbaev/NSU/robots/ex03/ros2_ws/install/turtlesim/include/turtlesim/turtlesim/srv/detail/teleport_relative__rosidl_typesupport_introspection_cpp.hpp
[16.800s] -- Installing: /home/chelbaev/NSU/robots/ex03/ros2_ws/install/turtlesim/include/turtlesim/turtlesim/srv/detail/teleport_absolute__rosidl_typesupport_introspection_cpp.hpp
[16.800s] -- Installing: /home/chelbaev/NSU/robots/ex03/ros2_ws/install/turtlesim/include/turtlesim/turtlesim/srv/detail/set_pen__rosidl_typesupport_introspection_cpp.hpp
[16.800s] -- Installing: /home/chelbaev/NSU/robots/ex03/ros2_ws/install/turtlesim/include/turtlesim/turtlesim/srv/detail/kill__type_support.cpp
[16.800s] -- Installing: /home/chelbaev/NSU/robots/ex03/ros2_ws/install/turtlesim/include/turtlesim/turtlesim/srv/detail/kill__rosidl_typesupport_introspection_cpp.hpp
[16.800s] -- Installing: /home/chelbaev/NSU/robots/ex03/ros2_ws/install/turtlesim/include/turtlesim/turtlesim/srv/detail/set_pen__type_support.cpp
[16.800s] -- Installing: /home/chelbaev/NSU/robots/ex03/ros2_ws/install/turtlesim/include/turtlesim/turtlesim/srv/detail/spawn__rosidl_typesupport_introspection_cpp.hpp
[16.800s] -- Installing: /home/chelbaev/NSU/robots/ex03/ros2_ws/install/turtlesim/include/turtlesim/turtlesim/srv/detail/teleport_relative__type_support.cpp
[16.801s] -- Up-to-date: /home/chelbaev/NSU/robots/ex03/ros2_ws/install/turtlesim/include/turtlesim/turtlesim/msg
[16.801s] -- Up-to-date: /home/chelbaev/NSU/robots/ex03/ros2_ws/install/turtlesim/include/turtlesim/turtlesim/msg/detail
[16.801s] -- Installing: /home/chelbaev/NSU/robots/ex03/ros2_ws/install/turtlesim/include/turtlesim/turtlesim/msg/detail/color__rosidl_typesupport_introspection_cpp.hpp
[16.801s] -- Installing: /home/chelbaev/NSU/robots/ex03/ros2_ws/install/turtlesim/include/turtlesim/turtlesim/msg/detail/color__type_support.cpp
[16.801s] -- Installing: /home/chelbaev/NSU/robots/ex03/ros2_ws/install/turtlesim/include/turtlesim/turtlesim/msg/detail/pose__type_support.cpp
[16.801s] -- Installing: /home/chelbaev/NSU/robots/ex03/ros2_ws/install/turtlesim/include/turtlesim/turtlesim/msg/detail/pose__rosidl_typesupport_introspection_cpp.hpp
[16.801s] -- Up-to-date: /home/chelbaev/NSU/robots/ex03/ros2_ws/install/turtlesim/include/turtlesim/turtlesim/action
[16.801s] -- Up-to-date: /home/chelbaev/NSU/robots/ex03/ros2_ws/install/turtlesim/include/turtlesim/turtlesim/action/detail
[16.801s] -- Installing: /home/chelbaev/NSU/robots/ex03/ros2_ws/install/turtlesim/include/turtlesim/turtlesim/action/detail/rotate_absolute__type_support.cpp
[16.801s] -- Installing: /home/chelbaev/NSU/robots/ex03/ros2_ws/install/turtlesim/include/turtlesim/turtlesim/action/detail/rotate_absolute__rosidl_typesupport_introspection_cpp.hpp
[16.801s] -- Installing: /home/chelbaev/NSU/robots/ex03/ros2_ws/install/turtlesim/lib/libturtlesim__rosidl_typesupport_introspection_cpp.so
[16.801s] -- Set runtime path of "/home/chelbaev/NSU/robots/ex03/ros2_ws/install/turtlesim/lib/libturtlesim__rosidl_typesupport_introspection_cpp.so" to ""
[16.801s] -- Installing: /home/chelbaev/NSU/robots/ex03/ros2_ws/install/turtlesim/lib/libturtlesim__rosidl_typesupport_cpp.so
[16.801s] -- Set runtime path of "/home/chelbaev/NSU/robots/ex03/ros2_ws/install/turtlesim/lib/libturtlesim__rosidl_typesupport_cpp.so" to ""
[16.801s] -- Installing: /home/chelbaev/NSU/robots/ex03/ros2_ws/install/turtlesim/share/turtlesim/environment/pythonpath.sh
[16.801s] -- Installing: /home/chelbaev/NSU/robots/ex03/ros2_ws/install/turtlesim/share/turtlesim/environment/pythonpath.dsv
[16.801s] -- Installing: /home/chelbaev/NSU/robots/ex03/ros2_ws/install/turtlesim/local/lib/python3.10/dist-packages/turtlesim-1.4.2-py3.10.egg-info
[16.801s] -- Installing: /home/chelbaev/NSU/robots/ex03/ros2_ws/install/turtlesim/local/lib/python3.10/dist-packages/turtlesim-1.4.2-py3.10.egg-info/top_level.txt
[16.801s] -- Installing: /home/chelbaev/NSU/robots/ex03/ros2_ws/install/turtlesim/local/lib/python3.10/dist-packages/turtlesim-1.4.2-py3.10.egg-info/dependency_links.txt
[16.801s] -- Installing: /home/chelbaev/NSU/robots/ex03/ros2_ws/install/turtlesim/local/lib/python3.10/dist-packages/turtlesim-1.4.2-py3.10.egg-info/PKG-INFO
[16.801s] -- Installing: /home/chelbaev/NSU/robots/ex03/ros2_ws/install/turtlesim/local/lib/python3.10/dist-packages/turtlesim-1.4.2-py3.10.egg-info/SOURCES.txt
[16.801s] -- Installing: /home/chelbaev/NSU/robots/ex03/ros2_ws/install/turtlesim/local/lib/python3.10/dist-packages/turtlesim
[16.802s] -- Installing: /home/chelbaev/NSU/robots/ex03/ros2_ws/install/turtlesim/local/lib/python3.10/dist-packages/turtlesim/turtlesim_s__rosidl_typesupport_fastrtps_c.cpython-310-x86_64-linux-gnu.so
[16.802s] -- Installing: /home/chelbaev/NSU/robots/ex03/ros2_ws/install/turtlesim/local/lib/python3.10/dist-packages/turtlesim/srv
[16.802s] -- Installing: /home/chelbaev/NSU/robots/ex03/ros2_ws/install/turtlesim/local/lib/python3.10/dist-packages/turtlesim/srv/_teleport_relative_s.c
[16.802s] -- Installing: /home/chelbaev/NSU/robots/ex03/ros2_ws/install/turtlesim/local/lib/python3.10/dist-packages/turtlesim/srv/_set_pen.py
[16.802s] -- Installing: /home/chelbaev/NSU/robots/ex03/ros2_ws/install/turtlesim/local/lib/python3.10/dist-packages/turtlesim/srv/__init__.py
[16.802s] -- Installing: /home/chelbaev/NSU/robots/ex03/ros2_ws/install/turtlesim/local/lib/python3.10/dist-packages/turtlesim/srv/_spawn_s.c
[16.802s] -- Installing: /home/chelbaev/NSU/robots/ex03/ros2_ws/install/turtlesim/local/lib/python3.10/dist-packages/turtlesim/srv/_teleport_absolute.py
[16.802s] -- Installing: /home/chelbaev/NSU/robots/ex03/ros2_ws/install/turtlesim/local/lib/python3.10/dist-packages/turtlesim/srv/_teleport_absolute_s.c
[16.802s] -- Installing: /home/chelbaev/NSU/robots/ex03/ros2_ws/install/turtlesim/local/lib/python3.10/dist-packages/turtlesim/srv/_teleport_relative.py
[16.802s] -- Installing: /home/chelbaev/NSU/robots/ex03/ros2_ws/install/turtlesim/local/lib/python3.10/dist-packages/turtlesim/srv/_spawn.py
[16.802s] -- Installing: /home/chelbaev/NSU/robots/ex03/ros2_ws/install/turtlesim/local/lib/python3.10/dist-packages/turtlesim/srv/_set_pen_s.c
[16.802s] -- Installing: /home/chelbaev/NSU/robots/ex03/ros2_ws/install/turtlesim/local/lib/python3.10/dist-packages/turtlesim/srv/_kill_s.c
[16.802s] -- Installing: /home/chelbaev/NSU/robots/ex03/ros2_ws/install/turtlesim/local/lib/python3.10/dist-packages/turtlesim/srv/_kill.py
[16.802s] -- Installing: /home/chelbaev/NSU/robots/ex03/ros2_ws/install/turtlesim/local/lib/python3.10/dist-packages/turtlesim/__init__.py
[16.802s] -- Installing: /home/chelbaev/NSU/robots/ex03/ros2_ws/install/turtlesim/local/lib/python3.10/dist-packages/turtlesim/msg
[16.802s] -- Installing: /home/chelbaev/NSU/robots/ex03/ros2_ws/install/turtlesim/local/lib/python3.10/dist-packages/turtlesim/msg/_color.py
[16.802s] -- Installing: /home/chelbaev/NSU/robots/ex03/ros2_ws/install/turtlesim/local/lib/python3.10/dist-packages/turtlesim/msg/__init__.py
[16.802s] -- Installing: /home/chelbaev/NSU/robots/ex03/ros2_ws/install/turtlesim/local/lib/python3.10/dist-packages/turtlesim/msg/_color_s.c
[16.802s] -- Installing: /home/chelbaev/NSU/robots/ex03/ros2_ws/install/turtlesim/local/lib/python3.10/dist-packages/turtlesim/msg/_pose_s.c
[16.802s] -- Installing: /home/chelbaev/NSU/robots/ex03/ros2_ws/install/turtlesim/local/lib/python3.10/dist-packages/turtlesim/msg/_pose.py
[16.802s] -- Installing: /home/chelbaev/NSU/robots/ex03/ros2_ws/install/turtlesim/local/lib/python3.10/dist-packages/turtlesim/turtlesim_s__rosidl_typesupport_c.cpython-310-x86_64-linux-gnu.so
[16.803s] -- Installing: /home/chelbaev/NSU/robots/ex03/ros2_ws/install/turtlesim/local/lib/python3.10/dist-packages/turtlesim/turtlesim_s__rosidl_typesupport_introspection_c.cpython-310-x86_64-linux-gnu.so
[16.803s] -- Installing: /home/chelbaev/NSU/robots/ex03/ros2_ws/install/turtlesim/local/lib/python3.10/dist-packages/turtlesim/_turtlesim_s.ep.rosidl_typesupport_c.c
[16.803s] -- Installing: /home/chelbaev/NSU/robots/ex03/ros2_ws/install/turtlesim/local/lib/python3.10/dist-packages/turtlesim/_turtlesim_s.ep.rosidl_typesupport_fastrtps_c.c
[16.803s] -- Installing: /home/chelbaev/NSU/robots/ex03/ros2_ws/install/turtlesim/local/lib/python3.10/dist-packages/turtlesim/action
[16.803s] -- Installing: /home/chelbaev/NSU/robots/ex03/ros2_ws/install/turtlesim/local/lib/python3.10/dist-packages/turtlesim/action/_rotate_absolute_s.c
[16.803s] -- Installing: /home/chelbaev/NSU/robots/ex03/ros2_ws/install/turtlesim/local/lib/python3.10/dist-packages/turtlesim/action/__init__.py
[16.803s] -- Installing: /home/chelbaev/NSU/robots/ex03/ros2_ws/install/turtlesim/local/lib/python3.10/dist-packages/turtlesim/action/_rotate_absolute.py
[16.803s] -- Installing: /home/chelbaev/NSU/robots/ex03/ros2_ws/install/turtlesim/local/lib/python3.10/dist-packages/turtlesim/_turtlesim_s.ep.rosidl_typesupport_introspection_c.c
[16.803s] -- Installing: /home/chelbaev/NSU/robots/ex03/ros2_ws/install/turtlesim/local/lib/python3.10/dist-packages/turtlesim/libturtlesim__rosidl_generator_py.so
[16.836s] Listing '/home/chelbaev/NSU/robots/ex03/ros2_ws/install/turtlesim/local/lib/python3.10/dist-packages/turtlesim'...
[16.836s] Compiling '/home/chelbaev/NSU/robots/ex03/ros2_ws/install/turtlesim/local/lib/python3.10/dist-packages/turtlesim/__init__.py'...
[16.836s] Listing '/home/chelbaev/NSU/robots/ex03/ros2_ws/install/turtlesim/local/lib/python3.10/dist-packages/turtlesim/action'...
[16.836s] Compiling '/home/chelbaev/NSU/robots/ex03/ros2_ws/install/turtlesim/local/lib/python3.10/dist-packages/turtlesim/action/__init__.py'...
[16.836s] Compiling '/home/chelbaev/NSU/robots/ex03/ros2_ws/install/turtlesim/local/lib/python3.10/dist-packages/turtlesim/action/_rotate_absolute.py'...
[16.836s] Listing '/home/chelbaev/NSU/robots/ex03/ros2_ws/install/turtlesim/local/lib/python3.10/dist-packages/turtlesim/msg'...
[16.836s] Compiling '/home/chelbaev/NSU/robots/ex03/ros2_ws/install/turtlesim/local/lib/python3.10/dist-packages/turtlesim/msg/__init__.py'...
[16.837s] Compiling '/home/chelbaev/NSU/robots/ex03/ros2_ws/install/turtlesim/local/lib/python3.10/dist-packages/turtlesim/msg/_color.py'...
[16.837s] Compiling '/home/chelbaev/NSU/robots/ex03/ros2_ws/install/turtlesim/local/lib/python3.10/dist-packages/turtlesim/msg/_pose.py'...
[16.837s] Listing '/home/chelbaev/NSU/robots/ex03/ros2_ws/install/turtlesim/local/lib/python3.10/dist-packages/turtlesim/srv'...
[16.837s] Compiling '/home/chelbaev/NSU/robots/ex03/ros2_ws/install/turtlesim/local/lib/python3.10/dist-packages/turtlesim/srv/__init__.py'...
[16.837s] Compiling '/home/chelbaev/NSU/robots/ex03/ros2_ws/install/turtlesim/local/lib/python3.10/dist-packages/turtlesim/srv/_kill.py'...
[16.837s] Compiling '/home/chelbaev/NSU/robots/ex03/ros2_ws/install/turtlesim/local/lib/python3.10/dist-packages/turtlesim/srv/_set_pen.py'...
[16.837s] Compiling '/home/chelbaev/NSU/robots/ex03/ros2_ws/install/turtlesim/local/lib/python3.10/dist-packages/turtlesim/srv/_spawn.py'...
[16.837s] Compiling '/home/chelbaev/NSU/robots/ex03/ros2_ws/install/turtlesim/local/lib/python3.10/dist-packages/turtlesim/srv/_teleport_absolute.py'...
[16.837s] Compiling '/home/chelbaev/NSU/robots/ex03/ros2_ws/install/turtlesim/local/lib/python3.10/dist-packages/turtlesim/srv/_teleport_relative.py'...
[16.840s] -- Installing: /home/chelbaev/NSU/robots/ex03/ros2_ws/install/turtlesim/local/lib/python3.10/dist-packages/turtlesim/turtlesim_s__rosidl_typesupport_fastrtps_c.cpython-310-x86_64-linux-gnu.so
[16.840s] -- Set runtime path of "/home/chelbaev/NSU/robots/ex03/ros2_ws/install/turtlesim/local/lib/python3.10/dist-packages/turtlesim/turtlesim_s__rosidl_typesupport_fastrtps_c.cpython-310-x86_64-linux-gnu.so" to ""
[16.840s] -- Installing: /home/chelbaev/NSU/robots/ex03/ros2_ws/install/turtlesim/local/lib/python3.10/dist-packages/turtlesim/turtlesim_s__rosidl_typesupport_introspection_c.cpython-310-x86_64-linux-gnu.so
[16.840s] -- Set runtime path of "/home/chelbaev/NSU/robots/ex03/ros2_ws/install/turtlesim/local/lib/python3.10/dist-packages/turtlesim/turtlesim_s__rosidl_typesupport_introspection_c.cpython-310-x86_64-linux-gnu.so" to ""
[16.840s] -- Installing: /home/chelbaev/NSU/robots/ex03/ros2_ws/install/turtlesim/local/lib/python3.10/dist-packages/turtlesim/turtlesim_s__rosidl_typesupport_c.cpython-310-x86_64-linux-gnu.so
[16.840s] -- Set runtime path of "/home/chelbaev/NSU/robots/ex03/ros2_ws/install/turtlesim/local/lib/python3.10/dist-packages/turtlesim/turtlesim_s__rosidl_typesupport_c.cpython-310-x86_64-linux-gnu.so" to ""
[16.841s] -- Installing: /home/chelbaev/NSU/robots/ex03/ros2_ws/install/turtlesim/lib/libturtlesim__rosidl_generator_py.so
[16.841s] -- Set runtime path of "/home/chelbaev/NSU/robots/ex03/ros2_ws/install/turtlesim/lib/libturtlesim__rosidl_generator_py.so" to ""
[16.841s] -- Installing: /home/chelbaev/NSU/robots/ex03/ros2_ws/install/turtlesim/share/turtlesim/action/RotateAbsolute.idl
[16.841s] -- Installing: /home/chelbaev/NSU/robots/ex03/ros2_ws/install/turtlesim/share/turtlesim/msg/Color.idl
[16.841s] -- Installing: /home/chelbaev/NSU/robots/ex03/ros2_ws/install/turtlesim/share/turtlesim/msg/Pose.idl
[16.841s] -- Installing: /home/chelbaev/NSU/robots/ex03/ros2_ws/install/turtlesim/share/turtlesim/srv/Kill.idl
[16.841s] -- Installing: /home/chelbaev/NSU/robots/ex03/ros2_ws/install/turtlesim/share/turtlesim/srv/SetPen.idl
[16.842s] -- Installing: /home/chelbaev/NSU/robots/ex03/ros2_ws/install/turtlesim/share/turtlesim/srv/Spawn.idl
[16.842s] -- Installing: /home/chelbaev/NSU/robots/ex03/ros2_ws/install/turtlesim/share/turtlesim/srv/TeleportAbsolute.idl
[16.842s] -- Installing: /home/chelbaev/NSU/robots/ex03/ros2_ws/install/turtlesim/share/turtlesim/srv/TeleportRelative.idl
[16.842s] -- Installing: /home/chelbaev/NSU/robots/ex03/ros2_ws/install/turtlesim/share/turtlesim/action/RotateAbsolute.action
[16.842s] -- Installing: /home/chelbaev/NSU/robots/ex03/ros2_ws/install/turtlesim/share/turtlesim/msg/Color.msg
[16.842s] -- Installing: /home/chelbaev/NSU/robots/ex03/ros2_ws/install/turtlesim/share/turtlesim/msg/Pose.msg
[16.842s] -- Installing: /home/chelbaev/NSU/robots/ex03/ros2_ws/install/turtlesim/share/turtlesim/srv/Kill.srv
[16.842s] -- Installing: /home/chelbaev/NSU/robots/ex03/ros2_ws/install/turtlesim/share/turtlesim/srv/Kill_Request.msg
[16.842s] -- Installing: /home/chelbaev/NSU/robots/ex03/ros2_ws/install/turtlesim/share/turtlesim/srv/Kill_Response.msg
[16.842s] -- Installing: /home/chelbaev/NSU/robots/ex03/ros2_ws/install/turtlesim/share/turtlesim/srv/SetPen.srv
[16.842s] -- Installing: /home/chelbaev/NSU/robots/ex03/ros2_ws/install/turtlesim/share/turtlesim/srv/SetPen_Request.msg
[16.842s] -- Installing: /home/chelbaev/NSU/robots/ex03/ros2_ws/install/turtlesim/share/turtlesim/srv/SetPen_Response.msg
[16.842s] -- Installing: /home/chelbaev/NSU/robots/ex03/ros2_ws/install/turtlesim/share/turtlesim/srv/Spawn.srv
[16.842s] -- Installing: /home/chelbaev/NSU/robots/ex03/ros2_ws/install/turtlesim/share/turtlesim/srv/Spawn_Request.msg
[16.843s] -- Installing: /home/chelbaev/NSU/robots/ex03/ros2_ws/install/turtlesim/share/turtlesim/srv/Spawn_Response.msg
[16.843s] -- Installing: /home/chelbaev/NSU/robots/ex03/ros2_ws/install/turtlesim/share/turtlesim/srv/TeleportAbsolute.srv
[16.843s] -- Installing: /home/chelbaev/NSU/robots/ex03/ros2_ws/install/turtlesim/share/turtlesim/srv/TeleportAbsolute_Request.msg
[16.843s] -- Installing: /home/chelbaev/NSU/robots/ex03/ros2_ws/install/turtlesim/share/turtlesim/srv/TeleportAbsolute_Response.msg
[16.843s] -- Installing: /home/chelbaev/NSU/robots/ex03/ros2_ws/install/turtlesim/share/turtlesim/srv/TeleportRelative.srv
[16.843s] -- Installing: /home/chelbaev/NSU/robots/ex03/ros2_ws/install/turtlesim/share/turtlesim/srv/TeleportRelative_Request.msg
[16.843s] -- Installing: /home/chelbaev/NSU/robots/ex03/ros2_ws/install/turtlesim/share/turtlesim/srv/TeleportRelative_Response.msg
[16.843s] -- Installing: /home/chelbaev/NSU/robots/ex03/ros2_ws/install/turtlesim/lib/turtlesim/turtlesim_node
[16.848s] -- Set runtime path of "/home/chelbaev/NSU/robots/ex03/ros2_ws/install/turtlesim/lib/turtlesim/turtlesim_node" to ""
[16.848s] -- Installing: /home/chelbaev/NSU/robots/ex03/ros2_ws/install/turtlesim/lib/turtlesim/turtle_teleop_key
[16.849s] -- Set runtime path of "/home/chelbaev/NSU/robots/ex03/ros2_ws/install/turtlesim/lib/turtlesim/turtle_teleop_key" to ""
[16.849s] -- Installing: /home/chelbaev/NSU/robots/ex03/ros2_ws/install/turtlesim/lib/turtlesim/draw_square
[16.852s] -- Set runtime path of "/home/chelbaev/NSU/robots/ex03/ros2_ws/install/turtlesim/lib/turtlesim/draw_square" to ""
[16.852s] -- Installing: /home/chelbaev/NSU/robots/ex03/ros2_ws/install/turtlesim/lib/turtlesim/mimic
[16.854s] -- Set runtime path of "/home/chelbaev/NSU/robots/ex03/ros2_ws/install/turtlesim/lib/turtlesim/mimic" to ""
[16.854s] -- Installing: /home/chelbaev/NSU/robots/ex03/ros2_ws/install/turtlesim/share/turtlesim/images
[16.854s] -- Installing: /home/chelbaev/NSU/robots/ex03/ros2_ws/install/turtlesim/share/turtlesim/images/eloquent.png
[16.854s] -- Installing: /home/chelbaev/NSU/robots/ex03/ros2_ws/install/turtlesim/share/turtlesim/images/rolling.png
[16.854s] -- Installing: /home/chelbaev/NSU/robots/ex03/ros2_ws/install/turtlesim/share/turtlesim/images/bouncy.png
[16.854s] -- Installing: /home/chelbaev/NSU/robots/ex03/ros2_ws/install/turtlesim/share/turtlesim/images/dashing.png
[16.855s] -- Installing: /home/chelbaev/NSU/robots/ex03/ros2_ws/install/turtlesim/share/turtlesim/images/crystal.png
[16.855s] -- Installing: /home/chelbaev/NSU/robots/ex03/ros2_ws/install/turtlesim/share/turtlesim/images/humble.png
[16.855s] -- Installing: /home/chelbaev/NSU/robots/ex03/ros2_ws/install/turtlesim/share/turtlesim/images/foxy.png
[16.855s] -- Installing: /home/chelbaev/NSU/robots/ex03/ros2_ws/install/turtlesim/share/turtlesim/images/ardent.png
[16.855s] -- Installing: /home/chelbaev/NSU/robots/ex03/ros2_ws/install/turtlesim/share/turtlesim/images/galactic.png
[16.855s] -- Installing: /home/chelbaev/NSU/robots/ex03/ros2_ws/install/turtlesim/share/turtlesim/launch
[16.855s] -- Installing: /home/chelbaev/NSU/robots/ex03/ros2_ws/install/turtlesim/share/turtlesim/launch/multisim.launch.py
[16.855s] -- Installing: /home/chelbaev/NSU/robots/ex03/ros2_ws/install/turtlesim/share/ament_index/resource_index/package_run_dependencies/turtlesim
[16.855s] -- Installing: /home/chelbaev/NSU/robots/ex03/ros2_ws/install/turtlesim/share/ament_index/resource_index/parent_prefix_path/turtlesim
[16.855s] -- Installing: /home/chelbaev/NSU/robots/ex03/ros2_ws/install/turtlesim/share/turtlesim/environment/ament_prefix_path.sh
[16.856s] -- Installing: /home/chelbaev/NSU/robots/ex03/ros2_ws/install/turtlesim/share/turtlesim/environment/ament_prefix_path.dsv
[16.856s] -- Installing: /home/chelbaev/NSU/robots/ex03/ros2_ws/install/turtlesim/share/turtlesim/environment/path.sh
[16.856s] -- Installing: /home/chelbaev/NSU/robots/ex03/ros2_ws/install/turtlesim/share/turtlesim/environment/path.dsv
[16.856s] -- Installing: /home/chelbaev/NSU/robots/ex03/ros2_ws/install/turtlesim/share/turtlesim/local_setup.bash
[16.856s] -- Installing: /home/chelbaev/NSU/robots/ex03/ros2_ws/install/turtlesim/share/turtlesim/local_setup.sh
[16.856s] -- Installing: /home/chelbaev/NSU/robots/ex03/ros2_ws/install/turtlesim/share/turtlesim/local_setup.zsh
[16.856s] -- Installing: /home/chelbaev/NSU/robots/ex03/ros2_ws/install/turtlesim/share/turtlesim/local_setup.dsv
[16.856s] -- Installing: /home/chelbaev/NSU/robots/ex03/ros2_ws/install/turtlesim/share/turtlesim/package.dsv
[16.856s] -- Installing: /home/chelbaev/NSU/robots/ex03/ros2_ws/install/turtlesim/share/ament_index/resource_index/packages/turtlesim
[16.856s] -- Installing: /home/chelbaev/NSU/robots/ex03/ros2_ws/install/turtlesim/share/turtlesim/cmake/export_turtlesim__rosidl_generator_cExport.cmake
[16.856s] -- Installing: /home/chelbaev/NSU/robots/ex03/ros2_ws/install/turtlesim/share/turtlesim/cmake/export_turtlesim__rosidl_generator_cExport-noconfig.cmake
[16.856s] -- Installing: /home/chelbaev/NSU/robots/ex03/ros2_ws/install/turtlesim/share/turtlesim/cmake/export_turtlesim__rosidl_typesupport_fastrtps_cExport.cmake
[16.857s] -- Installing: /home/chelbaev/NSU/robots/ex03/ros2_ws/install/turtlesim/share/turtlesim/cmake/export_turtlesim__rosidl_typesupport_fastrtps_cExport-noconfig.cmake
[16.857s] -- Installing: /home/chelbaev/NSU/robots/ex03/ros2_ws/install/turtlesim/share/turtlesim/cmake/export_turtlesim__rosidl_generator_cppExport.cmake
[16.857s] -- Installing: /home/chelbaev/NSU/robots/ex03/ros2_ws/install/turtlesim/share/turtlesim/cmake/export_turtlesim__rosidl_typesupport_fastrtps_cppExport.cmake
[16.857s] -- Installing: /home/chelbaev/NSU/robots/ex03/ros2_ws/install/turtlesim/share/turtlesim/cmake/export_turtlesim__rosidl_typesupport_fastrtps_cppExport-noconfig.cmake
[16.857s] -- Installing: /home/chelbaev/NSU/robots/ex03/ros2_ws/install/turtlesim/share/turtlesim/cmake/turtlesim__rosidl_typesupport_introspection_cExport.cmake
[16.857s] -- Installing: /home/chelbaev/NSU/robots/ex03/ros2_ws/install/turtlesim/share/turtlesim/cmake/turtlesim__rosidl_typesupport_introspection_cExport-noconfig.cmake
[16.857s] -- Installing: /home/chelbaev/NSU/robots/ex03/ros2_ws/install/turtlesim/share/turtlesim/cmake/turtlesim__rosidl_typesupport_cExport.cmake
[16.857s] -- Installing: /home/chelbaev/NSU/robots/ex03/ros2_ws/install/turtlesim/share/turtlesim/cmake/turtlesim__rosidl_typesupport_cExport-noconfig.cmake
[16.857s] -- Installing: /home/chelbaev/NSU/robots/ex03/ros2_ws/install/turtlesim/share/turtlesim/cmake/turtlesim__rosidl_typesupport_introspection_cppExport.cmake
[16.857s] -- Installing: /home/chelbaev/NSU/robots/ex03/ros2_ws/install/turtlesim/share/turtlesim/cmake/turtlesim__rosidl_typesupport_introspection_cppExport-noconfig.cmake
[16.857s] -- Installing: /home/chelbaev/NSU/robots/ex03/ros2_ws/install/turtlesim/share/turtlesim/cmake/turtlesim__rosidl_typesupport_cppExport.cmake
[16.857s] -- Installing: /home/chelbaev/NSU/robots/ex03/ros2_ws/install/turtlesim/share/turtlesim/cmake/turtlesim__rosidl_typesupport_cppExport-noconfig.cmake
[16.857s] -- Installing: /home/chelbaev/NSU/robots/ex03/ros2_ws/install/turtlesim/share/turtlesim/cmake/export_turtlesim__rosidl_generator_pyExport.cmake
[16.857s] -- Installing: /home/chelbaev/NSU/robots/ex03/ros2_ws/install/turtlesim/share/turtlesim/cmake/export_turtlesim__rosidl_generator_pyExport-noconfig.cmake
[16.857s] -- Installing: /home/chelbaev/NSU/robots/ex03/ros2_ws/install/turtlesim/share/turtlesim/cmake/rosidl_cmake-extras.cmake
[16.857s] -- Installing: /home/chelbaev/NSU/robots/ex03/ros2_ws/install/turtlesim/share/turtlesim/cmake/ament_cmake_export_dependencies-extras.cmake
[16.858s] -- Installing: /home/chelbaev/NSU/robots/ex03/ros2_ws/install/turtlesim/share/turtlesim/cmake/ament_cmake_export_include_directories-extras.cmake
[16.858s] -- Installing: /home/chelbaev/NSU/robots/ex03/ros2_ws/install/turtlesim/share/turtlesim/cmake/ament_cmake_export_libraries-extras.cmake
[16.858s] -- Installing: /home/chelbaev/NSU/robots/ex03/ros2_ws/install/turtlesim/share/turtlesim/cmake/ament_cmake_export_targets-extras.cmake
[16.858s] -- Installing: /home/chelbaev/NSU/robots/ex03/ros2_ws/install/turtlesim/share/turtlesim/cmake/rosidl_cmake_export_typesupport_targets-extras.cmake
[16.858s] -- Installing: /home/chelbaev/NSU/robots/ex03/ros2_ws/install/turtlesim/share/turtlesim/cmake/rosidl_cmake_export_typesupport_libraries-extras.cmake
[16.858s] -- Installing: /home/chelbaev/NSU/robots/ex03/ros2_ws/install/turtlesim/share/turtlesim/cmake/turtlesimConfig.cmake
[16.858s] -- Installing: /home/chelbaev/NSU/robots/ex03/ros2_ws/install/turtlesim/share/turtlesim/cmake/turtlesimConfig-version.cmake
[16.858s] -- Installing: /home/chelbaev/NSU/robots/ex03/ros2_ws/install/turtlesim/share/turtlesim/package.xml
[16.859s] Invoked command in '/home/chelbaev/NSU/robots/ex03/ros2_ws/build/turtlesim' returned '0': CMAKE_PREFIX_PATH=/opt/ros/humble /usr/bin/cmake --install /home/chelbaev/NSU/robots/ex03/ros2_ws/build/turtlesim
