[0.046s] Invoking command in '/home/chelbaev/NSU/robots/ex03/ros2_ws/build/examples_rclcpp_multithreaded_executor': CMAKE_PREFIX_PATH=${CMAKE_PREFIX_PATH}:/home/chelbaev/NSU/robots/ex03/ros2_ws/install/launch_testing_examples:/home/chelbaev/NSU/robots/ex03/ros2_ws/install/examples_rclpy_pointcloud_publisher:/home/chelbaev/NSU/robots/ex03/ros2_ws/install/examples_rclpy_minimal_subscriber:/home/chelbaev/NSU/robots/ex03/ros2_ws/install/examples_rclpy_minimal_service:/home/chelbaev/NSU/robots/ex03/ros2_ws/install/examples_rclpy_minimal_publisher:/home/chelbaev/NSU/robots/ex03/ros2_ws/install/examples_rclpy_minimal_client:/home/chelbaev/NSU/robots/ex03/ros2_ws/install/examples_rclpy_minimal_action_server:/home/chelbaev/NSU/robots/ex03/ros2_ws/install/examples_rclpy_minimal_action_client:/home/chelbaev/NSU/robots/ex03/ros2_ws/install/examples_rclpy_guard_conditions:/home/chelbaev/NSU/robots/ex03/ros2_ws/install/examples_rclpy_executors:/opt/ros/humble /usr/bin/cmake /home/chelbaev/NSU/robots/ex03/ros2_ws/src/examples/rclcpp/executors/multithreaded_executor -DCMAKE_BUILD_TYPE=Debug -DCMAKE_INSTALL_PREFIX=/home/chelbaev/NSU/robots/ex03/ros2_ws/install/examples_rclcpp_multithreaded_executor
[0.850s] -- Found ament_cmake: 1.3.12 (/opt/ros/humble/share/ament_cmake/cmake)
[0.851s] -- Override CMake install command with custom implementation using symlinks instead of copying resources
[0.851s] -- Found rclcpp: 16.0.14 (/opt/ros/humble/share/rclcpp/cmake)
[0.851s] -- Found rosidl_generator_c: 3.1.7 (/opt/ros/humble/share/rosidl_generator_c/cmake)
[0.851s] -- Found rosidl_adapter: 3.1.7 (/opt/ros/humble/share/rosidl_adapter/cmake)
[0.851s] -- Found rosidl_generator_cpp: 3.1.7 (/opt/ros/humble/share/rosidl_generator_cpp/cmake)
[0.852s] -- Using all available rosidl_typesupport_c: rosidl_typesupport_fastrtps_c;rosidl_typesupport_introspection_c
[0.853s] -- Using all available rosidl_typesupport_cpp: rosidl_typesupport_fastrtps_cpp;rosidl_typesupport_introspection_cpp
[0.853s] -- Found rmw_implementation_cmake: 6.1.2 (/opt/ros/humble/share/rmw_implementation_cmake/cmake)
[0.854s] -- Found rmw_fastrtps_cpp: 6.2.8 (/opt/ros/humble/share/rmw_fastrtps_cpp/cmake)
[0.854s] -- Using RMW implementation 'rmw_fastrtps_cpp' as default
[0.854s] -- Found ament_lint_auto: 0.12.14 (/opt/ros/humble/share/ament_lint_auto/cmake)
[0.854s] -- Added test 'copyright' to check source files copyright and LICENSE
[0.854s] -- Added test 'cppcheck' to perform static code analysis on C / C++ code
[0.854s] -- Configured cppcheck include dirs: 
[0.854s] -- Configured cppcheck exclude dirs and/or files: 
[0.856s] -- Added test 'cpplint' to check C / C++ code against the Google style
[0.857s] -- Configured cpplint exclude dirs and/or files: 
[0.857s] -- Added test 'lint_cmake' to check CMake code style
[0.857s] -- Added test 'uncrustify' to check C / C++ code style
[0.857s] -- Configured uncrustify additional arguments: 
[0.857s] -- Added test 'xmllint' to check XML markup files
[0.857s] -- Configuring done
[0.857s] -- Generating done
[0.857s] -- Build files have been written to: /home/chelbaev/NSU/robots/ex03/ros2_ws/build/examples_rclcpp_multithreaded_executor
[0.877s] Invoked command in '/home/chelbaev/NSU/robots/ex03/ros2_ws/build/examples_rclcpp_multithreaded_executor' returned '0': CMAKE_PREFIX_PATH=${CMAKE_PREFIX_PATH}:/home/chelbaev/NSU/robots/ex03/ros2_ws/install/launch_testing_examples:/home/chelbaev/NSU/robots/ex03/ros2_ws/install/examples_rclpy_pointcloud_publisher:/home/chelbaev/NSU/robots/ex03/ros2_ws/install/examples_rclpy_minimal_subscriber:/home/chelbaev/NSU/robots/ex03/ros2_ws/install/examples_rclpy_minimal_service:/home/chelbaev/NSU/robots/ex03/ros2_ws/install/examples_rclpy_minimal_publisher:/home/chelbaev/NSU/robots/ex03/ros2_ws/install/examples_rclpy_minimal_client:/home/chelbaev/NSU/robots/ex03/ros2_ws/install/examples_rclpy_minimal_action_server:/home/chelbaev/NSU/robots/ex03/ros2_ws/install/examples_rclpy_minimal_action_client:/home/chelbaev/NSU/robots/ex03/ros2_ws/install/examples_rclpy_guard_conditions:/home/chelbaev/NSU/robots/ex03/ros2_ws/install/examples_rclpy_executors:/opt/ros/humble /usr/bin/cmake /home/chelbaev/NSU/robots/ex03/ros2_ws/src/examples/rclcpp/executors/multithreaded_executor -DCMAKE_BUILD_TYPE=Debug -DCMAKE_INSTALL_PREFIX=/home/chelbaev/NSU/robots/ex03/ros2_ws/install/examples_rclcpp_multithreaded_executor
[0.878s] Invoking command in '/home/chelbaev/NSU/robots/ex03/ros2_ws/build/examples_rclcpp_multithreaded_executor': CMAKE_PREFIX_PATH=${CMAKE_PREFIX_PATH}:/home/chelbaev/NSU/robots/ex03/ros2_ws/install/launch_testing_examples:/home/chelbaev/NSU/robots/ex03/ros2_ws/install/examples_rclpy_pointcloud_publisher:/home/chelbaev/NSU/robots/ex03/ros2_ws/install/examples_rclpy_minimal_subscriber:/home/chelbaev/NSU/robots/ex03/ros2_ws/install/examples_rclpy_minimal_service:/home/chelbaev/NSU/robots/ex03/ros2_ws/install/examples_rclpy_minimal_publisher:/home/chelbaev/NSU/robots/ex03/ros2_ws/install/examples_rclpy_minimal_client:/home/chelbaev/NSU/robots/ex03/ros2_ws/install/examples_rclpy_minimal_action_server:/home/chelbaev/NSU/robots/ex03/ros2_ws/install/examples_rclpy_minimal_action_client:/home/chelbaev/NSU/robots/ex03/ros2_ws/install/examples_rclpy_guard_conditions:/home/chelbaev/NSU/robots/ex03/ros2_ws/install/examples_rclpy_executors:/opt/ros/humble /usr/bin/cmake --build /home/chelbaev/NSU/robots/ex03/ros2_ws/build/examples_rclcpp_multithreaded_executor -- -j12 -l12
[0.903s] [35m[1mConsolidate compiler generated dependencies of target multithreaded_executor[0m
[0.956s] [ 50%] [32mBuilding CXX object CMakeFiles/multithreaded_executor.dir/multithreaded_executor.cpp.o[0m
