[0.345s] Invoking command in '/home/chelbaev/NSU/robots/ex03/ros2_ws/build/examples_rclpy_guard_conditions': PYTHONPATH=/home/chelbaev/NSU/robots/ex03/ros2_ws/build/examples_rclpy_guard_conditions/prefix_override:/usr/lib/python3/dist-packages/colcon_core/task/python/colcon_distutils_commands:/home/chelbaev/NSU/robots/ex03/ros2_ws/install/examples_rclpy_guard_conditions/lib/python3.10/site-packages:${PYTHONPATH} /usr/bin/python3 -W ignore:setup.py install is deprecated -W ignore:easy_install command is deprecated setup.py develop --uninstall --editable --build-directory /home/chelbaev/NSU/robots/ex03/ros2_ws/build/examples_rclpy_guard_conditions/build
[0.485s] running develop
[0.561s] Removing /home/chelbaev/NSU/robots/ex03/ros2_ws/install/examples_rclpy_guard_conditions/lib/python3.10/site-packages/examples-rclpy-guard-conditions.egg-link (link to .)
[0.581s] Invoked command in '/home/chelbaev/NSU/robots/ex03/ros2_ws/build/examples_rclpy_guard_conditions' returned '0': PYTHONPATH=/home/chelbaev/NSU/robots/ex03/ros2_ws/build/examples_rclpy_guard_conditions/prefix_override:/usr/lib/python3/dist-packages/colcon_core/task/python/colcon_distutils_commands:/home/chelbaev/NSU/robots/ex03/ros2_ws/install/examples_rclpy_guard_conditions/lib/python3.10/site-packages:${PYTHONPATH} /usr/bin/python3 -W ignore:setup.py install is deprecated -W ignore:easy_install command is deprecated setup.py develop --uninstall --editable --build-directory /home/chelbaev/NSU/robots/ex03/ros2_ws/build/examples_rclpy_guard_conditions/build
[0.581s] Invoking command in '/home/chelbaev/NSU/robots/ex03/ros2_ws/src/examples/rclpy/guard_conditions': PYTHONPATH=/home/chelbaev/NSU/robots/ex03/ros2_ws/build/examples_rclpy_guard_conditions/prefix_override:/usr/lib/python3/dist-packages/colcon_core/task/python/colcon_distutils_commands:/home/chelbaev/NSU/robots/ex03/ros2_ws/install/examples_rclpy_guard_conditions/lib/python3.10/site-packages:${PYTHONPATH} /usr/bin/python3 -W ignore:setup.py install is deprecated -W ignore:easy_install command is deprecated setup.py egg_info --egg-base ../../../../build/examples_rclpy_guard_conditions build --build-base /home/chelbaev/NSU/robots/ex03/ros2_ws/build/examples_rclpy_guard_conditions/build install --record /home/chelbaev/NSU/robots/ex03/ros2_ws/build/examples_rclpy_guard_conditions/install.log --single-version-externally-managed install_data --force
[0.703s] running egg_info
[0.704s] writing ../../../../build/examples_rclpy_guard_conditions/examples_rclpy_guard_conditions.egg-info/PKG-INFO
[0.704s] writing dependency_links to ../../../../build/examples_rclpy_guard_conditions/examples_rclpy_guard_conditions.egg-info/dependency_links.txt
[0.704s] writing entry points to ../../../../build/examples_rclpy_guard_conditions/examples_rclpy_guard_conditions.egg-info/entry_points.txt
[0.704s] writing requirements to ../../../../build/examples_rclpy_guard_conditions/examples_rclpy_guard_conditions.egg-info/requires.txt
[0.704s] writing top-level names to ../../../../build/examples_rclpy_guard_conditions/examples_rclpy_guard_conditions.egg-info/top_level.txt
[0.705s] reading manifest file '../../../../build/examples_rclpy_guard_conditions/examples_rclpy_guard_conditions.egg-info/SOURCES.txt'
[0.707s] writing manifest file '../../../../build/examples_rclpy_guard_conditions/examples_rclpy_guard_conditions.egg-info/SOURCES.txt'
[0.707s] running build
[0.707s] running build_py
[0.707s] creating /home/chelbaev/NSU/robots/ex03/ros2_ws/build/examples_rclpy_guard_conditions/build
[0.707s] creating /home/chelbaev/NSU/robots/ex03/ros2_ws/build/examples_rclpy_guard_conditions/build/lib
[0.707s] creating /home/chelbaev/NSU/robots/ex03/ros2_ws/build/examples_rclpy_guard_conditions/build/lib/examples_rclpy_guard_conditions
[0.707s] copying examples_rclpy_guard_conditions/__init__.py -> /home/chelbaev/NSU/robots/ex03/ros2_ws/build/examples_rclpy_guard_conditions/build/lib/examples_rclpy_guard_conditions
[0.707s] copying examples_rclpy_guard_conditions/trigger_guard_condition.py -> /home/chelbaev/NSU/robots/ex03/ros2_ws/build/examples_rclpy_guard_conditions/build/lib/examples_rclpy_guard_conditions
[0.707s] running install
[0.707s] running install_lib
[0.708s] creating /home/chelbaev/NSU/robots/ex03/ros2_ws/install/examples_rclpy_guard_conditions/lib/python3.10/site-packages/examples_rclpy_guard_conditions
[0.708s] copying /home/chelbaev/NSU/robots/ex03/ros2_ws/build/examples_rclpy_guard_conditions/build/lib/examples_rclpy_guard_conditions/__init__.py -> /home/chelbaev/NSU/robots/ex03/ros2_ws/install/examples_rclpy_guard_conditions/lib/python3.10/site-packages/examples_rclpy_guard_conditions
[0.708s] copying /home/chelbaev/NSU/robots/ex03/ros2_ws/build/examples_rclpy_guard_conditions/build/lib/examples_rclpy_guard_conditions/trigger_guard_condition.py -> /home/chelbaev/NSU/robots/ex03/ros2_ws/install/examples_rclpy_guard_conditions/lib/python3.10/site-packages/examples_rclpy_guard_conditions
[0.708s] byte-compiling /home/chelbaev/NSU/robots/ex03/ros2_ws/install/examples_rclpy_guard_conditions/lib/python3.10/site-packages/examples_rclpy_guard_conditions/__init__.py to __init__.cpython-310.pyc
[0.708s] byte-compiling /home/chelbaev/NSU/robots/ex03/ros2_ws/install/examples_rclpy_guard_conditions/lib/python3.10/site-packages/examples_rclpy_guard_conditions/trigger_guard_condition.py to trigger_guard_condition.cpython-310.pyc
[0.708s] running install_data
[0.709s] copying resource/examples_rclpy_guard_conditions -> /home/chelbaev/NSU/robots/ex03/ros2_ws/install/examples_rclpy_guard_conditions/share/ament_index/resource_index/packages
[0.709s] copying package.xml -> /home/chelbaev/NSU/robots/ex03/ros2_ws/install/examples_rclpy_guard_conditions/share/examples_rclpy_guard_conditions
[0.709s] running install_egg_info
[0.710s] Copying ../../../../build/examples_rclpy_guard_conditions/examples_rclpy_guard_conditions.egg-info to /home/chelbaev/NSU/robots/ex03/ros2_ws/install/examples_rclpy_guard_conditions/lib/python3.10/site-packages/examples_rclpy_guard_conditions-0.15.4-py3.10.egg-info
[0.710s] running install_scripts
[0.723s] Installing trigger_guard_condition script to /home/chelbaev/NSU/robots/ex03/ros2_ws/install/examples_rclpy_guard_conditions/lib/examples_rclpy_guard_conditions
[0.723s] writing list of installed files to '/home/chelbaev/NSU/robots/ex03/ros2_ws/build/examples_rclpy_guard_conditions/install.log'
[0.737s] Invoked command in '/home/chelbaev/NSU/robots/ex03/ros2_ws/src/examples/rclpy/guard_conditions' returned '0': PYTHONPATH=/home/chelbaev/NSU/robots/ex03/ros2_ws/build/examples_rclpy_guard_conditions/prefix_override:/usr/lib/python3/dist-packages/colcon_core/task/python/colcon_distutils_commands:/home/chelbaev/NSU/robots/ex03/ros2_ws/install/examples_rclpy_guard_conditions/lib/python3.10/site-packages:${PYTHONPATH} /usr/bin/python3 -W ignore:setup.py install is deprecated -W ignore:easy_install command is deprecated setup.py egg_info --egg-base ../../../../build/examples_rclpy_guard_conditions build --build-base /home/chelbaev/NSU/robots/ex03/ros2_ws/build/examples_rclpy_guard_conditions/build install --record /home/chelbaev/NSU/robots/ex03/ros2_ws/build/examples_rclpy_guard_conditions/install.log --single-version-externally-managed install_data --force
