[0.005s] Invoking command in '/home/chelbaev/NSU/robots/ex03/ros2_ws/build/examples_rclcpp_minimal_client': CMAKE_PREFIX_PATH=/opt/ros/humble /usr/bin/cmake --build /home/chelbaev/NSU/robots/ex03/ros2_ws/build/examples_rclcpp_minimal_client -- -j12 -l12
[0.041s] [35m[1mConsolidate compiler generated dependencies of target client_main[0m
[0.056s] [100%] Built target client_main
[0.065s] Invoked command in '/home/chelbaev/NSU/robots/ex03/ros2_ws/build/examples_rclcpp_minimal_client' returned '0': CMAKE_PREFIX_PATH=/opt/ros/humble /usr/bin/cmake --build /home/chelbaev/NSU/robots/ex03/ros2_ws/build/examples_rclcpp_minimal_client -- -j12 -l12
[0.066s] Invoking command in '/home/chelbaev/NSU/robots/ex03/ros2_ws/build/examples_rclcpp_minimal_client': CMAKE_PREFIX_PATH=/opt/ros/humble /usr/bin/cmake --install /home/chelbaev/NSU/robots/ex03/ros2_ws/build/examples_rclcpp_minimal_client
[0.073s] -- Install configuration: "Debug"
[0.073s] -- Execute custom install script
[0.073s] -- Up-to-date symlink: /home/chelbaev/NSU/robots/ex03/ros2_ws/install/examples_rclcpp_minimal_client/lib/examples_rclcpp_minimal_client/client_main
[0.073s] -- Up-to-date symlink: /home/chelbaev/NSU/robots/ex03/ros2_ws/install/examples_rclcpp_minimal_client/share/ament_index/resource_index/package_run_dependencies/examples_rclcpp_minimal_client
[0.074s] -- Up-to-date symlink: /home/chelbaev/NSU/robots/ex03/ros2_ws/install/examples_rclcpp_minimal_client/share/ament_index/resource_index/parent_prefix_path/examples_rclcpp_minimal_client
[0.074s] -- Up-to-date symlink: /home/chelbaev/NSU/robots/ex03/ros2_ws/install/examples_rclcpp_minimal_client/share/examples_rclcpp_minimal_client/environment/ament_prefix_path.sh
[0.074s] -- Up-to-date symlink: /home/chelbaev/NSU/robots/ex03/ros2_ws/install/examples_rclcpp_minimal_client/share/examples_rclcpp_minimal_client/environment/ament_prefix_path.dsv
[0.074s] -- Up-to-date symlink: /home/chelbaev/NSU/robots/ex03/ros2_ws/install/examples_rclcpp_minimal_client/share/examples_rclcpp_minimal_client/environment/path.sh
[0.074s] -- Up-to-date symlink: /home/chelbaev/NSU/robots/ex03/ros2_ws/install/examples_rclcpp_minimal_client/share/examples_rclcpp_minimal_client/environment/path.dsv
[0.074s] -- Up-to-date symlink: /home/chelbaev/NSU/robots/ex03/ros2_ws/install/examples_rclcpp_minimal_client/share/examples_rclcpp_minimal_client/local_setup.bash
[0.074s] -- Up-to-date symlink: /home/chelbaev/NSU/robots/ex03/ros2_ws/install/examples_rclcpp_minimal_client/share/examples_rclcpp_minimal_client/local_setup.sh
[0.075s] -- Up-to-date symlink: /home/chelbaev/NSU/robots/ex03/ros2_ws/install/examples_rclcpp_minimal_client/share/examples_rclcpp_minimal_client/local_setup.zsh
[0.075s] -- Up-to-date symlink: /home/chelbaev/NSU/robots/ex03/ros2_ws/install/examples_rclcpp_minimal_client/share/examples_rclcpp_minimal_client/local_setup.dsv
[0.075s] -- Symlinking: /home/chelbaev/NSU/robots/ex03/ros2_ws/install/examples_rclcpp_minimal_client/share/examples_rclcpp_minimal_client/package.dsv
[0.081s] -- Up-to-date symlink: /home/chelbaev/NSU/robots/ex03/ros2_ws/install/examples_rclcpp_minimal_client/share/ament_index/resource_index/packages/examples_rclcpp_minimal_client
[0.081s] -- Up-to-date symlink: /home/chelbaev/NSU/robots/ex03/ros2_ws/install/examples_rclcpp_minimal_client/share/examples_rclcpp_minimal_client/cmake/examples_rclcpp_minimal_clientConfig.cmake
[0.082s] -- Up-to-date symlink: /home/chelbaev/NSU/robots/ex03/ros2_ws/install/examples_rclcpp_minimal_client/share/examples_rclcpp_minimal_client/cmake/examples_rclcpp_minimal_clientConfig-version.cmake
[0.082s] -- Up-to-date symlink: /home/chelbaev/NSU/robots/ex03/ros2_ws/install/examples_rclcpp_minimal_client/share/examples_rclcpp_minimal_client/package.xml
[0.084s] Invoked command in '/home/chelbaev/NSU/robots/ex03/ros2_ws/build/examples_rclcpp_minimal_client' returned '0': CMAKE_PREFIX_PATH=/opt/ros/humble /usr/bin/cmake --install /home/chelbaev/NSU/robots/ex03/ros2_ws/build/examples_rclcpp_minimal_client
