running egg_info
writing ../../build/ten_pub/ten_pub.egg-info/PKG-INFO
writing dependency_links to ../../build/ten_pub/ten_pub.egg-info/dependency_links.txt
writing entry points to ../../build/ten_pub/ten_pub.egg-info/entry_points.txt
writing requirements to ../../build/ten_pub/ten_pub.egg-info/requires.txt
writing top-level names to ../../build/ten_pub/ten_pub.egg-info/top_level.txt
reading manifest file '../../build/ten_pub/ten_pub.egg-info/SOURCES.txt'
adding license file 'LICENSE'
writing manifest file '../../build/ten_pub/ten_pub.egg-info/SOURCES.txt'
running build
running build_py
running install
running install_lib
running install_data
running install_egg_info
removing '/home/chelbaev/NSU/robots/ros2_ws/install/ten_pub/lib/python3.10/site-packages/ten_pub-0.0.0-py3.10.egg-info' (and everything under it)
Copying ../../build/ten_pub/ten_pub.egg-info to /home/chelbaev/NSU/robots/ros2_ws/install/ten_pub/lib/python3.10/site-packages/ten_pub-0.0.0-py3.10.egg-info
running install_scripts
Installing talker script to /home/chelbaev/NSU/robots/ros2_ws/install/ten_pub/lib/ten_pub
writing list of installed files to '/home/chelbaev/NSU/robots/ros2_ws/build/ten_pub/install.log'
