[0.363s] Invoking command in '/home/chelbaev/NSU/robots/ros2_ws/src/ten_pub': PYTHONPATH=/home/chelbaev/NSU/robots/ros2_ws/build/ten_pub/prefix_override:/usr/lib/python3/dist-packages/colcon_core/task/python/colcon_distutils_commands:/home/chelbaev/NSU/robots/ros2_ws/install/ten_pub/lib/python3.10/site-packages:${PYTHONPATH} /usr/bin/python3 -W ignore:setup.py install is deprecated -W ignore:easy_install command is deprecated setup.py egg_info --egg-base ../../build/ten_pub build --build-base /home/chelbaev/NSU/robots/ros2_ws/build/ten_pub/build install --record /home/chelbaev/NSU/robots/ros2_ws/build/ten_pub/install.log --single-version-externally-managed install_data
[0.486s] running egg_info
[0.486s] writing ../../build/ten_pub/ten_pub.egg-info/PKG-INFO
[0.489s] writing dependency_links to ../../build/ten_pub/ten_pub.egg-info/dependency_links.txt
[0.489s] writing entry points to ../../build/ten_pub/ten_pub.egg-info/entry_points.txt
[0.490s] writing requirements to ../../build/ten_pub/ten_pub.egg-info/requires.txt
[0.490s] writing top-level names to ../../build/ten_pub/ten_pub.egg-info/top_level.txt
[0.490s] reading manifest file '../../build/ten_pub/ten_pub.egg-info/SOURCES.txt'
[0.491s] adding license file 'LICENSE'
[0.492s] writing manifest file '../../build/ten_pub/ten_pub.egg-info/SOURCES.txt'
[0.492s] running build
[0.492s] running build_py
[0.493s] running install
[0.493s] running install_lib
[0.494s] running install_data
[0.494s] running install_egg_info
[0.495s] removing '/home/chelbaev/NSU/robots/ros2_ws/install/ten_pub/lib/python3.10/site-packages/ten_pub-0.0.0-py3.10.egg-info' (and everything under it)
[0.495s] Copying ../../build/ten_pub/ten_pub.egg-info to /home/chelbaev/NSU/robots/ros2_ws/install/ten_pub/lib/python3.10/site-packages/ten_pub-0.0.0-py3.10.egg-info
[0.496s] running install_scripts
[0.508s] Installing talker script to /home/chelbaev/NSU/robots/ros2_ws/install/ten_pub/lib/ten_pub
[0.508s] writing list of installed files to '/home/chelbaev/NSU/robots/ros2_ws/build/ten_pub/install.log'
[0.522s] Invoked command in '/home/chelbaev/NSU/robots/ros2_ws/src/ten_pub' returned '0': PYTHONPATH=/home/chelbaev/NSU/robots/ros2_ws/build/ten_pub/prefix_override:/usr/lib/python3/dist-packages/colcon_core/task/python/colcon_distutils_commands:/home/chelbaev/NSU/robots/ros2_ws/install/ten_pub/lib/python3.10/site-packages:${PYTHONPATH} /usr/bin/python3 -W ignore:setup.py install is deprecated -W ignore:easy_install command is deprecated setup.py egg_info --egg-base ../../build/ten_pub build --build-base /home/chelbaev/NSU/robots/ros2_ws/build/ten_pub/build install --record /home/chelbaev/NSU/robots/ros2_ws/build/ten_pub/install.log --single-version-externally-managed install_data
