[0.339s] Invoking command in '/home/chelbaev/NSU/robots/ex03/ros2_ws/src/examples/rclpy/executors': PYTHONPATH=/home/chelbaev/NSU/robots/ex03/ros2_ws/build/examples_rclpy_executors/prefix_override:/usr/lib/python3/dist-packages/colcon_core/task/python/colcon_distutils_commands:/home/chelbaev/NSU/robots/ex03/ros2_ws/install/examples_rclpy_executors/lib/python3.10/site-packages:${PYTHONPATH} /usr/bin/python3 -W ignore:setup.py install is deprecated -W ignore:easy_install command is deprecated setup.py egg_info --egg-base ../../../../build/examples_rclpy_executors build --build-base /home/chelbaev/NSU/robots/ex03/ros2_ws/build/examples_rclpy_executors/build install --record /home/chelbaev/NSU/robots/ex03/ros2_ws/build/examples_rclpy_executors/install.log --single-version-externally-managed install_data
[0.468s] running egg_info
[0.468s] writing ../../../../build/examples_rclpy_executors/examples_rclpy_executors.egg-info/PKG-INFO
[0.468s] writing dependency_links to ../../../../build/examples_rclpy_executors/examples_rclpy_executors.egg-info/dependency_links.txt
[0.469s] writing entry points to ../../../../build/examples_rclpy_executors/examples_rclpy_executors.egg-info/entry_points.txt
[0.469s] writing requirements to ../../../../build/examples_rclpy_executors/examples_rclpy_executors.egg-info/requires.txt
[0.469s] writing top-level names to ../../../../build/examples_rclpy_executors/examples_rclpy_executors.egg-info/top_level.txt
[0.470s] reading manifest file '../../../../build/examples_rclpy_executors/examples_rclpy_executors.egg-info/SOURCES.txt'
[0.470s] writing manifest file '../../../../build/examples_rclpy_executors/examples_rclpy_executors.egg-info/SOURCES.txt'
[0.470s] running build
[0.470s] running build_py
[0.471s] running install
[0.471s] running install_lib
[0.471s] running install_data
[0.471s] running install_egg_info
[0.472s] removing '/home/chelbaev/NSU/robots/ex03/ros2_ws/install/examples_rclpy_executors/lib/python3.10/site-packages/examples_rclpy_executors-0.15.4-py3.10.egg-info' (and everything under it)
[0.473s] Copying ../../../../build/examples_rclpy_executors/examples_rclpy_executors.egg-info to /home/chelbaev/NSU/robots/ex03/ros2_ws/install/examples_rclpy_executors/lib/python3.10/site-packages/examples_rclpy_executors-0.15.4-py3.10.egg-info
[0.473s] running install_scripts
[0.486s] Installing callback_group script to /home/chelbaev/NSU/robots/ex03/ros2_ws/install/examples_rclpy_executors/lib/examples_rclpy_executors
[0.486s] Installing composed script to /home/chelbaev/NSU/robots/ex03/ros2_ws/install/examples_rclpy_executors/lib/examples_rclpy_executors
[0.486s] Installing custom_callback_group script to /home/chelbaev/NSU/robots/ex03/ros2_ws/install/examples_rclpy_executors/lib/examples_rclpy_executors
[0.486s] Installing custom_executor script to /home/chelbaev/NSU/robots/ex03/ros2_ws/install/examples_rclpy_executors/lib/examples_rclpy_executors
[0.486s] Installing listener script to /home/chelbaev/NSU/robots/ex03/ros2_ws/install/examples_rclpy_executors/lib/examples_rclpy_executors
[0.487s] Installing talker script to /home/chelbaev/NSU/robots/ex03/ros2_ws/install/examples_rclpy_executors/lib/examples_rclpy_executors
[0.487s] writing list of installed files to '/home/chelbaev/NSU/robots/ex03/ros2_ws/build/examples_rclpy_executors/install.log'
[0.503s] Invoked command in '/home/chelbaev/NSU/robots/ex03/ros2_ws/src/examples/rclpy/executors' returned '0': PYTHONPATH=/home/chelbaev/NSU/robots/ex03/ros2_ws/build/examples_rclpy_executors/prefix_override:/usr/lib/python3/dist-packages/colcon_core/task/python/colcon_distutils_commands:/home/chelbaev/NSU/robots/ex03/ros2_ws/install/examples_rclpy_executors/lib/python3.10/site-packages:${PYTHONPATH} /usr/bin/python3 -W ignore:setup.py install is deprecated -W ignore:easy_install command is deprecated setup.py egg_info --egg-base ../../../../build/examples_rclpy_executors build --build-base /home/chelbaev/NSU/robots/ex03/ros2_ws/build/examples_rclpy_executors/build install --record /home/chelbaev/NSU/robots/ex03/ros2_ws/build/examples_rclpy_executors/install.log --single-version-externally-managed install_data
