[0.011s] Invoking command in '/home/chelbaev/NSU/robots/ros2_ws/build/messenger': CMAKE_PREFIX_PATH=/opt/ros/humble /usr/bin/cmake --build /home/chelbaev/NSU/robots/ros2_ws/build/messenger -- -j12 -l12
[0.064s] Invoked command in '/home/chelbaev/NSU/robots/ros2_ws/build/messenger' returned '0': CMAKE_PREFIX_PATH=/opt/ros/humble /usr/bin/cmake --build /home/chelbaev/NSU/robots/ros2_ws/build/messenger -- -j12 -l12
[0.074s] Invoking command in '/home/chelbaev/NSU/robots/ros2_ws/build/messenger': CMAKE_PREFIX_PATH=/opt/ros/humble /usr/bin/cmake --install /home/chelbaev/NSU/robots/ros2_ws/build/messenger
[0.080s] -- Install configuration: ""
[0.081s] -- Up-to-date: /home/chelbaev/NSU/robots/ros2_ws/install/messenger/share/ament_index/resource_index/package_run_dependencies/messenger
[0.081s] -- Up-to-date: /home/chelbaev/NSU/robots/ros2_ws/install/messenger/share/ament_index/resource_index/parent_prefix_path/messenger
[0.081s] -- Up-to-date: /home/chelbaev/NSU/robots/ros2_ws/install/messenger/share/messenger/environment/ament_prefix_path.sh
[0.082s] -- Up-to-date: /home/chelbaev/NSU/robots/ros2_ws/install/messenger/share/messenger/environment/ament_prefix_path.dsv
[0.082s] -- Up-to-date: /home/chelbaev/NSU/robots/ros2_ws/install/messenger/share/messenger/environment/path.sh
[0.082s] -- Up-to-date: /home/chelbaev/NSU/robots/ros2_ws/install/messenger/share/messenger/environment/path.dsv
[0.082s] -- Up-to-date: /home/chelbaev/NSU/robots/ros2_ws/install/messenger/share/messenger/local_setup.bash
[0.082s] -- Up-to-date: /home/chelbaev/NSU/robots/ros2_ws/install/messenger/share/messenger/local_setup.sh
[0.082s] -- Up-to-date: /home/chelbaev/NSU/robots/ros2_ws/install/messenger/share/messenger/local_setup.zsh
[0.082s] -- Up-to-date: /home/chelbaev/NSU/robots/ros2_ws/install/messenger/share/messenger/local_setup.dsv
[0.082s] -- Installing: /home/chelbaev/NSU/robots/ros2_ws/install/messenger/share/messenger/package.dsv
[0.082s] -- Up-to-date: /home/chelbaev/NSU/robots/ros2_ws/install/messenger/share/ament_index/resource_index/packages/messenger
[0.082s] -- Up-to-date: /home/chelbaev/NSU/robots/ros2_ws/install/messenger/share/messenger/cmake/messengerConfig.cmake
[0.082s] -- Up-to-date: /home/chelbaev/NSU/robots/ros2_ws/install/messenger/share/messenger/cmake/messengerConfig-version.cmake
[0.082s] -- Up-to-date: /home/chelbaev/NSU/robots/ros2_ws/install/messenger/share/messenger/package.xml
[0.083s] Invoked command in '/home/chelbaev/NSU/robots/ros2_ws/build/messenger' returned '0': CMAKE_PREFIX_PATH=/opt/ros/humble /usr/bin/cmake --install /home/chelbaev/NSU/robots/ros2_ws/build/messenger
