[0.409s] Invoking command in '/home/chelbaev/NSU/robots/ex03/ros2_ws/src/examples/rclpy/guard_conditions': PYTHONPATH=/home/chelbaev/NSU/robots/ex03/ros2_ws/build/examples_rclpy_guard_conditions/prefix_override:/usr/lib/python3/dist-packages/colcon_core/task/python/colcon_distutils_commands:/home/chelbaev/NSU/robots/ex03/ros2_ws/install/examples_rclpy_guard_conditions/lib/python3.10/site-packages:${PYTHONPATH} /usr/bin/python3 -W ignore:setup.py install is deprecated -W ignore:easy_install command is deprecated setup.py egg_info --egg-base ../../../../build/examples_rclpy_guard_conditions build --build-base /home/chelbaev/NSU/robots/ex03/ros2_ws/build/examples_rclpy_guard_conditions/build install --record /home/chelbaev/NSU/robots/ex03/ros2_ws/build/examples_rclpy_guard_conditions/install.log --single-version-externally-managed install_data
[0.543s] running egg_info
[0.543s] writing ../../../../build/examples_rclpy_guard_conditions/examples_rclpy_guard_conditions.egg-info/PKG-INFO
[0.543s] writing dependency_links to ../../../../build/examples_rclpy_guard_conditions/examples_rclpy_guard_conditions.egg-info/dependency_links.txt
[0.543s] writing entry points to ../../../../build/examples_rclpy_guard_conditions/examples_rclpy_guard_conditions.egg-info/entry_points.txt
[0.544s] writing requirements to ../../../../build/examples_rclpy_guard_conditions/examples_rclpy_guard_conditions.egg-info/requires.txt
[0.544s] writing top-level names to ../../../../build/examples_rclpy_guard_conditions/examples_rclpy_guard_conditions.egg-info/top_level.txt
[0.544s] reading manifest file '../../../../build/examples_rclpy_guard_conditions/examples_rclpy_guard_conditions.egg-info/SOURCES.txt'
[0.545s] writing manifest file '../../../../build/examples_rclpy_guard_conditions/examples_rclpy_guard_conditions.egg-info/SOURCES.txt'
[0.545s] running build
[0.545s] running build_py
[0.545s] running install
[0.545s] running install_lib
[0.546s] running install_data
[0.546s] running install_egg_info
[0.547s] removing '/home/chelbaev/NSU/robots/ex03/ros2_ws/install/examples_rclpy_guard_conditions/lib/python3.10/site-packages/examples_rclpy_guard_conditions-0.15.4-py3.10.egg-info' (and everything under it)
[0.547s] Copying ../../../../build/examples_rclpy_guard_conditions/examples_rclpy_guard_conditions.egg-info to /home/chelbaev/NSU/robots/ex03/ros2_ws/install/examples_rclpy_guard_conditions/lib/python3.10/site-packages/examples_rclpy_guard_conditions-0.15.4-py3.10.egg-info
[0.548s] running install_scripts
[0.561s] Installing trigger_guard_condition script to /home/chelbaev/NSU/robots/ex03/ros2_ws/install/examples_rclpy_guard_conditions/lib/examples_rclpy_guard_conditions
[0.561s] writing list of installed files to '/home/chelbaev/NSU/robots/ex03/ros2_ws/build/examples_rclpy_guard_conditions/install.log'
[0.577s] Invoked command in '/home/chelbaev/NSU/robots/ex03/ros2_ws/src/examples/rclpy/guard_conditions' returned '0': PYTHONPATH=/home/chelbaev/NSU/robots/ex03/ros2_ws/build/examples_rclpy_guard_conditions/prefix_override:/usr/lib/python3/dist-packages/colcon_core/task/python/colcon_distutils_commands:/home/chelbaev/NSU/robots/ex03/ros2_ws/install/examples_rclpy_guard_conditions/lib/python3.10/site-packages:${PYTHONPATH} /usr/bin/python3 -W ignore:setup.py install is deprecated -W ignore:easy_install command is deprecated setup.py egg_info --egg-base ../../../../build/examples_rclpy_guard_conditions build --build-base /home/chelbaev/NSU/robots/ex03/ros2_ws/build/examples_rclpy_guard_conditions/build install --record /home/chelbaev/NSU/robots/ex03/ros2_ws/build/examples_rclpy_guard_conditions/install.log --single-version-externally-managed install_data
