[0.006s] Invoking command in '/home/chelbaev/NSU/robots/ex03/ros2_ws/build/examples_rclcpp_minimal_timer': CMAKE_PREFIX_PATH=${CMAKE_PREFIX_PATH}:/home/chelbaev/NSU/robots/ex03/ros2_ws/install/launch_testing_examples:/home/chelbaev/NSU/robots/ex03/ros2_ws/install/examples_rclpy_pointcloud_publisher:/home/chelbaev/NSU/robots/ex03/ros2_ws/install/examples_rclpy_minimal_subscriber:/home/chelbaev/NSU/robots/ex03/ros2_ws/install/examples_rclpy_minimal_service:/home/chelbaev/NSU/robots/ex03/ros2_ws/install/examples_rclpy_minimal_publisher:/home/chelbaev/NSU/robots/ex03/ros2_ws/install/examples_rclpy_minimal_client:/home/chelbaev/NSU/robots/ex03/ros2_ws/install/examples_rclpy_minimal_action_server:/home/chelbaev/NSU/robots/ex03/ros2_ws/install/examples_rclpy_minimal_action_client:/home/chelbaev/NSU/robots/ex03/ros2_ws/install/examples_rclpy_guard_conditions:/home/chelbaev/NSU/robots/ex03/ros2_ws/install/examples_rclpy_executors:/opt/ros/humble /usr/bin/cmake --build /home/chelbaev/NSU/robots/ex03/ros2_ws/build/examples_rclcpp_minimal_timer -- -j12 -l12
[0.057s] [ 50%] Built target timer_member_function
[0.057s] [100%] Built target timer_lambda
[0.067s] Invoked command in '/home/chelbaev/NSU/robots/ex03/ros2_ws/build/examples_rclcpp_minimal_timer' returned '0': CMAKE_PREFIX_PATH=${CMAKE_PREFIX_PATH}:/home/chelbaev/NSU/robots/ex03/ros2_ws/install/launch_testing_examples:/home/chelbaev/NSU/robots/ex03/ros2_ws/install/examples_rclpy_pointcloud_publisher:/home/chelbaev/NSU/robots/ex03/ros2_ws/install/examples_rclpy_minimal_subscriber:/home/chelbaev/NSU/robots/ex03/ros2_ws/install/examples_rclpy_minimal_service:/home/chelbaev/NSU/robots/ex03/ros2_ws/install/examples_rclpy_minimal_publisher:/home/chelbaev/NSU/robots/ex03/ros2_ws/install/examples_rclpy_minimal_client:/home/chelbaev/NSU/robots/ex03/ros2_ws/install/examples_rclpy_minimal_action_server:/home/chelbaev/NSU/robots/ex03/ros2_ws/install/examples_rclpy_minimal_action_client:/home/chelbaev/NSU/robots/ex03/ros2_ws/install/examples_rclpy_guard_conditions:/home/chelbaev/NSU/robots/ex03/ros2_ws/install/examples_rclpy_executors:/opt/ros/humble /usr/bin/cmake --build /home/chelbaev/NSU/robots/ex03/ros2_ws/build/examples_rclcpp_minimal_timer -- -j12 -l12
[0.068s] Invoking command in '/home/chelbaev/NSU/robots/ex03/ros2_ws/build/examples_rclcpp_minimal_timer': CMAKE_PREFIX_PATH=${CMAKE_PREFIX_PATH}:/home/chelbaev/NSU/robots/ex03/ros2_ws/install/launch_testing_examples:/home/chelbaev/NSU/robots/ex03/ros2_ws/install/examples_rclpy_pointcloud_publisher:/home/chelbaev/NSU/robots/ex03/ros2_ws/install/examples_rclpy_minimal_subscriber:/home/chelbaev/NSU/robots/ex03/ros2_ws/install/examples_rclpy_minimal_service:/home/chelbaev/NSU/robots/ex03/ros2_ws/install/examples_rclpy_minimal_publisher:/home/chelbaev/NSU/robots/ex03/ros2_ws/install/examples_rclpy_minimal_client:/home/chelbaev/NSU/robots/ex03/ros2_ws/install/examples_rclpy_minimal_action_server:/home/chelbaev/NSU/robots/ex03/ros2_ws/install/examples_rclpy_minimal_action_client:/home/chelbaev/NSU/robots/ex03/ros2_ws/install/examples_rclpy_guard_conditions:/home/chelbaev/NSU/robots/ex03/ros2_ws/install/examples_rclpy_executors:/opt/ros/humble /usr/bin/cmake --install /home/chelbaev/NSU/robots/ex03/ros2_ws/build/examples_rclcpp_minimal_timer
[0.073s] -- Install configuration: "Debug"
[0.073s] -- Execute custom install script
[0.073s] -- Up-to-date symlink: /home/chelbaev/NSU/robots/ex03/ros2_ws/install/examples_rclcpp_minimal_timer/lib/examples_rclcpp_minimal_timer/timer_lambda
[0.073s] -- Up-to-date symlink: /home/chelbaev/NSU/robots/ex03/ros2_ws/install/examples_rclcpp_minimal_timer/lib/examples_rclcpp_minimal_timer/timer_member_function
[0.074s] -- Up-to-date symlink: /home/chelbaev/NSU/robots/ex03/ros2_ws/install/examples_rclcpp_minimal_timer/share/ament_index/resource_index/package_run_dependencies/examples_rclcpp_minimal_timer
[0.074s] -- Up-to-date symlink: /home/chelbaev/NSU/robots/ex03/ros2_ws/install/examples_rclcpp_minimal_timer/share/ament_index/resource_index/parent_prefix_path/examples_rclcpp_minimal_timer
[0.074s] -- Up-to-date symlink: /home/chelbaev/NSU/robots/ex03/ros2_ws/install/examples_rclcpp_minimal_timer/share/examples_rclcpp_minimal_timer/environment/ament_prefix_path.sh
[0.074s] -- Up-to-date symlink: /home/chelbaev/NSU/robots/ex03/ros2_ws/install/examples_rclcpp_minimal_timer/share/examples_rclcpp_minimal_timer/environment/ament_prefix_path.dsv
[0.074s] -- Up-to-date symlink: /home/chelbaev/NSU/robots/ex03/ros2_ws/install/examples_rclcpp_minimal_timer/share/examples_rclcpp_minimal_timer/environment/path.sh
[0.074s] -- Up-to-date symlink: /home/chelbaev/NSU/robots/ex03/ros2_ws/install/examples_rclcpp_minimal_timer/share/examples_rclcpp_minimal_timer/environment/path.dsv
[0.074s] -- Up-to-date symlink: /home/chelbaev/NSU/robots/ex03/ros2_ws/install/examples_rclcpp_minimal_timer/share/examples_rclcpp_minimal_timer/local_setup.bash
[0.074s] -- Up-to-date symlink: /home/chelbaev/NSU/robots/ex03/ros2_ws/install/examples_rclcpp_minimal_timer/share/examples_rclcpp_minimal_timer/local_setup.sh
[0.075s] -- Up-to-date symlink: /home/chelbaev/NSU/robots/ex03/ros2_ws/install/examples_rclcpp_minimal_timer/share/examples_rclcpp_minimal_timer/local_setup.zsh
[0.075s] -- Up-to-date symlink: /home/chelbaev/NSU/robots/ex03/ros2_ws/install/examples_rclcpp_minimal_timer/share/examples_rclcpp_minimal_timer/local_setup.dsv
[0.075s] -- Symlinking: /home/chelbaev/NSU/robots/ex03/ros2_ws/install/examples_rclcpp_minimal_timer/share/examples_rclcpp_minimal_timer/package.dsv
[0.082s] -- Up-to-date symlink: /home/chelbaev/NSU/robots/ex03/ros2_ws/install/examples_rclcpp_minimal_timer/share/ament_index/resource_index/packages/examples_rclcpp_minimal_timer
[0.083s] -- Up-to-date symlink: /home/chelbaev/NSU/robots/ex03/ros2_ws/install/examples_rclcpp_minimal_timer/share/examples_rclcpp_minimal_timer/cmake/examples_rclcpp_minimal_timerConfig.cmake
[0.083s] -- Up-to-date symlink: /home/chelbaev/NSU/robots/ex03/ros2_ws/install/examples_rclcpp_minimal_timer/share/examples_rclcpp_minimal_timer/cmake/examples_rclcpp_minimal_timerConfig-version.cmake
[0.083s] -- Up-to-date symlink: /home/chelbaev/NSU/robots/ex03/ros2_ws/install/examples_rclcpp_minimal_timer/share/examples_rclcpp_minimal_timer/package.xml
[0.085s] Invoked command in '/home/chelbaev/NSU/robots/ex03/ros2_ws/build/examples_rclcpp_minimal_timer' returned '0': CMAKE_PREFIX_PATH=${CMAKE_PREFIX_PATH}:/home/chelbaev/NSU/robots/ex03/ros2_ws/install/launch_testing_examples:/home/chelbaev/NSU/robots/ex03/ros2_ws/install/examples_rclpy_pointcloud_publisher:/home/chelbaev/NSU/robots/ex03/ros2_ws/install/examples_rclpy_minimal_subscriber:/home/chelbaev/NSU/robots/ex03/ros2_ws/install/examples_rclpy_minimal_service:/home/chelbaev/NSU/robots/ex03/ros2_ws/install/examples_rclpy_minimal_publisher:/home/chelbaev/NSU/robots/ex03/ros2_ws/install/examples_rclpy_minimal_client:/home/chelbaev/NSU/robots/ex03/ros2_ws/install/examples_rclpy_minimal_action_server:/home/chelbaev/NSU/robots/ex03/ros2_ws/install/examples_rclpy_minimal_action_client:/home/chelbaev/NSU/robots/ex03/ros2_ws/install/examples_rclpy_guard_conditions:/home/chelbaev/NSU/robots/ex03/ros2_ws/install/examples_rclpy_executors:/opt/ros/humble /usr/bin/cmake --install /home/chelbaev/NSU/robots/ex03/ros2_ws/build/examples_rclcpp_minimal_timer
