[0.004s] Invoking command in '/home/chelbaev/NSU/robots/ex03/ros2_ws/build/examples_rclcpp_minimal_action_server': CMAKE_PREFIX_PATH=/opt/ros/humble /usr/bin/cmake --build /home/chelbaev/NSU/robots/ex03/ros2_ws/build/examples_rclcpp_minimal_action_server -- -j12 -l12
[0.052s] [ 25%] [32mBuilding CXX object CMakeFiles/action_server_member_functions.dir/member_functions.cpp.o[0m
[0.053s] [ 50%] [32mBuilding CXX object CMakeFiles/action_server_not_composable.dir/not_composable.cpp.o[0m
[3.032s] [ 75%] [32m[1mLinking CXX executable action_server_not_composable[0m
[3.079s] [100%] [32m[1mLinking CXX executable action_server_member_functions[0m
[3.154s] [100%] Built target action_server_not_composable
[3.203s] [100%] Built target action_server_member_functions
[3.210s] Invoked command in '/home/chelbaev/NSU/robots/ex03/ros2_ws/build/examples_rclcpp_minimal_action_server' returned '0': CMAKE_PREFIX_PATH=/opt/ros/humble /usr/bin/cmake --build /home/chelbaev/NSU/robots/ex03/ros2_ws/build/examples_rclcpp_minimal_action_server -- -j12 -l12
[3.212s] Invoking command in '/home/chelbaev/NSU/robots/ex03/ros2_ws/build/examples_rclcpp_minimal_action_server': CMAKE_PREFIX_PATH=/opt/ros/humble /usr/bin/cmake --install /home/chelbaev/NSU/robots/ex03/ros2_ws/build/examples_rclcpp_minimal_action_server
[3.218s] -- Install configuration: "Debug"
[3.219s] -- Execute custom install script
[3.219s] -- Up-to-date symlink: /home/chelbaev/NSU/robots/ex03/ros2_ws/install/examples_rclcpp_minimal_action_server/lib/examples_rclcpp_minimal_action_server/action_server_not_composable
[3.219s] -- Up-to-date symlink: /home/chelbaev/NSU/robots/ex03/ros2_ws/install/examples_rclcpp_minimal_action_server/lib/examples_rclcpp_minimal_action_server/action_server_member_functions
[3.219s] -- Up-to-date symlink: /home/chelbaev/NSU/robots/ex03/ros2_ws/install/examples_rclcpp_minimal_action_server/share/ament_index/resource_index/package_run_dependencies/examples_rclcpp_minimal_action_server
[3.220s] -- Up-to-date symlink: /home/chelbaev/NSU/robots/ex03/ros2_ws/install/examples_rclcpp_minimal_action_server/share/ament_index/resource_index/parent_prefix_path/examples_rclcpp_minimal_action_server
[3.220s] -- Up-to-date symlink: /home/chelbaev/NSU/robots/ex03/ros2_ws/install/examples_rclcpp_minimal_action_server/share/examples_rclcpp_minimal_action_server/environment/ament_prefix_path.sh
[3.220s] -- Up-to-date symlink: /home/chelbaev/NSU/robots/ex03/ros2_ws/install/examples_rclcpp_minimal_action_server/share/examples_rclcpp_minimal_action_server/environment/ament_prefix_path.dsv
[3.220s] -- Up-to-date symlink: /home/chelbaev/NSU/robots/ex03/ros2_ws/install/examples_rclcpp_minimal_action_server/share/examples_rclcpp_minimal_action_server/environment/path.sh
[3.220s] -- Up-to-date symlink: /home/chelbaev/NSU/robots/ex03/ros2_ws/install/examples_rclcpp_minimal_action_server/share/examples_rclcpp_minimal_action_server/environment/path.dsv
[3.220s] -- Up-to-date symlink: /home/chelbaev/NSU/robots/ex03/ros2_ws/install/examples_rclcpp_minimal_action_server/share/examples_rclcpp_minimal_action_server/local_setup.bash
[3.220s] -- Up-to-date symlink: /home/chelbaev/NSU/robots/ex03/ros2_ws/install/examples_rclcpp_minimal_action_server/share/examples_rclcpp_minimal_action_server/local_setup.sh
[3.221s] -- Up-to-date symlink: /home/chelbaev/NSU/robots/ex03/ros2_ws/install/examples_rclcpp_minimal_action_server/share/examples_rclcpp_minimal_action_server/local_setup.zsh
[3.221s] -- Up-to-date symlink: /home/chelbaev/NSU/robots/ex03/ros2_ws/install/examples_rclcpp_minimal_action_server/share/examples_rclcpp_minimal_action_server/local_setup.dsv
[3.221s] -- Symlinking: /home/chelbaev/NSU/robots/ex03/ros2_ws/install/examples_rclcpp_minimal_action_server/share/examples_rclcpp_minimal_action_server/package.dsv
[3.227s] -- Up-to-date symlink: /home/chelbaev/NSU/robots/ex03/ros2_ws/install/examples_rclcpp_minimal_action_server/share/ament_index/resource_index/packages/examples_rclcpp_minimal_action_server
[3.227s] -- Up-to-date symlink: /home/chelbaev/NSU/robots/ex03/ros2_ws/install/examples_rclcpp_minimal_action_server/share/examples_rclcpp_minimal_action_server/cmake/examples_rclcpp_minimal_action_serverConfig.cmake
[3.227s] -- Up-to-date symlink: /home/chelbaev/NSU/robots/ex03/ros2_ws/install/examples_rclcpp_minimal_action_server/share/examples_rclcpp_minimal_action_server/cmake/examples_rclcpp_minimal_action_serverConfig-version.cmake
[3.228s] -- Up-to-date symlink: /home/chelbaev/NSU/robots/ex03/ros2_ws/install/examples_rclcpp_minimal_action_server/share/examples_rclcpp_minimal_action_server/package.xml
[3.229s] Invoked command in '/home/chelbaev/NSU/robots/ex03/ros2_ws/build/examples_rclcpp_minimal_action_server' returned '0': CMAKE_PREFIX_PATH=/opt/ros/humble /usr/bin/cmake --install /home/chelbaev/NSU/robots/ex03/ros2_ws/build/examples_rclcpp_minimal_action_server
