[0.362s] Invoking command in '/home/chelbaev/NSU/robots/ros2_ws/src/ten_pub': PYTHONPATH=/home/chelbaev/NSU/robots/ros2_ws/build/ten_pub/prefix_override:/usr/lib/python3/dist-packages/colcon_core/task/python/colcon_distutils_commands:/home/chelbaev/NSU/robots/ros2_ws/install/ten_pub/lib/python3.10/site-packages:${PYTHONPATH} /usr/bin/python3 -W ignore:setup.py install is deprecated -W ignore:easy_install command is deprecated setup.py egg_info --egg-base ../../build/ten_pub build --build-base /home/chelbaev/NSU/robots/ros2_ws/build/ten_pub/build install --record /home/chelbaev/NSU/robots/ros2_ws/build/ten_pub/install.log --single-version-externally-managed install_data
[0.485s] running egg_info
[0.486s] creating ../../build/ten_pub/ten_pub.egg-info
[0.486s] writing ../../build/ten_pub/ten_pub.egg-info/PKG-INFO
[0.486s] writing dependency_links to ../../build/ten_pub/ten_pub.egg-info/dependency_links.txt
[0.486s] writing entry points to ../../build/ten_pub/ten_pub.egg-info/entry_points.txt
[0.486s] writing requirements to ../../build/ten_pub/ten_pub.egg-info/requires.txt
[0.486s] writing top-level names to ../../build/ten_pub/ten_pub.egg-info/top_level.txt
[0.486s] writing manifest file '../../build/ten_pub/ten_pub.egg-info/SOURCES.txt'
[0.487s] reading manifest file '../../build/ten_pub/ten_pub.egg-info/SOURCES.txt'
[0.487s] adding license file 'LICENSE'
[0.487s] writing manifest file '../../build/ten_pub/ten_pub.egg-info/SOURCES.txt'
[0.487s] running build
[0.487s] running build_py
[0.487s] creating /home/chelbaev/NSU/robots/ros2_ws/build/ten_pub/build
[0.487s] creating /home/chelbaev/NSU/robots/ros2_ws/build/ten_pub/build/lib
[0.487s] creating /home/chelbaev/NSU/robots/ros2_ws/build/ten_pub/build/lib/ten_pub
[0.487s] copying ten_pub/__init__.py -> /home/chelbaev/NSU/robots/ros2_ws/build/ten_pub/build/lib/ten_pub
[0.487s] copying ten_pub/publisher_member_function.py -> /home/chelbaev/NSU/robots/ros2_ws/build/ten_pub/build/lib/ten_pub
[0.487s] running install
[0.488s] running install_lib
[0.488s] creating /home/chelbaev/NSU/robots/ros2_ws/install/ten_pub/lib/python3.10/site-packages/ten_pub
[0.488s] copying /home/chelbaev/NSU/robots/ros2_ws/build/ten_pub/build/lib/ten_pub/__init__.py -> /home/chelbaev/NSU/robots/ros2_ws/install/ten_pub/lib/python3.10/site-packages/ten_pub
[0.488s] copying /home/chelbaev/NSU/robots/ros2_ws/build/ten_pub/build/lib/ten_pub/publisher_member_function.py -> /home/chelbaev/NSU/robots/ros2_ws/install/ten_pub/lib/python3.10/site-packages/ten_pub
[0.488s] byte-compiling /home/chelbaev/NSU/robots/ros2_ws/install/ten_pub/lib/python3.10/site-packages/ten_pub/__init__.py to __init__.cpython-310.pyc
[0.488s] byte-compiling /home/chelbaev/NSU/robots/ros2_ws/install/ten_pub/lib/python3.10/site-packages/ten_pub/publisher_member_function.py to publisher_member_function.cpython-310.pyc
[0.489s] running install_data
[0.489s] creating /home/chelbaev/NSU/robots/ros2_ws/install/ten_pub/share/ament_index
[0.489s] creating /home/chelbaev/NSU/robots/ros2_ws/install/ten_pub/share/ament_index/resource_index
[0.489s] creating /home/chelbaev/NSU/robots/ros2_ws/install/ten_pub/share/ament_index/resource_index/packages
[0.489s] copying resource/ten_pub -> /home/chelbaev/NSU/robots/ros2_ws/install/ten_pub/share/ament_index/resource_index/packages
[0.489s] copying package.xml -> /home/chelbaev/NSU/robots/ros2_ws/install/ten_pub/share/ten_pub
[0.489s] running install_egg_info
[0.489s]   File "/home/chelbaev/NSU/robots/ros2_ws/install/ten_pub/lib/python3.10/site-packages/ten_pub/publisher_member_function.py", line 32
[0.489s]     msg.linear.x = = 1 
[0.489s]                    ^
[0.489s] SyntaxError: invalid syntax
[0.489s] 
[0.490s] Copying ../../build/ten_pub/ten_pub.egg-info to /home/chelbaev/NSU/robots/ros2_ws/install/ten_pub/lib/python3.10/site-packages/ten_pub-0.0.0-py3.10.egg-info
[0.490s] running install_scripts
[0.503s] Installing talker script to /home/chelbaev/NSU/robots/ros2_ws/install/ten_pub/lib/ten_pub
[0.503s] writing list of installed files to '/home/chelbaev/NSU/robots/ros2_ws/build/ten_pub/install.log'
[0.518s] Invoked command in '/home/chelbaev/NSU/robots/ros2_ws/src/ten_pub' returned '0': PYTHONPATH=/home/chelbaev/NSU/robots/ros2_ws/build/ten_pub/prefix_override:/usr/lib/python3/dist-packages/colcon_core/task/python/colcon_distutils_commands:/home/chelbaev/NSU/robots/ros2_ws/install/ten_pub/lib/python3.10/site-packages:${PYTHONPATH} /usr/bin/python3 -W ignore:setup.py install is deprecated -W ignore:easy_install command is deprecated setup.py egg_info --egg-base ../../build/ten_pub build --build-base /home/chelbaev/NSU/robots/ros2_ws/build/ten_pub/build install --record /home/chelbaev/NSU/robots/ros2_ws/build/ten_pub/install.log --single-version-externally-managed install_data
