[0.320s] Invoking command in '/home/chelbaev/NSU/robots/ex03/ros2_ws/src/examples/rclpy/services/minimal_client': PYTHONPATH=/home/chelbaev/NSU/robots/ex03/ros2_ws/build/examples_rclpy_minimal_client/prefix_override:/usr/lib/python3/dist-packages/colcon_core/task/python/colcon_distutils_commands:/home/chelbaev/NSU/robots/ex03/ros2_ws/install/examples_rclpy_minimal_client/lib/python3.10/site-packages:${PYTHONPATH} /usr/bin/python3 -W ignore:setup.py install is deprecated -W ignore:easy_install command is deprecated setup.py egg_info --egg-base ../../../../../build/examples_rclpy_minimal_client build --build-base /home/chelbaev/NSU/robots/ex03/ros2_ws/build/examples_rclpy_minimal_client/build install --record /home/chelbaev/NSU/robots/ex03/ros2_ws/build/examples_rclpy_minimal_client/install.log --single-version-externally-managed install_data
[0.439s] running egg_info
[0.440s] writing ../../../../../build/examples_rclpy_minimal_client/examples_rclpy_minimal_client.egg-info/PKG-INFO
[0.440s] writing dependency_links to ../../../../../build/examples_rclpy_minimal_client/examples_rclpy_minimal_client.egg-info/dependency_links.txt
[0.440s] writing entry points to ../../../../../build/examples_rclpy_minimal_client/examples_rclpy_minimal_client.egg-info/entry_points.txt
[0.440s] writing requirements to ../../../../../build/examples_rclpy_minimal_client/examples_rclpy_minimal_client.egg-info/requires.txt
[0.440s] writing top-level names to ../../../../../build/examples_rclpy_minimal_client/examples_rclpy_minimal_client.egg-info/top_level.txt
[0.441s] reading manifest file '../../../../../build/examples_rclpy_minimal_client/examples_rclpy_minimal_client.egg-info/SOURCES.txt'
[0.442s] writing manifest file '../../../../../build/examples_rclpy_minimal_client/examples_rclpy_minimal_client.egg-info/SOURCES.txt'
[0.442s] running build
[0.442s] running build_py
[0.442s] running install
[0.442s] running install_lib
[0.443s] running install_data
[0.443s] running install_egg_info
[0.444s] removing '/home/chelbaev/NSU/robots/ex03/ros2_ws/install/examples_rclpy_minimal_client/lib/python3.10/site-packages/examples_rclpy_minimal_client-0.15.4-py3.10.egg-info' (and everything under it)
[0.444s] Copying ../../../../../build/examples_rclpy_minimal_client/examples_rclpy_minimal_client.egg-info to /home/chelbaev/NSU/robots/ex03/ros2_ws/install/examples_rclpy_minimal_client/lib/python3.10/site-packages/examples_rclpy_minimal_client-0.15.4-py3.10.egg-info
[0.445s] running install_scripts
[0.458s] Installing client script to /home/chelbaev/NSU/robots/ex03/ros2_ws/install/examples_rclpy_minimal_client/lib/examples_rclpy_minimal_client
[0.458s] Installing client_async script to /home/chelbaev/NSU/robots/ex03/ros2_ws/install/examples_rclpy_minimal_client/lib/examples_rclpy_minimal_client
[0.458s] Installing client_async_callback script to /home/chelbaev/NSU/robots/ex03/ros2_ws/install/examples_rclpy_minimal_client/lib/examples_rclpy_minimal_client
[0.458s] Installing client_async_member_function script to /home/chelbaev/NSU/robots/ex03/ros2_ws/install/examples_rclpy_minimal_client/lib/examples_rclpy_minimal_client
[0.458s] writing list of installed files to '/home/chelbaev/NSU/robots/ex03/ros2_ws/build/examples_rclpy_minimal_client/install.log'
[0.477s] Invoked command in '/home/chelbaev/NSU/robots/ex03/ros2_ws/src/examples/rclpy/services/minimal_client' returned '0': PYTHONPATH=/home/chelbaev/NSU/robots/ex03/ros2_ws/build/examples_rclpy_minimal_client/prefix_override:/usr/lib/python3/dist-packages/colcon_core/task/python/colcon_distutils_commands:/home/chelbaev/NSU/robots/ex03/ros2_ws/install/examples_rclpy_minimal_client/lib/python3.10/site-packages:${PYTHONPATH} /usr/bin/python3 -W ignore:setup.py install is deprecated -W ignore:easy_install command is deprecated setup.py egg_info --egg-base ../../../../../build/examples_rclpy_minimal_client build --build-base /home/chelbaev/NSU/robots/ex03/ros2_ws/build/examples_rclpy_minimal_client/build install --record /home/chelbaev/NSU/robots/ex03/ros2_ws/build/examples_rclpy_minimal_client/install.log --single-version-externally-managed install_data
