[0.007s] Invoking command in '/home/chelbaev/NSU/robots/ex01/build/turtlesim': CMAKE_PREFIX_PATH=/opt/ros/humble /usr/bin/cmake /home/chelbaev/NSU/robots/ex01/src/ros_tutorials/turtlesim -DCMAKE_INSTALL_PREFIX=/home/chelbaev/NSU/robots/ex01/install/turtlesim
[0.133s] -- The C compiler identification is GNU 11.4.0
[0.219s] -- The CXX compiler identification is GNU 11.4.0
[0.228s] -- Detecting C compiler ABI info
[0.299s] -- Detecting C compiler ABI info - done
[0.304s] -- Check for working C compiler: /usr/bin/cc - skipped
[0.305s] -- Detecting C compile features
[0.306s] -- Detecting C compile features - done
[0.310s] -- Detecting CXX compiler ABI info
[0.374s] -- Detecting CXX compiler ABI info - done
[0.379s] -- Check for working CXX compiler: /usr/bin/c++ - skipped
[0.379s] -- Detecting CXX compile features
[0.379s] -- Detecting CXX compile features - done
[0.383s] -- Found ament_cmake: 1.3.12 (/opt/ros/humble/share/ament_cmake/cmake)
[0.490s] -- Found Python3: /usr/bin/python3 (found version "3.10.12") found components: Interpreter 
[0.557s] -- Found ament_index_cpp: 1.4.0 (/opt/ros/humble/share/ament_index_cpp/cmake)
[0.559s] -- Found geometry_msgs: 4.9.0 (/opt/ros/humble/share/geometry_msgs/cmake)
[0.585s] -- Found rosidl_generator_c: 3.1.7 (/opt/ros/humble/share/rosidl_generator_c/cmake)
[0.589s] -- Found rosidl_adapter: 3.1.7 (/opt/ros/humble/share/rosidl_adapter/cmake)
[0.596s] -- Found rosidl_generator_cpp: 3.1.7 (/opt/ros/humble/share/rosidl_generator_cpp/cmake)
[0.605s] -- Using all available rosidl_typesupport_c: rosidl_typesupport_fastrtps_c;rosidl_typesupport_introspection_c
[0.617s] -- Using all available rosidl_typesupport_cpp: rosidl_typesupport_fastrtps_cpp;rosidl_typesupport_introspection_cpp
[0.661s] -- Found rclcpp: 16.0.14 (/opt/ros/humble/share/rclcpp/cmake)
[0.687s] -- Found rmw_implementation_cmake: 6.1.2 (/opt/ros/humble/share/rmw_implementation_cmake/cmake)
[0.689s] -- Found rmw_fastrtps_cpp: 6.2.8 (/opt/ros/humble/share/rmw_fastrtps_cpp/cmake)
[0.771s] -- Found OpenSSL: /usr/lib/x86_64-linux-gnu/libcrypto.so (found version "3.0.2")  
[0.792s] -- Found FastRTPS: /opt/ros/humble/include  
[0.821s] -- Using RMW implementation 'rmw_fastrtps_cpp' as default
[0.829s] -- Looking for pthread.h
[0.887s] -- Looking for pthread.h - found
[0.887s] -- Performing Test CMAKE_HAVE_LIBC_PTHREAD
[0.947s] -- Performing Test CMAKE_HAVE_LIBC_PTHREAD - Success
[0.948s] -- Found Threads: TRUE  
[0.977s] -- Found rclcpp_action: 16.0.14 (/opt/ros/humble/share/rclcpp_action/cmake)
[1.002s] -- Found rosidl_default_generators: 1.2.0 (/opt/ros/humble/share/rosidl_default_generators/cmake)
[1.008s] -- Found std_srvs: 4.9.0 (/opt/ros/humble/share/std_srvs/cmake)
[1.206s] -- Found ament_cmake_ros: 0.10.0 (/opt/ros/humble/share/ament_cmake_ros/cmake)
[1.426s] -- Using all available rosidl_typesupport_c: rosidl_typesupport_fastrtps_c;rosidl_typesupport_introspection_c
[1.516s] -- Using all available rosidl_typesupport_cpp: rosidl_typesupport_fastrtps_cpp;rosidl_typesupport_introspection_cpp
[1.532s] -- Found PythonInterp: /usr/bin/python3 (found suitable version "3.10.12", minimum required is "3.6") 
[1.533s] -- Found python_cmake_module: 0.10.0 (/opt/ros/humble/share/python_cmake_module/cmake)
[1.550s] -- Found PythonLibs: /usr/lib/x86_64-linux-gnu/libpython3.10.so (found suitable version "3.10.12", minimum required is "3.5") 
[1.551s] -- Using PYTHON_EXECUTABLE: /usr/bin/python3
[1.551s] -- Using PYTHON_INCLUDE_DIRS: /usr/include/python3.10
[1.551s] -- Using PYTHON_LIBRARIES: /usr/lib/x86_64-linux-gnu/libpython3.10.so
[1.565s] -- Found PythonExtra: .so  
[1.606s] -- Configuring done
[1.643s] -- Generating done
[1.655s] -- Build files have been written to: /home/chelbaev/NSU/robots/ex01/build/turtlesim
[1.663s] Invoked command in '/home/chelbaev/NSU/robots/ex01/build/turtlesim' returned '0': CMAKE_PREFIX_PATH=/opt/ros/humble /usr/bin/cmake /home/chelbaev/NSU/robots/ex01/src/ros_tutorials/turtlesim -DCMAKE_INSTALL_PREFIX=/home/chelbaev/NSU/robots/ex01/install/turtlesim
[1.665s] Invoking command in '/home/chelbaev/NSU/robots/ex01/build/turtlesim': CMAKE_PREFIX_PATH=/opt/ros/humble /usr/bin/cmake --build /home/chelbaev/NSU/robots/ex01/build/turtlesim -- -j12 -l12
[1.701s] [  1%] [34m[1mGenerating C code for ROS interfaces[0m
[1.708s] [  2%] [34m[1mGenerating C++ code for ROS interfaces[0m
[1.717s] [  2%] Built target ament_cmake_python_copy_turtlesim
[1.950s] running egg_info
[1.950s] creating turtlesim.egg-info
[1.950s] writing turtlesim.egg-info/PKG-INFO
[1.951s] writing dependency_links to turtlesim.egg-info/dependency_links.txt
[1.951s] writing top-level names to turtlesim.egg-info/top_level.txt
[1.951s] writing manifest file 'turtlesim.egg-info/SOURCES.txt'
[1.953s] reading manifest file 'turtlesim.egg-info/SOURCES.txt'
[1.954s] writing manifest file 'turtlesim.egg-info/SOURCES.txt'
[1.977s] [  2%] Built target ament_cmake_python_build_turtlesim_egg
[2.281s] [  3%] [32mBuilding C object CMakeFiles/turtlesim__rosidl_generator_c.dir/rosidl_generator_c/turtlesim/action/detail/rotate_absolute__functions.c.o[0m
[2.282s] [  4%] [32mBuilding C object CMakeFiles/turtlesim__rosidl_generator_c.dir/rosidl_generator_c/turtlesim/msg/detail/pose__functions.c.o[0m
[2.282s] [  6%] [32mBuilding C object CMakeFiles/turtlesim__rosidl_generator_c.dir/rosidl_generator_c/turtlesim/msg/detail/color__functions.c.o[0m
[2.283s] [  6%] [32mBuilding C object CMakeFiles/turtlesim__rosidl_generator_c.dir/rosidl_generator_c/turtlesim/srv/detail/kill__functions.c.o[0m
[2.285s] [  9%] [32mBuilding C object CMakeFiles/turtlesim__rosidl_generator_c.dir/rosidl_generator_c/turtlesim/srv/detail/spawn__functions.c.o[0m
[2.285s] [  9%] [32mBuilding C object CMakeFiles/turtlesim__rosidl_generator_c.dir/rosidl_generator_c/turtlesim/srv/detail/teleport_absolute__functions.c.o[0m
[2.285s] [  9%] [32mBuilding C object CMakeFiles/turtlesim__rosidl_generator_c.dir/rosidl_generator_c/turtlesim/srv/detail/set_pen__functions.c.o[0m
[2.288s] [ 10%] [32mBuilding C object CMakeFiles/turtlesim__rosidl_generator_c.dir/rosidl_generator_c/turtlesim/srv/detail/teleport_relative__functions.c.o[0m
[2.291s] [ 10%] Built target turtlesim__cpp
[2.301s] [ 13%] [34m[1mGenerating C++ type support dispatch for ROS interfaces[0m
[2.301s] [ 13%] [34m[1mGenerating C++ type support for eProsima Fast-RTPS[0m
[2.301s] [ 13%] [34m[1mGenerating C++ introspection for ROS interfaces[0m
[2.415s] [ 14%] [32m[1mLinking C shared library libturtlesim__rosidl_generator_c.so[0m
[2.456s] [ 14%] Built target turtlesim__rosidl_generator_c
[2.465s] [ 15%] [34m[1mGenerating C type support for eProsima Fast-RTPS[0m
[2.465s] [ 16%] [34m[1mGenerating C type support dispatch for ROS interfaces[0m
[2.466s] [ 17%] [34m[1mGenerating C introspection for ROS interfaces[0m
[2.795s] [ 18%] [32mBuilding CXX object CMakeFiles/turtlesim__rosidl_typesupport_introspection_cpp.dir/rosidl_typesupport_introspection_cpp/turtlesim/msg/detail/pose__type_support.cpp.o[0m
[2.797s] [ 19%] [32mBuilding CXX object CMakeFiles/turtlesim__rosidl_typesupport_introspection_cpp.dir/rosidl_typesupport_introspection_cpp/turtlesim/action/detail/rotate_absolute__type_support.cpp.o[0m
[2.797s] [ 20%] [32mBuilding CXX object CMakeFiles/turtlesim__rosidl_typesupport_introspection_cpp.dir/rosidl_typesupport_introspection_cpp/turtlesim/msg/detail/color__type_support.cpp.o[0m
[2.801s] [ 21%] [32mBuilding CXX object CMakeFiles/turtlesim__rosidl_typesupport_introspection_cpp.dir/rosidl_typesupport_introspection_cpp/turtlesim/srv/detail/spawn__type_support.cpp.o[0m
[2.802s] [ 22%] [32mBuilding CXX object CMakeFiles/turtlesim__rosidl_typesupport_introspection_cpp.dir/rosidl_typesupport_introspection_cpp/turtlesim/srv/detail/set_pen__type_support.cpp.o[0m
[2.805s] [ 23%] [32mBuilding CXX object CMakeFiles/turtlesim__rosidl_typesupport_introspection_cpp.dir/rosidl_typesupport_introspection_cpp/turtlesim/srv/detail/kill__type_support.cpp.o[0m
[2.809s] [ 24%] [32mBuilding CXX object CMakeFiles/turtlesim__rosidl_typesupport_introspection_cpp.dir/rosidl_typesupport_introspection_cpp/turtlesim/srv/detail/teleport_absolute__type_support.cpp.o[0m
[2.967s] [ 25%] [32mBuilding CXX object CMakeFiles/turtlesim__rosidl_typesupport_cpp.dir/rosidl_typesupport_cpp/turtlesim/action/rotate_absolute__type_support.cpp.o[0m
[3.057s] [ 26%] [32mBuilding CXX object CMakeFiles/turtlesim__rosidl_typesupport_c.dir/rosidl_typesupport_c/turtlesim/action/rotate_absolute__type_support.cpp.o[0m
[3.163s] [ 27%] [32mBuilding CXX object CMakeFiles/turtlesim__rosidl_typesupport_c.dir/rosidl_typesupport_c/turtlesim/msg/color__type_support.cpp.o[0m
[3.203s] [ 28%] [32mBuilding CXX object CMakeFiles/turtlesim__rosidl_typesupport_c.dir/rosidl_typesupport_c/turtlesim/msg/pose__type_support.cpp.o[0m
[3.247s] [ 29%] [32mBuilding CXX object CMakeFiles/turtlesim__rosidl_typesupport_c.dir/rosidl_typesupport_c/turtlesim/srv/kill__type_support.cpp.o[0m
[3.292s] [ 30%] [32mBuilding CXX object CMakeFiles/turtlesim__rosidl_typesupport_c.dir/rosidl_typesupport_c/turtlesim/srv/set_pen__type_support.cpp.o[0m
[3.337s] [ 31%] [32mBuilding CXX object CMakeFiles/turtlesim__rosidl_typesupport_c.dir/rosidl_typesupport_c/turtlesim/srv/spawn__type_support.cpp.o[0m
[3.372s] [ 32%] [32mBuilding CXX object CMakeFiles/turtlesim__rosidl_typesupport_c.dir/rosidl_typesupport_c/turtlesim/srv/teleport_absolute__type_support.cpp.o[0m
[3.408s] [ 33%] [32mBuilding CXX object CMakeFiles/turtlesim__rosidl_typesupport_c.dir/rosidl_typesupport_c/turtlesim/srv/teleport_relative__type_support.cpp.o[0m
[3.424s] [ 34%] [32mBuilding CXX object CMakeFiles/turtlesim__rosidl_typesupport_cpp.dir/rosidl_typesupport_cpp/turtlesim/msg/color__type_support.cpp.o[0m
[3.426s] [ 36%] [32mBuilding CXX object CMakeFiles/turtlesim__rosidl_typesupport_fastrtps_cpp.dir/rosidl_typesupport_fastrtps_cpp/turtlesim/action/detail/dds_fastrtps/rotate_absolute__type_support.cpp.o[0m
[3.427s] [ 36%] [32mBuilding C object CMakeFiles/turtlesim__rosidl_typesupport_introspection_c.dir/rosidl_typesupport_introspection_c/turtlesim/action/detail/rotate_absolute__type_support.c.o[0m
[3.433s] [ 37%] [32mBuilding C object CMakeFiles/turtlesim__rosidl_typesupport_introspection_c.dir/rosidl_typesupport_introspection_c/turtlesim/msg/detail/color__type_support.c.o[0m
[3.447s] [ 39%] [32mBuilding C object CMakeFiles/turtlesim__rosidl_typesupport_introspection_c.dir/rosidl_typesupport_introspection_c/turtlesim/msg/detail/pose__type_support.c.o[0m
[3.447s] [ 39%] [32mBuilding CXX object CMakeFiles/turtlesim__rosidl_typesupport_fastrtps_cpp.dir/rosidl_typesupport_fastrtps_cpp/turtlesim/msg/detail/dds_fastrtps/color__type_support.cpp.o[0m
[3.448s] [ 40%] [32m[1mLinking CXX shared library libturtlesim__rosidl_typesupport_c.so[0m
[3.453s] [ 41%] [32mBuilding CXX object CMakeFiles/turtlesim__rosidl_typesupport_cpp.dir/rosidl_typesupport_cpp/turtlesim/msg/pose__type_support.cpp.o[0m
[3.462s] [ 42%] [32mBuilding CXX object CMakeFiles/turtlesim__rosidl_typesupport_fastrtps_cpp.dir/rosidl_typesupport_fastrtps_cpp/turtlesim/msg/detail/dds_fastrtps/pose__type_support.cpp.o[0m
[3.473s] [ 43%] [32mBuilding CXX object CMakeFiles/turtlesim__rosidl_typesupport_cpp.dir/rosidl_typesupport_cpp/turtlesim/srv/kill__type_support.cpp.o[0m
[3.475s] [ 44%] [32mBuilding CXX object CMakeFiles/turtlesim__rosidl_typesupport_fastrtps_c.dir/rosidl_typesupport_fastrtps_c/turtlesim/action/detail/rotate_absolute__type_support_c.cpp.o[0m
[3.486s] [ 45%] [32mBuilding C object CMakeFiles/turtlesim__rosidl_typesupport_introspection_c.dir/rosidl_typesupport_introspection_c/turtlesim/srv/detail/kill__type_support.c.o[0m
[3.490s] [ 46%] [32mBuilding CXX object CMakeFiles/turtlesim__rosidl_typesupport_fastrtps_c.dir/rosidl_typesupport_fastrtps_c/turtlesim/msg/detail/color__type_support_c.cpp.o[0m
[3.519s] [ 46%] Built target turtlesim__rosidl_typesupport_c
[3.552s] [ 47%] [32mBuilding C object CMakeFiles/turtlesim__rosidl_typesupport_introspection_c.dir/rosidl_typesupport_introspection_c/turtlesim/srv/detail/set_pen__type_support.c.o[0m
[3.555s] [ 48%] [32mBuilding CXX object CMakeFiles/turtlesim__rosidl_typesupport_introspection_cpp.dir/rosidl_typesupport_introspection_cpp/turtlesim/srv/detail/teleport_relative__type_support.cpp.o[0m
[3.634s] [ 49%] [32mBuilding C object CMakeFiles/turtlesim__rosidl_typesupport_introspection_c.dir/rosidl_typesupport_introspection_c/turtlesim/srv/detail/spawn__type_support.c.o[0m
[3.686s] [ 50%] [32mBuilding CXX object CMakeFiles/turtlesim__rosidl_typesupport_fastrtps_c.dir/rosidl_typesupport_fastrtps_c/turtlesim/msg/detail/pose__type_support_c.cpp.o[0m
[3.729s] [ 51%] [32mBuilding C object CMakeFiles/turtlesim__rosidl_typesupport_introspection_c.dir/rosidl_typesupport_introspection_c/turtlesim/srv/detail/teleport_absolute__type_support.c.o[0m
[3.800s] [ 52%] [32mBuilding C object CMakeFiles/turtlesim__rosidl_typesupport_introspection_c.dir/rosidl_typesupport_introspection_c/turtlesim/srv/detail/teleport_relative__type_support.c.o[0m
[3.826s] [ 53%] [32mBuilding CXX object CMakeFiles/turtlesim__rosidl_typesupport_fastrtps_cpp.dir/rosidl_typesupport_fastrtps_cpp/turtlesim/srv/detail/dds_fastrtps/kill__type_support.cpp.o[0m
[3.847s] [ 54%] [32mBuilding CXX object CMakeFiles/turtlesim__rosidl_typesupport_fastrtps_cpp.dir/rosidl_typesupport_fastrtps_cpp/turtlesim/srv/detail/dds_fastrtps/set_pen__type_support.cpp.o[0m
[3.862s] [ 55%] [32m[1mLinking C shared library libturtlesim__rosidl_typesupport_introspection_c.so[0m
[3.871s] [ 56%] [32mBuilding CXX object CMakeFiles/turtlesim__rosidl_typesupport_fastrtps_cpp.dir/rosidl_typesupport_fastrtps_cpp/turtlesim/srv/detail/dds_fastrtps/spawn__type_support.cpp.o[0m
[3.897s] [ 57%] [32mBuilding CXX object CMakeFiles/turtlesim__rosidl_typesupport_cpp.dir/rosidl_typesupport_cpp/turtlesim/srv/set_pen__type_support.cpp.o[0m
[3.921s] [ 57%] Built target turtlesim__rosidl_typesupport_introspection_c
[3.933s] [ 58%] [32mBuilding CXX object CMakeFiles/turtlesim__rosidl_typesupport_fastrtps_c.dir/rosidl_typesupport_fastrtps_c/turtlesim/srv/detail/kill__type_support_c.cpp.o[0m
[3.952s] [ 59%] [32mBuilding CXX object CMakeFiles/turtlesim__rosidl_typesupport_fastrtps_cpp.dir/rosidl_typesupport_fastrtps_cpp/turtlesim/srv/detail/dds_fastrtps/teleport_absolute__type_support.cpp.o[0m
[3.998s] [ 60%] [32mBuilding CXX object CMakeFiles/turtlesim__rosidl_typesupport_fastrtps_c.dir/rosidl_typesupport_fastrtps_c/turtlesim/srv/detail/set_pen__type_support_c.cpp.o[0m
[4.082s] [ 61%] [32mBuilding CXX object CMakeFiles/turtlesim__rosidl_typesupport_cpp.dir/rosidl_typesupport_cpp/turtlesim/srv/spawn__type_support.cpp.o[0m
[4.141s] [ 62%] [32m[1mLinking CXX shared library libturtlesim__rosidl_typesupport_introspection_cpp.so[0m
[4.179s] [ 63%] [32mBuilding CXX object CMakeFiles/turtlesim__rosidl_typesupport_cpp.dir/rosidl_typesupport_cpp/turtlesim/srv/teleport_absolute__type_support.cpp.o[0m
[4.197s] [ 64%] [32mBuilding CXX object CMakeFiles/turtlesim__rosidl_typesupport_fastrtps_c.dir/rosidl_typesupport_fastrtps_c/turtlesim/srv/detail/spawn__type_support_c.cpp.o[0m
[4.282s] [ 64%] Built target turtlesim__rosidl_typesupport_introspection_cpp
[4.296s] [ 65%] [32mBuilding CXX object CMakeFiles/turtlesim__rosidl_typesupport_cpp.dir/rosidl_typesupport_cpp/turtlesim/srv/teleport_relative__type_support.cpp.o[0m
[4.306s] [ 66%] [32mBuilding CXX object CMakeFiles/turtlesim__rosidl_typesupport_fastrtps_cpp.dir/rosidl_typesupport_fastrtps_cpp/turtlesim/srv/detail/dds_fastrtps/teleport_relative__type_support.cpp.o[0m
[4.435s] [ 67%] [32mBuilding CXX object CMakeFiles/turtlesim__rosidl_typesupport_fastrtps_c.dir/rosidl_typesupport_fastrtps_c/turtlesim/srv/detail/teleport_absolute__type_support_c.cpp.o[0m
[4.450s] [ 68%] [32mBuilding CXX object CMakeFiles/turtlesim__rosidl_typesupport_fastrtps_c.dir/rosidl_typesupport_fastrtps_c/turtlesim/srv/detail/teleport_relative__type_support_c.cpp.o[0m
[4.672s] [ 69%] [32m[1mLinking CXX shared library libturtlesim__rosidl_typesupport_cpp.so[0m
[4.721s] [ 69%] Built target turtlesim__rosidl_typesupport_cpp
[4.735s] [ 70%] [34m[1mGenerating include/turtlesim/moc_turtle_frame.cpp[0m
[4.747s] [ 71%] [32mBuilding CXX object CMakeFiles/draw_square.dir/tutorials/draw_square.cpp.o[0m
[4.747s] [ 73%] [32mBuilding CXX object CMakeFiles/mimic.dir/tutorials/mimic.cpp.o[0m
[4.747s] [ 73%] [32mBuilding CXX object CMakeFiles/turtle_teleop_key.dir/tutorials/teleop_turtle_key.cpp.o[0m
[4.754s] [ 74%] [32m[1mLinking CXX shared library libturtlesim__rosidl_typesupport_fastrtps_cpp.so[0m
[4.821s] [ 74%] Built target turtlesim__rosidl_typesupport_fastrtps_cpp
[4.835s] [ 75%] [32mBuilding CXX object CMakeFiles/turtlesim_node.dir/src/turtle.cpp.o[0m
[4.837s] [ 76%] [32mBuilding CXX object CMakeFiles/turtlesim_node.dir/include/turtlesim/moc_turtle_frame.cpp.o[0m
[4.837s] [ 78%] [32mBuilding CXX object CMakeFiles/turtlesim_node.dir/src/turtle_frame.cpp.o[0m
[4.837s] [ 78%] [32mBuilding CXX object CMakeFiles/turtlesim_node.dir/src/turtlesim.cpp.o[0m
[4.841s] [ 79%] [32m[1mLinking CXX shared library libturtlesim__rosidl_typesupport_fastrtps_c.so[0m
[4.928s] [ 79%] Built target turtlesim__rosidl_typesupport_fastrtps_c
[4.948s] [ 79%] Built target turtlesim
[4.970s] [ 80%] [34m[1mGenerating Python code for ROS interfaces[0m
[6.907s] [ 80%] Built target turtlesim__py
[6.934s] [ 82%] [32mBuilding C object CMakeFiles/turtlesim__rosidl_generator_py.dir/rosidl_generator_py/turtlesim/action/_rotate_absolute_s.c.o[0m
[6.934s] [ 83%] [32mBuilding C object CMakeFiles/turtlesim__rosidl_generator_py.dir/rosidl_generator_py/turtlesim/srv/_kill_s.c.o[0m
[6.935s] [ 83%] [32mBuilding C object CMakeFiles/turtlesim__rosidl_generator_py.dir/rosidl_generator_py/turtlesim/msg/_color_s.c.o[0m
[6.937s] [ 84%] [32mBuilding C object CMakeFiles/turtlesim__rosidl_generator_py.dir/rosidl_generator_py/turtlesim/msg/_pose_s.c.o[0m
[6.940s] [ 85%] [32mBuilding C object CMakeFiles/turtlesim__rosidl_generator_py.dir/rosidl_generator_py/turtlesim/srv/_set_pen_s.c.o[0m
[7.127s] [ 86%] [32mBuilding C object CMakeFiles/turtlesim__rosidl_generator_py.dir/rosidl_generator_py/turtlesim/srv/_teleport_absolute_s.c.o[0m
[7.129s] [ 87%] [32mBuilding C object CMakeFiles/turtlesim__rosidl_generator_py.dir/rosidl_generator_py/turtlesim/srv/_spawn_s.c.o[0m
[7.130s] [ 88%] [32mBuilding C object CMakeFiles/turtlesim__rosidl_generator_py.dir/rosidl_generator_py/turtlesim/srv/_teleport_relative_s.c.o[0m
[7.289s] [ 89%] [32m[1mLinking C shared library rosidl_generator_py/turtlesim/libturtlesim__rosidl_generator_py.so[0m
[7.334s] [ 89%] Built target turtlesim__rosidl_generator_py
[7.364s] [ 90%] [32mBuilding C object CMakeFiles/turtlesim__rosidl_typesupport_c__pyext.dir/rosidl_generator_py/turtlesim/_turtlesim_s.ep.rosidl_typesupport_c.c.o[0m
[7.364s] [ 91%] [32mBuilding C object CMakeFiles/turtlesim__rosidl_typesupport_introspection_c__pyext.dir/rosidl_generator_py/turtlesim/_turtlesim_s.ep.rosidl_typesupport_introspection_c.c.o[0m
[7.368s] [ 92%] [32mBuilding C object CMakeFiles/turtlesim__rosidl_typesupport_fastrtps_c__pyext.dir/rosidl_generator_py/turtlesim/_turtlesim_s.ep.rosidl_typesupport_fastrtps_c.c.o[0m
[7.593s] [ 93%] [32m[1mLinking C shared library rosidl_generator_py/turtlesim/turtlesim_s__rosidl_typesupport_c.cpython-310-x86_64-linux-gnu.so[0m
[7.598s] [ 94%] [32m[1mLinking C shared library rosidl_generator_py/turtlesim/turtlesim_s__rosidl_typesupport_fastrtps_c.cpython-310-x86_64-linux-gnu.so[0m
[7.607s] [ 95%] [32m[1mLinking C shared library rosidl_generator_py/turtlesim/turtlesim_s__rosidl_typesupport_introspection_c.cpython-310-x86_64-linux-gnu.so[0m
[7.641s] [ 95%] Built target turtlesim__rosidl_typesupport_c__pyext
[7.647s] [ 95%] Built target turtlesim__rosidl_typesupport_fastrtps_c__pyext
[7.653s] [ 95%] Built target turtlesim__rosidl_typesupport_introspection_c__pyext
[12.006s] [ 96%] [32m[1mLinking CXX executable turtle_teleop_key[0m
[12.347s] [ 96%] Built target turtle_teleop_key
[14.235s] [ 97%] [32m[1mLinking CXX executable draw_square[0m
[14.532s] [ 98%] [32m[1mLinking CXX executable mimic[0m
[14.723s] [ 98%] Built target draw_square
[14.940s] [ 98%] Built target mimic
[16.436s] [100%] [32m[1mLinking CXX executable turtlesim_node[0m
[17.802s] [100%] Built target turtlesim_node
[17.813s] Invoked command in '/home/chelbaev/NSU/robots/ex01/build/turtlesim' returned '0': CMAKE_PREFIX_PATH=/opt/ros/humble /usr/bin/cmake --build /home/chelbaev/NSU/robots/ex01/build/turtlesim -- -j12 -l12
[17.820s] Invoking command in '/home/chelbaev/NSU/robots/ex01/build/turtlesim': CMAKE_PREFIX_PATH=/opt/ros/humble /usr/bin/cmake --install /home/chelbaev/NSU/robots/ex01/build/turtlesim
[17.825s] -- Install configuration: ""
[17.825s] -- Installing: /home/chelbaev/NSU/robots/ex01/install/turtlesim/share/ament_index/resource_index/rosidl_interfaces/turtlesim
[17.825s] -- Installing: /home/chelbaev/NSU/robots/ex01/install/turtlesim/include/turtlesim/turtlesim
[17.825s] -- Installing: /home/chelbaev/NSU/robots/ex01/install/turtlesim/include/turtlesim/turtlesim/srv
[17.825s] -- Installing: /home/chelbaev/NSU/robots/ex01/install/turtlesim/include/turtlesim/turtlesim/srv/teleport_absolute.h
[17.825s] -- Installing: /home/chelbaev/NSU/robots/ex01/install/turtlesim/include/turtlesim/turtlesim/srv/set_pen.h
[17.825s] -- Installing: /home/chelbaev/NSU/robots/ex01/install/turtlesim/include/turtlesim/turtlesim/srv/detail
[17.826s] -- Installing: /home/chelbaev/NSU/robots/ex01/install/turtlesim/include/turtlesim/turtlesim/srv/detail/kill__struct.h
[17.826s] -- Installing: /home/chelbaev/NSU/robots/ex01/install/turtlesim/include/turtlesim/turtlesim/srv/detail/kill__functions.h
[17.826s] -- Installing: /home/chelbaev/NSU/robots/ex01/install/turtlesim/include/turtlesim/turtlesim/srv/detail/teleport_relative__struct.h
[17.826s] -- Installing: /home/chelbaev/NSU/robots/ex01/install/turtlesim/include/turtlesim/turtlesim/srv/detail/kill__type_support.h
[17.826s] -- Installing: /home/chelbaev/NSU/robots/ex01/install/turtlesim/include/turtlesim/turtlesim/srv/detail/teleport_absolute__struct.h
[17.826s] -- Installing: /home/chelbaev/NSU/robots/ex01/install/turtlesim/include/turtlesim/turtlesim/srv/detail/spawn__type_support.h
[17.826s] -- Installing: /home/chelbaev/NSU/robots/ex01/install/turtlesim/include/turtlesim/turtlesim/srv/detail/kill__functions.c
[17.826s] -- Installing: /home/chelbaev/NSU/robots/ex01/install/turtlesim/include/turtlesim/turtlesim/srv/detail/teleport_absolute__functions.h
[17.826s] -- Installing: /home/chelbaev/NSU/robots/ex01/install/turtlesim/include/turtlesim/turtlesim/srv/detail/teleport_relative__type_support.h
[17.826s] -- Installing: /home/chelbaev/NSU/robots/ex01/install/turtlesim/include/turtlesim/turtlesim/srv/detail/set_pen__functions.c
[17.826s] -- Installing: /home/chelbaev/NSU/robots/ex01/install/turtlesim/include/turtlesim/turtlesim/srv/detail/set_pen__type_support.h
[17.826s] -- Installing: /home/chelbaev/NSU/robots/ex01/install/turtlesim/include/turtlesim/turtlesim/srv/detail/teleport_absolute__type_support.h
[17.827s] -- Installing: /home/chelbaev/NSU/robots/ex01/install/turtlesim/include/turtlesim/turtlesim/srv/detail/spawn__functions.h
[17.827s] -- Installing: /home/chelbaev/NSU/robots/ex01/install/turtlesim/include/turtlesim/turtlesim/srv/detail/teleport_relative__functions.c
[17.827s] -- Installing: /home/chelbaev/NSU/robots/ex01/install/turtlesim/include/turtlesim/turtlesim/srv/detail/spawn__functions.c
[17.827s] -- Installing: /home/chelbaev/NSU/robots/ex01/install/turtlesim/include/turtlesim/turtlesim/srv/detail/teleport_absolute__functions.c
[17.827s] -- Installing: /home/chelbaev/NSU/robots/ex01/install/turtlesim/include/turtlesim/turtlesim/srv/detail/set_pen__struct.h
[17.827s] -- Installing: /home/chelbaev/NSU/robots/ex01/install/turtlesim/include/turtlesim/turtlesim/srv/detail/set_pen__functions.h
[17.827s] -- Installing: /home/chelbaev/NSU/robots/ex01/install/turtlesim/include/turtlesim/turtlesim/srv/detail/teleport_relative__functions.h
[17.827s] -- Installing: /home/chelbaev/NSU/robots/ex01/install/turtlesim/include/turtlesim/turtlesim/srv/detail/spawn__struct.h
[17.827s] -- Installing: /home/chelbaev/NSU/robots/ex01/install/turtlesim/include/turtlesim/turtlesim/srv/kill.h
[17.827s] -- Installing: /home/chelbaev/NSU/robots/ex01/install/turtlesim/include/turtlesim/turtlesim/srv/teleport_relative.h
[17.827s] -- Installing: /home/chelbaev/NSU/robots/ex01/install/turtlesim/include/turtlesim/turtlesim/srv/spawn.h
[17.827s] -- Installing: /home/chelbaev/NSU/robots/ex01/install/turtlesim/include/turtlesim/turtlesim/msg
[17.827s] -- Installing: /home/chelbaev/NSU/robots/ex01/install/turtlesim/include/turtlesim/turtlesim/msg/color.h
[17.828s] -- Installing: /home/chelbaev/NSU/robots/ex01/install/turtlesim/include/turtlesim/turtlesim/msg/detail
[17.828s] -- Installing: /home/chelbaev/NSU/robots/ex01/install/turtlesim/include/turtlesim/turtlesim/msg/detail/color__functions.h
[17.828s] -- Installing: /home/chelbaev/NSU/robots/ex01/install/turtlesim/include/turtlesim/turtlesim/msg/detail/color__struct.h
[17.828s] -- Installing: /home/chelbaev/NSU/robots/ex01/install/turtlesim/include/turtlesim/turtlesim/msg/detail/pose__functions.h
[17.828s] -- Installing: /home/chelbaev/NSU/robots/ex01/install/turtlesim/include/turtlesim/turtlesim/msg/detail/pose__struct.h
[17.828s] -- Installing: /home/chelbaev/NSU/robots/ex01/install/turtlesim/include/turtlesim/turtlesim/msg/detail/pose__functions.c
[17.828s] -- Installing: /home/chelbaev/NSU/robots/ex01/install/turtlesim/include/turtlesim/turtlesim/msg/detail/color__type_support.h
[17.828s] -- Installing: /home/chelbaev/NSU/robots/ex01/install/turtlesim/include/turtlesim/turtlesim/msg/detail/pose__type_support.h
[17.828s] -- Installing: /home/chelbaev/NSU/robots/ex01/install/turtlesim/include/turtlesim/turtlesim/msg/detail/color__functions.c
[17.828s] -- Installing: /home/chelbaev/NSU/robots/ex01/install/turtlesim/include/turtlesim/turtlesim/msg/pose.h
[17.828s] -- Installing: /home/chelbaev/NSU/robots/ex01/install/turtlesim/include/turtlesim/turtlesim/msg/rosidl_generator_c__visibility_control.h
[17.828s] -- Installing: /home/chelbaev/NSU/robots/ex01/install/turtlesim/include/turtlesim/turtlesim/action
[17.828s] -- Installing: /home/chelbaev/NSU/robots/ex01/install/turtlesim/include/turtlesim/turtlesim/action/rotate_absolute.h
[17.828s] -- Installing: /home/chelbaev/NSU/robots/ex01/install/turtlesim/include/turtlesim/turtlesim/action/detail
[17.828s] -- Installing: /home/chelbaev/NSU/robots/ex01/install/turtlesim/include/turtlesim/turtlesim/action/detail/rotate_absolute__struct.h
[17.829s] -- Installing: /home/chelbaev/NSU/robots/ex01/install/turtlesim/include/turtlesim/turtlesim/action/detail/rotate_absolute__type_support.h
[17.829s] -- Installing: /home/chelbaev/NSU/robots/ex01/install/turtlesim/include/turtlesim/turtlesim/action/detail/rotate_absolute__functions.h
[17.829s] -- Installing: /home/chelbaev/NSU/robots/ex01/install/turtlesim/include/turtlesim/turtlesim/action/detail/rotate_absolute__functions.c
[17.829s] -- Installing: /home/chelbaev/NSU/robots/ex01/install/turtlesim/share/turtlesim/environment/library_path.sh
[17.829s] -- Installing: /home/chelbaev/NSU/robots/ex01/install/turtlesim/share/turtlesim/environment/library_path.dsv
[17.829s] -- Installing: /home/chelbaev/NSU/robots/ex01/install/turtlesim/lib/libturtlesim__rosidl_generator_c.so
[17.829s] -- Set runtime path of "/home/chelbaev/NSU/robots/ex01/install/turtlesim/lib/libturtlesim__rosidl_generator_c.so" to ""
[17.829s] -- Up-to-date: /home/chelbaev/NSU/robots/ex01/install/turtlesim/include/turtlesim/turtlesim
[17.829s] -- Up-to-date: /home/chelbaev/NSU/robots/ex01/install/turtlesim/include/turtlesim/turtlesim/srv
[17.829s] -- Up-to-date: /home/chelbaev/NSU/robots/ex01/install/turtlesim/include/turtlesim/turtlesim/srv/detail
[17.829s] -- Installing: /home/chelbaev/NSU/robots/ex01/install/turtlesim/include/turtlesim/turtlesim/srv/detail/teleport_relative__rosidl_typesupport_fastrtps_c.h
[17.829s] -- Installing: /home/chelbaev/NSU/robots/ex01/install/turtlesim/include/turtlesim/turtlesim/srv/detail/spawn__rosidl_typesupport_fastrtps_c.h
[17.829s] -- Installing: /home/chelbaev/NSU/robots/ex01/install/turtlesim/include/turtlesim/turtlesim/srv/detail/set_pen__rosidl_typesupport_fastrtps_c.h
[17.829s] -- Installing: /home/chelbaev/NSU/robots/ex01/install/turtlesim/include/turtlesim/turtlesim/srv/detail/teleport_absolute__rosidl_typesupport_fastrtps_c.h
[17.830s] -- Installing: /home/chelbaev/NSU/robots/ex01/install/turtlesim/include/turtlesim/turtlesim/srv/detail/kill__rosidl_typesupport_fastrtps_c.h
[17.830s] -- Up-to-date: /home/chelbaev/NSU/robots/ex01/install/turtlesim/include/turtlesim/turtlesim/msg
[17.830s] -- Installing: /home/chelbaev/NSU/robots/ex01/install/turtlesim/include/turtlesim/turtlesim/msg/rosidl_typesupport_fastrtps_c__visibility_control.h
[17.830s] -- Up-to-date: /home/chelbaev/NSU/robots/ex01/install/turtlesim/include/turtlesim/turtlesim/msg/detail
[17.830s] -- Installing: /home/chelbaev/NSU/robots/ex01/install/turtlesim/include/turtlesim/turtlesim/msg/detail/pose__rosidl_typesupport_fastrtps_c.h
[17.830s] -- Installing: /home/chelbaev/NSU/robots/ex01/install/turtlesim/include/turtlesim/turtlesim/msg/detail/color__rosidl_typesupport_fastrtps_c.h
[17.830s] -- Up-to-date: /home/chelbaev/NSU/robots/ex01/install/turtlesim/include/turtlesim/turtlesim/action
[17.830s] -- Up-to-date: /home/chelbaev/NSU/robots/ex01/install/turtlesim/include/turtlesim/turtlesim/action/detail
[17.830s] -- Installing: /home/chelbaev/NSU/robots/ex01/install/turtlesim/include/turtlesim/turtlesim/action/detail/rotate_absolute__rosidl_typesupport_fastrtps_c.h
[17.830s] -- Installing: /home/chelbaev/NSU/robots/ex01/install/turtlesim/lib/libturtlesim__rosidl_typesupport_fastrtps_c.so
[17.830s] -- Set runtime path of "/home/chelbaev/NSU/robots/ex01/install/turtlesim/lib/libturtlesim__rosidl_typesupport_fastrtps_c.so" to ""
[17.830s] -- Up-to-date: /home/chelbaev/NSU/robots/ex01/install/turtlesim/include/turtlesim/turtlesim
[17.830s] -- Up-to-date: /home/chelbaev/NSU/robots/ex01/install/turtlesim/include/turtlesim/turtlesim/srv
[17.830s] -- Installing: /home/chelbaev/NSU/robots/ex01/install/turtlesim/include/turtlesim/turtlesim/srv/set_pen.hpp
[17.830s] -- Up-to-date: /home/chelbaev/NSU/robots/ex01/install/turtlesim/include/turtlesim/turtlesim/srv/detail
[17.830s] -- Installing: /home/chelbaev/NSU/robots/ex01/install/turtlesim/include/turtlesim/turtlesim/srv/detail/teleport_relative__traits.hpp
[17.830s] -- Installing: /home/chelbaev/NSU/robots/ex01/install/turtlesim/include/turtlesim/turtlesim/srv/detail/kill__builder.hpp
[17.831s] -- Installing: /home/chelbaev/NSU/robots/ex01/install/turtlesim/include/turtlesim/turtlesim/srv/detail/spawn__struct.hpp
[17.831s] -- Installing: /home/chelbaev/NSU/robots/ex01/install/turtlesim/include/turtlesim/turtlesim/srv/detail/set_pen__builder.hpp
[17.831s] -- Installing: /home/chelbaev/NSU/robots/ex01/install/turtlesim/include/turtlesim/turtlesim/srv/detail/spawn__type_support.hpp
[17.831s] -- Installing: /home/chelbaev/NSU/robots/ex01/install/turtlesim/include/turtlesim/turtlesim/srv/detail/spawn__builder.hpp
[17.831s] -- Installing: /home/chelbaev/NSU/robots/ex01/install/turtlesim/include/turtlesim/turtlesim/srv/detail/teleport_relative__builder.hpp
[17.831s] -- Installing: /home/chelbaev/NSU/robots/ex01/install/turtlesim/include/turtlesim/turtlesim/srv/detail/teleport_absolute__struct.hpp
[17.831s] -- Installing: /home/chelbaev/NSU/robots/ex01/install/turtlesim/include/turtlesim/turtlesim/srv/detail/kill__type_support.hpp
[17.831s] -- Installing: /home/chelbaev/NSU/robots/ex01/install/turtlesim/include/turtlesim/turtlesim/srv/detail/set_pen__type_support.hpp
[17.831s] -- Installing: /home/chelbaev/NSU/robots/ex01/install/turtlesim/include/turtlesim/turtlesim/srv/detail/teleport_relative__type_support.hpp
[17.831s] -- Installing: /home/chelbaev/NSU/robots/ex01/install/turtlesim/include/turtlesim/turtlesim/srv/detail/teleport_relative__struct.hpp
[17.831s] -- Installing: /home/chelbaev/NSU/robots/ex01/install/turtlesim/include/turtlesim/turtlesim/srv/detail/teleport_absolute__builder.hpp
[17.831s] -- Installing: /home/chelbaev/NSU/robots/ex01/install/turtlesim/include/turtlesim/turtlesim/srv/detail/teleport_absolute__type_support.hpp
[17.831s] -- Installing: /home/chelbaev/NSU/robots/ex01/install/turtlesim/include/turtlesim/turtlesim/srv/detail/set_pen__struct.hpp
[17.831s] -- Installing: /home/chelbaev/NSU/robots/ex01/install/turtlesim/include/turtlesim/turtlesim/srv/detail/kill__struct.hpp
[17.831s] -- Installing: /home/chelbaev/NSU/robots/ex01/install/turtlesim/include/turtlesim/turtlesim/srv/detail/set_pen__traits.hpp
[17.831s] -- Installing: /home/chelbaev/NSU/robots/ex01/install/turtlesim/include/turtlesim/turtlesim/srv/detail/kill__traits.hpp
[17.831s] -- Installing: /home/chelbaev/NSU/robots/ex01/install/turtlesim/include/turtlesim/turtlesim/srv/detail/teleport_absolute__traits.hpp
[17.831s] -- Installing: /home/chelbaev/NSU/robots/ex01/install/turtlesim/include/turtlesim/turtlesim/srv/detail/spawn__traits.hpp
[17.831s] -- Installing: /home/chelbaev/NSU/robots/ex01/install/turtlesim/include/turtlesim/turtlesim/srv/spawn.hpp
[17.831s] -- Installing: /home/chelbaev/NSU/robots/ex01/install/turtlesim/include/turtlesim/turtlesim/srv/teleport_relative.hpp
[17.831s] -- Installing: /home/chelbaev/NSU/robots/ex01/install/turtlesim/include/turtlesim/turtlesim/srv/kill.hpp
[17.831s] -- Installing: /home/chelbaev/NSU/robots/ex01/install/turtlesim/include/turtlesim/turtlesim/srv/teleport_absolute.hpp
[17.831s] -- Up-to-date: /home/chelbaev/NSU/robots/ex01/install/turtlesim/include/turtlesim/turtlesim/msg
[17.831s] -- Installing: /home/chelbaev/NSU/robots/ex01/install/turtlesim/include/turtlesim/turtlesim/msg/pose.hpp
[17.831s] -- Up-to-date: /home/chelbaev/NSU/robots/ex01/install/turtlesim/include/turtlesim/turtlesim/msg/detail
[17.831s] -- Installing: /home/chelbaev/NSU/robots/ex01/install/turtlesim/include/turtlesim/turtlesim/msg/detail/color__traits.hpp
[17.831s] -- Installing: /home/chelbaev/NSU/robots/ex01/install/turtlesim/include/turtlesim/turtlesim/msg/detail/pose__struct.hpp
[17.832s] -- Installing: /home/chelbaev/NSU/robots/ex01/install/turtlesim/include/turtlesim/turtlesim/msg/detail/color__struct.hpp
[17.832s] -- Installing: /home/chelbaev/NSU/robots/ex01/install/turtlesim/include/turtlesim/turtlesim/msg/detail/pose__builder.hpp
[17.832s] -- Installing: /home/chelbaev/NSU/robots/ex01/install/turtlesim/include/turtlesim/turtlesim/msg/detail/color__builder.hpp
[17.832s] -- Installing: /home/chelbaev/NSU/robots/ex01/install/turtlesim/include/turtlesim/turtlesim/msg/detail/pose__traits.hpp
[17.832s] -- Installing: /home/chelbaev/NSU/robots/ex01/install/turtlesim/include/turtlesim/turtlesim/msg/detail/pose__type_support.hpp
[17.832s] -- Installing: /home/chelbaev/NSU/robots/ex01/install/turtlesim/include/turtlesim/turtlesim/msg/detail/color__type_support.hpp
[17.832s] -- Installing: /home/chelbaev/NSU/robots/ex01/install/turtlesim/include/turtlesim/turtlesim/msg/color.hpp
[17.832s] -- Installing: /home/chelbaev/NSU/robots/ex01/install/turtlesim/include/turtlesim/turtlesim/msg/rosidl_generator_cpp__visibility_control.hpp
[17.832s] -- Up-to-date: /home/chelbaev/NSU/robots/ex01/install/turtlesim/include/turtlesim/turtlesim/action
[17.832s] -- Up-to-date: /home/chelbaev/NSU/robots/ex01/install/turtlesim/include/turtlesim/turtlesim/action/detail
[17.832s] -- Installing: /home/chelbaev/NSU/robots/ex01/install/turtlesim/include/turtlesim/turtlesim/action/detail/rotate_absolute__type_support.hpp
[17.832s] -- Installing: /home/chelbaev/NSU/robots/ex01/install/turtlesim/include/turtlesim/turtlesim/action/detail/rotate_absolute__traits.hpp
[17.832s] -- Installing: /home/chelbaev/NSU/robots/ex01/install/turtlesim/include/turtlesim/turtlesim/action/detail/rotate_absolute__builder.hpp
[17.832s] -- Installing: /home/chelbaev/NSU/robots/ex01/install/turtlesim/include/turtlesim/turtlesim/action/detail/rotate_absolute__struct.hpp
[17.832s] -- Installing: /home/chelbaev/NSU/robots/ex01/install/turtlesim/include/turtlesim/turtlesim/action/rotate_absolute.hpp
[17.832s] -- Up-to-date: /home/chelbaev/NSU/robots/ex01/install/turtlesim/include/turtlesim/turtlesim
[17.832s] -- Up-to-date: /home/chelbaev/NSU/robots/ex01/install/turtlesim/include/turtlesim/turtlesim/srv
[17.832s] -- Up-to-date: /home/chelbaev/NSU/robots/ex01/install/turtlesim/include/turtlesim/turtlesim/srv/detail
[17.832s] -- Installing: /home/chelbaev/NSU/robots/ex01/install/turtlesim/include/turtlesim/turtlesim/srv/detail/spawn__rosidl_typesupport_fastrtps_cpp.hpp
[17.832s] -- Installing: /home/chelbaev/NSU/robots/ex01/install/turtlesim/include/turtlesim/turtlesim/srv/detail/dds_fastrtps
[17.832s] -- Installing: /home/chelbaev/NSU/robots/ex01/install/turtlesim/include/turtlesim/turtlesim/srv/detail/teleport_absolute__rosidl_typesupport_fastrtps_cpp.hpp
[17.832s] -- Installing: /home/chelbaev/NSU/robots/ex01/install/turtlesim/include/turtlesim/turtlesim/srv/detail/teleport_relative__rosidl_typesupport_fastrtps_cpp.hpp
[17.832s] -- Installing: /home/chelbaev/NSU/robots/ex01/install/turtlesim/include/turtlesim/turtlesim/srv/detail/set_pen__rosidl_typesupport_fastrtps_cpp.hpp
[17.832s] -- Installing: /home/chelbaev/NSU/robots/ex01/install/turtlesim/include/turtlesim/turtlesim/srv/detail/kill__rosidl_typesupport_fastrtps_cpp.hpp
[17.832s] -- Up-to-date: /home/chelbaev/NSU/robots/ex01/install/turtlesim/include/turtlesim/turtlesim/msg
[17.832s] -- Installing: /home/chelbaev/NSU/robots/ex01/install/turtlesim/include/turtlesim/turtlesim/msg/rosidl_typesupport_fastrtps_cpp__visibility_control.h
[17.832s] -- Up-to-date: /home/chelbaev/NSU/robots/ex01/install/turtlesim/include/turtlesim/turtlesim/msg/detail
[17.833s] -- Installing: /home/chelbaev/NSU/robots/ex01/install/turtlesim/include/turtlesim/turtlesim/msg/detail/color__rosidl_typesupport_fastrtps_cpp.hpp
[17.833s] -- Installing: /home/chelbaev/NSU/robots/ex01/install/turtlesim/include/turtlesim/turtlesim/msg/detail/dds_fastrtps
[17.833s] -- Installing: /home/chelbaev/NSU/robots/ex01/install/turtlesim/include/turtlesim/turtlesim/msg/detail/pose__rosidl_typesupport_fastrtps_cpp.hpp
[17.833s] -- Up-to-date: /home/chelbaev/NSU/robots/ex01/install/turtlesim/include/turtlesim/turtlesim/action
[17.833s] -- Up-to-date: /home/chelbaev/NSU/robots/ex01/install/turtlesim/include/turtlesim/turtlesim/action/detail
[17.833s] -- Installing: /home/chelbaev/NSU/robots/ex01/install/turtlesim/include/turtlesim/turtlesim/action/detail/dds_fastrtps
[17.833s] -- Installing: /home/chelbaev/NSU/robots/ex01/install/turtlesim/include/turtlesim/turtlesim/action/detail/rotate_absolute__rosidl_typesupport_fastrtps_cpp.hpp
[17.833s] -- Installing: /home/chelbaev/NSU/robots/ex01/install/turtlesim/lib/libturtlesim__rosidl_typesupport_fastrtps_cpp.so
[17.833s] -- Set runtime path of "/home/chelbaev/NSU/robots/ex01/install/turtlesim/lib/libturtlesim__rosidl_typesupport_fastrtps_cpp.so" to ""
[17.833s] -- Up-to-date: /home/chelbaev/NSU/robots/ex01/install/turtlesim/include/turtlesim/turtlesim
[17.833s] -- Up-to-date: /home/chelbaev/NSU/robots/ex01/install/turtlesim/include/turtlesim/turtlesim/srv
[17.833s] -- Up-to-date: /home/chelbaev/NSU/robots/ex01/install/turtlesim/include/turtlesim/turtlesim/srv/detail
[17.833s] -- Installing: /home/chelbaev/NSU/robots/ex01/install/turtlesim/include/turtlesim/turtlesim/srv/detail/set_pen__type_support.c
[17.833s] -- Installing: /home/chelbaev/NSU/robots/ex01/install/turtlesim/include/turtlesim/turtlesim/srv/detail/spawn__type_support.c
[17.833s] -- Installing: /home/chelbaev/NSU/robots/ex01/install/turtlesim/include/turtlesim/turtlesim/srv/detail/teleport_absolute__type_support.c
[17.833s] -- Installing: /home/chelbaev/NSU/robots/ex01/install/turtlesim/include/turtlesim/turtlesim/srv/detail/set_pen__rosidl_typesupport_introspection_c.h
[17.833s] -- Installing: /home/chelbaev/NSU/robots/ex01/install/turtlesim/include/turtlesim/turtlesim/srv/detail/teleport_absolute__rosidl_typesupport_introspection_c.h
[17.833s] -- Installing: /home/chelbaev/NSU/robots/ex01/install/turtlesim/include/turtlesim/turtlesim/srv/detail/teleport_relative__rosidl_typesupport_introspection_c.h
[17.833s] -- Installing: /home/chelbaev/NSU/robots/ex01/install/turtlesim/include/turtlesim/turtlesim/srv/detail/spawn__rosidl_typesupport_introspection_c.h
[17.833s] -- Installing: /home/chelbaev/NSU/robots/ex01/install/turtlesim/include/turtlesim/turtlesim/srv/detail/kill__rosidl_typesupport_introspection_c.h
[17.833s] -- Installing: /home/chelbaev/NSU/robots/ex01/install/turtlesim/include/turtlesim/turtlesim/srv/detail/teleport_relative__type_support.c
[17.833s] -- Installing: /home/chelbaev/NSU/robots/ex01/install/turtlesim/include/turtlesim/turtlesim/srv/detail/kill__type_support.c
[17.833s] -- Up-to-date: /home/chelbaev/NSU/robots/ex01/install/turtlesim/include/turtlesim/turtlesim/msg
[17.833s] -- Up-to-date: /home/chelbaev/NSU/robots/ex01/install/turtlesim/include/turtlesim/turtlesim/msg/detail
[17.833s] -- Installing: /home/chelbaev/NSU/robots/ex01/install/turtlesim/include/turtlesim/turtlesim/msg/detail/pose__rosidl_typesupport_introspection_c.h
[17.833s] -- Installing: /home/chelbaev/NSU/robots/ex01/install/turtlesim/include/turtlesim/turtlesim/msg/detail/color__type_support.c
[17.833s] -- Installing: /home/chelbaev/NSU/robots/ex01/install/turtlesim/include/turtlesim/turtlesim/msg/detail/color__rosidl_typesupport_introspection_c.h
[17.833s] -- Installing: /home/chelbaev/NSU/robots/ex01/install/turtlesim/include/turtlesim/turtlesim/msg/detail/pose__type_support.c
[17.833s] -- Installing: /home/chelbaev/NSU/robots/ex01/install/turtlesim/include/turtlesim/turtlesim/msg/rosidl_typesupport_introspection_c__visibility_control.h
[17.834s] -- Up-to-date: /home/chelbaev/NSU/robots/ex01/install/turtlesim/include/turtlesim/turtlesim/action
[17.834s] -- Up-to-date: /home/chelbaev/NSU/robots/ex01/install/turtlesim/include/turtlesim/turtlesim/action/detail
[17.834s] -- Installing: /home/chelbaev/NSU/robots/ex01/install/turtlesim/include/turtlesim/turtlesim/action/detail/rotate_absolute__type_support.c
[17.834s] -- Installing: /home/chelbaev/NSU/robots/ex01/install/turtlesim/include/turtlesim/turtlesim/action/detail/rotate_absolute__rosidl_typesupport_introspection_c.h
[17.834s] -- Installing: /home/chelbaev/NSU/robots/ex01/install/turtlesim/lib/libturtlesim__rosidl_typesupport_introspection_c.so
[17.834s] -- Set runtime path of "/home/chelbaev/NSU/robots/ex01/install/turtlesim/lib/libturtlesim__rosidl_typesupport_introspection_c.so" to ""
[17.834s] -- Installing: /home/chelbaev/NSU/robots/ex01/install/turtlesim/lib/libturtlesim__rosidl_typesupport_c.so
[17.834s] -- Set runtime path of "/home/chelbaev/NSU/robots/ex01/install/turtlesim/lib/libturtlesim__rosidl_typesupport_c.so" to ""
[17.834s] -- Up-to-date: /home/chelbaev/NSU/robots/ex01/install/turtlesim/include/turtlesim/turtlesim
[17.834s] -- Up-to-date: /home/chelbaev/NSU/robots/ex01/install/turtlesim/include/turtlesim/turtlesim/srv
[17.834s] -- Up-to-date: /home/chelbaev/NSU/robots/ex01/install/turtlesim/include/turtlesim/turtlesim/srv/detail
[17.834s] -- Installing: /home/chelbaev/NSU/robots/ex01/install/turtlesim/include/turtlesim/turtlesim/srv/detail/spawn__type_support.cpp
[17.834s] -- Installing: /home/chelbaev/NSU/robots/ex01/install/turtlesim/include/turtlesim/turtlesim/srv/detail/teleport_absolute__type_support.cpp
[17.834s] -- Installing: /home/chelbaev/NSU/robots/ex01/install/turtlesim/include/turtlesim/turtlesim/srv/detail/teleport_relative__rosidl_typesupport_introspection_cpp.hpp
[17.834s] -- Installing: /home/chelbaev/NSU/robots/ex01/install/turtlesim/include/turtlesim/turtlesim/srv/detail/teleport_absolute__rosidl_typesupport_introspection_cpp.hpp
[17.834s] -- Installing: /home/chelbaev/NSU/robots/ex01/install/turtlesim/include/turtlesim/turtlesim/srv/detail/set_pen__rosidl_typesupport_introspection_cpp.hpp
[17.834s] -- Installing: /home/chelbaev/NSU/robots/ex01/install/turtlesim/include/turtlesim/turtlesim/srv/detail/kill__type_support.cpp
[17.834s] -- Installing: /home/chelbaev/NSU/robots/ex01/install/turtlesim/include/turtlesim/turtlesim/srv/detail/kill__rosidl_typesupport_introspection_cpp.hpp
[17.834s] -- Installing: /home/chelbaev/NSU/robots/ex01/install/turtlesim/include/turtlesim/turtlesim/srv/detail/set_pen__type_support.cpp
[17.834s] -- Installing: /home/chelbaev/NSU/robots/ex01/install/turtlesim/include/turtlesim/turtlesim/srv/detail/spawn__rosidl_typesupport_introspection_cpp.hpp
[17.834s] -- Installing: /home/chelbaev/NSU/robots/ex01/install/turtlesim/include/turtlesim/turtlesim/srv/detail/teleport_relative__type_support.cpp
[17.834s] -- Up-to-date: /home/chelbaev/NSU/robots/ex01/install/turtlesim/include/turtlesim/turtlesim/msg
[17.834s] -- Up-to-date: /home/chelbaev/NSU/robots/ex01/install/turtlesim/include/turtlesim/turtlesim/msg/detail
[17.834s] -- Installing: /home/chelbaev/NSU/robots/ex01/install/turtlesim/include/turtlesim/turtlesim/msg/detail/color__rosidl_typesupport_introspection_cpp.hpp
[17.834s] -- Installing: /home/chelbaev/NSU/robots/ex01/install/turtlesim/include/turtlesim/turtlesim/msg/detail/color__type_support.cpp
[17.834s] -- Installing: /home/chelbaev/NSU/robots/ex01/install/turtlesim/include/turtlesim/turtlesim/msg/detail/pose__type_support.cpp
[17.834s] -- Installing: /home/chelbaev/NSU/robots/ex01/install/turtlesim/include/turtlesim/turtlesim/msg/detail/pose__rosidl_typesupport_introspection_cpp.hpp
[17.834s] -- Up-to-date: /home/chelbaev/NSU/robots/ex01/install/turtlesim/include/turtlesim/turtlesim/action
[17.835s] -- Up-to-date: /home/chelbaev/NSU/robots/ex01/install/turtlesim/include/turtlesim/turtlesim/action/detail
[17.835s] -- Installing: /home/chelbaev/NSU/robots/ex01/install/turtlesim/include/turtlesim/turtlesim/action/detail/rotate_absolute__type_support.cpp
[17.835s] -- Installing: /home/chelbaev/NSU/robots/ex01/install/turtlesim/include/turtlesim/turtlesim/action/detail/rotate_absolute__rosidl_typesupport_introspection_cpp.hpp
[17.835s] -- Installing: /home/chelbaev/NSU/robots/ex01/install/turtlesim/lib/libturtlesim__rosidl_typesupport_introspection_cpp.so
[17.835s] -- Set runtime path of "/home/chelbaev/NSU/robots/ex01/install/turtlesim/lib/libturtlesim__rosidl_typesupport_introspection_cpp.so" to ""
[17.835s] -- Installing: /home/chelbaev/NSU/robots/ex01/install/turtlesim/lib/libturtlesim__rosidl_typesupport_cpp.so
[17.835s] -- Set runtime path of "/home/chelbaev/NSU/robots/ex01/install/turtlesim/lib/libturtlesim__rosidl_typesupport_cpp.so" to ""
[17.835s] -- Installing: /home/chelbaev/NSU/robots/ex01/install/turtlesim/share/turtlesim/environment/pythonpath.sh
[17.835s] -- Installing: /home/chelbaev/NSU/robots/ex01/install/turtlesim/share/turtlesim/environment/pythonpath.dsv
[17.835s] -- Installing: /home/chelbaev/NSU/robots/ex01/install/turtlesim/local/lib/python3.10/dist-packages/turtlesim-1.4.2-py3.10.egg-info
[17.835s] -- Installing: /home/chelbaev/NSU/robots/ex01/install/turtlesim/local/lib/python3.10/dist-packages/turtlesim-1.4.2-py3.10.egg-info/top_level.txt
[17.835s] -- Installing: /home/chelbaev/NSU/robots/ex01/install/turtlesim/local/lib/python3.10/dist-packages/turtlesim-1.4.2-py3.10.egg-info/dependency_links.txt
[17.835s] -- Installing: /home/chelbaev/NSU/robots/ex01/install/turtlesim/local/lib/python3.10/dist-packages/turtlesim-1.4.2-py3.10.egg-info/PKG-INFO
[17.835s] -- Installing: /home/chelbaev/NSU/robots/ex01/install/turtlesim/local/lib/python3.10/dist-packages/turtlesim-1.4.2-py3.10.egg-info/SOURCES.txt
[17.835s] -- Installing: /home/chelbaev/NSU/robots/ex01/install/turtlesim/local/lib/python3.10/dist-packages/turtlesim
[17.835s] -- Installing: /home/chelbaev/NSU/robots/ex01/install/turtlesim/local/lib/python3.10/dist-packages/turtlesim/turtlesim_s__rosidl_typesupport_fastrtps_c.cpython-310-x86_64-linux-gnu.so
[17.835s] -- Installing: /home/chelbaev/NSU/robots/ex01/install/turtlesim/local/lib/python3.10/dist-packages/turtlesim/srv
[17.835s] -- Installing: /home/chelbaev/NSU/robots/ex01/install/turtlesim/local/lib/python3.10/dist-packages/turtlesim/srv/_teleport_relative_s.c
[17.835s] -- Installing: /home/chelbaev/NSU/robots/ex01/install/turtlesim/local/lib/python3.10/dist-packages/turtlesim/srv/_set_pen.py
[17.835s] -- Installing: /home/chelbaev/NSU/robots/ex01/install/turtlesim/local/lib/python3.10/dist-packages/turtlesim/srv/__init__.py
[17.835s] -- Installing: /home/chelbaev/NSU/robots/ex01/install/turtlesim/local/lib/python3.10/dist-packages/turtlesim/srv/_spawn_s.c
[17.835s] -- Installing: /home/chelbaev/NSU/robots/ex01/install/turtlesim/local/lib/python3.10/dist-packages/turtlesim/srv/_teleport_absolute.py
[17.835s] -- Installing: /home/chelbaev/NSU/robots/ex01/install/turtlesim/local/lib/python3.10/dist-packages/turtlesim/srv/_teleport_absolute_s.c
[17.835s] -- Installing: /home/chelbaev/NSU/robots/ex01/install/turtlesim/local/lib/python3.10/dist-packages/turtlesim/srv/_teleport_relative.py
[17.835s] -- Installing: /home/chelbaev/NSU/robots/ex01/install/turtlesim/local/lib/python3.10/dist-packages/turtlesim/srv/_spawn.py
[17.835s] -- Installing: /home/chelbaev/NSU/robots/ex01/install/turtlesim/local/lib/python3.10/dist-packages/turtlesim/srv/_set_pen_s.c
[17.835s] -- Installing: /home/chelbaev/NSU/robots/ex01/install/turtlesim/local/lib/python3.10/dist-packages/turtlesim/srv/_kill_s.c
[17.835s] -- Installing: /home/chelbaev/NSU/robots/ex01/install/turtlesim/local/lib/python3.10/dist-packages/turtlesim/srv/_kill.py
[17.835s] -- Installing: /home/chelbaev/NSU/robots/ex01/install/turtlesim/local/lib/python3.10/dist-packages/turtlesim/__init__.py
[17.835s] -- Installing: /home/chelbaev/NSU/robots/ex01/install/turtlesim/local/lib/python3.10/dist-packages/turtlesim/msg
[17.836s] -- Installing: /home/chelbaev/NSU/robots/ex01/install/turtlesim/local/lib/python3.10/dist-packages/turtlesim/msg/_color.py
[17.836s] -- Installing: /home/chelbaev/NSU/robots/ex01/install/turtlesim/local/lib/python3.10/dist-packages/turtlesim/msg/__init__.py
[17.836s] -- Installing: /home/chelbaev/NSU/robots/ex01/install/turtlesim/local/lib/python3.10/dist-packages/turtlesim/msg/_color_s.c
[17.836s] -- Installing: /home/chelbaev/NSU/robots/ex01/install/turtlesim/local/lib/python3.10/dist-packages/turtlesim/msg/_pose_s.c
[17.836s] -- Installing: /home/chelbaev/NSU/robots/ex01/install/turtlesim/local/lib/python3.10/dist-packages/turtlesim/msg/_pose.py
[17.836s] -- Installing: /home/chelbaev/NSU/robots/ex01/install/turtlesim/local/lib/python3.10/dist-packages/turtlesim/turtlesim_s__rosidl_typesupport_c.cpython-310-x86_64-linux-gnu.so
[17.836s] -- Installing: /home/chelbaev/NSU/robots/ex01/install/turtlesim/local/lib/python3.10/dist-packages/turtlesim/turtlesim_s__rosidl_typesupport_introspection_c.cpython-310-x86_64-linux-gnu.so
[17.836s] -- Installing: /home/chelbaev/NSU/robots/ex01/install/turtlesim/local/lib/python3.10/dist-packages/turtlesim/_turtlesim_s.ep.rosidl_typesupport_c.c
[17.836s] -- Installing: /home/chelbaev/NSU/robots/ex01/install/turtlesim/local/lib/python3.10/dist-packages/turtlesim/_turtlesim_s.ep.rosidl_typesupport_fastrtps_c.c
[17.836s] -- Installing: /home/chelbaev/NSU/robots/ex01/install/turtlesim/local/lib/python3.10/dist-packages/turtlesim/action
[17.836s] -- Installing: /home/chelbaev/NSU/robots/ex01/install/turtlesim/local/lib/python3.10/dist-packages/turtlesim/action/_rotate_absolute_s.c
[17.836s] -- Installing: /home/chelbaev/NSU/robots/ex01/install/turtlesim/local/lib/python3.10/dist-packages/turtlesim/action/__init__.py
[17.836s] -- Installing: /home/chelbaev/NSU/robots/ex01/install/turtlesim/local/lib/python3.10/dist-packages/turtlesim/action/_rotate_absolute.py
[17.836s] -- Installing: /home/chelbaev/NSU/robots/ex01/install/turtlesim/local/lib/python3.10/dist-packages/turtlesim/_turtlesim_s.ep.rosidl_typesupport_introspection_c.c
[17.836s] -- Installing: /home/chelbaev/NSU/robots/ex01/install/turtlesim/local/lib/python3.10/dist-packages/turtlesim/libturtlesim__rosidl_generator_py.so
[17.871s] Listing '/home/chelbaev/NSU/robots/ex01/install/turtlesim/local/lib/python3.10/dist-packages/turtlesim'...
[17.871s] Compiling '/home/chelbaev/NSU/robots/ex01/install/turtlesim/local/lib/python3.10/dist-packages/turtlesim/__init__.py'...
[17.871s] Listing '/home/chelbaev/NSU/robots/ex01/install/turtlesim/local/lib/python3.10/dist-packages/turtlesim/action'...
[17.871s] Compiling '/home/chelbaev/NSU/robots/ex01/install/turtlesim/local/lib/python3.10/dist-packages/turtlesim/action/__init__.py'...
[17.871s] Compiling '/home/chelbaev/NSU/robots/ex01/install/turtlesim/local/lib/python3.10/dist-packages/turtlesim/action/_rotate_absolute.py'...
[17.871s] Listing '/home/chelbaev/NSU/robots/ex01/install/turtlesim/local/lib/python3.10/dist-packages/turtlesim/msg'...
[17.871s] Compiling '/home/chelbaev/NSU/robots/ex01/install/turtlesim/local/lib/python3.10/dist-packages/turtlesim/msg/__init__.py'...
[17.871s] Compiling '/home/chelbaev/NSU/robots/ex01/install/turtlesim/local/lib/python3.10/dist-packages/turtlesim/msg/_color.py'...
[17.871s] Compiling '/home/chelbaev/NSU/robots/ex01/install/turtlesim/local/lib/python3.10/dist-packages/turtlesim/msg/_pose.py'...
[17.871s] Listing '/home/chelbaev/NSU/robots/ex01/install/turtlesim/local/lib/python3.10/dist-packages/turtlesim/srv'...
[17.871s] Compiling '/home/chelbaev/NSU/robots/ex01/install/turtlesim/local/lib/python3.10/dist-packages/turtlesim/srv/__init__.py'...
[17.871s] Compiling '/home/chelbaev/NSU/robots/ex01/install/turtlesim/local/lib/python3.10/dist-packages/turtlesim/srv/_kill.py'...
[17.871s] Compiling '/home/chelbaev/NSU/robots/ex01/install/turtlesim/local/lib/python3.10/dist-packages/turtlesim/srv/_set_pen.py'...
[17.871s] Compiling '/home/chelbaev/NSU/robots/ex01/install/turtlesim/local/lib/python3.10/dist-packages/turtlesim/srv/_spawn.py'...
[17.871s] Compiling '/home/chelbaev/NSU/robots/ex01/install/turtlesim/local/lib/python3.10/dist-packages/turtlesim/srv/_teleport_absolute.py'...
[17.871s] Compiling '/home/chelbaev/NSU/robots/ex01/install/turtlesim/local/lib/python3.10/dist-packages/turtlesim/srv/_teleport_relative.py'...
[17.874s] -- Installing: /home/chelbaev/NSU/robots/ex01/install/turtlesim/local/lib/python3.10/dist-packages/turtlesim/turtlesim_s__rosidl_typesupport_fastrtps_c.cpython-310-x86_64-linux-gnu.so
[17.874s] -- Set runtime path of "/home/chelbaev/NSU/robots/ex01/install/turtlesim/local/lib/python3.10/dist-packages/turtlesim/turtlesim_s__rosidl_typesupport_fastrtps_c.cpython-310-x86_64-linux-gnu.so" to ""
[17.874s] -- Installing: /home/chelbaev/NSU/robots/ex01/install/turtlesim/local/lib/python3.10/dist-packages/turtlesim/turtlesim_s__rosidl_typesupport_introspection_c.cpython-310-x86_64-linux-gnu.so
[17.874s] -- Set runtime path of "/home/chelbaev/NSU/robots/ex01/install/turtlesim/local/lib/python3.10/dist-packages/turtlesim/turtlesim_s__rosidl_typesupport_introspection_c.cpython-310-x86_64-linux-gnu.so" to ""
[17.874s] -- Installing: /home/chelbaev/NSU/robots/ex01/install/turtlesim/local/lib/python3.10/dist-packages/turtlesim/turtlesim_s__rosidl_typesupport_c.cpython-310-x86_64-linux-gnu.so
[17.874s] -- Set runtime path of "/home/chelbaev/NSU/robots/ex01/install/turtlesim/local/lib/python3.10/dist-packages/turtlesim/turtlesim_s__rosidl_typesupport_c.cpython-310-x86_64-linux-gnu.so" to ""
[17.874s] -- Installing: /home/chelbaev/NSU/robots/ex01/install/turtlesim/lib/libturtlesim__rosidl_generator_py.so
[17.875s] -- Set runtime path of "/home/chelbaev/NSU/robots/ex01/install/turtlesim/lib/libturtlesim__rosidl_generator_py.so" to ""
[17.875s] -- Installing: /home/chelbaev/NSU/robots/ex01/install/turtlesim/share/turtlesim/action/RotateAbsolute.idl
[17.875s] -- Installing: /home/chelbaev/NSU/robots/ex01/install/turtlesim/share/turtlesim/msg/Color.idl
[17.875s] -- Installing: /home/chelbaev/NSU/robots/ex01/install/turtlesim/share/turtlesim/msg/Pose.idl
[17.875s] -- Installing: /home/chelbaev/NSU/robots/ex01/install/turtlesim/share/turtlesim/srv/Kill.idl
[17.875s] -- Installing: /home/chelbaev/NSU/robots/ex01/install/turtlesim/share/turtlesim/srv/SetPen.idl
[17.875s] -- Installing: /home/chelbaev/NSU/robots/ex01/install/turtlesim/share/turtlesim/srv/Spawn.idl
[17.875s] -- Installing: /home/chelbaev/NSU/robots/ex01/install/turtlesim/share/turtlesim/srv/TeleportAbsolute.idl
[17.875s] -- Installing: /home/chelbaev/NSU/robots/ex01/install/turtlesim/share/turtlesim/srv/TeleportRelative.idl
[17.875s] -- Installing: /home/chelbaev/NSU/robots/ex01/install/turtlesim/share/turtlesim/action/RotateAbsolute.action
[17.875s] -- Installing: /home/chelbaev/NSU/robots/ex01/install/turtlesim/share/turtlesim/msg/Color.msg
[17.875s] -- Installing: /home/chelbaev/NSU/robots/ex01/install/turtlesim/share/turtlesim/msg/Pose.msg
[17.875s] -- Installing: /home/chelbaev/NSU/robots/ex01/install/turtlesim/share/turtlesim/srv/Kill.srv
[17.875s] -- Installing: /home/chelbaev/NSU/robots/ex01/install/turtlesim/share/turtlesim/srv/Kill_Request.msg
[17.875s] -- Installing: /home/chelbaev/NSU/robots/ex01/install/turtlesim/share/turtlesim/srv/Kill_Response.msg
[17.875s] -- Installing: /home/chelbaev/NSU/robots/ex01/install/turtlesim/share/turtlesim/srv/SetPen.srv
[17.876s] -- Installing: /home/chelbaev/NSU/robots/ex01/install/turtlesim/share/turtlesim/srv/SetPen_Request.msg
[17.876s] -- Installing: /home/chelbaev/NSU/robots/ex01/install/turtlesim/share/turtlesim/srv/SetPen_Response.msg
[17.876s] -- Installing: /home/chelbaev/NSU/robots/ex01/install/turtlesim/share/turtlesim/srv/Spawn.srv
[17.876s] -- Installing: /home/chelbaev/NSU/robots/ex01/install/turtlesim/share/turtlesim/srv/Spawn_Request.msg
[17.876s] -- Installing: /home/chelbaev/NSU/robots/ex01/install/turtlesim/share/turtlesim/srv/Spawn_Response.msg
[17.876s] -- Installing: /home/chelbaev/NSU/robots/ex01/install/turtlesim/share/turtlesim/srv/TeleportAbsolute.srv
[17.876s] -- Installing: /home/chelbaev/NSU/robots/ex01/install/turtlesim/share/turtlesim/srv/TeleportAbsolute_Request.msg
[17.876s] -- Installing: /home/chelbaev/NSU/robots/ex01/install/turtlesim/share/turtlesim/srv/TeleportAbsolute_Response.msg
[17.876s] -- Installing: /home/chelbaev/NSU/robots/ex01/install/turtlesim/share/turtlesim/srv/TeleportRelative.srv
[17.876s] -- Installing: /home/chelbaev/NSU/robots/ex01/install/turtlesim/share/turtlesim/srv/TeleportRelative_Request.msg
[17.876s] -- Installing: /home/chelbaev/NSU/robots/ex01/install/turtlesim/share/turtlesim/srv/TeleportRelative_Response.msg
[17.876s] -- Installing: /home/chelbaev/NSU/robots/ex01/install/turtlesim/lib/turtlesim/turtlesim_node
[17.880s] -- Set runtime path of "/home/chelbaev/NSU/robots/ex01/install/turtlesim/lib/turtlesim/turtlesim_node" to ""
[17.880s] -- Installing: /home/chelbaev/NSU/robots/ex01/install/turtlesim/lib/turtlesim/turtle_teleop_key
[17.881s] -- Set runtime path of "/home/chelbaev/NSU/robots/ex01/install/turtlesim/lib/turtlesim/turtle_teleop_key" to ""
[17.881s] -- Installing: /home/chelbaev/NSU/robots/ex01/install/turtlesim/lib/turtlesim/draw_square
[17.883s] -- Set runtime path of "/home/chelbaev/NSU/robots/ex01/install/turtlesim/lib/turtlesim/draw_square" to ""
[17.883s] -- Installing: /home/chelbaev/NSU/robots/ex01/install/turtlesim/lib/turtlesim/mimic
[17.885s] -- Set runtime path of "/home/chelbaev/NSU/robots/ex01/install/turtlesim/lib/turtlesim/mimic" to ""
[17.885s] -- Installing: /home/chelbaev/NSU/robots/ex01/install/turtlesim/share/turtlesim/images
[17.885s] -- Installing: /home/chelbaev/NSU/robots/ex01/install/turtlesim/share/turtlesim/images/eloquent.png
[17.885s] -- Installing: /home/chelbaev/NSU/robots/ex01/install/turtlesim/share/turtlesim/images/rolling.png
[17.885s] -- Installing: /home/chelbaev/NSU/robots/ex01/install/turtlesim/share/turtlesim/images/bouncy.png
[17.885s] -- Installing: /home/chelbaev/NSU/robots/ex01/install/turtlesim/share/turtlesim/images/dashing.png
[17.886s] -- Installing: /home/chelbaev/NSU/robots/ex01/install/turtlesim/share/turtlesim/images/crystal.png
[17.886s] -- Installing: /home/chelbaev/NSU/robots/ex01/install/turtlesim/share/turtlesim/images/humble.png
[17.886s] -- Installing: /home/chelbaev/NSU/robots/ex01/install/turtlesim/share/turtlesim/images/foxy.png
[17.886s] -- Installing: /home/chelbaev/NSU/robots/ex01/install/turtlesim/share/turtlesim/images/ardent.png
[17.886s] -- Installing: /home/chelbaev/NSU/robots/ex01/install/turtlesim/share/turtlesim/images/galactic.png
[17.886s] -- Installing: /home/chelbaev/NSU/robots/ex01/install/turtlesim/share/turtlesim/launch
[17.886s] -- Installing: /home/chelbaev/NSU/robots/ex01/install/turtlesim/share/turtlesim/launch/multisim.launch.py
[17.886s] -- Installing: /home/chelbaev/NSU/robots/ex01/install/turtlesim/share/ament_index/resource_index/package_run_dependencies/turtlesim
[17.886s] -- Installing: /home/chelbaev/NSU/robots/ex01/install/turtlesim/share/ament_index/resource_index/parent_prefix_path/turtlesim
[17.886s] -- Installing: /home/chelbaev/NSU/robots/ex01/install/turtlesim/share/turtlesim/environment/ament_prefix_path.sh
[17.886s] -- Installing: /home/chelbaev/NSU/robots/ex01/install/turtlesim/share/turtlesim/environment/ament_prefix_path.dsv
[17.886s] -- Installing: /home/chelbaev/NSU/robots/ex01/install/turtlesim/share/turtlesim/environment/path.sh
[17.886s] -- Installing: /home/chelbaev/NSU/robots/ex01/install/turtlesim/share/turtlesim/environment/path.dsv
[17.886s] -- Installing: /home/chelbaev/NSU/robots/ex01/install/turtlesim/share/turtlesim/local_setup.bash
[17.886s] -- Installing: /home/chelbaev/NSU/robots/ex01/install/turtlesim/share/turtlesim/local_setup.sh
[17.886s] -- Installing: /home/chelbaev/NSU/robots/ex01/install/turtlesim/share/turtlesim/local_setup.zsh
[17.886s] -- Installing: /home/chelbaev/NSU/robots/ex01/install/turtlesim/share/turtlesim/local_setup.dsv
[17.886s] -- Installing: /home/chelbaev/NSU/robots/ex01/install/turtlesim/share/turtlesim/package.dsv
[17.886s] -- Installing: /home/chelbaev/NSU/robots/ex01/install/turtlesim/share/ament_index/resource_index/packages/turtlesim
[17.886s] -- Installing: /home/chelbaev/NSU/robots/ex01/install/turtlesim/share/turtlesim/cmake/export_turtlesim__rosidl_generator_cExport.cmake
[17.886s] -- Installing: /home/chelbaev/NSU/robots/ex01/install/turtlesim/share/turtlesim/cmake/export_turtlesim__rosidl_generator_cExport-noconfig.cmake
[17.886s] -- Installing: /home/chelbaev/NSU/robots/ex01/install/turtlesim/share/turtlesim/cmake/export_turtlesim__rosidl_typesupport_fastrtps_cExport.cmake
[17.886s] -- Installing: /home/chelbaev/NSU/robots/ex01/install/turtlesim/share/turtlesim/cmake/export_turtlesim__rosidl_typesupport_fastrtps_cExport-noconfig.cmake
[17.886s] -- Installing: /home/chelbaev/NSU/robots/ex01/install/turtlesim/share/turtlesim/cmake/export_turtlesim__rosidl_generator_cppExport.cmake
[17.887s] -- Installing: /home/chelbaev/NSU/robots/ex01/install/turtlesim/share/turtlesim/cmake/export_turtlesim__rosidl_typesupport_fastrtps_cppExport.cmake
[17.887s] -- Installing: /home/chelbaev/NSU/robots/ex01/install/turtlesim/share/turtlesim/cmake/export_turtlesim__rosidl_typesupport_fastrtps_cppExport-noconfig.cmake
[17.887s] -- Installing: /home/chelbaev/NSU/robots/ex01/install/turtlesim/share/turtlesim/cmake/turtlesim__rosidl_typesupport_introspection_cExport.cmake
[17.887s] -- Installing: /home/chelbaev/NSU/robots/ex01/install/turtlesim/share/turtlesim/cmake/turtlesim__rosidl_typesupport_introspection_cExport-noconfig.cmake
[17.887s] -- Installing: /home/chelbaev/NSU/robots/ex01/install/turtlesim/share/turtlesim/cmake/turtlesim__rosidl_typesupport_cExport.cmake
[17.887s] -- Installing: /home/chelbaev/NSU/robots/ex01/install/turtlesim/share/turtlesim/cmake/turtlesim__rosidl_typesupport_cExport-noconfig.cmake
[17.887s] -- Installing: /home/chelbaev/NSU/robots/ex01/install/turtlesim/share/turtlesim/cmake/turtlesim__rosidl_typesupport_introspection_cppExport.cmake
[17.887s] -- Installing: /home/chelbaev/NSU/robots/ex01/install/turtlesim/share/turtlesim/cmake/turtlesim__rosidl_typesupport_introspection_cppExport-noconfig.cmake
[17.887s] -- Installing: /home/chelbaev/NSU/robots/ex01/install/turtlesim/share/turtlesim/cmake/turtlesim__rosidl_typesupport_cppExport.cmake
[17.887s] -- Installing: /home/chelbaev/NSU/robots/ex01/install/turtlesim/share/turtlesim/cmake/turtlesim__rosidl_typesupport_cppExport-noconfig.cmake
[17.887s] -- Installing: /home/chelbaev/NSU/robots/ex01/install/turtlesim/share/turtlesim/cmake/export_turtlesim__rosidl_generator_pyExport.cmake
[17.887s] -- Installing: /home/chelbaev/NSU/robots/ex01/install/turtlesim/share/turtlesim/cmake/export_turtlesim__rosidl_generator_pyExport-noconfig.cmake
[17.887s] -- Installing: /home/chelbaev/NSU/robots/ex01/install/turtlesim/share/turtlesim/cmake/rosidl_cmake-extras.cmake
[17.887s] -- Installing: /home/chelbaev/NSU/robots/ex01/install/turtlesim/share/turtlesim/cmake/ament_cmake_export_dependencies-extras.cmake
[17.887s] -- Installing: /home/chelbaev/NSU/robots/ex01/install/turtlesim/share/turtlesim/cmake/ament_cmake_export_include_directories-extras.cmake
[17.887s] -- Installing: /home/chelbaev/NSU/robots/ex01/install/turtlesim/share/turtlesim/cmake/ament_cmake_export_libraries-extras.cmake
[17.887s] -- Installing: /home/chelbaev/NSU/robots/ex01/install/turtlesim/share/turtlesim/cmake/ament_cmake_export_targets-extras.cmake
[17.887s] -- Installing: /home/chelbaev/NSU/robots/ex01/install/turtlesim/share/turtlesim/cmake/rosidl_cmake_export_typesupport_targets-extras.cmake
[17.887s] -- Installing: /home/chelbaev/NSU/robots/ex01/install/turtlesim/share/turtlesim/cmake/rosidl_cmake_export_typesupport_libraries-extras.cmake
[17.888s] -- Installing: /home/chelbaev/NSU/robots/ex01/install/turtlesim/share/turtlesim/cmake/turtlesimConfig.cmake
[17.888s] -- Installing: /home/chelbaev/NSU/robots/ex01/install/turtlesim/share/turtlesim/cmake/turtlesimConfig-version.cmake
[17.888s] -- Installing: /home/chelbaev/NSU/robots/ex01/install/turtlesim/share/turtlesim/package.xml
[17.889s] Invoked command in '/home/chelbaev/NSU/robots/ex01/build/turtlesim' returned '0': CMAKE_PREFIX_PATH=/opt/ros/humble /usr/bin/cmake --install /home/chelbaev/NSU/robots/ex01/build/turtlesim
