[0.005s] Invoking command in '/home/chelbaev/NSU/robots/ex03/ros2_ws/build/examples_rclcpp_minimal_client': CMAKE_PREFIX_PATH=/opt/ros/humble /usr/bin/cmake /home/chelbaev/NSU/robots/ex03/ros2_ws/src/examples/rclcpp/services/minimal_client -DCMAKE_INSTALL_PREFIX=/home/chelbaev/NSU/robots/ex03/ros2_ws/install/examples_rclcpp_minimal_client
[0.015s] -- Found ament_cmake: 1.3.12 (/opt/ros/humble/share/ament_cmake/cmake)
[0.130s] -- Override CMake install command with custom implementation using symlinks instead of copying resources
[0.135s] -- Found example_interfaces: 0.9.3 (/opt/ros/humble/share/example_interfaces/cmake)
[0.151s] -- Found rosidl_generator_c: 3.1.7 (/opt/ros/humble/share/rosidl_generator_c/cmake)
[0.153s] -- Found rosidl_adapter: 3.1.7 (/opt/ros/humble/share/rosidl_adapter/cmake)
[0.157s] -- Found rosidl_generator_cpp: 3.1.7 (/opt/ros/humble/share/rosidl_generator_cpp/cmake)
[0.162s] -- Using all available rosidl_typesupport_c: rosidl_typesupport_fastrtps_c;rosidl_typesupport_introspection_c
[0.170s] -- Using all available rosidl_typesupport_cpp: rosidl_typesupport_fastrtps_cpp;rosidl_typesupport_introspection_cpp
[0.201s] -- Found rclcpp: 16.0.14 (/opt/ros/humble/share/rclcpp/cmake)
[0.218s] -- Found rmw_implementation_cmake: 6.1.2 (/opt/ros/humble/share/rmw_implementation_cmake/cmake)
[0.219s] -- Found rmw_fastrtps_cpp: 6.2.8 (/opt/ros/humble/share/rmw_fastrtps_cpp/cmake)
[0.288s] -- Using RMW implementation 'rmw_fastrtps_cpp' as default
[0.319s] -- Found ament_lint_auto: 0.12.14 (/opt/ros/humble/share/ament_lint_auto/cmake)
[0.372s] -- Added test 'copyright' to check source files copyright and LICENSE
[0.373s] -- Added test 'cppcheck' to perform static code analysis on C / C++ code
[0.373s] -- Configured cppcheck include dirs: 
[0.373s] -- Configured cppcheck exclude dirs and/or files: 
[0.373s] -- Added test 'cpplint' to check C / C++ code against the Google style
[0.373s] -- Configured cpplint exclude dirs and/or files: 
[0.374s] -- Added test 'lint_cmake' to check CMake code style
[0.374s] -- Added test 'uncrustify' to check C / C++ code style
[0.374s] -- Configured uncrustify additional arguments: 
[0.374s] -- Added test 'xmllint' to check XML markup files
[0.376s] -- Configuring done
[0.386s] -- Generating done
[0.389s] -- Build files have been written to: /home/chelbaev/NSU/robots/ex03/ros2_ws/build/examples_rclcpp_minimal_client
[0.394s] Invoked command in '/home/chelbaev/NSU/robots/ex03/ros2_ws/build/examples_rclcpp_minimal_client' returned '0': CMAKE_PREFIX_PATH=/opt/ros/humble /usr/bin/cmake /home/chelbaev/NSU/robots/ex03/ros2_ws/src/examples/rclcpp/services/minimal_client -DCMAKE_INSTALL_PREFIX=/home/chelbaev/NSU/robots/ex03/ros2_ws/install/examples_rclcpp_minimal_client
[0.396s] Invoking command in '/home/chelbaev/NSU/robots/ex03/ros2_ws/build/examples_rclcpp_minimal_client': CMAKE_PREFIX_PATH=/opt/ros/humble /usr/bin/cmake --build /home/chelbaev/NSU/robots/ex03/ros2_ws/build/examples_rclcpp_minimal_client -- -j12 -l12
[0.428s] [35m[1mConsolidate compiler generated dependencies of target client_main[0m
[0.440s] [100%] Built target client_main
[0.450s] Invoked command in '/home/chelbaev/NSU/robots/ex03/ros2_ws/build/examples_rclcpp_minimal_client' returned '0': CMAKE_PREFIX_PATH=/opt/ros/humble /usr/bin/cmake --build /home/chelbaev/NSU/robots/ex03/ros2_ws/build/examples_rclcpp_minimal_client -- -j12 -l12
[0.450s] Invoking command in '/home/chelbaev/NSU/robots/ex03/ros2_ws/build/examples_rclcpp_minimal_client': CMAKE_PREFIX_PATH=/opt/ros/humble /usr/bin/cmake --install /home/chelbaev/NSU/robots/ex03/ros2_ws/build/examples_rclcpp_minimal_client
[0.455s] -- Install configuration: "Debug"
[0.456s] -- Execute custom install script
[0.456s] -- Up-to-date symlink: /home/chelbaev/NSU/robots/ex03/ros2_ws/install/examples_rclcpp_minimal_client/lib/examples_rclcpp_minimal_client/client_main
[0.456s] -- Up-to-date symlink: /home/chelbaev/NSU/robots/ex03/ros2_ws/install/examples_rclcpp_minimal_client/share/ament_index/resource_index/package_run_dependencies/examples_rclcpp_minimal_client
[0.456s] -- Up-to-date symlink: /home/chelbaev/NSU/robots/ex03/ros2_ws/install/examples_rclcpp_minimal_client/share/ament_index/resource_index/parent_prefix_path/examples_rclcpp_minimal_client
[0.456s] -- Up-to-date symlink: /home/chelbaev/NSU/robots/ex03/ros2_ws/install/examples_rclcpp_minimal_client/share/examples_rclcpp_minimal_client/environment/ament_prefix_path.sh
[0.456s] -- Up-to-date symlink: /home/chelbaev/NSU/robots/ex03/ros2_ws/install/examples_rclcpp_minimal_client/share/examples_rclcpp_minimal_client/environment/ament_prefix_path.dsv
[0.456s] -- Up-to-date symlink: /home/chelbaev/NSU/robots/ex03/ros2_ws/install/examples_rclcpp_minimal_client/share/examples_rclcpp_minimal_client/environment/path.sh
[0.457s] -- Up-to-date symlink: /home/chelbaev/NSU/robots/ex03/ros2_ws/install/examples_rclcpp_minimal_client/share/examples_rclcpp_minimal_client/environment/path.dsv
[0.457s] -- Up-to-date symlink: /home/chelbaev/NSU/robots/ex03/ros2_ws/install/examples_rclcpp_minimal_client/share/examples_rclcpp_minimal_client/local_setup.bash
[0.457s] -- Up-to-date symlink: /home/chelbaev/NSU/robots/ex03/ros2_ws/install/examples_rclcpp_minimal_client/share/examples_rclcpp_minimal_client/local_setup.sh
[0.457s] -- Up-to-date symlink: /home/chelbaev/NSU/robots/ex03/ros2_ws/install/examples_rclcpp_minimal_client/share/examples_rclcpp_minimal_client/local_setup.zsh
[0.457s] -- Up-to-date symlink: /home/chelbaev/NSU/robots/ex03/ros2_ws/install/examples_rclcpp_minimal_client/share/examples_rclcpp_minimal_client/local_setup.dsv
[0.457s] -- Symlinking: /home/chelbaev/NSU/robots/ex03/ros2_ws/install/examples_rclcpp_minimal_client/share/examples_rclcpp_minimal_client/package.dsv
[0.463s] -- Up-to-date symlink: /home/chelbaev/NSU/robots/ex03/ros2_ws/install/examples_rclcpp_minimal_client/share/ament_index/resource_index/packages/examples_rclcpp_minimal_client
[0.464s] -- Up-to-date symlink: /home/chelbaev/NSU/robots/ex03/ros2_ws/install/examples_rclcpp_minimal_client/share/examples_rclcpp_minimal_client/cmake/examples_rclcpp_minimal_clientConfig.cmake
[0.464s] -- Up-to-date symlink: /home/chelbaev/NSU/robots/ex03/ros2_ws/install/examples_rclcpp_minimal_client/share/examples_rclcpp_minimal_client/cmake/examples_rclcpp_minimal_clientConfig-version.cmake
[0.464s] -- Up-to-date symlink: /home/chelbaev/NSU/robots/ex03/ros2_ws/install/examples_rclcpp_minimal_client/share/examples_rclcpp_minimal_client/package.xml
[0.466s] Invoked command in '/home/chelbaev/NSU/robots/ex03/ros2_ws/build/examples_rclcpp_minimal_client' returned '0': CMAKE_PREFIX_PATH=/opt/ros/humble /usr/bin/cmake --install /home/chelbaev/NSU/robots/ex03/ros2_ws/build/examples_rclcpp_minimal_client
