[0.008s] Invoking command in '/home/chelbaev/NSU/robots/ex03/ros2_ws/build/examples_rclcpp_minimal_action_client': CMAKE_PREFIX_PATH=/opt/ros/humble /usr/bin/cmake /home/chelbaev/NSU/robots/ex03/ros2_ws/src/examples/rclcpp/actions/minimal_action_client -DAMENT_CMAKE_SYMLINK_INSTALL=1 -DCMAKE_INSTALL_PREFIX=/home/chelbaev/NSU/robots/ex03/ros2_ws/install/examples_rclcpp_minimal_action_client
[0.055s] -- The C compiler identification is GNU 11.4.0
[0.095s] -- The CXX compiler identification is GNU 11.4.0
[0.099s] -- Detecting C compiler ABI info
[0.154s] -- Detecting C compiler ABI info - done
[0.163s] -- Check for working C compiler: /usr/bin/cc - skipped
[0.163s] -- Detecting C compile features
[0.163s] -- Detecting C compile features - done
[0.166s] -- Detecting CXX compiler ABI info
[0.223s] -- Detecting CXX compiler ABI info - done
[0.228s] -- Check for working CXX compiler: /usr/bin/c++ - skipped
[0.228s] -- Detecting CXX compile features
[0.228s] -- Detecting CXX compile features - done
[0.229s] -- Found ament_cmake: 1.3.12 (/opt/ros/humble/share/ament_cmake/cmake)
[0.334s] -- Found Python3: /usr/bin/python3 (found version "3.10.12") found components: Interpreter 
[0.375s] -- Override CMake install command with custom implementation using symlinks instead of copying resources
[0.387s] -- Found example_interfaces: 0.9.3 (/opt/ros/humble/share/example_interfaces/cmake)
[0.405s] -- Found rosidl_generator_c: 3.1.7 (/opt/ros/humble/share/rosidl_generator_c/cmake)
[0.407s] -- Found rosidl_adapter: 3.1.7 (/opt/ros/humble/share/rosidl_adapter/cmake)
[0.411s] -- Found rosidl_generator_cpp: 3.1.7 (/opt/ros/humble/share/rosidl_generator_cpp/cmake)
[0.417s] -- Using all available rosidl_typesupport_c: rosidl_typesupport_fastrtps_c;rosidl_typesupport_introspection_c
[0.425s] -- Using all available rosidl_typesupport_cpp: rosidl_typesupport_fastrtps_cpp;rosidl_typesupport_introspection_cpp
[0.454s] -- Found rclcpp: 16.0.14 (/opt/ros/humble/share/rclcpp/cmake)
[0.472s] -- Found rmw_implementation_cmake: 6.1.2 (/opt/ros/humble/share/rmw_implementation_cmake/cmake)
[0.474s] -- Found rmw_fastrtps_cpp: 6.2.8 (/opt/ros/humble/share/rmw_fastrtps_cpp/cmake)
[0.542s] -- Found OpenSSL: /usr/lib/x86_64-linux-gnu/libcrypto.so (found version "3.0.2")  
[0.561s] -- Found FastRTPS: /opt/ros/humble/include  
[0.590s] -- Using RMW implementation 'rmw_fastrtps_cpp' as default
[0.594s] -- Looking for pthread.h
[0.649s] -- Looking for pthread.h - found
[0.649s] -- Performing Test CMAKE_HAVE_LIBC_PTHREAD
[0.703s] -- Performing Test CMAKE_HAVE_LIBC_PTHREAD - Success
[0.705s] -- Found Threads: TRUE  
[0.735s] -- Found rclcpp_action: 16.0.14 (/opt/ros/humble/share/rclcpp_action/cmake)
[0.745s] -- Found ament_lint_auto: 0.12.14 (/opt/ros/humble/share/ament_lint_auto/cmake)
[0.801s] -- Added test 'copyright' to check source files copyright and LICENSE
[0.802s] -- Added test 'cppcheck' to perform static code analysis on C / C++ code
[0.802s] -- Configured cppcheck include dirs: 
[0.802s] -- Configured cppcheck exclude dirs and/or files: 
[0.803s] -- Added test 'cpplint' to check C / C++ code against the Google style
[0.803s] -- Configured cpplint exclude dirs and/or files: 
[0.803s] -- Added test 'lint_cmake' to check CMake code style
[0.803s] -- Added test 'uncrustify' to check C / C++ code style
[0.803s] -- Configured uncrustify additional arguments: 
[0.804s] -- Added test 'xmllint' to check XML markup files
[0.804s] -- Configuring done
[0.814s] -- Generating done
[0.818s] -- Build files have been written to: /home/chelbaev/NSU/robots/ex03/ros2_ws/build/examples_rclcpp_minimal_action_client
[0.825s] Invoked command in '/home/chelbaev/NSU/robots/ex03/ros2_ws/build/examples_rclcpp_minimal_action_client' returned '0': CMAKE_PREFIX_PATH=/opt/ros/humble /usr/bin/cmake /home/chelbaev/NSU/robots/ex03/ros2_ws/src/examples/rclcpp/actions/minimal_action_client -DAMENT_CMAKE_SYMLINK_INSTALL=1 -DCMAKE_INSTALL_PREFIX=/home/chelbaev/NSU/robots/ex03/ros2_ws/install/examples_rclcpp_minimal_action_client
[0.826s] Invoking command in '/home/chelbaev/NSU/robots/ex03/ros2_ws/build/examples_rclcpp_minimal_action_client': CMAKE_PREFIX_PATH=/opt/ros/humble /usr/bin/cmake --build /home/chelbaev/NSU/robots/ex03/ros2_ws/build/examples_rclcpp_minimal_action_client -- -j12 -l12
[0.865s] [ 12%] [32mBuilding CXX object CMakeFiles/action_client_member_functions.dir/member_functions.cpp.o[0m
[0.867s] [ 25%] [32mBuilding CXX object CMakeFiles/action_client_not_composable_with_feedback.dir/not_composable_with_feedback.cpp.o[0m
[0.868s] [ 50%] [32mBuilding CXX object CMakeFiles/action_client_not_composable_with_cancel.dir/not_composable_with_cancel.cpp.o[0m
[0.868s] [ 50%] [32mBuilding CXX object CMakeFiles/action_client_not_composable.dir/not_composable.cpp.o[0m
[3.632s] [ 62%] [32m[1mLinking CXX executable action_client_not_composable[0m
[3.803s] [ 62%] Built target action_client_not_composable
[4.006s] [ 75%] [32m[1mLinking CXX executable action_client_member_functions[0m
[4.142s] [ 75%] Built target action_client_member_functions
[4.295s] [ 87%] [32m[1mLinking CXX executable action_client_not_composable_with_feedback[0m
[4.446s] [ 87%] Built target action_client_not_composable_with_feedback
[4.734s] [100%] [32m[1mLinking CXX executable action_client_not_composable_with_cancel[0m
[4.849s] [100%] Built target action_client_not_composable_with_cancel
[4.857s] Invoked command in '/home/chelbaev/NSU/robots/ex03/ros2_ws/build/examples_rclcpp_minimal_action_client' returned '0': CMAKE_PREFIX_PATH=/opt/ros/humble /usr/bin/cmake --build /home/chelbaev/NSU/robots/ex03/ros2_ws/build/examples_rclcpp_minimal_action_client -- -j12 -l12
[4.858s] Invoking command in '/home/chelbaev/NSU/robots/ex03/ros2_ws/build/examples_rclcpp_minimal_action_client': CMAKE_PREFIX_PATH=/opt/ros/humble /usr/bin/cmake --install /home/chelbaev/NSU/robots/ex03/ros2_ws/build/examples_rclcpp_minimal_action_client
[4.863s] -- Install configuration: ""
[4.864s] -- Execute custom install script
[4.864s] -- Symlinking: /home/chelbaev/NSU/robots/ex03/ros2_ws/install/examples_rclcpp_minimal_action_client/lib/examples_rclcpp_minimal_action_client/action_client_member_functions
[4.869s] -- Symlinking: /home/chelbaev/NSU/robots/ex03/ros2_ws/install/examples_rclcpp_minimal_action_client/lib/examples_rclcpp_minimal_action_client/action_client_not_composable
[4.876s] -- Symlinking: /home/chelbaev/NSU/robots/ex03/ros2_ws/install/examples_rclcpp_minimal_action_client/lib/examples_rclcpp_minimal_action_client/action_client_not_composable_with_cancel
[4.883s] -- Symlinking: /home/chelbaev/NSU/robots/ex03/ros2_ws/install/examples_rclcpp_minimal_action_client/lib/examples_rclcpp_minimal_action_client/action_client_not_composable_with_feedback
[4.890s] -- Symlinking: /home/chelbaev/NSU/robots/ex03/ros2_ws/install/examples_rclcpp_minimal_action_client/share/ament_index/resource_index/package_run_dependencies/examples_rclcpp_minimal_action_client
[4.897s] -- Symlinking: /home/chelbaev/NSU/robots/ex03/ros2_ws/install/examples_rclcpp_minimal_action_client/share/ament_index/resource_index/parent_prefix_path/examples_rclcpp_minimal_action_client
[4.903s] -- Symlinking: /home/chelbaev/NSU/robots/ex03/ros2_ws/install/examples_rclcpp_minimal_action_client/share/examples_rclcpp_minimal_action_client/environment/ament_prefix_path.sh
[4.910s] -- Symlinking: /home/chelbaev/NSU/robots/ex03/ros2_ws/install/examples_rclcpp_minimal_action_client/share/examples_rclcpp_minimal_action_client/environment/ament_prefix_path.dsv
[4.915s] -- Symlinking: /home/chelbaev/NSU/robots/ex03/ros2_ws/install/examples_rclcpp_minimal_action_client/share/examples_rclcpp_minimal_action_client/environment/path.sh
[4.921s] -- Symlinking: /home/chelbaev/NSU/robots/ex03/ros2_ws/install/examples_rclcpp_minimal_action_client/share/examples_rclcpp_minimal_action_client/environment/path.dsv
[4.926s] -- Symlinking: /home/chelbaev/NSU/robots/ex03/ros2_ws/install/examples_rclcpp_minimal_action_client/share/examples_rclcpp_minimal_action_client/local_setup.bash
[4.931s] -- Symlinking: /home/chelbaev/NSU/robots/ex03/ros2_ws/install/examples_rclcpp_minimal_action_client/share/examples_rclcpp_minimal_action_client/local_setup.sh
[4.937s] -- Symlinking: /home/chelbaev/NSU/robots/ex03/ros2_ws/install/examples_rclcpp_minimal_action_client/share/examples_rclcpp_minimal_action_client/local_setup.zsh
[4.944s] -- Symlinking: /home/chelbaev/NSU/robots/ex03/ros2_ws/install/examples_rclcpp_minimal_action_client/share/examples_rclcpp_minimal_action_client/local_setup.dsv
[4.949s] -- Symlinking: /home/chelbaev/NSU/robots/ex03/ros2_ws/install/examples_rclcpp_minimal_action_client/share/examples_rclcpp_minimal_action_client/package.dsv
[4.956s] -- Symlinking: /home/chelbaev/NSU/robots/ex03/ros2_ws/install/examples_rclcpp_minimal_action_client/share/ament_index/resource_index/packages/examples_rclcpp_minimal_action_client
[4.962s] -- Symlinking: /home/chelbaev/NSU/robots/ex03/ros2_ws/install/examples_rclcpp_minimal_action_client/share/examples_rclcpp_minimal_action_client/cmake/examples_rclcpp_minimal_action_clientConfig.cmake
[4.968s] -- Symlinking: /home/chelbaev/NSU/robots/ex03/ros2_ws/install/examples_rclcpp_minimal_action_client/share/examples_rclcpp_minimal_action_client/cmake/examples_rclcpp_minimal_action_clientConfig-version.cmake
[4.974s] -- Symlinking: /home/chelbaev/NSU/robots/ex03/ros2_ws/install/examples_rclcpp_minimal_action_client/share/examples_rclcpp_minimal_action_client/package.xml
[4.984s] Invoked command in '/home/chelbaev/NSU/robots/ex03/ros2_ws/build/examples_rclcpp_minimal_action_client' returned '0': CMAKE_PREFIX_PATH=/opt/ros/humble /usr/bin/cmake --install /home/chelbaev/NSU/robots/ex03/ros2_ws/build/examples_rclcpp_minimal_action_client
