[0.337s] Invoking command in '/home/chelbaev/NSU/robots/ros2_ws/src/ten_pub': PYTHONPATH=/home/chelbaev/NSU/robots/ros2_ws/build/ten_pub/prefix_override:/usr/lib/python3/dist-packages/colcon_core/task/python/colcon_distutils_commands:/home/chelbaev/NSU/robots/ros2_ws/install/ten_pub/lib/python3.10/site-packages:${PYTHONPATH} /usr/bin/python3 -W ignore:setup.py install is deprecated -W ignore:easy_install command is deprecated setup.py egg_info --egg-base ../../build/ten_pub build --build-base /home/chelbaev/NSU/robots/ros2_ws/build/ten_pub/build install --record /home/chelbaev/NSU/robots/ros2_ws/build/ten_pub/install.log --single-version-externally-managed install_data
[0.466s] running egg_info
[0.467s] writing ../../build/ten_pub/ten_pub.egg-info/PKG-INFO
[0.467s] writing dependency_links to ../../build/ten_pub/ten_pub.egg-info/dependency_links.txt
[0.467s] writing entry points to ../../build/ten_pub/ten_pub.egg-info/entry_points.txt
[0.467s] writing requirements to ../../build/ten_pub/ten_pub.egg-info/requires.txt
[0.467s] writing top-level names to ../../build/ten_pub/ten_pub.egg-info/top_level.txt
[0.468s] reading manifest file '../../build/ten_pub/ten_pub.egg-info/SOURCES.txt'
[0.468s] adding license file 'LICENSE'
[0.468s] writing manifest file '../../build/ten_pub/ten_pub.egg-info/SOURCES.txt'
[0.468s] running build
[0.468s] running build_py
[0.469s] copying ten_pub/publisher_member_function.py -> /home/chelbaev/NSU/robots/ros2_ws/build/ten_pub/build/lib/ten_pub
[0.469s] running install
[0.469s] running install_lib
[0.469s] copying /home/chelbaev/NSU/robots/ros2_ws/build/ten_pub/build/lib/ten_pub/publisher_member_function.py -> /home/chelbaev/NSU/robots/ros2_ws/install/ten_pub/lib/python3.10/site-packages/ten_pub
[0.470s] byte-compiling /home/chelbaev/NSU/robots/ros2_ws/install/ten_pub/lib/python3.10/site-packages/ten_pub/publisher_member_function.py to publisher_member_function.cpython-310.pyc
[0.470s] running install_data
[0.470s]   File "/home/chelbaev/NSU/robots/ros2_ws/install/ten_pub/lib/python3.10/site-packages/ten_pub/publisher_member_function.py", line 32
[0.470s]     msg.linear.x = = 1 
[0.470s]                    ^
[0.470s] SyntaxError: invalid syntax
[0.470s] 
[0.470s] running install_egg_info
[0.471s] removing '/home/chelbaev/NSU/robots/ros2_ws/install/ten_pub/lib/python3.10/site-packages/ten_pub-0.0.0-py3.10.egg-info' (and everything under it)
[0.471s] Copying ../../build/ten_pub/ten_pub.egg-info to /home/chelbaev/NSU/robots/ros2_ws/install/ten_pub/lib/python3.10/site-packages/ten_pub-0.0.0-py3.10.egg-info
[0.472s] running install_scripts
[0.483s] Installing talker script to /home/chelbaev/NSU/robots/ros2_ws/install/ten_pub/lib/ten_pub
[0.484s] writing list of installed files to '/home/chelbaev/NSU/robots/ros2_ws/build/ten_pub/install.log'
[0.498s] Invoked command in '/home/chelbaev/NSU/robots/ros2_ws/src/ten_pub' returned '0': PYTHONPATH=/home/chelbaev/NSU/robots/ros2_ws/build/ten_pub/prefix_override:/usr/lib/python3/dist-packages/colcon_core/task/python/colcon_distutils_commands:/home/chelbaev/NSU/robots/ros2_ws/install/ten_pub/lib/python3.10/site-packages:${PYTHONPATH} /usr/bin/python3 -W ignore:setup.py install is deprecated -W ignore:easy_install command is deprecated setup.py egg_info --egg-base ../../build/ten_pub build --build-base /home/chelbaev/NSU/robots/ros2_ws/build/ten_pub/build install --record /home/chelbaev/NSU/robots/ros2_ws/build/ten_pub/install.log --single-version-externally-managed install_data
