[0.411s] Invoking command in '/home/chelbaev/NSU/robots/ros2_ws/src/py_pubsub': PYTHONPATH=/home/chelbaev/NSU/robots/ros2_ws/build/py_pubsub/prefix_override:/usr/lib/python3/dist-packages/colcon_core/task/python/colcon_distutils_commands:/home/chelbaev/NSU/robots/ros2_ws/install/py_pubsub/lib/python3.10/site-packages:${PYTHONPATH} /usr/bin/python3 -W ignore:setup.py install is deprecated -W ignore:easy_install command is deprecated setup.py egg_info --egg-base ../../build/py_pubsub build --build-base /home/chelbaev/NSU/robots/ros2_ws/build/py_pubsub/build install --record /home/chelbaev/NSU/robots/ros2_ws/build/py_pubsub/install.log --single-version-externally-managed install_data
[0.739s] running egg_info
[0.739s] writing ../../build/py_pubsub/py_pubsub.egg-info/PKG-INFO
[0.740s] writing dependency_links to ../../build/py_pubsub/py_pubsub.egg-info/dependency_links.txt
[0.740s] writing entry points to ../../build/py_pubsub/py_pubsub.egg-info/entry_points.txt
[0.740s] writing requirements to ../../build/py_pubsub/py_pubsub.egg-info/requires.txt
[0.740s] writing top-level names to ../../build/py_pubsub/py_pubsub.egg-info/top_level.txt
[0.742s] reading manifest file '../../build/py_pubsub/py_pubsub.egg-info/SOURCES.txt'
[0.742s] adding license file 'LICENSE'
[0.743s] writing manifest file '../../build/py_pubsub/py_pubsub.egg-info/SOURCES.txt'
[0.743s] running build
[0.743s] running build_py
[0.743s] running install
[0.743s] running install_lib
[0.744s] running install_data
[0.744s] running install_egg_info
[0.745s] removing '/home/chelbaev/NSU/robots/ros2_ws/install/py_pubsub/lib/python3.10/site-packages/py_pubsub-0.0.0-py3.10.egg-info' (and everything under it)
[0.745s] Copying ../../build/py_pubsub/py_pubsub.egg-info to /home/chelbaev/NSU/robots/ros2_ws/install/py_pubsub/lib/python3.10/site-packages/py_pubsub-0.0.0-py3.10.egg-info
[0.746s] running install_scripts
[0.760s] Installing listener script to /home/chelbaev/NSU/robots/ros2_ws/install/py_pubsub/lib/py_pubsub
[0.760s] Installing talker script to /home/chelbaev/NSU/robots/ros2_ws/install/py_pubsub/lib/py_pubsub
[0.760s] writing list of installed files to '/home/chelbaev/NSU/robots/ros2_ws/build/py_pubsub/install.log'
[0.776s] Invoked command in '/home/chelbaev/NSU/robots/ros2_ws/src/py_pubsub' returned '0': PYTHONPATH=/home/chelbaev/NSU/robots/ros2_ws/build/py_pubsub/prefix_override:/usr/lib/python3/dist-packages/colcon_core/task/python/colcon_distutils_commands:/home/chelbaev/NSU/robots/ros2_ws/install/py_pubsub/lib/python3.10/site-packages:${PYTHONPATH} /usr/bin/python3 -W ignore:setup.py install is deprecated -W ignore:easy_install command is deprecated setup.py egg_info --egg-base ../../build/py_pubsub build --build-base /home/chelbaev/NSU/robots/ros2_ws/build/py_pubsub/build install --record /home/chelbaev/NSU/robots/ros2_ws/build/py_pubsub/install.log --single-version-externally-managed install_data
