[0.661s] Invoking command in '/home/chelbaev/NSU/robots/ros2_ws/src/py_pubsub': PYTHONPATH=/home/chelbaev/NSU/robots/ros2_ws/build/py_pubsub/prefix_override:/usr/lib/python3/dist-packages/colcon_core/task/python/colcon_distutils_commands:/home/chelbaev/NSU/robots/ros2_ws/install/py_pubsub/lib/python3.10/site-packages:${PYTHONPATH} /usr/bin/python3 -W ignore:setup.py install is deprecated -W ignore:easy_install command is deprecated setup.py egg_info --egg-base ../../build/py_pubsub build --build-base /home/chelbaev/NSU/robots/ros2_ws/build/py_pubsub/build install --record /home/chelbaev/NSU/robots/ros2_ws/build/py_pubsub/install.log --single-version-externally-managed install_data
[0.831s] running egg_info
[0.832s] creating ../../build/py_pubsub/py_pubsub.egg-info
[0.832s] writing ../../build/py_pubsub/py_pubsub.egg-info/PKG-INFO
[0.832s] writing dependency_links to ../../build/py_pubsub/py_pubsub.egg-info/dependency_links.txt
[0.833s] writing entry points to ../../build/py_pubsub/py_pubsub.egg-info/entry_points.txt
[0.833s] writing requirements to ../../build/py_pubsub/py_pubsub.egg-info/requires.txt
[0.833s] writing top-level names to ../../build/py_pubsub/py_pubsub.egg-info/top_level.txt
[0.833s] writing manifest file '../../build/py_pubsub/py_pubsub.egg-info/SOURCES.txt'
[0.834s] reading manifest file '../../build/py_pubsub/py_pubsub.egg-info/SOURCES.txt'
[0.834s] adding license file 'LICENSE'
[0.835s] writing manifest file '../../build/py_pubsub/py_pubsub.egg-info/SOURCES.txt'
[0.835s] running build
[0.835s] running build_py
[0.835s] creating /home/chelbaev/NSU/robots/ros2_ws/build/py_pubsub/build
[0.835s] creating /home/chelbaev/NSU/robots/ros2_ws/build/py_pubsub/build/lib
[0.835s] creating /home/chelbaev/NSU/robots/ros2_ws/build/py_pubsub/build/lib/py_pubsub
[0.835s] copying py_pubsub/__init__.py -> /home/chelbaev/NSU/robots/ros2_ws/build/py_pubsub/build/lib/py_pubsub
[0.835s] copying py_pubsub/publisher_member_function.py -> /home/chelbaev/NSU/robots/ros2_ws/build/py_pubsub/build/lib/py_pubsub
[0.835s] copying py_pubsub/subscriber_member_function.py -> /home/chelbaev/NSU/robots/ros2_ws/build/py_pubsub/build/lib/py_pubsub
[0.836s] running install
[0.836s] running install_lib
[0.836s] creating /home/chelbaev/NSU/robots/ros2_ws/install/py_pubsub/lib/python3.10/site-packages/py_pubsub
[0.836s] copying /home/chelbaev/NSU/robots/ros2_ws/build/py_pubsub/build/lib/py_pubsub/__init__.py -> /home/chelbaev/NSU/robots/ros2_ws/install/py_pubsub/lib/python3.10/site-packages/py_pubsub
[0.836s] copying /home/chelbaev/NSU/robots/ros2_ws/build/py_pubsub/build/lib/py_pubsub/publisher_member_function.py -> /home/chelbaev/NSU/robots/ros2_ws/install/py_pubsub/lib/python3.10/site-packages/py_pubsub
[0.836s] copying /home/chelbaev/NSU/robots/ros2_ws/build/py_pubsub/build/lib/py_pubsub/subscriber_member_function.py -> /home/chelbaev/NSU/robots/ros2_ws/install/py_pubsub/lib/python3.10/site-packages/py_pubsub
[0.836s] byte-compiling /home/chelbaev/NSU/robots/ros2_ws/install/py_pubsub/lib/python3.10/site-packages/py_pubsub/__init__.py to __init__.cpython-310.pyc
[0.837s] byte-compiling /home/chelbaev/NSU/robots/ros2_ws/install/py_pubsub/lib/python3.10/site-packages/py_pubsub/publisher_member_function.py to publisher_member_function.cpython-310.pyc
[0.837s] byte-compiling /home/chelbaev/NSU/robots/ros2_ws/install/py_pubsub/lib/python3.10/site-packages/py_pubsub/subscriber_member_function.py to subscriber_member_function.cpython-310.pyc
[0.837s] running install_data
[0.837s] creating /home/chelbaev/NSU/robots/ros2_ws/install/py_pubsub/share/ament_index
[0.837s] creating /home/chelbaev/NSU/robots/ros2_ws/install/py_pubsub/share/ament_index/resource_index
[0.837s] creating /home/chelbaev/NSU/robots/ros2_ws/install/py_pubsub/share/ament_index/resource_index/packages
[0.837s] copying resource/py_pubsub -> /home/chelbaev/NSU/robots/ros2_ws/install/py_pubsub/share/ament_index/resource_index/packages
[0.837s] copying package.xml -> /home/chelbaev/NSU/robots/ros2_ws/install/py_pubsub/share/py_pubsub
[0.838s] running install_egg_info
[0.839s] Copying ../../build/py_pubsub/py_pubsub.egg-info to /home/chelbaev/NSU/robots/ros2_ws/install/py_pubsub/lib/python3.10/site-packages/py_pubsub-0.0.0-py3.10.egg-info
[0.839s] running install_scripts
[0.854s] Installing listener script to /home/chelbaev/NSU/robots/ros2_ws/install/py_pubsub/lib/py_pubsub
[0.854s] Installing talker script to /home/chelbaev/NSU/robots/ros2_ws/install/py_pubsub/lib/py_pubsub
[0.854s] writing list of installed files to '/home/chelbaev/NSU/robots/ros2_ws/build/py_pubsub/install.log'
[0.869s] Invoked command in '/home/chelbaev/NSU/robots/ros2_ws/src/py_pubsub' returned '0': PYTHONPATH=/home/chelbaev/NSU/robots/ros2_ws/build/py_pubsub/prefix_override:/usr/lib/python3/dist-packages/colcon_core/task/python/colcon_distutils_commands:/home/chelbaev/NSU/robots/ros2_ws/install/py_pubsub/lib/python3.10/site-packages:${PYTHONPATH} /usr/bin/python3 -W ignore:setup.py install is deprecated -W ignore:easy_install command is deprecated setup.py egg_info --egg-base ../../build/py_pubsub build --build-base /home/chelbaev/NSU/robots/ros2_ws/build/py_pubsub/build install --record /home/chelbaev/NSU/robots/ros2_ws/build/py_pubsub/install.log --single-version-externally-managed install_data
