[0.007s] Invoking command in '/home/chelbaev/NSU/robots/ex03/ros2_ws/build/my_package': CMAKE_PREFIX_PATH=${CMAKE_PREFIX_PATH}:/home/chelbaev/NSU/robots/ex03/ros2_ws/install/launch_testing_examples:/home/chelbaev/NSU/robots/ex03/ros2_ws/install/examples_rclpy_pointcloud_publisher:/home/chelbaev/NSU/robots/ex03/ros2_ws/install/examples_rclpy_minimal_subscriber:/home/chelbaev/NSU/robots/ex03/ros2_ws/install/examples_rclpy_minimal_service:/home/chelbaev/NSU/robots/ex03/ros2_ws/install/examples_rclpy_minimal_publisher:/home/chelbaev/NSU/robots/ex03/ros2_ws/install/examples_rclpy_minimal_client:/home/chelbaev/NSU/robots/ex03/ros2_ws/install/examples_rclpy_minimal_action_server:/home/chelbaev/NSU/robots/ex03/ros2_ws/install/examples_rclpy_minimal_action_client:/home/chelbaev/NSU/robots/ex03/ros2_ws/install/examples_rclpy_guard_conditions:/home/chelbaev/NSU/robots/ex03/ros2_ws/install/examples_rclpy_executors:/opt/ros/humble /usr/bin/cmake --build /home/chelbaev/NSU/robots/ex03/ros2_ws/build/my_package -- -j12 -l12
[0.037s] Consolidate compiler generated dependencies of target my_node
[0.044s] [100%] Built target my_node
[0.052s] Invoked command in '/home/chelbaev/NSU/robots/ex03/ros2_ws/build/my_package' returned '0': CMAKE_PREFIX_PATH=${CMAKE_PREFIX_PATH}:/home/chelbaev/NSU/robots/ex03/ros2_ws/install/launch_testing_examples:/home/chelbaev/NSU/robots/ex03/ros2_ws/install/examples_rclpy_pointcloud_publisher:/home/chelbaev/NSU/robots/ex03/ros2_ws/install/examples_rclpy_minimal_subscriber:/home/chelbaev/NSU/robots/ex03/ros2_ws/install/examples_rclpy_minimal_service:/home/chelbaev/NSU/robots/ex03/ros2_ws/install/examples_rclpy_minimal_publisher:/home/chelbaev/NSU/robots/ex03/ros2_ws/install/examples_rclpy_minimal_client:/home/chelbaev/NSU/robots/ex03/ros2_ws/install/examples_rclpy_minimal_action_server:/home/chelbaev/NSU/robots/ex03/ros2_ws/install/examples_rclpy_minimal_action_client:/home/chelbaev/NSU/robots/ex03/ros2_ws/install/examples_rclpy_guard_conditions:/home/chelbaev/NSU/robots/ex03/ros2_ws/install/examples_rclpy_executors:/opt/ros/humble /usr/bin/cmake --build /home/chelbaev/NSU/robots/ex03/ros2_ws/build/my_package -- -j12 -l12
[0.059s] Invoking command in '/home/chelbaev/NSU/robots/ex03/ros2_ws/build/my_package': CMAKE_PREFIX_PATH=${CMAKE_PREFIX_PATH}:/home/chelbaev/NSU/robots/ex03/ros2_ws/install/launch_testing_examples:/home/chelbaev/NSU/robots/ex03/ros2_ws/install/examples_rclpy_pointcloud_publisher:/home/chelbaev/NSU/robots/ex03/ros2_ws/install/examples_rclpy_minimal_subscriber:/home/chelbaev/NSU/robots/ex03/ros2_ws/install/examples_rclpy_minimal_service:/home/chelbaev/NSU/robots/ex03/ros2_ws/install/examples_rclpy_minimal_publisher:/home/chelbaev/NSU/robots/ex03/ros2_ws/install/examples_rclpy_minimal_client:/home/chelbaev/NSU/robots/ex03/ros2_ws/install/examples_rclpy_minimal_action_server:/home/chelbaev/NSU/robots/ex03/ros2_ws/install/examples_rclpy_minimal_action_client:/home/chelbaev/NSU/robots/ex03/ros2_ws/install/examples_rclpy_guard_conditions:/home/chelbaev/NSU/robots/ex03/ros2_ws/install/examples_rclpy_executors:/opt/ros/humble /usr/bin/cmake --install /home/chelbaev/NSU/robots/ex03/ros2_ws/build/my_package
[0.063s] -- Install configuration: ""
[0.063s] -- Up-to-date: /home/chelbaev/NSU/robots/ex03/ros2_ws/install/my_package/lib/my_package/my_node
[0.064s] -- Up-to-date: /home/chelbaev/NSU/robots/ex03/ros2_ws/install/my_package/share/ament_index/resource_index/package_run_dependencies/my_package
[0.064s] -- Up-to-date: /home/chelbaev/NSU/robots/ex03/ros2_ws/install/my_package/share/ament_index/resource_index/parent_prefix_path/my_package
[0.064s] -- Up-to-date: /home/chelbaev/NSU/robots/ex03/ros2_ws/install/my_package/share/my_package/environment/ament_prefix_path.sh
[0.064s] -- Up-to-date: /home/chelbaev/NSU/robots/ex03/ros2_ws/install/my_package/share/my_package/environment/ament_prefix_path.dsv
[0.064s] -- Up-to-date: /home/chelbaev/NSU/robots/ex03/ros2_ws/install/my_package/share/my_package/environment/path.sh
[0.064s] -- Up-to-date: /home/chelbaev/NSU/robots/ex03/ros2_ws/install/my_package/share/my_package/environment/path.dsv
[0.064s] -- Up-to-date: /home/chelbaev/NSU/robots/ex03/ros2_ws/install/my_package/share/my_package/local_setup.bash
[0.064s] -- Up-to-date: /home/chelbaev/NSU/robots/ex03/ros2_ws/install/my_package/share/my_package/local_setup.sh
[0.064s] -- Up-to-date: /home/chelbaev/NSU/robots/ex03/ros2_ws/install/my_package/share/my_package/local_setup.zsh
[0.064s] -- Up-to-date: /home/chelbaev/NSU/robots/ex03/ros2_ws/install/my_package/share/my_package/local_setup.dsv
[0.064s] -- Up-to-date: /home/chelbaev/NSU/robots/ex03/ros2_ws/install/my_package/share/my_package/package.dsv
[0.064s] -- Up-to-date: /home/chelbaev/NSU/robots/ex03/ros2_ws/install/my_package/share/ament_index/resource_index/packages/my_package
[0.064s] -- Up-to-date: /home/chelbaev/NSU/robots/ex03/ros2_ws/install/my_package/share/my_package/cmake/my_packageConfig.cmake
[0.064s] -- Up-to-date: /home/chelbaev/NSU/robots/ex03/ros2_ws/install/my_package/share/my_package/cmake/my_packageConfig-version.cmake
[0.065s] -- Up-to-date: /home/chelbaev/NSU/robots/ex03/ros2_ws/install/my_package/share/my_package/package.xml
[0.065s] Invoked command in '/home/chelbaev/NSU/robots/ex03/ros2_ws/build/my_package' returned '0': CMAKE_PREFIX_PATH=${CMAKE_PREFIX_PATH}:/home/chelbaev/NSU/robots/ex03/ros2_ws/install/launch_testing_examples:/home/chelbaev/NSU/robots/ex03/ros2_ws/install/examples_rclpy_pointcloud_publisher:/home/chelbaev/NSU/robots/ex03/ros2_ws/install/examples_rclpy_minimal_subscriber:/home/chelbaev/NSU/robots/ex03/ros2_ws/install/examples_rclpy_minimal_service:/home/chelbaev/NSU/robots/ex03/ros2_ws/install/examples_rclpy_minimal_publisher:/home/chelbaev/NSU/robots/ex03/ros2_ws/install/examples_rclpy_minimal_client:/home/chelbaev/NSU/robots/ex03/ros2_ws/install/examples_rclpy_minimal_action_server:/home/chelbaev/NSU/robots/ex03/ros2_ws/install/examples_rclpy_minimal_action_client:/home/chelbaev/NSU/robots/ex03/ros2_ws/install/examples_rclpy_guard_conditions:/home/chelbaev/NSU/robots/ex03/ros2_ws/install/examples_rclpy_executors:/opt/ros/humble /usr/bin/cmake --install /home/chelbaev/NSU/robots/ex03/ros2_ws/build/my_package
