[0.316s] Invoking command in '/home/chelbaev/NSU/robots/ex03/ros2_ws/build/examples_rclpy_minimal_service': PYTHONPATH=/home/chelbaev/NSU/robots/ex03/ros2_ws/build/examples_rclpy_minimal_service/prefix_override:/usr/lib/python3/dist-packages/colcon_core/task/python/colcon_distutils_commands:/home/chelbaev/NSU/robots/ex03/ros2_ws/install/examples_rclpy_minimal_service/lib/python3.10/site-packages:${PYTHONPATH} /usr/bin/python3 -W ignore:setup.py install is deprecated -W ignore:easy_install command is deprecated setup.py develop --editable --build-directory /home/chelbaev/NSU/robots/ex03/ros2_ws/build/examples_rclpy_minimal_service/build --no-deps symlink_data
[0.455s] running develop
[0.529s] running egg_info
[0.529s] creating examples_rclpy_minimal_service.egg-info
[0.529s] writing examples_rclpy_minimal_service.egg-info/PKG-INFO
[0.529s] writing dependency_links to examples_rclpy_minimal_service.egg-info/dependency_links.txt
[0.529s] writing entry points to examples_rclpy_minimal_service.egg-info/entry_points.txt
[0.529s] writing requirements to examples_rclpy_minimal_service.egg-info/requires.txt
[0.529s] writing top-level names to examples_rclpy_minimal_service.egg-info/top_level.txt
[0.529s] writing manifest file 'examples_rclpy_minimal_service.egg-info/SOURCES.txt'
[0.530s] reading manifest file 'examples_rclpy_minimal_service.egg-info/SOURCES.txt'
[0.530s] writing manifest file 'examples_rclpy_minimal_service.egg-info/SOURCES.txt'
[0.531s] running build_ext
[0.531s] Creating /home/chelbaev/NSU/robots/ex03/ros2_ws/install/examples_rclpy_minimal_service/lib/python3.10/site-packages/examples-rclpy-minimal-service.egg-link (link to .)
[0.532s] Installing service script to /home/chelbaev/NSU/robots/ex03/ros2_ws/install/examples_rclpy_minimal_service/lib/examples_rclpy_minimal_service
[0.532s] Installing service_member_function script to /home/chelbaev/NSU/robots/ex03/ros2_ws/install/examples_rclpy_minimal_service/lib/examples_rclpy_minimal_service
[0.532s] 
[0.532s] Installed /home/chelbaev/NSU/robots/ex03/ros2_ws/build/examples_rclpy_minimal_service
[0.532s] running symlink_data
[0.532s] creating /home/chelbaev/NSU/robots/ex03/ros2_ws/install/examples_rclpy_minimal_service/share/ament_index
[0.532s] creating /home/chelbaev/NSU/robots/ex03/ros2_ws/install/examples_rclpy_minimal_service/share/ament_index/resource_index
[0.532s] creating /home/chelbaev/NSU/robots/ex03/ros2_ws/install/examples_rclpy_minimal_service/share/ament_index/resource_index/packages
[0.532s] symbolically linking /home/chelbaev/NSU/robots/ex03/ros2_ws/build/examples_rclpy_minimal_service/resource/examples_rclpy_minimal_service -> /home/chelbaev/NSU/robots/ex03/ros2_ws/install/examples_rclpy_minimal_service/share/ament_index/resource_index/packages
[0.532s] symbolically linking /home/chelbaev/NSU/robots/ex03/ros2_ws/build/examples_rclpy_minimal_service/package.xml -> /home/chelbaev/NSU/robots/ex03/ros2_ws/install/examples_rclpy_minimal_service/share/examples_rclpy_minimal_service
[0.551s] Invoked command in '/home/chelbaev/NSU/robots/ex03/ros2_ws/build/examples_rclpy_minimal_service' returned '0': PYTHONPATH=/home/chelbaev/NSU/robots/ex03/ros2_ws/build/examples_rclpy_minimal_service/prefix_override:/usr/lib/python3/dist-packages/colcon_core/task/python/colcon_distutils_commands:/home/chelbaev/NSU/robots/ex03/ros2_ws/install/examples_rclpy_minimal_service/lib/python3.10/site-packages:${PYTHONPATH} /usr/bin/python3 -W ignore:setup.py install is deprecated -W ignore:easy_install command is deprecated setup.py develop --editable --build-directory /home/chelbaev/NSU/robots/ex03/ros2_ws/build/examples_rclpy_minimal_service/build --no-deps symlink_data
