[0.325s] Invoking command in '/home/chelbaev/NSU/robots/ex03/ros2_ws/build/examples_rclpy_minimal_client': PYTHONPATH=/home/chelbaev/NSU/robots/ex03/ros2_ws/build/examples_rclpy_minimal_client/prefix_override:/usr/lib/python3/dist-packages/colcon_core/task/python/colcon_distutils_commands:/home/chelbaev/NSU/robots/ex03/ros2_ws/install/examples_rclpy_minimal_client/lib/python3.10/site-packages:${PYTHONPATH} /usr/bin/python3 -W ignore:setup.py install is deprecated -W ignore:easy_install command is deprecated setup.py develop --editable --build-directory /home/chelbaev/NSU/robots/ex03/ros2_ws/build/examples_rclpy_minimal_client/build --no-deps symlink_data
[0.459s] running develop
[0.532s] running egg_info
[0.533s] creating examples_rclpy_minimal_client.egg-info
[0.533s] writing examples_rclpy_minimal_client.egg-info/PKG-INFO
[0.533s] writing dependency_links to examples_rclpy_minimal_client.egg-info/dependency_links.txt
[0.533s] writing entry points to examples_rclpy_minimal_client.egg-info/entry_points.txt
[0.533s] writing requirements to examples_rclpy_minimal_client.egg-info/requires.txt
[0.533s] writing top-level names to examples_rclpy_minimal_client.egg-info/top_level.txt
[0.533s] writing manifest file 'examples_rclpy_minimal_client.egg-info/SOURCES.txt'
[0.534s] reading manifest file 'examples_rclpy_minimal_client.egg-info/SOURCES.txt'
[0.534s] writing manifest file 'examples_rclpy_minimal_client.egg-info/SOURCES.txt'
[0.535s] running build_ext
[0.535s] Creating /home/chelbaev/NSU/robots/ex03/ros2_ws/install/examples_rclpy_minimal_client/lib/python3.10/site-packages/examples-rclpy-minimal-client.egg-link (link to .)
[0.535s] Installing client script to /home/chelbaev/NSU/robots/ex03/ros2_ws/install/examples_rclpy_minimal_client/lib/examples_rclpy_minimal_client
[0.536s] Installing client_async script to /home/chelbaev/NSU/robots/ex03/ros2_ws/install/examples_rclpy_minimal_client/lib/examples_rclpy_minimal_client
[0.536s] Installing client_async_callback script to /home/chelbaev/NSU/robots/ex03/ros2_ws/install/examples_rclpy_minimal_client/lib/examples_rclpy_minimal_client
[0.536s] Installing client_async_member_function script to /home/chelbaev/NSU/robots/ex03/ros2_ws/install/examples_rclpy_minimal_client/lib/examples_rclpy_minimal_client
[0.536s] 
[0.536s] Installed /home/chelbaev/NSU/robots/ex03/ros2_ws/build/examples_rclpy_minimal_client
[0.536s] running symlink_data
[0.536s] creating /home/chelbaev/NSU/robots/ex03/ros2_ws/install/examples_rclpy_minimal_client/share/ament_index
[0.536s] creating /home/chelbaev/NSU/robots/ex03/ros2_ws/install/examples_rclpy_minimal_client/share/ament_index/resource_index
[0.536s] creating /home/chelbaev/NSU/robots/ex03/ros2_ws/install/examples_rclpy_minimal_client/share/ament_index/resource_index/packages
[0.536s] symbolically linking /home/chelbaev/NSU/robots/ex03/ros2_ws/build/examples_rclpy_minimal_client/resource/examples_rclpy_minimal_client -> /home/chelbaev/NSU/robots/ex03/ros2_ws/install/examples_rclpy_minimal_client/share/ament_index/resource_index/packages
[0.536s] symbolically linking /home/chelbaev/NSU/robots/ex03/ros2_ws/build/examples_rclpy_minimal_client/package.xml -> /home/chelbaev/NSU/robots/ex03/ros2_ws/install/examples_rclpy_minimal_client/share/examples_rclpy_minimal_client
[0.553s] Invoked command in '/home/chelbaev/NSU/robots/ex03/ros2_ws/build/examples_rclpy_minimal_client' returned '0': PYTHONPATH=/home/chelbaev/NSU/robots/ex03/ros2_ws/build/examples_rclpy_minimal_client/prefix_override:/usr/lib/python3/dist-packages/colcon_core/task/python/colcon_distutils_commands:/home/chelbaev/NSU/robots/ex03/ros2_ws/install/examples_rclpy_minimal_client/lib/python3.10/site-packages:${PYTHONPATH} /usr/bin/python3 -W ignore:setup.py install is deprecated -W ignore:easy_install command is deprecated setup.py develop --editable --build-directory /home/chelbaev/NSU/robots/ex03/ros2_ws/build/examples_rclpy_minimal_client/build --no-deps symlink_data
