[0.005s] Invoking command in '/home/chelbaev/NSU/robots/ex03/ros2_ws/build/examples_rclcpp_minimal_composition': CMAKE_PREFIX_PATH=/opt/ros/humble /usr/bin/cmake --build /home/chelbaev/NSU/robots/ex03/ros2_ws/build/examples_rclcpp_minimal_composition -- -j12 -l12
[0.043s] [35m[1mConsolidate compiler generated dependencies of target composition_nodes[0m
[0.058s] [ 33%] Built target composition_nodes
[0.069s] [35m[1mConsolidate compiler generated dependencies of target composition_publisher[0m
[0.070s] [35m[1mConsolidate compiler generated dependencies of target composition_subscriber[0m
[0.070s] [35m[1mConsolidate compiler generated dependencies of target composition_composed[0m
[0.084s] [ 55%] Built target composition_publisher
[0.086s] [100%] Built target composition_subscriber
[0.086s] [100%] Built target composition_composed
[0.095s] Invoked command in '/home/chelbaev/NSU/robots/ex03/ros2_ws/build/examples_rclcpp_minimal_composition' returned '0': CMAKE_PREFIX_PATH=/opt/ros/humble /usr/bin/cmake --build /home/chelbaev/NSU/robots/ex03/ros2_ws/build/examples_rclcpp_minimal_composition -- -j12 -l12
[0.096s] Invoking command in '/home/chelbaev/NSU/robots/ex03/ros2_ws/build/examples_rclcpp_minimal_composition': CMAKE_PREFIX_PATH=/opt/ros/humble /usr/bin/cmake --install /home/chelbaev/NSU/robots/ex03/ros2_ws/build/examples_rclcpp_minimal_composition
[0.102s] -- Install configuration: "Debug"
[0.102s] -- Execute custom install script
[0.102s] -- Up-to-date symlink: /home/chelbaev/NSU/robots/ex03/ros2_ws/install/examples_rclcpp_minimal_composition/share/examples_rclcpp_minimal_composition/environment/library_path.sh
[0.103s] -- Up-to-date symlink: /home/chelbaev/NSU/robots/ex03/ros2_ws/install/examples_rclcpp_minimal_composition/share/examples_rclcpp_minimal_composition/environment/library_path.dsv
[0.103s] -- Up-to-date symlink: /home/chelbaev/NSU/robots/ex03/ros2_ws/install/examples_rclcpp_minimal_composition/lib/libcomposition_nodes.so
[0.103s] -- Up-to-date symlink: /home/chelbaev/NSU/robots/ex03/ros2_ws/install/examples_rclcpp_minimal_composition/lib/examples_rclcpp_minimal_composition/composition_publisher
[0.103s] -- Up-to-date symlink: /home/chelbaev/NSU/robots/ex03/ros2_ws/install/examples_rclcpp_minimal_composition/lib/examples_rclcpp_minimal_composition/composition_subscriber
[0.103s] -- Up-to-date symlink: /home/chelbaev/NSU/robots/ex03/ros2_ws/install/examples_rclcpp_minimal_composition/lib/examples_rclcpp_minimal_composition/composition_composed
[0.103s] -- Up-to-date symlink: /home/chelbaev/NSU/robots/ex03/ros2_ws/install/examples_rclcpp_minimal_composition/share/ament_index/resource_index/package_run_dependencies/examples_rclcpp_minimal_composition
[0.103s] -- Up-to-date symlink: /home/chelbaev/NSU/robots/ex03/ros2_ws/install/examples_rclcpp_minimal_composition/share/ament_index/resource_index/parent_prefix_path/examples_rclcpp_minimal_composition
[0.103s] -- Up-to-date symlink: /home/chelbaev/NSU/robots/ex03/ros2_ws/install/examples_rclcpp_minimal_composition/share/examples_rclcpp_minimal_composition/environment/ament_prefix_path.sh
[0.103s] -- Up-to-date symlink: /home/chelbaev/NSU/robots/ex03/ros2_ws/install/examples_rclcpp_minimal_composition/share/examples_rclcpp_minimal_composition/environment/ament_prefix_path.dsv
[0.104s] -- Up-to-date symlink: /home/chelbaev/NSU/robots/ex03/ros2_ws/install/examples_rclcpp_minimal_composition/share/examples_rclcpp_minimal_composition/environment/path.sh
[0.104s] -- Up-to-date symlink: /home/chelbaev/NSU/robots/ex03/ros2_ws/install/examples_rclcpp_minimal_composition/share/examples_rclcpp_minimal_composition/environment/path.dsv
[0.104s] -- Up-to-date symlink: /home/chelbaev/NSU/robots/ex03/ros2_ws/install/examples_rclcpp_minimal_composition/share/examples_rclcpp_minimal_composition/local_setup.bash
[0.104s] -- Up-to-date symlink: /home/chelbaev/NSU/robots/ex03/ros2_ws/install/examples_rclcpp_minimal_composition/share/examples_rclcpp_minimal_composition/local_setup.sh
[0.104s] -- Up-to-date symlink: /home/chelbaev/NSU/robots/ex03/ros2_ws/install/examples_rclcpp_minimal_composition/share/examples_rclcpp_minimal_composition/local_setup.zsh
[0.104s] -- Up-to-date symlink: /home/chelbaev/NSU/robots/ex03/ros2_ws/install/examples_rclcpp_minimal_composition/share/examples_rclcpp_minimal_composition/local_setup.dsv
[0.104s] -- Symlinking: /home/chelbaev/NSU/robots/ex03/ros2_ws/install/examples_rclcpp_minimal_composition/share/examples_rclcpp_minimal_composition/package.dsv
[0.109s] -- Up-to-date symlink: /home/chelbaev/NSU/robots/ex03/ros2_ws/install/examples_rclcpp_minimal_composition/share/ament_index/resource_index/packages/examples_rclcpp_minimal_composition
[0.110s] -- Up-to-date symlink: /home/chelbaev/NSU/robots/ex03/ros2_ws/install/examples_rclcpp_minimal_composition/share/examples_rclcpp_minimal_composition/cmake/examples_rclcpp_minimal_compositionConfig.cmake
[0.110s] -- Up-to-date symlink: /home/chelbaev/NSU/robots/ex03/ros2_ws/install/examples_rclcpp_minimal_composition/share/examples_rclcpp_minimal_composition/cmake/examples_rclcpp_minimal_compositionConfig-version.cmake
[0.110s] -- Up-to-date symlink: /home/chelbaev/NSU/robots/ex03/ros2_ws/install/examples_rclcpp_minimal_composition/share/examples_rclcpp_minimal_composition/package.xml
[0.112s] Invoked command in '/home/chelbaev/NSU/robots/ex03/ros2_ws/build/examples_rclcpp_minimal_composition' returned '0': CMAKE_PREFIX_PATH=/opt/ros/humble /usr/bin/cmake --install /home/chelbaev/NSU/robots/ex03/ros2_ws/build/examples_rclcpp_minimal_composition
