[0.057s] Invoking command in '/home/chelbaev/NSU/robots/ex03/ros2_ws/build/examples_rclcpp_minimal_action_server': CMAKE_PREFIX_PATH=${CMAKE_PREFIX_PATH}:/home/chelbaev/NSU/robots/ex03/ros2_ws/install/launch_testing_examples:/home/chelbaev/NSU/robots/ex03/ros2_ws/install/examples_rclpy_pointcloud_publisher:/home/chelbaev/NSU/robots/ex03/ros2_ws/install/examples_rclpy_minimal_subscriber:/home/chelbaev/NSU/robots/ex03/ros2_ws/install/examples_rclpy_minimal_service:/home/chelbaev/NSU/robots/ex03/ros2_ws/install/examples_rclpy_minimal_publisher:/home/chelbaev/NSU/robots/ex03/ros2_ws/install/examples_rclpy_minimal_client:/home/chelbaev/NSU/robots/ex03/ros2_ws/install/examples_rclpy_minimal_action_server:/home/chelbaev/NSU/robots/ex03/ros2_ws/install/examples_rclpy_minimal_action_client:/home/chelbaev/NSU/robots/ex03/ros2_ws/install/examples_rclpy_guard_conditions:/home/chelbaev/NSU/robots/ex03/ros2_ws/install/examples_rclpy_executors:/opt/ros/humble /usr/bin/cmake /home/chelbaev/NSU/robots/ex03/ros2_ws/src/examples/rclcpp/actions/minimal_action_server -DCMAKE_BUILD_TYPE=Debug -DCMAKE_INSTALL_PREFIX=/home/chelbaev/NSU/robots/ex03/ros2_ws/install/examples_rclcpp_minimal_action_server
[0.093s] -- Found ament_cmake: 1.3.12 (/opt/ros/humble/share/ament_cmake/cmake)
[0.318s] -- Override CMake install command with custom implementation using symlinks instead of copying resources
[0.328s] -- Found example_interfaces: 0.9.3 (/opt/ros/humble/share/example_interfaces/cmake)
[0.369s] -- Found rosidl_generator_c: 3.1.7 (/opt/ros/humble/share/rosidl_generator_c/cmake)
[0.371s] -- Found rosidl_adapter: 3.1.7 (/opt/ros/humble/share/rosidl_adapter/cmake)
[0.380s] -- Found rosidl_generator_cpp: 3.1.7 (/opt/ros/humble/share/rosidl_generator_cpp/cmake)
[0.396s] -- Using all available rosidl_typesupport_c: rosidl_typesupport_fastrtps_c;rosidl_typesupport_introspection_c
[0.415s] -- Using all available rosidl_typesupport_cpp: rosidl_typesupport_fastrtps_cpp;rosidl_typesupport_introspection_cpp
[0.492s] -- Found rclcpp: 16.0.14 (/opt/ros/humble/share/rclcpp/cmake)
[0.521s] -- Found rmw_implementation_cmake: 6.1.2 (/opt/ros/humble/share/rmw_implementation_cmake/cmake)
[0.521s] -- Found rmw_fastrtps_cpp: 6.2.8 (/opt/ros/humble/share/rmw_fastrtps_cpp/cmake)
[0.646s] -- Using RMW implementation 'rmw_fastrtps_cpp' as default
[0.703s] -- Found rclcpp_action: 16.0.14 (/opt/ros/humble/share/rclcpp_action/cmake)
[0.731s] -- Found ament_lint_auto: 0.12.14 (/opt/ros/humble/share/ament_lint_auto/cmake)
[0.857s] -- Added test 'copyright' to check source files copyright and LICENSE
[0.857s] -- Added test 'cppcheck' to perform static code analysis on C / C++ code
[0.857s] -- Configured cppcheck include dirs: 
[0.857s] -- Configured cppcheck exclude dirs and/or files: 
[0.857s] -- Added test 'cpplint' to check C / C++ code against the Google style
[0.857s] -- Configured cpplint exclude dirs and/or files: 
[0.858s] -- Added test 'lint_cmake' to check CMake code style
[0.858s] -- Added test 'uncrustify' to check C / C++ code style
[0.858s] -- Configured uncrustify additional arguments: 
[0.858s] -- Added test 'xmllint' to check XML markup files
[0.858s] -- Configuring done
[0.909s] -- Generating done
[0.912s] -- Build files have been written to: /home/chelbaev/NSU/robots/ex03/ros2_ws/build/examples_rclcpp_minimal_action_server
[0.923s] Invoked command in '/home/chelbaev/NSU/robots/ex03/ros2_ws/build/examples_rclcpp_minimal_action_server' returned '0': CMAKE_PREFIX_PATH=${CMAKE_PREFIX_PATH}:/home/chelbaev/NSU/robots/ex03/ros2_ws/install/launch_testing_examples:/home/chelbaev/NSU/robots/ex03/ros2_ws/install/examples_rclpy_pointcloud_publisher:/home/chelbaev/NSU/robots/ex03/ros2_ws/install/examples_rclpy_minimal_subscriber:/home/chelbaev/NSU/robots/ex03/ros2_ws/install/examples_rclpy_minimal_service:/home/chelbaev/NSU/robots/ex03/ros2_ws/install/examples_rclpy_minimal_publisher:/home/chelbaev/NSU/robots/ex03/ros2_ws/install/examples_rclpy_minimal_client:/home/chelbaev/NSU/robots/ex03/ros2_ws/install/examples_rclpy_minimal_action_server:/home/chelbaev/NSU/robots/ex03/ros2_ws/install/examples_rclpy_minimal_action_client:/home/chelbaev/NSU/robots/ex03/ros2_ws/install/examples_rclpy_guard_conditions:/home/chelbaev/NSU/robots/ex03/ros2_ws/install/examples_rclpy_executors:/opt/ros/humble /usr/bin/cmake /home/chelbaev/NSU/robots/ex03/ros2_ws/src/examples/rclcpp/actions/minimal_action_server -DCMAKE_BUILD_TYPE=Debug -DCMAKE_INSTALL_PREFIX=/home/chelbaev/NSU/robots/ex03/ros2_ws/install/examples_rclcpp_minimal_action_server
[0.924s] Invoking command in '/home/chelbaev/NSU/robots/ex03/ros2_ws/build/examples_rclcpp_minimal_action_server': CMAKE_PREFIX_PATH=${CMAKE_PREFIX_PATH}:/home/chelbaev/NSU/robots/ex03/ros2_ws/install/launch_testing_examples:/home/chelbaev/NSU/robots/ex03/ros2_ws/install/examples_rclpy_pointcloud_publisher:/home/chelbaev/NSU/robots/ex03/ros2_ws/install/examples_rclpy_minimal_subscriber:/home/chelbaev/NSU/robots/ex03/ros2_ws/install/examples_rclpy_minimal_service:/home/chelbaev/NSU/robots/ex03/ros2_ws/install/examples_rclpy_minimal_publisher:/home/chelbaev/NSU/robots/ex03/ros2_ws/install/examples_rclpy_minimal_client:/home/chelbaev/NSU/robots/ex03/ros2_ws/install/examples_rclpy_minimal_action_server:/home/chelbaev/NSU/robots/ex03/ros2_ws/install/examples_rclpy_minimal_action_client:/home/chelbaev/NSU/robots/ex03/ros2_ws/install/examples_rclpy_guard_conditions:/home/chelbaev/NSU/robots/ex03/ros2_ws/install/examples_rclpy_executors:/opt/ros/humble /usr/bin/cmake --build /home/chelbaev/NSU/robots/ex03/ros2_ws/build/examples_rclcpp_minimal_action_server -- -j12 -l12
[1.052s] [35m[1mConsolidate compiler generated dependencies of target action_server_member_functions[0m
[1.052s] [35m[1mConsolidate compiler generated dependencies of target action_server_not_composable[0m
[1.052s] [ 25%] [32mBuilding CXX object CMakeFiles/action_server_member_functions.dir/member_functions.cpp.o[0m
[1.052s] [ 50%] [32mBuilding CXX object CMakeFiles/action_server_not_composable.dir/not_composable.cpp.o[0m
