[0.007s] Invoking command in '/home/chelbaev/NSU/robots/ros2_ws/build/turtlesim': CMAKE_PREFIX_PATH=${CMAKE_PREFIX_PATH}:/home/chelbaev/NSU/robots/ros2_ws/install/ten_pub:/home/chelbaev/NSU/robots/ros2_ws/install/py_pubsub:/opt/ros/humble /usr/bin/cmake --build /home/chelbaev/NSU/robots/ros2_ws/build/turtlesim -- -j12 -l12
[0.053s] -- Found ament_cmake: 1.3.12 (/opt/ros/humble/share/ament_cmake/cmake)
[0.153s] -- Found ament_index_cpp: 1.4.0 (/opt/ros/humble/share/ament_index_cpp/cmake)
[0.154s] -- Found geometry_msgs: 4.9.0 (/opt/ros/humble/share/geometry_msgs/cmake)
[0.175s] -- Found rosidl_generator_c: 3.1.7 (/opt/ros/humble/share/rosidl_generator_c/cmake)
[0.178s] -- Found rosidl_adapter: 3.1.7 (/opt/ros/humble/share/rosidl_adapter/cmake)
[0.183s] -- Found rosidl_generator_cpp: 3.1.7 (/opt/ros/humble/share/rosidl_generator_cpp/cmake)
[0.192s] -- Using all available rosidl_typesupport_c: rosidl_typesupport_fastrtps_c;rosidl_typesupport_introspection_c
[0.202s] -- Using all available rosidl_typesupport_cpp: rosidl_typesupport_fastrtps_cpp;rosidl_typesupport_introspection_cpp
[0.240s] -- Found rclcpp: 16.0.15 (/opt/ros/humble/share/rclcpp/cmake)
[0.261s] -- Found rmw_implementation_cmake: 6.1.2 (/opt/ros/humble/share/rmw_implementation_cmake/cmake)
[0.263s] -- Found rmw_fastrtps_cpp: 6.2.8 (/opt/ros/humble/share/rmw_fastrtps_cpp/cmake)
[0.344s] -- Using RMW implementation 'rmw_fastrtps_cpp' as default
[0.374s] -- Found rclcpp_action: 16.0.15 (/opt/ros/humble/share/rclcpp_action/cmake)
[0.396s] -- Found rosidl_default_generators: 1.2.0 (/opt/ros/humble/share/rosidl_default_generators/cmake)
[0.401s] -- Found std_srvs: 4.9.0 (/opt/ros/humble/share/std_srvs/cmake)
[0.629s] -- Found ament_cmake_ros: 0.10.0 (/opt/ros/humble/share/ament_cmake_ros/cmake)
[0.863s] -- Using all available rosidl_typesupport_c: rosidl_typesupport_fastrtps_c;rosidl_typesupport_introspection_c
[0.954s] -- Using all available rosidl_typesupport_cpp: rosidl_typesupport_fastrtps_cpp;rosidl_typesupport_introspection_cpp
[0.976s] -- Found python_cmake_module: 0.10.0 (/opt/ros/humble/share/python_cmake_module/cmake)
[0.993s] -- Using PYTHON_EXECUTABLE: /usr/bin/python3
[0.993s] -- Using PYTHON_INCLUDE_DIRS: /usr/include/python3.10
[0.993s] -- Using PYTHON_LIBRARIES: /usr/lib/x86_64-linux-gnu/libpython3.10.so
[1.021s] -- Configuring done
[1.091s] -- Generating done
[1.104s] -- Build files have been written to: /home/chelbaev/NSU/robots/ros2_ws/build/turtlesim
[1.127s] [35m[1mConsolidate compiler generated dependencies of target turtlesim__rosidl_generator_c[0m
[1.135s] [  1%] Built target turtlesim__cpp
[1.146s] [ 11%] Built target turtlesim__rosidl_generator_c
[1.150s] [35m[1mConsolidate compiler generated dependencies of target turtlesim__rosidl_typesupport_cpp[0m
[1.151s] [35m[1mConsolidate compiler generated dependencies of target turtlesim__rosidl_typesupport_introspection_cpp[0m
[1.151s] [35m[1mConsolidate compiler generated dependencies of target turtlesim__rosidl_typesupport_fastrtps_cpp[0m
[1.155s] [ 11%] Built target ament_cmake_python_copy_turtlesim
[1.158s] [35m[1mConsolidate compiler generated dependencies of target turtlesim__rosidl_typesupport_c[0m
[1.158s] [35m[1mConsolidate compiler generated dependencies of target turtlesim__rosidl_typesupport_introspection_c[0m
[1.161s] [35m[1mConsolidate compiler generated dependencies of target turtlesim__rosidl_typesupport_fastrtps_c[0m
[1.169s] [ 21%] Built target turtlesim__rosidl_typesupport_c
[1.169s] [ 31%] Built target turtlesim__rosidl_typesupport_cpp
[1.171s] [ 41%] Built target turtlesim__rosidl_typesupport_introspection_c
[1.171s] [ 51%] Built target turtlesim__rosidl_typesupport_introspection_cpp
[1.173s] [ 61%] Built target turtlesim__rosidl_typesupport_fastrtps_cpp
[1.179s] [35m[1mConsolidate compiler generated dependencies of target mimic[0m
[1.180s] [ 71%] Built target turtlesim__rosidl_typesupport_fastrtps_c
[1.182s] [35m[1mConsolidate compiler generated dependencies of target draw_square[0m
[1.182s] [35m[1mConsolidate compiler generated dependencies of target turtle_teleop_key[0m
[1.186s] [35m[1mConsolidate compiler generated dependencies of target turtlesim_node[0m
[1.197s] [ 71%] Built target turtlesim
[1.204s] [ 73%] Built target mimic
[1.207s] [ 75%] Built target turtle_teleop_key
[1.207s] [ 77%] Built target draw_square
[1.214s] [ 83%] Built target turtlesim_node
[1.217s] [ 84%] Built target turtlesim__py
[1.230s] [35m[1mConsolidate compiler generated dependencies of target turtlesim__rosidl_generator_py[0m
[1.249s] [ 93%] Built target turtlesim__rosidl_generator_py
[1.260s] [35m[1mConsolidate compiler generated dependencies of target turtlesim__rosidl_typesupport_introspection_c__pyext[0m
[1.260s] [35m[1mConsolidate compiler generated dependencies of target turtlesim__rosidl_typesupport_fastrtps_c__pyext[0m
[1.260s] [35m[1mConsolidate compiler generated dependencies of target turtlesim__rosidl_typesupport_c__pyext[0m
[1.269s] [ 95%] Built target turtlesim__rosidl_typesupport_c__pyext
[1.271s] [100%] Built target turtlesim__rosidl_typesupport_fastrtps_c__pyext
[1.271s] [100%] Built target turtlesim__rosidl_typesupport_introspection_c__pyext
[1.319s] running egg_info
[1.319s] writing turtlesim.egg-info/PKG-INFO
[1.320s] writing dependency_links to turtlesim.egg-info/dependency_links.txt
[1.320s] writing top-level names to turtlesim.egg-info/top_level.txt
[1.321s] reading manifest file 'turtlesim.egg-info/SOURCES.txt'
[1.322s] writing manifest file 'turtlesim.egg-info/SOURCES.txt'
[1.342s] [100%] Built target ament_cmake_python_build_turtlesim_egg
[1.352s] Invoked command in '/home/chelbaev/NSU/robots/ros2_ws/build/turtlesim' returned '0': CMAKE_PREFIX_PATH=${CMAKE_PREFIX_PATH}:/home/chelbaev/NSU/robots/ros2_ws/install/ten_pub:/home/chelbaev/NSU/robots/ros2_ws/install/py_pubsub:/opt/ros/humble /usr/bin/cmake --build /home/chelbaev/NSU/robots/ros2_ws/build/turtlesim -- -j12 -l12
[1.354s] Invoking command in '/home/chelbaev/NSU/robots/ros2_ws/build/turtlesim': CMAKE_PREFIX_PATH=${CMAKE_PREFIX_PATH}:/home/chelbaev/NSU/robots/ros2_ws/install/ten_pub:/home/chelbaev/NSU/robots/ros2_ws/install/py_pubsub:/opt/ros/humble /usr/bin/cmake --install /home/chelbaev/NSU/robots/ros2_ws/build/turtlesim
[1.361s] -- Install configuration: ""
[1.361s] -- Up-to-date: /home/chelbaev/NSU/robots/ros2_ws/install/turtlesim/share/ament_index/resource_index/rosidl_interfaces/turtlesim
[1.361s] -- Up-to-date: /home/chelbaev/NSU/robots/ros2_ws/install/turtlesim/include/turtlesim/turtlesim
[1.361s] -- Up-to-date: /home/chelbaev/NSU/robots/ros2_ws/install/turtlesim/include/turtlesim/turtlesim/srv
[1.361s] -- Up-to-date: /home/chelbaev/NSU/robots/ros2_ws/install/turtlesim/include/turtlesim/turtlesim/srv/teleport_absolute.h
[1.361s] -- Up-to-date: /home/chelbaev/NSU/robots/ros2_ws/install/turtlesim/include/turtlesim/turtlesim/srv/set_pen.h
[1.362s] -- Up-to-date: /home/chelbaev/NSU/robots/ros2_ws/install/turtlesim/include/turtlesim/turtlesim/srv/detail
[1.362s] -- Up-to-date: /home/chelbaev/NSU/robots/ros2_ws/install/turtlesim/include/turtlesim/turtlesim/srv/detail/kill__struct.h
[1.362s] -- Up-to-date: /home/chelbaev/NSU/robots/ros2_ws/install/turtlesim/include/turtlesim/turtlesim/srv/detail/kill__functions.h
[1.362s] -- Up-to-date: /home/chelbaev/NSU/robots/ros2_ws/install/turtlesim/include/turtlesim/turtlesim/srv/detail/teleport_relative__struct.h
[1.362s] -- Up-to-date: /home/chelbaev/NSU/robots/ros2_ws/install/turtlesim/include/turtlesim/turtlesim/srv/detail/kill__type_support.h
[1.362s] -- Up-to-date: /home/chelbaev/NSU/robots/ros2_ws/install/turtlesim/include/turtlesim/turtlesim/srv/detail/teleport_absolute__struct.h
[1.362s] -- Up-to-date: /home/chelbaev/NSU/robots/ros2_ws/install/turtlesim/include/turtlesim/turtlesim/srv/detail/spawn__type_support.h
[1.362s] -- Up-to-date: /home/chelbaev/NSU/robots/ros2_ws/install/turtlesim/include/turtlesim/turtlesim/srv/detail/kill__functions.c
[1.362s] -- Up-to-date: /home/chelbaev/NSU/robots/ros2_ws/install/turtlesim/include/turtlesim/turtlesim/srv/detail/teleport_absolute__functions.h
[1.362s] -- Up-to-date: /home/chelbaev/NSU/robots/ros2_ws/install/turtlesim/include/turtlesim/turtlesim/srv/detail/teleport_relative__type_support.h
[1.362s] -- Up-to-date: /home/chelbaev/NSU/robots/ros2_ws/install/turtlesim/include/turtlesim/turtlesim/srv/detail/set_pen__functions.c
[1.362s] -- Up-to-date: /home/chelbaev/NSU/robots/ros2_ws/install/turtlesim/include/turtlesim/turtlesim/srv/detail/set_pen__type_support.h
[1.362s] -- Up-to-date: /home/chelbaev/NSU/robots/ros2_ws/install/turtlesim/include/turtlesim/turtlesim/srv/detail/teleport_absolute__type_support.h
[1.362s] -- Up-to-date: /home/chelbaev/NSU/robots/ros2_ws/install/turtlesim/include/turtlesim/turtlesim/srv/detail/spawn__functions.h
[1.362s] -- Up-to-date: /home/chelbaev/NSU/robots/ros2_ws/install/turtlesim/include/turtlesim/turtlesim/srv/detail/teleport_relative__functions.c
[1.363s] -- Up-to-date: /home/chelbaev/NSU/robots/ros2_ws/install/turtlesim/include/turtlesim/turtlesim/srv/detail/spawn__functions.c
[1.363s] -- Up-to-date: /home/chelbaev/NSU/robots/ros2_ws/install/turtlesim/include/turtlesim/turtlesim/srv/detail/teleport_absolute__functions.c
[1.363s] -- Up-to-date: /home/chelbaev/NSU/robots/ros2_ws/install/turtlesim/include/turtlesim/turtlesim/srv/detail/set_pen__struct.h
[1.363s] -- Up-to-date: /home/chelbaev/NSU/robots/ros2_ws/install/turtlesim/include/turtlesim/turtlesim/srv/detail/set_pen__functions.h
[1.363s] -- Up-to-date: /home/chelbaev/NSU/robots/ros2_ws/install/turtlesim/include/turtlesim/turtlesim/srv/detail/teleport_relative__functions.h
[1.363s] -- Up-to-date: /home/chelbaev/NSU/robots/ros2_ws/install/turtlesim/include/turtlesim/turtlesim/srv/detail/spawn__struct.h
[1.363s] -- Up-to-date: /home/chelbaev/NSU/robots/ros2_ws/install/turtlesim/include/turtlesim/turtlesim/srv/kill.h
[1.363s] -- Up-to-date: /home/chelbaev/NSU/robots/ros2_ws/install/turtlesim/include/turtlesim/turtlesim/srv/teleport_relative.h
[1.363s] -- Up-to-date: /home/chelbaev/NSU/robots/ros2_ws/install/turtlesim/include/turtlesim/turtlesim/srv/spawn.h
[1.363s] -- Up-to-date: /home/chelbaev/NSU/robots/ros2_ws/install/turtlesim/include/turtlesim/turtlesim/msg
[1.363s] -- Up-to-date: /home/chelbaev/NSU/robots/ros2_ws/install/turtlesim/include/turtlesim/turtlesim/msg/color.h
[1.363s] -- Up-to-date: /home/chelbaev/NSU/robots/ros2_ws/install/turtlesim/include/turtlesim/turtlesim/msg/detail
[1.363s] -- Up-to-date: /home/chelbaev/NSU/robots/ros2_ws/install/turtlesim/include/turtlesim/turtlesim/msg/detail/color__functions.h
[1.363s] -- Up-to-date: /home/chelbaev/NSU/robots/ros2_ws/install/turtlesim/include/turtlesim/turtlesim/msg/detail/color__struct.h
[1.363s] -- Up-to-date: /home/chelbaev/NSU/robots/ros2_ws/install/turtlesim/include/turtlesim/turtlesim/msg/detail/pose__functions.h
[1.363s] -- Up-to-date: /home/chelbaev/NSU/robots/ros2_ws/install/turtlesim/include/turtlesim/turtlesim/msg/detail/pose__struct.h
[1.363s] -- Up-to-date: /home/chelbaev/NSU/robots/ros2_ws/install/turtlesim/include/turtlesim/turtlesim/msg/detail/pose__functions.c
[1.363s] -- Up-to-date: /home/chelbaev/NSU/robots/ros2_ws/install/turtlesim/include/turtlesim/turtlesim/msg/detail/color__type_support.h
[1.363s] -- Up-to-date: /home/chelbaev/NSU/robots/ros2_ws/install/turtlesim/include/turtlesim/turtlesim/msg/detail/pose__type_support.h
[1.363s] -- Up-to-date: /home/chelbaev/NSU/robots/ros2_ws/install/turtlesim/include/turtlesim/turtlesim/msg/detail/color__functions.c
[1.363s] -- Up-to-date: /home/chelbaev/NSU/robots/ros2_ws/install/turtlesim/include/turtlesim/turtlesim/msg/pose.h
[1.363s] -- Up-to-date: /home/chelbaev/NSU/robots/ros2_ws/install/turtlesim/include/turtlesim/turtlesim/msg/rosidl_generator_c__visibility_control.h
[1.364s] -- Up-to-date: /home/chelbaev/NSU/robots/ros2_ws/install/turtlesim/include/turtlesim/turtlesim/action
[1.364s] -- Up-to-date: /home/chelbaev/NSU/robots/ros2_ws/install/turtlesim/include/turtlesim/turtlesim/action/rotate_absolute.h
[1.364s] -- Up-to-date: /home/chelbaev/NSU/robots/ros2_ws/install/turtlesim/include/turtlesim/turtlesim/action/detail
[1.364s] -- Up-to-date: /home/chelbaev/NSU/robots/ros2_ws/install/turtlesim/include/turtlesim/turtlesim/action/detail/rotate_absolute__struct.h
[1.364s] -- Up-to-date: /home/chelbaev/NSU/robots/ros2_ws/install/turtlesim/include/turtlesim/turtlesim/action/detail/rotate_absolute__type_support.h
[1.364s] -- Up-to-date: /home/chelbaev/NSU/robots/ros2_ws/install/turtlesim/include/turtlesim/turtlesim/action/detail/rotate_absolute__functions.h
[1.364s] -- Up-to-date: /home/chelbaev/NSU/robots/ros2_ws/install/turtlesim/include/turtlesim/turtlesim/action/detail/rotate_absolute__functions.c
[1.364s] -- Up-to-date: /home/chelbaev/NSU/robots/ros2_ws/install/turtlesim/share/turtlesim/environment/library_path.sh
[1.364s] -- Installing: /home/chelbaev/NSU/robots/ros2_ws/install/turtlesim/share/turtlesim/environment/library_path.dsv
[1.364s] -- Up-to-date: /home/chelbaev/NSU/robots/ros2_ws/install/turtlesim/lib/libturtlesim__rosidl_generator_c.so
[1.364s] -- Up-to-date: /home/chelbaev/NSU/robots/ros2_ws/install/turtlesim/include/turtlesim/turtlesim
[1.364s] -- Up-to-date: /home/chelbaev/NSU/robots/ros2_ws/install/turtlesim/include/turtlesim/turtlesim/srv
[1.364s] -- Up-to-date: /home/chelbaev/NSU/robots/ros2_ws/install/turtlesim/include/turtlesim/turtlesim/srv/detail
[1.364s] -- Up-to-date: /home/chelbaev/NSU/robots/ros2_ws/install/turtlesim/include/turtlesim/turtlesim/srv/detail/teleport_relative__rosidl_typesupport_fastrtps_c.h
[1.364s] -- Up-to-date: /home/chelbaev/NSU/robots/ros2_ws/install/turtlesim/include/turtlesim/turtlesim/srv/detail/spawn__rosidl_typesupport_fastrtps_c.h
[1.364s] -- Up-to-date: /home/chelbaev/NSU/robots/ros2_ws/install/turtlesim/include/turtlesim/turtlesim/srv/detail/set_pen__rosidl_typesupport_fastrtps_c.h
[1.364s] -- Up-to-date: /home/chelbaev/NSU/robots/ros2_ws/install/turtlesim/include/turtlesim/turtlesim/srv/detail/teleport_absolute__rosidl_typesupport_fastrtps_c.h
[1.364s] -- Up-to-date: /home/chelbaev/NSU/robots/ros2_ws/install/turtlesim/include/turtlesim/turtlesim/srv/detail/kill__rosidl_typesupport_fastrtps_c.h
[1.364s] -- Up-to-date: /home/chelbaev/NSU/robots/ros2_ws/install/turtlesim/include/turtlesim/turtlesim/msg
[1.364s] -- Up-to-date: /home/chelbaev/NSU/robots/ros2_ws/install/turtlesim/include/turtlesim/turtlesim/msg/rosidl_typesupport_fastrtps_c__visibility_control.h
[1.364s] -- Up-to-date: /home/chelbaev/NSU/robots/ros2_ws/install/turtlesim/include/turtlesim/turtlesim/msg/detail
[1.364s] -- Up-to-date: /home/chelbaev/NSU/robots/ros2_ws/install/turtlesim/include/turtlesim/turtlesim/msg/detail/pose__rosidl_typesupport_fastrtps_c.h
[1.364s] -- Up-to-date: /home/chelbaev/NSU/robots/ros2_ws/install/turtlesim/include/turtlesim/turtlesim/msg/detail/color__rosidl_typesupport_fastrtps_c.h
[1.364s] -- Up-to-date: /home/chelbaev/NSU/robots/ros2_ws/install/turtlesim/include/turtlesim/turtlesim/action
[1.364s] -- Up-to-date: /home/chelbaev/NSU/robots/ros2_ws/install/turtlesim/include/turtlesim/turtlesim/action/detail
[1.365s] -- Up-to-date: /home/chelbaev/NSU/robots/ros2_ws/install/turtlesim/include/turtlesim/turtlesim/action/detail/rotate_absolute__rosidl_typesupport_fastrtps_c.h
[1.365s] -- Up-to-date: /home/chelbaev/NSU/robots/ros2_ws/install/turtlesim/lib/libturtlesim__rosidl_typesupport_fastrtps_c.so
[1.365s] -- Up-to-date: /home/chelbaev/NSU/robots/ros2_ws/install/turtlesim/include/turtlesim/turtlesim
[1.365s] -- Up-to-date: /home/chelbaev/NSU/robots/ros2_ws/install/turtlesim/include/turtlesim/turtlesim/srv
[1.365s] -- Up-to-date: /home/chelbaev/NSU/robots/ros2_ws/install/turtlesim/include/turtlesim/turtlesim/srv/set_pen.hpp
[1.365s] -- Up-to-date: /home/chelbaev/NSU/robots/ros2_ws/install/turtlesim/include/turtlesim/turtlesim/srv/detail
[1.365s] -- Up-to-date: /home/chelbaev/NSU/robots/ros2_ws/install/turtlesim/include/turtlesim/turtlesim/srv/detail/teleport_relative__traits.hpp
[1.365s] -- Up-to-date: /home/chelbaev/NSU/robots/ros2_ws/install/turtlesim/include/turtlesim/turtlesim/srv/detail/kill__builder.hpp
[1.365s] -- Up-to-date: /home/chelbaev/NSU/robots/ros2_ws/install/turtlesim/include/turtlesim/turtlesim/srv/detail/spawn__struct.hpp
[1.365s] -- Up-to-date: /home/chelbaev/NSU/robots/ros2_ws/install/turtlesim/include/turtlesim/turtlesim/srv/detail/set_pen__builder.hpp
[1.365s] -- Up-to-date: /home/chelbaev/NSU/robots/ros2_ws/install/turtlesim/include/turtlesim/turtlesim/srv/detail/spawn__type_support.hpp
[1.365s] -- Up-to-date: /home/chelbaev/NSU/robots/ros2_ws/install/turtlesim/include/turtlesim/turtlesim/srv/detail/spawn__builder.hpp
[1.365s] -- Up-to-date: /home/chelbaev/NSU/robots/ros2_ws/install/turtlesim/include/turtlesim/turtlesim/srv/detail/teleport_relative__builder.hpp
[1.365s] -- Up-to-date: /home/chelbaev/NSU/robots/ros2_ws/install/turtlesim/include/turtlesim/turtlesim/srv/detail/teleport_absolute__struct.hpp
[1.365s] -- Up-to-date: /home/chelbaev/NSU/robots/ros2_ws/install/turtlesim/include/turtlesim/turtlesim/srv/detail/kill__type_support.hpp
[1.365s] -- Up-to-date: /home/chelbaev/NSU/robots/ros2_ws/install/turtlesim/include/turtlesim/turtlesim/srv/detail/set_pen__type_support.hpp
[1.365s] -- Up-to-date: /home/chelbaev/NSU/robots/ros2_ws/install/turtlesim/include/turtlesim/turtlesim/srv/detail/teleport_relative__type_support.hpp
[1.365s] -- Up-to-date: /home/chelbaev/NSU/robots/ros2_ws/install/turtlesim/include/turtlesim/turtlesim/srv/detail/teleport_relative__struct.hpp
[1.365s] -- Up-to-date: /home/chelbaev/NSU/robots/ros2_ws/install/turtlesim/include/turtlesim/turtlesim/srv/detail/teleport_absolute__builder.hpp
[1.365s] -- Up-to-date: /home/chelbaev/NSU/robots/ros2_ws/install/turtlesim/include/turtlesim/turtlesim/srv/detail/teleport_absolute__type_support.hpp
[1.365s] -- Up-to-date: /home/chelbaev/NSU/robots/ros2_ws/install/turtlesim/include/turtlesim/turtlesim/srv/detail/set_pen__struct.hpp
[1.365s] -- Up-to-date: /home/chelbaev/NSU/robots/ros2_ws/install/turtlesim/include/turtlesim/turtlesim/srv/detail/kill__struct.hpp
[1.365s] -- Up-to-date: /home/chelbaev/NSU/robots/ros2_ws/install/turtlesim/include/turtlesim/turtlesim/srv/detail/set_pen__traits.hpp
[1.365s] -- Up-to-date: /home/chelbaev/NSU/robots/ros2_ws/install/turtlesim/include/turtlesim/turtlesim/srv/detail/kill__traits.hpp
[1.365s] -- Up-to-date: /home/chelbaev/NSU/robots/ros2_ws/install/turtlesim/include/turtlesim/turtlesim/srv/detail/teleport_absolute__traits.hpp
[1.365s] -- Up-to-date: /home/chelbaev/NSU/robots/ros2_ws/install/turtlesim/include/turtlesim/turtlesim/srv/detail/spawn__traits.hpp
[1.365s] -- Up-to-date: /home/chelbaev/NSU/robots/ros2_ws/install/turtlesim/include/turtlesim/turtlesim/srv/spawn.hpp
[1.365s] -- Up-to-date: /home/chelbaev/NSU/robots/ros2_ws/install/turtlesim/include/turtlesim/turtlesim/srv/teleport_relative.hpp
[1.366s] -- Up-to-date: /home/chelbaev/NSU/robots/ros2_ws/install/turtlesim/include/turtlesim/turtlesim/srv/kill.hpp
[1.366s] -- Up-to-date: /home/chelbaev/NSU/robots/ros2_ws/install/turtlesim/include/turtlesim/turtlesim/srv/teleport_absolute.hpp
[1.366s] -- Up-to-date: /home/chelbaev/NSU/robots/ros2_ws/install/turtlesim/include/turtlesim/turtlesim/msg
[1.366s] -- Up-to-date: /home/chelbaev/NSU/robots/ros2_ws/install/turtlesim/include/turtlesim/turtlesim/msg/pose.hpp
[1.366s] -- Up-to-date: /home/chelbaev/NSU/robots/ros2_ws/install/turtlesim/include/turtlesim/turtlesim/msg/detail
[1.366s] -- Up-to-date: /home/chelbaev/NSU/robots/ros2_ws/install/turtlesim/include/turtlesim/turtlesim/msg/detail/color__traits.hpp
[1.366s] -- Up-to-date: /home/chelbaev/NSU/robots/ros2_ws/install/turtlesim/include/turtlesim/turtlesim/msg/detail/pose__struct.hpp
[1.366s] -- Up-to-date: /home/chelbaev/NSU/robots/ros2_ws/install/turtlesim/include/turtlesim/turtlesim/msg/detail/color__struct.hpp
[1.366s] -- Up-to-date: /home/chelbaev/NSU/robots/ros2_ws/install/turtlesim/include/turtlesim/turtlesim/msg/detail/pose__builder.hpp
[1.366s] -- Up-to-date: /home/chelbaev/NSU/robots/ros2_ws/install/turtlesim/include/turtlesim/turtlesim/msg/detail/color__builder.hpp
[1.366s] -- Up-to-date: /home/chelbaev/NSU/robots/ros2_ws/install/turtlesim/include/turtlesim/turtlesim/msg/detail/pose__traits.hpp
[1.366s] -- Up-to-date: /home/chelbaev/NSU/robots/ros2_ws/install/turtlesim/include/turtlesim/turtlesim/msg/detail/pose__type_support.hpp
[1.366s] -- Up-to-date: /home/chelbaev/NSU/robots/ros2_ws/install/turtlesim/include/turtlesim/turtlesim/msg/detail/color__type_support.hpp
[1.366s] -- Up-to-date: /home/chelbaev/NSU/robots/ros2_ws/install/turtlesim/include/turtlesim/turtlesim/msg/color.hpp
[1.366s] -- Up-to-date: /home/chelbaev/NSU/robots/ros2_ws/install/turtlesim/include/turtlesim/turtlesim/msg/rosidl_generator_cpp__visibility_control.hpp
[1.366s] -- Up-to-date: /home/chelbaev/NSU/robots/ros2_ws/install/turtlesim/include/turtlesim/turtlesim/action
[1.366s] -- Up-to-date: /home/chelbaev/NSU/robots/ros2_ws/install/turtlesim/include/turtlesim/turtlesim/action/detail
[1.366s] -- Up-to-date: /home/chelbaev/NSU/robots/ros2_ws/install/turtlesim/include/turtlesim/turtlesim/action/detail/rotate_absolute__type_support.hpp
[1.366s] -- Up-to-date: /home/chelbaev/NSU/robots/ros2_ws/install/turtlesim/include/turtlesim/turtlesim/action/detail/rotate_absolute__traits.hpp
[1.366s] -- Up-to-date: /home/chelbaev/NSU/robots/ros2_ws/install/turtlesim/include/turtlesim/turtlesim/action/detail/rotate_absolute__builder.hpp
[1.366s] -- Up-to-date: /home/chelbaev/NSU/robots/ros2_ws/install/turtlesim/include/turtlesim/turtlesim/action/detail/rotate_absolute__struct.hpp
[1.366s] -- Up-to-date: /home/chelbaev/NSU/robots/ros2_ws/install/turtlesim/include/turtlesim/turtlesim/action/rotate_absolute.hpp
[1.366s] -- Up-to-date: /home/chelbaev/NSU/robots/ros2_ws/install/turtlesim/include/turtlesim/turtlesim
[1.366s] -- Up-to-date: /home/chelbaev/NSU/robots/ros2_ws/install/turtlesim/include/turtlesim/turtlesim/srv
[1.366s] -- Up-to-date: /home/chelbaev/NSU/robots/ros2_ws/install/turtlesim/include/turtlesim/turtlesim/srv/detail
[1.366s] -- Up-to-date: /home/chelbaev/NSU/robots/ros2_ws/install/turtlesim/include/turtlesim/turtlesim/srv/detail/spawn__rosidl_typesupport_fastrtps_cpp.hpp
[1.366s] -- Up-to-date: /home/chelbaev/NSU/robots/ros2_ws/install/turtlesim/include/turtlesim/turtlesim/srv/detail/dds_fastrtps
[1.366s] -- Up-to-date: /home/chelbaev/NSU/robots/ros2_ws/install/turtlesim/include/turtlesim/turtlesim/srv/detail/teleport_absolute__rosidl_typesupport_fastrtps_cpp.hpp
[1.366s] -- Up-to-date: /home/chelbaev/NSU/robots/ros2_ws/install/turtlesim/include/turtlesim/turtlesim/srv/detail/teleport_relative__rosidl_typesupport_fastrtps_cpp.hpp
[1.366s] -- Up-to-date: /home/chelbaev/NSU/robots/ros2_ws/install/turtlesim/include/turtlesim/turtlesim/srv/detail/set_pen__rosidl_typesupport_fastrtps_cpp.hpp
[1.366s] -- Up-to-date: /home/chelbaev/NSU/robots/ros2_ws/install/turtlesim/include/turtlesim/turtlesim/srv/detail/kill__rosidl_typesupport_fastrtps_cpp.hpp
[1.366s] -- Up-to-date: /home/chelbaev/NSU/robots/ros2_ws/install/turtlesim/include/turtlesim/turtlesim/msg
[1.366s] -- Up-to-date: /home/chelbaev/NSU/robots/ros2_ws/install/turtlesim/include/turtlesim/turtlesim/msg/rosidl_typesupport_fastrtps_cpp__visibility_control.h
[1.366s] -- Up-to-date: /home/chelbaev/NSU/robots/ros2_ws/install/turtlesim/include/turtlesim/turtlesim/msg/detail
[1.366s] -- Up-to-date: /home/chelbaev/NSU/robots/ros2_ws/install/turtlesim/include/turtlesim/turtlesim/msg/detail/color__rosidl_typesupport_fastrtps_cpp.hpp
[1.366s] -- Up-to-date: /home/chelbaev/NSU/robots/ros2_ws/install/turtlesim/include/turtlesim/turtlesim/msg/detail/dds_fastrtps
[1.366s] -- Up-to-date: /home/chelbaev/NSU/robots/ros2_ws/install/turtlesim/include/turtlesim/turtlesim/msg/detail/pose__rosidl_typesupport_fastrtps_cpp.hpp
[1.367s] -- Up-to-date: /home/chelbaev/NSU/robots/ros2_ws/install/turtlesim/include/turtlesim/turtlesim/action
[1.367s] -- Up-to-date: /home/chelbaev/NSU/robots/ros2_ws/install/turtlesim/include/turtlesim/turtlesim/action/detail
[1.367s] -- Up-to-date: /home/chelbaev/NSU/robots/ros2_ws/install/turtlesim/include/turtlesim/turtlesim/action/detail/dds_fastrtps
[1.367s] -- Up-to-date: /home/chelbaev/NSU/robots/ros2_ws/install/turtlesim/include/turtlesim/turtlesim/action/detail/rotate_absolute__rosidl_typesupport_fastrtps_cpp.hpp
[1.367s] -- Up-to-date: /home/chelbaev/NSU/robots/ros2_ws/install/turtlesim/lib/libturtlesim__rosidl_typesupport_fastrtps_cpp.so
[1.367s] -- Up-to-date: /home/chelbaev/NSU/robots/ros2_ws/install/turtlesim/include/turtlesim/turtlesim
[1.367s] -- Up-to-date: /home/chelbaev/NSU/robots/ros2_ws/install/turtlesim/include/turtlesim/turtlesim/srv
[1.367s] -- Up-to-date: /home/chelbaev/NSU/robots/ros2_ws/install/turtlesim/include/turtlesim/turtlesim/srv/detail
[1.367s] -- Up-to-date: /home/chelbaev/NSU/robots/ros2_ws/install/turtlesim/include/turtlesim/turtlesim/srv/detail/set_pen__type_support.c
[1.367s] -- Up-to-date: /home/chelbaev/NSU/robots/ros2_ws/install/turtlesim/include/turtlesim/turtlesim/srv/detail/spawn__type_support.c
[1.367s] -- Up-to-date: /home/chelbaev/NSU/robots/ros2_ws/install/turtlesim/include/turtlesim/turtlesim/srv/detail/teleport_absolute__type_support.c
[1.367s] -- Up-to-date: /home/chelbaev/NSU/robots/ros2_ws/install/turtlesim/include/turtlesim/turtlesim/srv/detail/set_pen__rosidl_typesupport_introspection_c.h
[1.367s] -- Up-to-date: /home/chelbaev/NSU/robots/ros2_ws/install/turtlesim/include/turtlesim/turtlesim/srv/detail/teleport_absolute__rosidl_typesupport_introspection_c.h
[1.367s] -- Up-to-date: /home/chelbaev/NSU/robots/ros2_ws/install/turtlesim/include/turtlesim/turtlesim/srv/detail/teleport_relative__rosidl_typesupport_introspection_c.h
[1.367s] -- Up-to-date: /home/chelbaev/NSU/robots/ros2_ws/install/turtlesim/include/turtlesim/turtlesim/srv/detail/spawn__rosidl_typesupport_introspection_c.h
[1.367s] -- Up-to-date: /home/chelbaev/NSU/robots/ros2_ws/install/turtlesim/include/turtlesim/turtlesim/srv/detail/kill__rosidl_typesupport_introspection_c.h
[1.367s] -- Up-to-date: /home/chelbaev/NSU/robots/ros2_ws/install/turtlesim/include/turtlesim/turtlesim/srv/detail/teleport_relative__type_support.c
[1.367s] -- Up-to-date: /home/chelbaev/NSU/robots/ros2_ws/install/turtlesim/include/turtlesim/turtlesim/srv/detail/kill__type_support.c
[1.367s] -- Up-to-date: /home/chelbaev/NSU/robots/ros2_ws/install/turtlesim/include/turtlesim/turtlesim/msg
[1.367s] -- Up-to-date: /home/chelbaev/NSU/robots/ros2_ws/install/turtlesim/include/turtlesim/turtlesim/msg/detail
[1.367s] -- Up-to-date: /home/chelbaev/NSU/robots/ros2_ws/install/turtlesim/include/turtlesim/turtlesim/msg/detail/pose__rosidl_typesupport_introspection_c.h
[1.367s] -- Up-to-date: /home/chelbaev/NSU/robots/ros2_ws/install/turtlesim/include/turtlesim/turtlesim/msg/detail/color__type_support.c
[1.367s] -- Up-to-date: /home/chelbaev/NSU/robots/ros2_ws/install/turtlesim/include/turtlesim/turtlesim/msg/detail/color__rosidl_typesupport_introspection_c.h
[1.367s] -- Up-to-date: /home/chelbaev/NSU/robots/ros2_ws/install/turtlesim/include/turtlesim/turtlesim/msg/detail/pose__type_support.c
[1.367s] -- Up-to-date: /home/chelbaev/NSU/robots/ros2_ws/install/turtlesim/include/turtlesim/turtlesim/msg/rosidl_typesupport_introspection_c__visibility_control.h
[1.367s] -- Up-to-date: /home/chelbaev/NSU/robots/ros2_ws/install/turtlesim/include/turtlesim/turtlesim/action
[1.367s] -- Up-to-date: /home/chelbaev/NSU/robots/ros2_ws/install/turtlesim/include/turtlesim/turtlesim/action/detail
[1.367s] -- Up-to-date: /home/chelbaev/NSU/robots/ros2_ws/install/turtlesim/include/turtlesim/turtlesim/action/detail/rotate_absolute__type_support.c
[1.367s] -- Up-to-date: /home/chelbaev/NSU/robots/ros2_ws/install/turtlesim/include/turtlesim/turtlesim/action/detail/rotate_absolute__rosidl_typesupport_introspection_c.h
[1.368s] -- Up-to-date: /home/chelbaev/NSU/robots/ros2_ws/install/turtlesim/lib/libturtlesim__rosidl_typesupport_introspection_c.so
[1.368s] -- Up-to-date: /home/chelbaev/NSU/robots/ros2_ws/install/turtlesim/lib/libturtlesim__rosidl_typesupport_c.so
[1.368s] -- Up-to-date: /home/chelbaev/NSU/robots/ros2_ws/install/turtlesim/include/turtlesim/turtlesim
[1.368s] -- Up-to-date: /home/chelbaev/NSU/robots/ros2_ws/install/turtlesim/include/turtlesim/turtlesim/srv
[1.368s] -- Up-to-date: /home/chelbaev/NSU/robots/ros2_ws/install/turtlesim/include/turtlesim/turtlesim/srv/detail
[1.368s] -- Up-to-date: /home/chelbaev/NSU/robots/ros2_ws/install/turtlesim/include/turtlesim/turtlesim/srv/detail/spawn__type_support.cpp
[1.368s] -- Up-to-date: /home/chelbaev/NSU/robots/ros2_ws/install/turtlesim/include/turtlesim/turtlesim/srv/detail/teleport_absolute__type_support.cpp
[1.368s] -- Up-to-date: /home/chelbaev/NSU/robots/ros2_ws/install/turtlesim/include/turtlesim/turtlesim/srv/detail/teleport_relative__rosidl_typesupport_introspection_cpp.hpp
[1.368s] -- Up-to-date: /home/chelbaev/NSU/robots/ros2_ws/install/turtlesim/include/turtlesim/turtlesim/srv/detail/teleport_absolute__rosidl_typesupport_introspection_cpp.hpp
[1.368s] -- Up-to-date: /home/chelbaev/NSU/robots/ros2_ws/install/turtlesim/include/turtlesim/turtlesim/srv/detail/set_pen__rosidl_typesupport_introspection_cpp.hpp
[1.368s] -- Up-to-date: /home/chelbaev/NSU/robots/ros2_ws/install/turtlesim/include/turtlesim/turtlesim/srv/detail/kill__type_support.cpp
[1.368s] -- Up-to-date: /home/chelbaev/NSU/robots/ros2_ws/install/turtlesim/include/turtlesim/turtlesim/srv/detail/kill__rosidl_typesupport_introspection_cpp.hpp
[1.368s] -- Up-to-date: /home/chelbaev/NSU/robots/ros2_ws/install/turtlesim/include/turtlesim/turtlesim/srv/detail/set_pen__type_support.cpp
[1.368s] -- Up-to-date: /home/chelbaev/NSU/robots/ros2_ws/install/turtlesim/include/turtlesim/turtlesim/srv/detail/spawn__rosidl_typesupport_introspection_cpp.hpp
[1.368s] -- Up-to-date: /home/chelbaev/NSU/robots/ros2_ws/install/turtlesim/include/turtlesim/turtlesim/srv/detail/teleport_relative__type_support.cpp
[1.368s] -- Up-to-date: /home/chelbaev/NSU/robots/ros2_ws/install/turtlesim/include/turtlesim/turtlesim/msg
[1.368s] -- Up-to-date: /home/chelbaev/NSU/robots/ros2_ws/install/turtlesim/include/turtlesim/turtlesim/msg/detail
[1.368s] -- Up-to-date: /home/chelbaev/NSU/robots/ros2_ws/install/turtlesim/include/turtlesim/turtlesim/msg/detail/color__rosidl_typesupport_introspection_cpp.hpp
[1.368s] -- Up-to-date: /home/chelbaev/NSU/robots/ros2_ws/install/turtlesim/include/turtlesim/turtlesim/msg/detail/color__type_support.cpp
[1.368s] -- Up-to-date: /home/chelbaev/NSU/robots/ros2_ws/install/turtlesim/include/turtlesim/turtlesim/msg/detail/pose__type_support.cpp
[1.368s] -- Up-to-date: /home/chelbaev/NSU/robots/ros2_ws/install/turtlesim/include/turtlesim/turtlesim/msg/detail/pose__rosidl_typesupport_introspection_cpp.hpp
[1.368s] -- Up-to-date: /home/chelbaev/NSU/robots/ros2_ws/install/turtlesim/include/turtlesim/turtlesim/action
[1.368s] -- Up-to-date: /home/chelbaev/NSU/robots/ros2_ws/install/turtlesim/include/turtlesim/turtlesim/action/detail
[1.368s] -- Up-to-date: /home/chelbaev/NSU/robots/ros2_ws/install/turtlesim/include/turtlesim/turtlesim/action/detail/rotate_absolute__type_support.cpp
[1.368s] -- Up-to-date: /home/chelbaev/NSU/robots/ros2_ws/install/turtlesim/include/turtlesim/turtlesim/action/detail/rotate_absolute__rosidl_typesupport_introspection_cpp.hpp
[1.368s] -- Up-to-date: /home/chelbaev/NSU/robots/ros2_ws/install/turtlesim/lib/libturtlesim__rosidl_typesupport_introspection_cpp.so
[1.368s] -- Up-to-date: /home/chelbaev/NSU/robots/ros2_ws/install/turtlesim/lib/libturtlesim__rosidl_typesupport_cpp.so
[1.368s] -- Up-to-date: /home/chelbaev/NSU/robots/ros2_ws/install/turtlesim/share/turtlesim/environment/pythonpath.sh
[1.368s] -- Installing: /home/chelbaev/NSU/robots/ros2_ws/install/turtlesim/share/turtlesim/environment/pythonpath.dsv
[1.368s] -- Up-to-date: /home/chelbaev/NSU/robots/ros2_ws/install/turtlesim/local/lib/python3.10/dist-packages/turtlesim-1.4.2-py3.10.egg-info
[1.368s] -- Installing: /home/chelbaev/NSU/robots/ros2_ws/install/turtlesim/local/lib/python3.10/dist-packages/turtlesim-1.4.2-py3.10.egg-info/top_level.txt
[1.369s] -- Installing: /home/chelbaev/NSU/robots/ros2_ws/install/turtlesim/local/lib/python3.10/dist-packages/turtlesim-1.4.2-py3.10.egg-info/dependency_links.txt
[1.369s] -- Installing: /home/chelbaev/NSU/robots/ros2_ws/install/turtlesim/local/lib/python3.10/dist-packages/turtlesim-1.4.2-py3.10.egg-info/PKG-INFO
[1.369s] -- Installing: /home/chelbaev/NSU/robots/ros2_ws/install/turtlesim/local/lib/python3.10/dist-packages/turtlesim-1.4.2-py3.10.egg-info/SOURCES.txt
[1.369s] -- Up-to-date: /home/chelbaev/NSU/robots/ros2_ws/install/turtlesim/local/lib/python3.10/dist-packages/turtlesim
[1.369s] -- Up-to-date: /home/chelbaev/NSU/robots/ros2_ws/install/turtlesim/local/lib/python3.10/dist-packages/turtlesim/turtlesim_s__rosidl_typesupport_fastrtps_c.cpython-310-x86_64-linux-gnu.so
[1.369s] -- Up-to-date: /home/chelbaev/NSU/robots/ros2_ws/install/turtlesim/local/lib/python3.10/dist-packages/turtlesim/srv
[1.369s] -- Up-to-date: /home/chelbaev/NSU/robots/ros2_ws/install/turtlesim/local/lib/python3.10/dist-packages/turtlesim/srv/_teleport_relative_s.c
[1.369s] -- Up-to-date: /home/chelbaev/NSU/robots/ros2_ws/install/turtlesim/local/lib/python3.10/dist-packages/turtlesim/srv/_set_pen.py
[1.369s] -- Up-to-date: /home/chelbaev/NSU/robots/ros2_ws/install/turtlesim/local/lib/python3.10/dist-packages/turtlesim/srv/__init__.py
[1.369s] -- Up-to-date: /home/chelbaev/NSU/robots/ros2_ws/install/turtlesim/local/lib/python3.10/dist-packages/turtlesim/srv/_spawn_s.c
[1.369s] -- Up-to-date: /home/chelbaev/NSU/robots/ros2_ws/install/turtlesim/local/lib/python3.10/dist-packages/turtlesim/srv/_teleport_absolute.py
[1.369s] -- Up-to-date: /home/chelbaev/NSU/robots/ros2_ws/install/turtlesim/local/lib/python3.10/dist-packages/turtlesim/srv/_teleport_absolute_s.c
[1.369s] -- Up-to-date: /home/chelbaev/NSU/robots/ros2_ws/install/turtlesim/local/lib/python3.10/dist-packages/turtlesim/srv/_teleport_relative.py
[1.369s] -- Up-to-date: /home/chelbaev/NSU/robots/ros2_ws/install/turtlesim/local/lib/python3.10/dist-packages/turtlesim/srv/_spawn.py
[1.369s] -- Up-to-date: /home/chelbaev/NSU/robots/ros2_ws/install/turtlesim/local/lib/python3.10/dist-packages/turtlesim/srv/_set_pen_s.c
[1.369s] -- Up-to-date: /home/chelbaev/NSU/robots/ros2_ws/install/turtlesim/local/lib/python3.10/dist-packages/turtlesim/srv/_kill_s.c
[1.369s] -- Up-to-date: /home/chelbaev/NSU/robots/ros2_ws/install/turtlesim/local/lib/python3.10/dist-packages/turtlesim/srv/_kill.py
[1.369s] -- Installing: /home/chelbaev/NSU/robots/ros2_ws/install/turtlesim/local/lib/python3.10/dist-packages/turtlesim/__init__.py
[1.369s] -- Up-to-date: /home/chelbaev/NSU/robots/ros2_ws/install/turtlesim/local/lib/python3.10/dist-packages/turtlesim/msg
[1.369s] -- Up-to-date: /home/chelbaev/NSU/robots/ros2_ws/install/turtlesim/local/lib/python3.10/dist-packages/turtlesim/msg/_color.py
[1.369s] -- Up-to-date: /home/chelbaev/NSU/robots/ros2_ws/install/turtlesim/local/lib/python3.10/dist-packages/turtlesim/msg/__init__.py
[1.369s] -- Up-to-date: /home/chelbaev/NSU/robots/ros2_ws/install/turtlesim/local/lib/python3.10/dist-packages/turtlesim/msg/_color_s.c
[1.369s] -- Up-to-date: /home/chelbaev/NSU/robots/ros2_ws/install/turtlesim/local/lib/python3.10/dist-packages/turtlesim/msg/_pose_s.c
[1.369s] -- Up-to-date: /home/chelbaev/NSU/robots/ros2_ws/install/turtlesim/local/lib/python3.10/dist-packages/turtlesim/msg/_pose.py
[1.369s] -- Up-to-date: /home/chelbaev/NSU/robots/ros2_ws/install/turtlesim/local/lib/python3.10/dist-packages/turtlesim/turtlesim_s__rosidl_typesupport_c.cpython-310-x86_64-linux-gnu.so
[1.369s] -- Up-to-date: /home/chelbaev/NSU/robots/ros2_ws/install/turtlesim/local/lib/python3.10/dist-packages/turtlesim/turtlesim_s__rosidl_typesupport_introspection_c.cpython-310-x86_64-linux-gnu.so
[1.369s] -- Up-to-date: /home/chelbaev/NSU/robots/ros2_ws/install/turtlesim/local/lib/python3.10/dist-packages/turtlesim/_turtlesim_s.ep.rosidl_typesupport_c.c
[1.369s] -- Up-to-date: /home/chelbaev/NSU/robots/ros2_ws/install/turtlesim/local/lib/python3.10/dist-packages/turtlesim/_turtlesim_s.ep.rosidl_typesupport_fastrtps_c.c
[1.370s] -- Up-to-date: /home/chelbaev/NSU/robots/ros2_ws/install/turtlesim/local/lib/python3.10/dist-packages/turtlesim/action
[1.370s] -- Up-to-date: /home/chelbaev/NSU/robots/ros2_ws/install/turtlesim/local/lib/python3.10/dist-packages/turtlesim/action/_rotate_absolute_s.c
[1.370s] -- Up-to-date: /home/chelbaev/NSU/robots/ros2_ws/install/turtlesim/local/lib/python3.10/dist-packages/turtlesim/action/__init__.py
[1.370s] -- Up-to-date: /home/chelbaev/NSU/robots/ros2_ws/install/turtlesim/local/lib/python3.10/dist-packages/turtlesim/action/_rotate_absolute.py
[1.370s] -- Up-to-date: /home/chelbaev/NSU/robots/ros2_ws/install/turtlesim/local/lib/python3.10/dist-packages/turtlesim/_turtlesim_s.ep.rosidl_typesupport_introspection_c.c
[1.370s] -- Up-to-date: /home/chelbaev/NSU/robots/ros2_ws/install/turtlesim/local/lib/python3.10/dist-packages/turtlesim/libturtlesim__rosidl_generator_py.so
[1.393s] Listing '/home/chelbaev/NSU/robots/ros2_ws/install/turtlesim/local/lib/python3.10/dist-packages/turtlesim'...
[1.393s] Compiling '/home/chelbaev/NSU/robots/ros2_ws/install/turtlesim/local/lib/python3.10/dist-packages/turtlesim/__init__.py'...
[1.393s] Listing '/home/chelbaev/NSU/robots/ros2_ws/install/turtlesim/local/lib/python3.10/dist-packages/turtlesim/action'...
[1.393s] Listing '/home/chelbaev/NSU/robots/ros2_ws/install/turtlesim/local/lib/python3.10/dist-packages/turtlesim/msg'...
[1.393s] Listing '/home/chelbaev/NSU/robots/ros2_ws/install/turtlesim/local/lib/python3.10/dist-packages/turtlesim/srv'...
[1.397s] -- Up-to-date: /home/chelbaev/NSU/robots/ros2_ws/install/turtlesim/local/lib/python3.10/dist-packages/turtlesim/turtlesim_s__rosidl_typesupport_fastrtps_c.cpython-310-x86_64-linux-gnu.so
[1.397s] -- Up-to-date: /home/chelbaev/NSU/robots/ros2_ws/install/turtlesim/local/lib/python3.10/dist-packages/turtlesim/turtlesim_s__rosidl_typesupport_introspection_c.cpython-310-x86_64-linux-gnu.so
[1.398s] -- Up-to-date: /home/chelbaev/NSU/robots/ros2_ws/install/turtlesim/local/lib/python3.10/dist-packages/turtlesim/turtlesim_s__rosidl_typesupport_c.cpython-310-x86_64-linux-gnu.so
[1.398s] -- Up-to-date: /home/chelbaev/NSU/robots/ros2_ws/install/turtlesim/lib/libturtlesim__rosidl_generator_py.so
[1.398s] -- Up-to-date: /home/chelbaev/NSU/robots/ros2_ws/install/turtlesim/share/turtlesim/action/RotateAbsolute.idl
[1.399s] -- Up-to-date: /home/chelbaev/NSU/robots/ros2_ws/install/turtlesim/share/turtlesim/msg/Color.idl
[1.399s] -- Up-to-date: /home/chelbaev/NSU/robots/ros2_ws/install/turtlesim/share/turtlesim/msg/Pose.idl
[1.399s] -- Up-to-date: /home/chelbaev/NSU/robots/ros2_ws/install/turtlesim/share/turtlesim/srv/Kill.idl
[1.399s] -- Up-to-date: /home/chelbaev/NSU/robots/ros2_ws/install/turtlesim/share/turtlesim/srv/SetPen.idl
[1.399s] -- Up-to-date: /home/chelbaev/NSU/robots/ros2_ws/install/turtlesim/share/turtlesim/srv/Spawn.idl
[1.399s] -- Up-to-date: /home/chelbaev/NSU/robots/ros2_ws/install/turtlesim/share/turtlesim/srv/TeleportAbsolute.idl
[1.399s] -- Up-to-date: /home/chelbaev/NSU/robots/ros2_ws/install/turtlesim/share/turtlesim/srv/TeleportRelative.idl
[1.399s] -- Up-to-date: /home/chelbaev/NSU/robots/ros2_ws/install/turtlesim/share/turtlesim/action/RotateAbsolute.action
[1.399s] -- Up-to-date: /home/chelbaev/NSU/robots/ros2_ws/install/turtlesim/share/turtlesim/msg/Color.msg
[1.399s] -- Up-to-date: /home/chelbaev/NSU/robots/ros2_ws/install/turtlesim/share/turtlesim/msg/Pose.msg
[1.399s] -- Up-to-date: /home/chelbaev/NSU/robots/ros2_ws/install/turtlesim/share/turtlesim/srv/Kill.srv
[1.399s] -- Up-to-date: /home/chelbaev/NSU/robots/ros2_ws/install/turtlesim/share/turtlesim/srv/Kill_Request.msg
[1.399s] -- Up-to-date: /home/chelbaev/NSU/robots/ros2_ws/install/turtlesim/share/turtlesim/srv/Kill_Response.msg
[1.399s] -- Up-to-date: /home/chelbaev/NSU/robots/ros2_ws/install/turtlesim/share/turtlesim/srv/SetPen.srv
[1.400s] -- Up-to-date: /home/chelbaev/NSU/robots/ros2_ws/install/turtlesim/share/turtlesim/srv/SetPen_Request.msg
[1.400s] -- Up-to-date: /home/chelbaev/NSU/robots/ros2_ws/install/turtlesim/share/turtlesim/srv/SetPen_Response.msg
[1.400s] -- Up-to-date: /home/chelbaev/NSU/robots/ros2_ws/install/turtlesim/share/turtlesim/srv/Spawn.srv
[1.400s] -- Up-to-date: /home/chelbaev/NSU/robots/ros2_ws/install/turtlesim/share/turtlesim/srv/Spawn_Request.msg
[1.400s] -- Up-to-date: /home/chelbaev/NSU/robots/ros2_ws/install/turtlesim/share/turtlesim/srv/Spawn_Response.msg
[1.400s] -- Up-to-date: /home/chelbaev/NSU/robots/ros2_ws/install/turtlesim/share/turtlesim/srv/TeleportAbsolute.srv
[1.400s] -- Up-to-date: /home/chelbaev/NSU/robots/ros2_ws/install/turtlesim/share/turtlesim/srv/TeleportAbsolute_Request.msg
[1.400s] -- Up-to-date: /home/chelbaev/NSU/robots/ros2_ws/install/turtlesim/share/turtlesim/srv/TeleportAbsolute_Response.msg
[1.400s] -- Up-to-date: /home/chelbaev/NSU/robots/ros2_ws/install/turtlesim/share/turtlesim/srv/TeleportRelative.srv
[1.400s] -- Up-to-date: /home/chelbaev/NSU/robots/ros2_ws/install/turtlesim/share/turtlesim/srv/TeleportRelative_Request.msg
[1.400s] -- Up-to-date: /home/chelbaev/NSU/robots/ros2_ws/install/turtlesim/share/turtlesim/srv/TeleportRelative_Response.msg
[1.400s] -- Up-to-date: /home/chelbaev/NSU/robots/ros2_ws/install/turtlesim/lib/turtlesim/turtlesim_node
[1.401s] -- Up-to-date: /home/chelbaev/NSU/robots/ros2_ws/install/turtlesim/lib/turtlesim/turtle_teleop_key
[1.401s] -- Up-to-date: /home/chelbaev/NSU/robots/ros2_ws/install/turtlesim/lib/turtlesim/draw_square
[1.402s] -- Up-to-date: /home/chelbaev/NSU/robots/ros2_ws/install/turtlesim/lib/turtlesim/mimic
[1.402s] -- Up-to-date: /home/chelbaev/NSU/robots/ros2_ws/install/turtlesim/share/turtlesim/images
[1.403s] -- Up-to-date: /home/chelbaev/NSU/robots/ros2_ws/install/turtlesim/share/turtlesim/images/eloquent.png
[1.403s] -- Up-to-date: /home/chelbaev/NSU/robots/ros2_ws/install/turtlesim/share/turtlesim/images/rolling.png
[1.403s] -- Up-to-date: /home/chelbaev/NSU/robots/ros2_ws/install/turtlesim/share/turtlesim/images/bouncy.png
[1.403s] -- Up-to-date: /home/chelbaev/NSU/robots/ros2_ws/install/turtlesim/share/turtlesim/images/dashing.png
[1.403s] -- Up-to-date: /home/chelbaev/NSU/robots/ros2_ws/install/turtlesim/share/turtlesim/images/crystal.png
[1.403s] -- Up-to-date: /home/chelbaev/NSU/robots/ros2_ws/install/turtlesim/share/turtlesim/images/humble.png
[1.403s] -- Up-to-date: /home/chelbaev/NSU/robots/ros2_ws/install/turtlesim/share/turtlesim/images/foxy.png
[1.403s] -- Up-to-date: /home/chelbaev/NSU/robots/ros2_ws/install/turtlesim/share/turtlesim/images/ardent.png
[1.403s] -- Up-to-date: /home/chelbaev/NSU/robots/ros2_ws/install/turtlesim/share/turtlesim/images/galactic.png
[1.403s] -- Up-to-date: /home/chelbaev/NSU/robots/ros2_ws/install/turtlesim/share/turtlesim/launch
[1.403s] -- Up-to-date: /home/chelbaev/NSU/robots/ros2_ws/install/turtlesim/share/turtlesim/launch/turtlesim_mimic_launch.py
[1.403s] -- Up-to-date: /home/chelbaev/NSU/robots/ros2_ws/install/turtlesim/share/turtlesim/launch/__pycache__
[1.403s] -- Up-to-date: /home/chelbaev/NSU/robots/ros2_ws/install/turtlesim/share/turtlesim/launch/__pycache__/turtlesim_mimic_launch.cpython-310.pyc
[1.403s] -- Up-to-date: /home/chelbaev/NSU/robots/ros2_ws/install/turtlesim/share/turtlesim/launch/multisim.launch.py
[1.403s] -- Up-to-date: /home/chelbaev/NSU/robots/ros2_ws/install/turtlesim/share/ament_index/resource_index/package_run_dependencies/turtlesim
[1.404s] -- Installing: /home/chelbaev/NSU/robots/ros2_ws/install/turtlesim/share/ament_index/resource_index/parent_prefix_path/turtlesim
[1.404s] -- Up-to-date: /home/chelbaev/NSU/robots/ros2_ws/install/turtlesim/share/turtlesim/environment/ament_prefix_path.sh
[1.404s] -- Installing: /home/chelbaev/NSU/robots/ros2_ws/install/turtlesim/share/turtlesim/environment/ament_prefix_path.dsv
[1.404s] -- Up-to-date: /home/chelbaev/NSU/robots/ros2_ws/install/turtlesim/share/turtlesim/environment/path.sh
[1.404s] -- Installing: /home/chelbaev/NSU/robots/ros2_ws/install/turtlesim/share/turtlesim/environment/path.dsv
[1.404s] -- Up-to-date: /home/chelbaev/NSU/robots/ros2_ws/install/turtlesim/share/turtlesim/local_setup.bash
[1.404s] -- Up-to-date: /home/chelbaev/NSU/robots/ros2_ws/install/turtlesim/share/turtlesim/local_setup.sh
[1.404s] -- Up-to-date: /home/chelbaev/NSU/robots/ros2_ws/install/turtlesim/share/turtlesim/local_setup.zsh
[1.404s] -- Installing: /home/chelbaev/NSU/robots/ros2_ws/install/turtlesim/share/turtlesim/local_setup.dsv
[1.404s] -- Installing: /home/chelbaev/NSU/robots/ros2_ws/install/turtlesim/share/turtlesim/package.dsv
[1.404s] -- Up-to-date: /home/chelbaev/NSU/robots/ros2_ws/install/turtlesim/share/ament_index/resource_index/packages/turtlesim
[1.404s] -- Up-to-date: /home/chelbaev/NSU/robots/ros2_ws/install/turtlesim/share/turtlesim/cmake/export_turtlesim__rosidl_generator_cExport.cmake
[1.404s] -- Up-to-date: /home/chelbaev/NSU/robots/ros2_ws/install/turtlesim/share/turtlesim/cmake/export_turtlesim__rosidl_generator_cExport-noconfig.cmake
[1.404s] -- Up-to-date: /home/chelbaev/NSU/robots/ros2_ws/install/turtlesim/share/turtlesim/cmake/export_turtlesim__rosidl_typesupport_fastrtps_cExport.cmake
[1.405s] -- Up-to-date: /home/chelbaev/NSU/robots/ros2_ws/install/turtlesim/share/turtlesim/cmake/export_turtlesim__rosidl_typesupport_fastrtps_cExport-noconfig.cmake
[1.405s] -- Up-to-date: /home/chelbaev/NSU/robots/ros2_ws/install/turtlesim/share/turtlesim/cmake/export_turtlesim__rosidl_generator_cppExport.cmake
[1.405s] -- Up-to-date: /home/chelbaev/NSU/robots/ros2_ws/install/turtlesim/share/turtlesim/cmake/export_turtlesim__rosidl_typesupport_fastrtps_cppExport.cmake
[1.405s] -- Up-to-date: /home/chelbaev/NSU/robots/ros2_ws/install/turtlesim/share/turtlesim/cmake/export_turtlesim__rosidl_typesupport_fastrtps_cppExport-noconfig.cmake
[1.405s] -- Up-to-date: /home/chelbaev/NSU/robots/ros2_ws/install/turtlesim/share/turtlesim/cmake/turtlesim__rosidl_typesupport_introspection_cExport.cmake
[1.405s] -- Up-to-date: /home/chelbaev/NSU/robots/ros2_ws/install/turtlesim/share/turtlesim/cmake/turtlesim__rosidl_typesupport_introspection_cExport-noconfig.cmake
[1.405s] -- Up-to-date: /home/chelbaev/NSU/robots/ros2_ws/install/turtlesim/share/turtlesim/cmake/turtlesim__rosidl_typesupport_cExport.cmake
[1.405s] -- Up-to-date: /home/chelbaev/NSU/robots/ros2_ws/install/turtlesim/share/turtlesim/cmake/turtlesim__rosidl_typesupport_cExport-noconfig.cmake
[1.405s] -- Up-to-date: /home/chelbaev/NSU/robots/ros2_ws/install/turtlesim/share/turtlesim/cmake/turtlesim__rosidl_typesupport_introspection_cppExport.cmake
[1.405s] -- Up-to-date: /home/chelbaev/NSU/robots/ros2_ws/install/turtlesim/share/turtlesim/cmake/turtlesim__rosidl_typesupport_introspection_cppExport-noconfig.cmake
[1.405s] -- Up-to-date: /home/chelbaev/NSU/robots/ros2_ws/install/turtlesim/share/turtlesim/cmake/turtlesim__rosidl_typesupport_cppExport.cmake
[1.405s] -- Up-to-date: /home/chelbaev/NSU/robots/ros2_ws/install/turtlesim/share/turtlesim/cmake/turtlesim__rosidl_typesupport_cppExport-noconfig.cmake
[1.405s] -- Up-to-date: /home/chelbaev/NSU/robots/ros2_ws/install/turtlesim/share/turtlesim/cmake/export_turtlesim__rosidl_generator_pyExport.cmake
[1.405s] -- Up-to-date: /home/chelbaev/NSU/robots/ros2_ws/install/turtlesim/share/turtlesim/cmake/export_turtlesim__rosidl_generator_pyExport-noconfig.cmake
[1.405s] -- Up-to-date: /home/chelbaev/NSU/robots/ros2_ws/install/turtlesim/share/turtlesim/cmake/rosidl_cmake-extras.cmake
[1.405s] -- Up-to-date: /home/chelbaev/NSU/robots/ros2_ws/install/turtlesim/share/turtlesim/cmake/ament_cmake_export_dependencies-extras.cmake
[1.405s] -- Up-to-date: /home/chelbaev/NSU/robots/ros2_ws/install/turtlesim/share/turtlesim/cmake/ament_cmake_export_include_directories-extras.cmake
[1.406s] -- Up-to-date: /home/chelbaev/NSU/robots/ros2_ws/install/turtlesim/share/turtlesim/cmake/ament_cmake_export_libraries-extras.cmake
[1.406s] -- Up-to-date: /home/chelbaev/NSU/robots/ros2_ws/install/turtlesim/share/turtlesim/cmake/ament_cmake_export_targets-extras.cmake
[1.406s] -- Up-to-date: /home/chelbaev/NSU/robots/ros2_ws/install/turtlesim/share/turtlesim/cmake/rosidl_cmake_export_typesupport_targets-extras.cmake
[1.406s] -- Up-to-date: /home/chelbaev/NSU/robots/ros2_ws/install/turtlesim/share/turtlesim/cmake/rosidl_cmake_export_typesupport_libraries-extras.cmake
[1.406s] -- Up-to-date: /home/chelbaev/NSU/robots/ros2_ws/install/turtlesim/share/turtlesim/cmake/turtlesimConfig.cmake
[1.406s] -- Up-to-date: /home/chelbaev/NSU/robots/ros2_ws/install/turtlesim/share/turtlesim/cmake/turtlesimConfig-version.cmake
[1.406s] -- Up-to-date: /home/chelbaev/NSU/robots/ros2_ws/install/turtlesim/share/turtlesim/package.xml
[1.407s] Invoked command in '/home/chelbaev/NSU/robots/ros2_ws/build/turtlesim' returned '0': CMAKE_PREFIX_PATH=${CMAKE_PREFIX_PATH}:/home/chelbaev/NSU/robots/ros2_ws/install/ten_pub:/home/chelbaev/NSU/robots/ros2_ws/install/py_pubsub:/opt/ros/humble /usr/bin/cmake --install /home/chelbaev/NSU/robots/ros2_ws/build/turtlesim
