[0.021s] Invoking command in '/home/chelbaev/NSU/robots/ros2_ws/build/turtlesim': CMAKE_PREFIX_PATH=${CMAKE_PREFIX_PATH}:/home/chelbaev/NSU/robots/ros2_ws/install/py_pubsub:/opt/ros/humble /usr/bin/cmake /home/chelbaev/NSU/robots/ros2_ws/src/ros_tutorials/turtlesim -DCMAKE_INSTALL_PREFIX=/home/chelbaev/NSU/robots/ros2_ws/install/turtlesim
[0.394s] -- The C compiler identification is GNU 11.4.0
[0.707s] -- The CXX compiler identification is GNU 11.4.0
[0.742s] -- Detecting C compiler ABI info
[1.063s] -- Detecting C compiler ABI info - done
[1.095s] -- Check for working C compiler: /usr/bin/cc - skipped
[1.099s] -- Detecting C compile features
[1.101s] -- Detecting C compile features - done
[1.115s] -- Detecting CXX compiler ABI info
[1.478s] -- Detecting CXX compiler ABI info - done
[1.509s] -- Check for working CXX compiler: /usr/bin/c++ - skipped
[1.510s] -- Detecting CXX compile features
[1.512s] -- Detecting CXX compile features - done
[1.535s] -- Found ament_cmake: 1.3.12 (/opt/ros/humble/share/ament_cmake/cmake)
[2.240s] -- Found Python3: /usr/bin/python3 (found version "3.10.12") found components: Interpreter 
[2.476s] -- Found ament_index_cpp: 1.4.0 (/opt/ros/humble/share/ament_index_cpp/cmake)
[2.484s] -- Found geometry_msgs: 4.9.0 (/opt/ros/humble/share/geometry_msgs/cmake)
[2.658s] -- Found rosidl_generator_c: 3.1.7 (/opt/ros/humble/share/rosidl_generator_c/cmake)
[2.682s] -- Found rosidl_adapter: 3.1.7 (/opt/ros/humble/share/rosidl_adapter/cmake)
[2.720s] -- Found rosidl_generator_cpp: 3.1.7 (/opt/ros/humble/share/rosidl_generator_cpp/cmake)
[2.780s] -- Using all available rosidl_typesupport_c: rosidl_typesupport_fastrtps_c;rosidl_typesupport_introspection_c
[2.851s] -- Using all available rosidl_typesupport_cpp: rosidl_typesupport_fastrtps_cpp;rosidl_typesupport_introspection_cpp
[3.083s] -- Found rclcpp: 16.0.15 (/opt/ros/humble/share/rclcpp/cmake)
[3.255s] -- Found rmw_implementation_cmake: 6.1.2 (/opt/ros/humble/share/rmw_implementation_cmake/cmake)
[3.266s] -- Found rmw_fastrtps_cpp: 6.2.8 (/opt/ros/humble/share/rmw_fastrtps_cpp/cmake)
[3.590s] -- Found OpenSSL: /usr/lib/x86_64-linux-gnu/libcrypto.so (found version "3.0.2")  
[3.709s] -- Found FastRTPS: /opt/ros/humble/include  
[3.867s] -- Using RMW implementation 'rmw_fastrtps_cpp' as default
[3.912s] -- Looking for pthread.h
[4.255s] -- Looking for pthread.h - found
[4.256s] -- Performing Test CMAKE_HAVE_LIBC_PTHREAD
[4.565s] -- Performing Test CMAKE_HAVE_LIBC_PTHREAD - Success
[4.570s] -- Found Threads: TRUE  
[4.761s] -- Found rclcpp_action: 16.0.15 (/opt/ros/humble/share/rclcpp_action/cmake)
[4.922s] -- Found rosidl_default_generators: 1.2.0 (/opt/ros/humble/share/rosidl_default_generators/cmake)
[4.963s] -- Found std_srvs: 4.9.0 (/opt/ros/humble/share/std_srvs/cmake)
[6.121s] -- Found ament_cmake_ros: 0.10.0 (/opt/ros/humble/share/ament_cmake_ros/cmake)
[7.642s] -- Using all available rosidl_typesupport_c: rosidl_typesupport_fastrtps_c;rosidl_typesupport_introspection_c
[8.093s] -- Using all available rosidl_typesupport_cpp: rosidl_typesupport_fastrtps_cpp;rosidl_typesupport_introspection_cpp
[8.204s] -- Found PythonInterp: /usr/bin/python3 (found suitable version "3.10.12", minimum required is "3.6") 
[8.212s] -- Found python_cmake_module: 0.10.0 (/opt/ros/humble/share/python_cmake_module/cmake)
[8.371s] -- Found PythonLibs: /usr/lib/x86_64-linux-gnu/libpython3.10.so (found suitable version "3.10.12", minimum required is "3.5") 
[8.371s] -- Using PYTHON_EXECUTABLE: /usr/bin/python3
[8.372s] -- Using PYTHON_INCLUDE_DIRS: /usr/include/python3.10
[8.373s] -- Using PYTHON_LIBRARIES: /usr/lib/x86_64-linux-gnu/libpython3.10.so
[8.462s] -- Found PythonExtra: .so  
[8.693s] -- Configuring done
[8.755s] -- Generating done
[8.768s] -- Build files have been written to: /home/chelbaev/NSU/robots/ros2_ws/build/turtlesim
[8.776s] Invoked command in '/home/chelbaev/NSU/robots/ros2_ws/build/turtlesim' returned '0': CMAKE_PREFIX_PATH=${CMAKE_PREFIX_PATH}:/home/chelbaev/NSU/robots/ros2_ws/install/py_pubsub:/opt/ros/humble /usr/bin/cmake /home/chelbaev/NSU/robots/ros2_ws/src/ros_tutorials/turtlesim -DCMAKE_INSTALL_PREFIX=/home/chelbaev/NSU/robots/ros2_ws/install/turtlesim
[8.778s] Invoking command in '/home/chelbaev/NSU/robots/ros2_ws/build/turtlesim': CMAKE_PREFIX_PATH=${CMAKE_PREFIX_PATH}:/home/chelbaev/NSU/robots/ros2_ws/install/py_pubsub:/opt/ros/humble /usr/bin/cmake --build /home/chelbaev/NSU/robots/ros2_ws/build/turtlesim -- -j12 -l12
[8.939s] [  1%] [34m[1mGenerating C code for ROS interfaces[0m
[8.971s] [  2%] [34m[1mGenerating C++ code for ROS interfaces[0m
[9.063s] [  2%] Built target ament_cmake_python_copy_turtlesim
[9.350s] running egg_info
[9.351s] creating turtlesim.egg-info
[9.352s] writing turtlesim.egg-info/PKG-INFO
[9.352s] writing dependency_links to turtlesim.egg-info/dependency_links.txt
[9.352s] writing top-level names to turtlesim.egg-info/top_level.txt
[9.352s] writing manifest file 'turtlesim.egg-info/SOURCES.txt'
[9.354s] reading manifest file 'turtlesim.egg-info/SOURCES.txt'
[9.355s] writing manifest file 'turtlesim.egg-info/SOURCES.txt'
[9.383s] [  2%] Built target ament_cmake_python_build_turtlesim_egg
[9.717s] [  2%] Built target turtlesim__cpp
[9.719s] [  3%] [32mBuilding C object CMakeFiles/turtlesim__rosidl_generator_c.dir/rosidl_generator_c/turtlesim/msg/detail/pose__functions.c.o[0m
[9.720s] [  6%] [32mBuilding C object CMakeFiles/turtlesim__rosidl_generator_c.dir/rosidl_generator_c/turtlesim/msg/detail/color__functions.c.o[0m
[9.720s] [  6%] [32mBuilding C object CMakeFiles/turtlesim__rosidl_generator_c.dir/rosidl_generator_c/turtlesim/action/detail/rotate_absolute__functions.c.o[0m
[9.720s] [  6%] [32mBuilding C object CMakeFiles/turtlesim__rosidl_generator_c.dir/rosidl_generator_c/turtlesim/srv/detail/set_pen__functions.c.o[0m
[9.720s] [  7%] [32mBuilding C object CMakeFiles/turtlesim__rosidl_generator_c.dir/rosidl_generator_c/turtlesim/srv/detail/kill__functions.c.o[0m
[9.721s] [  8%] [32mBuilding C object CMakeFiles/turtlesim__rosidl_generator_c.dir/rosidl_generator_c/turtlesim/srv/detail/spawn__functions.c.o[0m
[9.721s] [  9%] [32mBuilding C object CMakeFiles/turtlesim__rosidl_generator_c.dir/rosidl_generator_c/turtlesim/srv/detail/teleport_absolute__functions.c.o[0m
[9.721s] [ 10%] [32mBuilding C object CMakeFiles/turtlesim__rosidl_generator_c.dir/rosidl_generator_c/turtlesim/srv/detail/teleport_relative__functions.c.o[0m
[9.728s] [ 11%] [34m[1mGenerating C++ type support dispatch for ROS interfaces[0m
[9.729s] [ 12%] [34m[1mGenerating C++ type support for eProsima Fast-RTPS[0m
[9.730s] [ 13%] [34m[1mGenerating C++ introspection for ROS interfaces[0m
[9.926s] [ 14%] [32m[1mLinking C shared library libturtlesim__rosidl_generator_c.so[0m
[9.969s] [ 14%] Built target turtlesim__rosidl_generator_c
[9.979s] [ 16%] [34m[1mGenerating C type support dispatch for ROS interfaces[0m
[9.979s] [ 16%] [34m[1mGenerating C introspection for ROS interfaces[0m
[9.981s] [ 17%] [34m[1mGenerating C type support for eProsima Fast-RTPS[0m
[10.403s] [ 19%] [32mBuilding CXX object CMakeFiles/turtlesim__rosidl_typesupport_cpp.dir/rosidl_typesupport_cpp/turtlesim/action/rotate_absolute__type_support.cpp.o[0m
[10.403s] [ 19%] [32mBuilding CXX object CMakeFiles/turtlesim__rosidl_typesupport_cpp.dir/rosidl_typesupport_cpp/turtlesim/msg/pose__type_support.cpp.o[0m
[10.403s] [ 21%] [32mBuilding CXX object CMakeFiles/turtlesim__rosidl_typesupport_cpp.dir/rosidl_typesupport_cpp/turtlesim/msg/color__type_support.cpp.o[0m
[10.403s] [ 22%] [32mBuilding CXX object CMakeFiles/turtlesim__rosidl_typesupport_cpp.dir/rosidl_typesupport_cpp/turtlesim/srv/set_pen__type_support.cpp.o[0m
[10.403s] [ 22%] [32mBuilding CXX object CMakeFiles/turtlesim__rosidl_typesupport_cpp.dir/rosidl_typesupport_cpp/turtlesim/srv/kill__type_support.cpp.o[0m
[10.403s] [ 23%] [32mBuilding CXX object CMakeFiles/turtlesim__rosidl_typesupport_cpp.dir/rosidl_typesupport_cpp/turtlesim/srv/spawn__type_support.cpp.o[0m
[10.407s] [ 24%] [32mBuilding CXX object CMakeFiles/turtlesim__rosidl_typesupport_cpp.dir/rosidl_typesupport_cpp/turtlesim/srv/teleport_absolute__type_support.cpp.o[0m
[10.588s] [ 25%] [32mBuilding CXX object CMakeFiles/turtlesim__rosidl_typesupport_c.dir/rosidl_typesupport_c/turtlesim/action/rotate_absolute__type_support.cpp.o[0m
[10.661s] [ 26%] [32mBuilding CXX object CMakeFiles/turtlesim__rosidl_typesupport_fastrtps_cpp.dir/rosidl_typesupport_fastrtps_cpp/turtlesim/action/detail/dds_fastrtps/rotate_absolute__type_support.cpp.o[0m
[10.670s] [ 27%] [32mBuilding CXX object CMakeFiles/turtlesim__rosidl_typesupport_c.dir/rosidl_typesupport_c/turtlesim/msg/color__type_support.cpp.o[0m
[10.720s] [ 28%] [32mBuilding CXX object CMakeFiles/turtlesim__rosidl_typesupport_c.dir/rosidl_typesupport_c/turtlesim/msg/pose__type_support.cpp.o[0m
[10.768s] [ 29%] [32mBuilding CXX object CMakeFiles/turtlesim__rosidl_typesupport_c.dir/rosidl_typesupport_c/turtlesim/srv/kill__type_support.cpp.o[0m
[10.800s] [ 30%] [32mBuilding CXX object CMakeFiles/turtlesim__rosidl_typesupport_introspection_cpp.dir/rosidl_typesupport_introspection_cpp/turtlesim/action/detail/rotate_absolute__type_support.cpp.o[0m
[10.816s] [ 31%] [32mBuilding CXX object CMakeFiles/turtlesim__rosidl_typesupport_c.dir/rosidl_typesupport_c/turtlesim/srv/set_pen__type_support.cpp.o[0m
[10.866s] [ 32%] [32mBuilding CXX object CMakeFiles/turtlesim__rosidl_typesupport_c.dir/rosidl_typesupport_c/turtlesim/srv/spawn__type_support.cpp.o[0m
[10.874s] [ 33%] [32mBuilding CXX object CMakeFiles/turtlesim__rosidl_typesupport_cpp.dir/rosidl_typesupport_cpp/turtlesim/srv/teleport_relative__type_support.cpp.o[0m
[10.882s] [ 34%] [32mBuilding CXX object CMakeFiles/turtlesim__rosidl_typesupport_c.dir/rosidl_typesupport_c/turtlesim/srv/teleport_absolute__type_support.cpp.o[0m
[10.882s] [ 35%] [32mBuilding CXX object CMakeFiles/turtlesim__rosidl_typesupport_fastrtps_cpp.dir/rosidl_typesupport_fastrtps_cpp/turtlesim/msg/detail/dds_fastrtps/color__type_support.cpp.o[0m
[10.891s] [ 36%] [32mBuilding CXX object CMakeFiles/turtlesim__rosidl_typesupport_introspection_cpp.dir/rosidl_typesupport_introspection_cpp/turtlesim/msg/detail/color__type_support.cpp.o[0m
[10.896s] [ 37%] [32mBuilding CXX object CMakeFiles/turtlesim__rosidl_typesupport_introspection_cpp.dir/rosidl_typesupport_introspection_cpp/turtlesim/msg/detail/pose__type_support.cpp.o[0m
[10.900s] [ 38%] [32mBuilding CXX object CMakeFiles/turtlesim__rosidl_typesupport_introspection_cpp.dir/rosidl_typesupport_introspection_cpp/turtlesim/srv/detail/kill__type_support.cpp.o[0m
[10.914s] [ 39%] [32mBuilding CXX object CMakeFiles/turtlesim__rosidl_typesupport_introspection_cpp.dir/rosidl_typesupport_introspection_cpp/turtlesim/srv/detail/set_pen__type_support.cpp.o[0m
[10.931s] [ 40%] [32mBuilding CXX object CMakeFiles/turtlesim__rosidl_typesupport_c.dir/rosidl_typesupport_c/turtlesim/srv/teleport_relative__type_support.cpp.o[0m
[10.977s] [ 41%] [32m[1mLinking CXX shared library libturtlesim__rosidl_typesupport_c.so[0m
[11.010s] [ 42%] [32mBuilding C object CMakeFiles/turtlesim__rosidl_typesupport_introspection_c.dir/rosidl_typesupport_introspection_c/turtlesim/action/detail/rotate_absolute__type_support.c.o[0m
[11.066s] [ 42%] Built target turtlesim__rosidl_typesupport_c
[11.084s] [ 43%] [32mBuilding C object CMakeFiles/turtlesim__rosidl_typesupport_introspection_c.dir/rosidl_typesupport_introspection_c/turtlesim/msg/detail/color__type_support.c.o[0m
[11.100s] [ 44%] [32mBuilding CXX object CMakeFiles/turtlesim__rosidl_typesupport_introspection_cpp.dir/rosidl_typesupport_introspection_cpp/turtlesim/srv/detail/spawn__type_support.cpp.o[0m
[11.134s] [ 45%] [32mBuilding C object CMakeFiles/turtlesim__rosidl_typesupport_introspection_c.dir/rosidl_typesupport_introspection_c/turtlesim/msg/detail/pose__type_support.c.o[0m
[11.192s] [ 46%] [32mBuilding C object CMakeFiles/turtlesim__rosidl_typesupport_introspection_c.dir/rosidl_typesupport_introspection_c/turtlesim/srv/detail/kill__type_support.c.o[0m
[11.233s] [ 47%] [32mBuilding CXX object CMakeFiles/turtlesim__rosidl_typesupport_fastrtps_cpp.dir/rosidl_typesupport_fastrtps_cpp/turtlesim/msg/detail/dds_fastrtps/pose__type_support.cpp.o[0m
[11.249s] [ 48%] [32mBuilding C object CMakeFiles/turtlesim__rosidl_typesupport_introspection_c.dir/rosidl_typesupport_introspection_c/turtlesim/srv/detail/set_pen__type_support.c.o[0m
[11.306s] [ 49%] [32mBuilding C object CMakeFiles/turtlesim__rosidl_typesupport_introspection_c.dir/rosidl_typesupport_introspection_c/turtlesim/srv/detail/spawn__type_support.c.o[0m
[11.322s] [ 50%] [32mBuilding CXX object CMakeFiles/turtlesim__rosidl_typesupport_fastrtps_c.dir/rosidl_typesupport_fastrtps_c/turtlesim/action/detail/rotate_absolute__type_support_c.cpp.o[0m
[11.329s] [ 51%] [32m[1mLinking CXX shared library libturtlesim__rosidl_typesupport_cpp.so[0m
[11.368s] [ 52%] [32mBuilding C object CMakeFiles/turtlesim__rosidl_typesupport_introspection_c.dir/rosidl_typesupport_introspection_c/turtlesim/srv/detail/teleport_absolute__type_support.c.o[0m
[11.396s] [ 52%] Built target turtlesim__rosidl_typesupport_cpp
[11.409s] [ 53%] [32mBuilding CXX object CMakeFiles/turtlesim__rosidl_typesupport_introspection_cpp.dir/rosidl_typesupport_introspection_cpp/turtlesim/srv/detail/teleport_absolute__type_support.cpp.o[0m
[11.422s] [ 54%] [32mBuilding C object CMakeFiles/turtlesim__rosidl_typesupport_introspection_c.dir/rosidl_typesupport_introspection_c/turtlesim/srv/detail/teleport_relative__type_support.c.o[0m
[11.478s] [ 55%] [32m[1mLinking C shared library libturtlesim__rosidl_typesupport_introspection_c.so[0m
[11.533s] [ 56%] [32mBuilding CXX object CMakeFiles/turtlesim__rosidl_typesupport_fastrtps_cpp.dir/rosidl_typesupport_fastrtps_cpp/turtlesim/srv/detail/dds_fastrtps/kill__type_support.cpp.o[0m
[11.538s] [ 56%] Built target turtlesim__rosidl_typesupport_introspection_c
[11.544s] [ 57%] [32mBuilding CXX object CMakeFiles/turtlesim__rosidl_typesupport_introspection_cpp.dir/rosidl_typesupport_introspection_cpp/turtlesim/srv/detail/teleport_relative__type_support.cpp.o[0m
[11.545s] [ 58%] [32mBuilding CXX object CMakeFiles/turtlesim__rosidl_typesupport_fastrtps_cpp.dir/rosidl_typesupport_fastrtps_cpp/turtlesim/srv/detail/dds_fastrtps/set_pen__type_support.cpp.o[0m
[11.550s] [ 59%] [32mBuilding CXX object CMakeFiles/turtlesim__rosidl_typesupport_fastrtps_cpp.dir/rosidl_typesupport_fastrtps_cpp/turtlesim/srv/detail/dds_fastrtps/spawn__type_support.cpp.o[0m
[11.554s] [ 60%] [32mBuilding CXX object CMakeFiles/turtlesim__rosidl_typesupport_fastrtps_cpp.dir/rosidl_typesupport_fastrtps_cpp/turtlesim/srv/detail/dds_fastrtps/teleport_absolute__type_support.cpp.o[0m
[11.565s] [ 61%] [32mBuilding CXX object CMakeFiles/turtlesim__rosidl_typesupport_fastrtps_cpp.dir/rosidl_typesupport_fastrtps_cpp/turtlesim/srv/detail/dds_fastrtps/teleport_relative__type_support.cpp.o[0m
[11.636s] [ 62%] [34m[1mGenerating include/turtlesim/moc_turtle_frame.cpp[0m
[11.754s] [ 63%] [32mBuilding CXX object CMakeFiles/turtlesim__rosidl_typesupport_fastrtps_c.dir/rosidl_typesupport_fastrtps_c/turtlesim/msg/detail/color__type_support_c.cpp.o[0m
[11.793s] [ 64%] [32mBuilding CXX object CMakeFiles/turtlesim_node.dir/src/turtlesim.cpp.o[0m
[11.850s] [ 65%] [32mBuilding CXX object CMakeFiles/turtlesim__rosidl_typesupport_fastrtps_c.dir/rosidl_typesupport_fastrtps_c/turtlesim/msg/detail/pose__type_support_c.cpp.o[0m
[11.880s] [ 66%] [32mBuilding CXX object CMakeFiles/turtlesim_node.dir/src/turtle.cpp.o[0m
[12.042s] [ 67%] [32mBuilding CXX object CMakeFiles/turtlesim_node.dir/src/turtle_frame.cpp.o[0m
[12.226s] [ 68%] [32mBuilding CXX object CMakeFiles/turtle_teleop_key.dir/tutorials/teleop_turtle_key.cpp.o[0m
[12.401s] [ 69%] [32m[1mLinking CXX shared library libturtlesim__rosidl_typesupport_introspection_cpp.so[0m
[12.433s] [ 70%] [32mBuilding CXX object CMakeFiles/turtlesim__rosidl_typesupport_fastrtps_c.dir/rosidl_typesupport_fastrtps_c/turtlesim/srv/detail/kill__type_support_c.cpp.o[0m
[12.461s] [ 71%] [32mBuilding CXX object CMakeFiles/turtlesim_node.dir/include/turtlesim/moc_turtle_frame.cpp.o[0m
[12.483s] [ 72%] [32mBuilding CXX object CMakeFiles/turtlesim__rosidl_typesupport_fastrtps_c.dir/rosidl_typesupport_fastrtps_c/turtlesim/srv/detail/set_pen__type_support_c.cpp.o[0m
[12.498s] [ 73%] [32mBuilding CXX object CMakeFiles/turtlesim__rosidl_typesupport_fastrtps_c.dir/rosidl_typesupport_fastrtps_c/turtlesim/srv/detail/spawn__type_support_c.cpp.o[0m
[12.533s] [ 74%] [32m[1mLinking CXX shared library libturtlesim__rosidl_typesupport_fastrtps_cpp.so[0m
[12.577s] [ 75%] [32mBuilding CXX object CMakeFiles/draw_square.dir/tutorials/draw_square.cpp.o[0m
[12.591s] [ 75%] Built target turtlesim__rosidl_typesupport_introspection_cpp
[12.634s] [ 76%] [32mBuilding CXX object CMakeFiles/turtlesim__rosidl_typesupport_fastrtps_c.dir/rosidl_typesupport_fastrtps_c/turtlesim/srv/detail/teleport_absolute__type_support_c.cpp.o[0m
[12.653s] [ 77%] [32mBuilding CXX object CMakeFiles/mimic.dir/tutorials/mimic.cpp.o[0m
[12.689s] [ 77%] Built target turtlesim__rosidl_typesupport_fastrtps_cpp
[12.701s] [ 78%] [32mBuilding CXX object CMakeFiles/turtlesim__rosidl_typesupport_fastrtps_c.dir/rosidl_typesupport_fastrtps_c/turtlesim/srv/detail/teleport_relative__type_support_c.cpp.o[0m
[13.225s] [ 79%] [32m[1mLinking CXX shared library libturtlesim__rosidl_typesupport_fastrtps_c.so[0m
[13.356s] [ 79%] Built target turtlesim__rosidl_typesupport_fastrtps_c
[13.387s] [ 79%] Built target turtlesim
[13.416s] [ 80%] [34m[1mGenerating Python code for ROS interfaces[0m
[15.491s] [ 80%] Built target turtlesim__py
[15.517s] [ 82%] [32mBuilding C object CMakeFiles/turtlesim__rosidl_generator_py.dir/rosidl_generator_py/turtlesim/msg/_color_s.c.o[0m
[15.517s] [ 82%] [32mBuilding C object CMakeFiles/turtlesim__rosidl_generator_py.dir/rosidl_generator_py/turtlesim/action/_rotate_absolute_s.c.o[0m
[15.517s] [ 83%] [32mBuilding C object CMakeFiles/turtlesim__rosidl_generator_py.dir/rosidl_generator_py/turtlesim/msg/_pose_s.c.o[0m
[15.517s] [ 85%] [32mBuilding C object CMakeFiles/turtlesim__rosidl_generator_py.dir/rosidl_generator_py/turtlesim/srv/_set_pen_s.c.o[0m
[15.517s] [ 85%] [32mBuilding C object CMakeFiles/turtlesim__rosidl_generator_py.dir/rosidl_generator_py/turtlesim/srv/_kill_s.c.o[0m
[15.720s] [ 86%] [32mBuilding C object CMakeFiles/turtlesim__rosidl_generator_py.dir/rosidl_generator_py/turtlesim/srv/_spawn_s.c.o[0m
[15.727s] [ 87%] [32mBuilding C object CMakeFiles/turtlesim__rosidl_generator_py.dir/rosidl_generator_py/turtlesim/srv/_teleport_absolute_s.c.o[0m
[15.732s] [ 88%] [32mBuilding C object CMakeFiles/turtlesim__rosidl_generator_py.dir/rosidl_generator_py/turtlesim/srv/_teleport_relative_s.c.o[0m
[15.902s] [ 89%] [32m[1mLinking C shared library rosidl_generator_py/turtlesim/libturtlesim__rosidl_generator_py.so[0m
[15.955s] [ 89%] Built target turtlesim__rosidl_generator_py
[15.980s] [ 90%] [32mBuilding C object CMakeFiles/turtlesim__rosidl_typesupport_c__pyext.dir/rosidl_generator_py/turtlesim/_turtlesim_s.ep.rosidl_typesupport_c.c.o[0m
[15.985s] [ 92%] [32mBuilding C object CMakeFiles/turtlesim__rosidl_typesupport_fastrtps_c__pyext.dir/rosidl_generator_py/turtlesim/_turtlesim_s.ep.rosidl_typesupport_fastrtps_c.c.o[0m
[15.985s] [ 92%] [32mBuilding C object CMakeFiles/turtlesim__rosidl_typesupport_introspection_c__pyext.dir/rosidl_generator_py/turtlesim/_turtlesim_s.ep.rosidl_typesupport_introspection_c.c.o[0m
[16.171s] [ 93%] [32m[1mLinking C shared library rosidl_generator_py/turtlesim/turtlesim_s__rosidl_typesupport_c.cpython-310-x86_64-linux-gnu.so[0m
[16.180s] [ 94%] [32m[1mLinking C shared library rosidl_generator_py/turtlesim/turtlesim_s__rosidl_typesupport_introspection_c.cpython-310-x86_64-linux-gnu.so[0m
[16.216s] [ 94%] Built target turtlesim__rosidl_typesupport_c__pyext
[16.227s] [ 94%] Built target turtlesim__rosidl_typesupport_introspection_c__pyext
[16.246s] [ 95%] [32m[1mLinking C shared library rosidl_generator_py/turtlesim/turtlesim_s__rosidl_typesupport_fastrtps_c.cpython-310-x86_64-linux-gnu.so[0m
[16.306s] [ 95%] Built target turtlesim__rosidl_typesupport_fastrtps_c__pyext
[19.938s] [ 96%] [32m[1mLinking CXX executable turtle_teleop_key[0m
[20.227s] [ 96%] Built target turtle_teleop_key
[23.058s] [ 97%] [32m[1mLinking CXX executable draw_square[0m
[23.510s] [ 97%] Built target draw_square
[24.634s] [ 98%] [32m[1mLinking CXX executable mimic[0m
[25.116s] [ 98%] Built target mimic
[26.736s] [100%] [32m[1mLinking CXX executable turtlesim_node[0m
[28.228s] [100%] Built target turtlesim_node
[28.243s] Invoked command in '/home/chelbaev/NSU/robots/ros2_ws/build/turtlesim' returned '0': CMAKE_PREFIX_PATH=${CMAKE_PREFIX_PATH}:/home/chelbaev/NSU/robots/ros2_ws/install/py_pubsub:/opt/ros/humble /usr/bin/cmake --build /home/chelbaev/NSU/robots/ros2_ws/build/turtlesim -- -j12 -l12
[28.276s] Invoking command in '/home/chelbaev/NSU/robots/ros2_ws/build/turtlesim': CMAKE_PREFIX_PATH=${CMAKE_PREFIX_PATH}:/home/chelbaev/NSU/robots/ros2_ws/install/py_pubsub:/opt/ros/humble /usr/bin/cmake --install /home/chelbaev/NSU/robots/ros2_ws/build/turtlesim
[28.308s] -- Install configuration: ""
[28.309s] -- Installing: /home/chelbaev/NSU/robots/ros2_ws/install/turtlesim/share/ament_index/resource_index/rosidl_interfaces/turtlesim
[28.310s] -- Installing: /home/chelbaev/NSU/robots/ros2_ws/install/turtlesim/include/turtlesim/turtlesim
[28.311s] -- Installing: /home/chelbaev/NSU/robots/ros2_ws/install/turtlesim/include/turtlesim/turtlesim/srv
[28.313s] -- Installing: /home/chelbaev/NSU/robots/ros2_ws/install/turtlesim/include/turtlesim/turtlesim/srv/teleport_absolute.h
[28.314s] -- Installing: /home/chelbaev/NSU/robots/ros2_ws/install/turtlesim/include/turtlesim/turtlesim/srv/set_pen.h
[28.315s] -- Installing: /home/chelbaev/NSU/robots/ros2_ws/install/turtlesim/include/turtlesim/turtlesim/srv/detail
[28.316s] -- Installing: /home/chelbaev/NSU/robots/ros2_ws/install/turtlesim/include/turtlesim/turtlesim/srv/detail/kill__struct.h
[28.316s] -- Installing: /home/chelbaev/NSU/robots/ros2_ws/install/turtlesim/include/turtlesim/turtlesim/srv/detail/kill__functions.h
[28.318s] -- Installing: /home/chelbaev/NSU/robots/ros2_ws/install/turtlesim/include/turtlesim/turtlesim/srv/detail/teleport_relative__struct.h
[28.318s] -- Installing: /home/chelbaev/NSU/robots/ros2_ws/install/turtlesim/include/turtlesim/turtlesim/srv/detail/kill__type_support.h
[28.319s] -- Installing: /home/chelbaev/NSU/robots/ros2_ws/install/turtlesim/include/turtlesim/turtlesim/srv/detail/teleport_absolute__struct.h
[28.320s] -- Installing: /home/chelbaev/NSU/robots/ros2_ws/install/turtlesim/include/turtlesim/turtlesim/srv/detail/spawn__type_support.h
[28.320s] -- Installing: /home/chelbaev/NSU/robots/ros2_ws/install/turtlesim/include/turtlesim/turtlesim/srv/detail/kill__functions.c
[28.321s] -- Installing: /home/chelbaev/NSU/robots/ros2_ws/install/turtlesim/include/turtlesim/turtlesim/srv/detail/teleport_absolute__functions.h
[28.322s] -- Installing: /home/chelbaev/NSU/robots/ros2_ws/install/turtlesim/include/turtlesim/turtlesim/srv/detail/teleport_relative__type_support.h
[28.322s] -- Installing: /home/chelbaev/NSU/robots/ros2_ws/install/turtlesim/include/turtlesim/turtlesim/srv/detail/set_pen__functions.c
[28.323s] -- Installing: /home/chelbaev/NSU/robots/ros2_ws/install/turtlesim/include/turtlesim/turtlesim/srv/detail/set_pen__type_support.h
[28.324s] -- Installing: /home/chelbaev/NSU/robots/ros2_ws/install/turtlesim/include/turtlesim/turtlesim/srv/detail/teleport_absolute__type_support.h
[28.324s] -- Installing: /home/chelbaev/NSU/robots/ros2_ws/install/turtlesim/include/turtlesim/turtlesim/srv/detail/spawn__functions.h
[28.325s] -- Installing: /home/chelbaev/NSU/robots/ros2_ws/install/turtlesim/include/turtlesim/turtlesim/srv/detail/teleport_relative__functions.c
[28.326s] -- Installing: /home/chelbaev/NSU/robots/ros2_ws/install/turtlesim/include/turtlesim/turtlesim/srv/detail/spawn__functions.c
[28.326s] -- Installing: /home/chelbaev/NSU/robots/ros2_ws/install/turtlesim/include/turtlesim/turtlesim/srv/detail/teleport_absolute__functions.c
[28.327s] -- Installing: /home/chelbaev/NSU/robots/ros2_ws/install/turtlesim/include/turtlesim/turtlesim/srv/detail/set_pen__struct.h
[28.327s] -- Installing: /home/chelbaev/NSU/robots/ros2_ws/install/turtlesim/include/turtlesim/turtlesim/srv/detail/set_pen__functions.h
[28.328s] -- Installing: /home/chelbaev/NSU/robots/ros2_ws/install/turtlesim/include/turtlesim/turtlesim/srv/detail/teleport_relative__functions.h
[28.329s] -- Installing: /home/chelbaev/NSU/robots/ros2_ws/install/turtlesim/include/turtlesim/turtlesim/srv/detail/spawn__struct.h
[28.330s] -- Installing: /home/chelbaev/NSU/robots/ros2_ws/install/turtlesim/include/turtlesim/turtlesim/srv/kill.h
[28.331s] -- Installing: /home/chelbaev/NSU/robots/ros2_ws/install/turtlesim/include/turtlesim/turtlesim/srv/teleport_relative.h
[28.331s] -- Installing: /home/chelbaev/NSU/robots/ros2_ws/install/turtlesim/include/turtlesim/turtlesim/srv/spawn.h
[28.332s] -- Installing: /home/chelbaev/NSU/robots/ros2_ws/install/turtlesim/include/turtlesim/turtlesim/msg
[28.333s] -- Installing: /home/chelbaev/NSU/robots/ros2_ws/install/turtlesim/include/turtlesim/turtlesim/msg/color.h
[28.333s] -- Installing: /home/chelbaev/NSU/robots/ros2_ws/install/turtlesim/include/turtlesim/turtlesim/msg/detail
[28.334s] -- Installing: /home/chelbaev/NSU/robots/ros2_ws/install/turtlesim/include/turtlesim/turtlesim/msg/detail/color__functions.h
[28.335s] -- Installing: /home/chelbaev/NSU/robots/ros2_ws/install/turtlesim/include/turtlesim/turtlesim/msg/detail/color__struct.h
[28.335s] -- Installing: /home/chelbaev/NSU/robots/ros2_ws/install/turtlesim/include/turtlesim/turtlesim/msg/detail/pose__functions.h
[28.336s] -- Installing: /home/chelbaev/NSU/robots/ros2_ws/install/turtlesim/include/turtlesim/turtlesim/msg/detail/pose__struct.h
[28.337s] -- Installing: /home/chelbaev/NSU/robots/ros2_ws/install/turtlesim/include/turtlesim/turtlesim/msg/detail/pose__functions.c
[28.337s] -- Installing: /home/chelbaev/NSU/robots/ros2_ws/install/turtlesim/include/turtlesim/turtlesim/msg/detail/color__type_support.h
[28.339s] -- Installing: /home/chelbaev/NSU/robots/ros2_ws/install/turtlesim/include/turtlesim/turtlesim/msg/detail/pose__type_support.h
[28.340s] -- Installing: /home/chelbaev/NSU/robots/ros2_ws/install/turtlesim/include/turtlesim/turtlesim/msg/detail/color__functions.c
[28.340s] -- Installing: /home/chelbaev/NSU/robots/ros2_ws/install/turtlesim/include/turtlesim/turtlesim/msg/pose.h
[28.341s] -- Installing: /home/chelbaev/NSU/robots/ros2_ws/install/turtlesim/include/turtlesim/turtlesim/msg/rosidl_generator_c__visibility_control.h
[28.341s] -- Installing: /home/chelbaev/NSU/robots/ros2_ws/install/turtlesim/include/turtlesim/turtlesim/action
[28.343s] -- Installing: /home/chelbaev/NSU/robots/ros2_ws/install/turtlesim/include/turtlesim/turtlesim/action/rotate_absolute.h
[28.344s] -- Installing: /home/chelbaev/NSU/robots/ros2_ws/install/turtlesim/include/turtlesim/turtlesim/action/detail
[28.347s] -- Installing: /home/chelbaev/NSU/robots/ros2_ws/install/turtlesim/include/turtlesim/turtlesim/action/detail/rotate_absolute__struct.h
[28.348s] -- Installing: /home/chelbaev/NSU/robots/ros2_ws/install/turtlesim/include/turtlesim/turtlesim/action/detail/rotate_absolute__type_support.h
[28.348s] -- Installing: /home/chelbaev/NSU/robots/ros2_ws/install/turtlesim/include/turtlesim/turtlesim/action/detail/rotate_absolute__functions.h
[28.349s] -- Installing: /home/chelbaev/NSU/robots/ros2_ws/install/turtlesim/include/turtlesim/turtlesim/action/detail/rotate_absolute__functions.c
[28.350s] -- Installing: /home/chelbaev/NSU/robots/ros2_ws/install/turtlesim/share/turtlesim/environment/library_path.sh
[28.351s] -- Installing: /home/chelbaev/NSU/robots/ros2_ws/install/turtlesim/share/turtlesim/environment/library_path.dsv
[28.353s] -- Installing: /home/chelbaev/NSU/robots/ros2_ws/install/turtlesim/lib/libturtlesim__rosidl_generator_c.so
[28.354s] -- Set runtime path of "/home/chelbaev/NSU/robots/ros2_ws/install/turtlesim/lib/libturtlesim__rosidl_generator_c.so" to ""
[28.355s] -- Up-to-date: /home/chelbaev/NSU/robots/ros2_ws/install/turtlesim/include/turtlesim/turtlesim
[28.356s] -- Up-to-date: /home/chelbaev/NSU/robots/ros2_ws/install/turtlesim/include/turtlesim/turtlesim/srv
[28.357s] -- Up-to-date: /home/chelbaev/NSU/robots/ros2_ws/install/turtlesim/include/turtlesim/turtlesim/srv/detail
[28.358s] -- Installing: /home/chelbaev/NSU/robots/ros2_ws/install/turtlesim/include/turtlesim/turtlesim/srv/detail/teleport_relative__rosidl_typesupport_fastrtps_c.h
[28.359s] -- Installing: /home/chelbaev/NSU/robots/ros2_ws/install/turtlesim/include/turtlesim/turtlesim/srv/detail/spawn__rosidl_typesupport_fastrtps_c.h
[28.360s] -- Installing: /home/chelbaev/NSU/robots/ros2_ws/install/turtlesim/include/turtlesim/turtlesim/srv/detail/set_pen__rosidl_typesupport_fastrtps_c.h
[28.360s] -- Installing: /home/chelbaev/NSU/robots/ros2_ws/install/turtlesim/include/turtlesim/turtlesim/srv/detail/teleport_absolute__rosidl_typesupport_fastrtps_c.h
[28.361s] -- Installing: /home/chelbaev/NSU/robots/ros2_ws/install/turtlesim/include/turtlesim/turtlesim/srv/detail/kill__rosidl_typesupport_fastrtps_c.h
[28.361s] -- Up-to-date: /home/chelbaev/NSU/robots/ros2_ws/install/turtlesim/include/turtlesim/turtlesim/msg
[28.362s] -- Installing: /home/chelbaev/NSU/robots/ros2_ws/install/turtlesim/include/turtlesim/turtlesim/msg/rosidl_typesupport_fastrtps_c__visibility_control.h
[28.363s] -- Up-to-date: /home/chelbaev/NSU/robots/ros2_ws/install/turtlesim/include/turtlesim/turtlesim/msg/detail
[28.363s] -- Installing: /home/chelbaev/NSU/robots/ros2_ws/install/turtlesim/include/turtlesim/turtlesim/msg/detail/pose__rosidl_typesupport_fastrtps_c.h
[28.364s] -- Installing: /home/chelbaev/NSU/robots/ros2_ws/install/turtlesim/include/turtlesim/turtlesim/msg/detail/color__rosidl_typesupport_fastrtps_c.h
[28.365s] -- Up-to-date: /home/chelbaev/NSU/robots/ros2_ws/install/turtlesim/include/turtlesim/turtlesim/action
[28.366s] -- Up-to-date: /home/chelbaev/NSU/robots/ros2_ws/install/turtlesim/include/turtlesim/turtlesim/action/detail
[28.366s] -- Installing: /home/chelbaev/NSU/robots/ros2_ws/install/turtlesim/include/turtlesim/turtlesim/action/detail/rotate_absolute__rosidl_typesupport_fastrtps_c.h
[28.367s] -- Installing: /home/chelbaev/NSU/robots/ros2_ws/install/turtlesim/lib/libturtlesim__rosidl_typesupport_fastrtps_c.so
[28.369s] -- Set runtime path of "/home/chelbaev/NSU/robots/ros2_ws/install/turtlesim/lib/libturtlesim__rosidl_typesupport_fastrtps_c.so" to ""
[28.370s] -- Up-to-date: /home/chelbaev/NSU/robots/ros2_ws/install/turtlesim/include/turtlesim/turtlesim
[28.371s] -- Up-to-date: /home/chelbaev/NSU/robots/ros2_ws/install/turtlesim/include/turtlesim/turtlesim/srv
[28.372s] -- Installing: /home/chelbaev/NSU/robots/ros2_ws/install/turtlesim/include/turtlesim/turtlesim/srv/set_pen.hpp
[28.373s] -- Up-to-date: /home/chelbaev/NSU/robots/ros2_ws/install/turtlesim/include/turtlesim/turtlesim/srv/detail
[28.373s] -- Installing: /home/chelbaev/NSU/robots/ros2_ws/install/turtlesim/include/turtlesim/turtlesim/srv/detail/teleport_relative__traits.hpp
[28.374s] -- Installing: /home/chelbaev/NSU/robots/ros2_ws/install/turtlesim/include/turtlesim/turtlesim/srv/detail/kill__builder.hpp
[28.375s] -- Installing: /home/chelbaev/NSU/robots/ros2_ws/install/turtlesim/include/turtlesim/turtlesim/srv/detail/spawn__struct.hpp
[28.376s] -- Installing: /home/chelbaev/NSU/robots/ros2_ws/install/turtlesim/include/turtlesim/turtlesim/srv/detail/set_pen__builder.hpp
[28.376s] -- Installing: /home/chelbaev/NSU/robots/ros2_ws/install/turtlesim/include/turtlesim/turtlesim/srv/detail/spawn__type_support.hpp
[28.377s] -- Installing: /home/chelbaev/NSU/robots/ros2_ws/install/turtlesim/include/turtlesim/turtlesim/srv/detail/spawn__builder.hpp
[28.378s] -- Installing: /home/chelbaev/NSU/robots/ros2_ws/install/turtlesim/include/turtlesim/turtlesim/srv/detail/teleport_relative__builder.hpp
[28.378s] -- Installing: /home/chelbaev/NSU/robots/ros2_ws/install/turtlesim/include/turtlesim/turtlesim/srv/detail/teleport_absolute__struct.hpp
[28.379s] -- Installing: /home/chelbaev/NSU/robots/ros2_ws/install/turtlesim/include/turtlesim/turtlesim/srv/detail/kill__type_support.hpp
[28.380s] -- Installing: /home/chelbaev/NSU/robots/ros2_ws/install/turtlesim/include/turtlesim/turtlesim/srv/detail/set_pen__type_support.hpp
[28.380s] -- Installing: /home/chelbaev/NSU/robots/ros2_ws/install/turtlesim/include/turtlesim/turtlesim/srv/detail/teleport_relative__type_support.hpp
[28.381s] -- Installing: /home/chelbaev/NSU/robots/ros2_ws/install/turtlesim/include/turtlesim/turtlesim/srv/detail/teleport_relative__struct.hpp
[28.382s] -- Installing: /home/chelbaev/NSU/robots/ros2_ws/install/turtlesim/include/turtlesim/turtlesim/srv/detail/teleport_absolute__builder.hpp
[28.382s] -- Installing: /home/chelbaev/NSU/robots/ros2_ws/install/turtlesim/include/turtlesim/turtlesim/srv/detail/teleport_absolute__type_support.hpp
[28.383s] -- Installing: /home/chelbaev/NSU/robots/ros2_ws/install/turtlesim/include/turtlesim/turtlesim/srv/detail/set_pen__struct.hpp
[28.384s] -- Installing: /home/chelbaev/NSU/robots/ros2_ws/install/turtlesim/include/turtlesim/turtlesim/srv/detail/kill__struct.hpp
[28.384s] -- Installing: /home/chelbaev/NSU/robots/ros2_ws/install/turtlesim/include/turtlesim/turtlesim/srv/detail/set_pen__traits.hpp
[28.385s] -- Installing: /home/chelbaev/NSU/robots/ros2_ws/install/turtlesim/include/turtlesim/turtlesim/srv/detail/kill__traits.hpp
[28.386s] -- Installing: /home/chelbaev/NSU/robots/ros2_ws/install/turtlesim/include/turtlesim/turtlesim/srv/detail/teleport_absolute__traits.hpp
[28.386s] -- Installing: /home/chelbaev/NSU/robots/ros2_ws/install/turtlesim/include/turtlesim/turtlesim/srv/detail/spawn__traits.hpp
[28.387s] -- Installing: /home/chelbaev/NSU/robots/ros2_ws/install/turtlesim/include/turtlesim/turtlesim/srv/spawn.hpp
[28.388s] -- Installing: /home/chelbaev/NSU/robots/ros2_ws/install/turtlesim/include/turtlesim/turtlesim/srv/teleport_relative.hpp
[28.389s] -- Installing: /home/chelbaev/NSU/robots/ros2_ws/install/turtlesim/include/turtlesim/turtlesim/srv/kill.hpp
[28.389s] -- Installing: /home/chelbaev/NSU/robots/ros2_ws/install/turtlesim/include/turtlesim/turtlesim/srv/teleport_absolute.hpp
[28.390s] -- Up-to-date: /home/chelbaev/NSU/robots/ros2_ws/install/turtlesim/include/turtlesim/turtlesim/msg
[28.390s] -- Installing: /home/chelbaev/NSU/robots/ros2_ws/install/turtlesim/include/turtlesim/turtlesim/msg/pose.hpp
[28.390s] -- Up-to-date: /home/chelbaev/NSU/robots/ros2_ws/install/turtlesim/include/turtlesim/turtlesim/msg/detail
[28.390s] -- Installing: /home/chelbaev/NSU/robots/ros2_ws/install/turtlesim/include/turtlesim/turtlesim/msg/detail/color__traits.hpp
[28.391s] -- Installing: /home/chelbaev/NSU/robots/ros2_ws/install/turtlesim/include/turtlesim/turtlesim/msg/detail/pose__struct.hpp
[28.391s] -- Installing: /home/chelbaev/NSU/robots/ros2_ws/install/turtlesim/include/turtlesim/turtlesim/msg/detail/color__struct.hpp
[28.391s] -- Installing: /home/chelbaev/NSU/robots/ros2_ws/install/turtlesim/include/turtlesim/turtlesim/msg/detail/pose__builder.hpp
[28.391s] -- Installing: /home/chelbaev/NSU/robots/ros2_ws/install/turtlesim/include/turtlesim/turtlesim/msg/detail/color__builder.hpp
[28.391s] -- Installing: /home/chelbaev/NSU/robots/ros2_ws/install/turtlesim/include/turtlesim/turtlesim/msg/detail/pose__traits.hpp
[28.391s] -- Installing: /home/chelbaev/NSU/robots/ros2_ws/install/turtlesim/include/turtlesim/turtlesim/msg/detail/pose__type_support.hpp
[28.392s] -- Installing: /home/chelbaev/NSU/robots/ros2_ws/install/turtlesim/include/turtlesim/turtlesim/msg/detail/color__type_support.hpp
[28.392s] -- Installing: /home/chelbaev/NSU/robots/ros2_ws/install/turtlesim/include/turtlesim/turtlesim/msg/color.hpp
[28.392s] -- Installing: /home/chelbaev/NSU/robots/ros2_ws/install/turtlesim/include/turtlesim/turtlesim/msg/rosidl_generator_cpp__visibility_control.hpp
[28.392s] -- Up-to-date: /home/chelbaev/NSU/robots/ros2_ws/install/turtlesim/include/turtlesim/turtlesim/action
[28.392s] -- Up-to-date: /home/chelbaev/NSU/robots/ros2_ws/install/turtlesim/include/turtlesim/turtlesim/action/detail
[28.392s] -- Installing: /home/chelbaev/NSU/robots/ros2_ws/install/turtlesim/include/turtlesim/turtlesim/action/detail/rotate_absolute__type_support.hpp
[28.393s] -- Installing: /home/chelbaev/NSU/robots/ros2_ws/install/turtlesim/include/turtlesim/turtlesim/action/detail/rotate_absolute__traits.hpp
[28.393s] -- Installing: /home/chelbaev/NSU/robots/ros2_ws/install/turtlesim/include/turtlesim/turtlesim/action/detail/rotate_absolute__builder.hpp
[28.393s] -- Installing: /home/chelbaev/NSU/robots/ros2_ws/install/turtlesim/include/turtlesim/turtlesim/action/detail/rotate_absolute__struct.hpp
[28.393s] -- Installing: /home/chelbaev/NSU/robots/ros2_ws/install/turtlesim/include/turtlesim/turtlesim/action/rotate_absolute.hpp
[28.393s] -- Up-to-date: /home/chelbaev/NSU/robots/ros2_ws/install/turtlesim/include/turtlesim/turtlesim
[28.394s] -- Up-to-date: /home/chelbaev/NSU/robots/ros2_ws/install/turtlesim/include/turtlesim/turtlesim/srv
[28.394s] -- Up-to-date: /home/chelbaev/NSU/robots/ros2_ws/install/turtlesim/include/turtlesim/turtlesim/srv/detail
[28.394s] -- Installing: /home/chelbaev/NSU/robots/ros2_ws/install/turtlesim/include/turtlesim/turtlesim/srv/detail/spawn__rosidl_typesupport_fastrtps_cpp.hpp
[28.394s] -- Installing: /home/chelbaev/NSU/robots/ros2_ws/install/turtlesim/include/turtlesim/turtlesim/srv/detail/dds_fastrtps
[28.394s] -- Installing: /home/chelbaev/NSU/robots/ros2_ws/install/turtlesim/include/turtlesim/turtlesim/srv/detail/teleport_absolute__rosidl_typesupport_fastrtps_cpp.hpp
[28.394s] -- Installing: /home/chelbaev/NSU/robots/ros2_ws/install/turtlesim/include/turtlesim/turtlesim/srv/detail/teleport_relative__rosidl_typesupport_fastrtps_cpp.hpp
[28.394s] -- Installing: /home/chelbaev/NSU/robots/ros2_ws/install/turtlesim/include/turtlesim/turtlesim/srv/detail/set_pen__rosidl_typesupport_fastrtps_cpp.hpp
[28.395s] -- Installing: /home/chelbaev/NSU/robots/ros2_ws/install/turtlesim/include/turtlesim/turtlesim/srv/detail/kill__rosidl_typesupport_fastrtps_cpp.hpp
[28.395s] -- Up-to-date: /home/chelbaev/NSU/robots/ros2_ws/install/turtlesim/include/turtlesim/turtlesim/msg
[28.395s] -- Installing: /home/chelbaev/NSU/robots/ros2_ws/install/turtlesim/include/turtlesim/turtlesim/msg/rosidl_typesupport_fastrtps_cpp__visibility_control.h
[28.395s] -- Up-to-date: /home/chelbaev/NSU/robots/ros2_ws/install/turtlesim/include/turtlesim/turtlesim/msg/detail
[28.395s] -- Installing: /home/chelbaev/NSU/robots/ros2_ws/install/turtlesim/include/turtlesim/turtlesim/msg/detail/color__rosidl_typesupport_fastrtps_cpp.hpp
[28.395s] -- Installing: /home/chelbaev/NSU/robots/ros2_ws/install/turtlesim/include/turtlesim/turtlesim/msg/detail/dds_fastrtps
[28.396s] -- Installing: /home/chelbaev/NSU/robots/ros2_ws/install/turtlesim/include/turtlesim/turtlesim/msg/detail/pose__rosidl_typesupport_fastrtps_cpp.hpp
[28.396s] -- Up-to-date: /home/chelbaev/NSU/robots/ros2_ws/install/turtlesim/include/turtlesim/turtlesim/action
[28.396s] -- Up-to-date: /home/chelbaev/NSU/robots/ros2_ws/install/turtlesim/include/turtlesim/turtlesim/action/detail
[28.396s] -- Installing: /home/chelbaev/NSU/robots/ros2_ws/install/turtlesim/include/turtlesim/turtlesim/action/detail/dds_fastrtps
[28.396s] -- Installing: /home/chelbaev/NSU/robots/ros2_ws/install/turtlesim/include/turtlesim/turtlesim/action/detail/rotate_absolute__rosidl_typesupport_fastrtps_cpp.hpp
[28.396s] -- Installing: /home/chelbaev/NSU/robots/ros2_ws/install/turtlesim/lib/libturtlesim__rosidl_typesupport_fastrtps_cpp.so
[28.397s] -- Set runtime path of "/home/chelbaev/NSU/robots/ros2_ws/install/turtlesim/lib/libturtlesim__rosidl_typesupport_fastrtps_cpp.so" to ""
[28.397s] -- Up-to-date: /home/chelbaev/NSU/robots/ros2_ws/install/turtlesim/include/turtlesim/turtlesim
[28.397s] -- Up-to-date: /home/chelbaev/NSU/robots/ros2_ws/install/turtlesim/include/turtlesim/turtlesim/srv
[28.397s] -- Up-to-date: /home/chelbaev/NSU/robots/ros2_ws/install/turtlesim/include/turtlesim/turtlesim/srv/detail
[28.397s] -- Installing: /home/chelbaev/NSU/robots/ros2_ws/install/turtlesim/include/turtlesim/turtlesim/srv/detail/set_pen__type_support.c
[28.397s] -- Installing: /home/chelbaev/NSU/robots/ros2_ws/install/turtlesim/include/turtlesim/turtlesim/srv/detail/spawn__type_support.c
[28.398s] -- Installing: /home/chelbaev/NSU/robots/ros2_ws/install/turtlesim/include/turtlesim/turtlesim/srv/detail/teleport_absolute__type_support.c
[28.398s] -- Installing: /home/chelbaev/NSU/robots/ros2_ws/install/turtlesim/include/turtlesim/turtlesim/srv/detail/set_pen__rosidl_typesupport_introspection_c.h
[28.398s] -- Installing: /home/chelbaev/NSU/robots/ros2_ws/install/turtlesim/include/turtlesim/turtlesim/srv/detail/teleport_absolute__rosidl_typesupport_introspection_c.h
[28.398s] -- Installing: /home/chelbaev/NSU/robots/ros2_ws/install/turtlesim/include/turtlesim/turtlesim/srv/detail/teleport_relative__rosidl_typesupport_introspection_c.h
[28.398s] -- Installing: /home/chelbaev/NSU/robots/ros2_ws/install/turtlesim/include/turtlesim/turtlesim/srv/detail/spawn__rosidl_typesupport_introspection_c.h
[28.398s] -- Installing: /home/chelbaev/NSU/robots/ros2_ws/install/turtlesim/include/turtlesim/turtlesim/srv/detail/kill__rosidl_typesupport_introspection_c.h
[28.399s] -- Installing: /home/chelbaev/NSU/robots/ros2_ws/install/turtlesim/include/turtlesim/turtlesim/srv/detail/teleport_relative__type_support.c
[28.399s] -- Installing: /home/chelbaev/NSU/robots/ros2_ws/install/turtlesim/include/turtlesim/turtlesim/srv/detail/kill__type_support.c
[28.399s] -- Up-to-date: /home/chelbaev/NSU/robots/ros2_ws/install/turtlesim/include/turtlesim/turtlesim/msg
[28.399s] -- Up-to-date: /home/chelbaev/NSU/robots/ros2_ws/install/turtlesim/include/turtlesim/turtlesim/msg/detail
[28.399s] -- Installing: /home/chelbaev/NSU/robots/ros2_ws/install/turtlesim/include/turtlesim/turtlesim/msg/detail/pose__rosidl_typesupport_introspection_c.h
[28.399s] -- Installing: /home/chelbaev/NSU/robots/ros2_ws/install/turtlesim/include/turtlesim/turtlesim/msg/detail/color__type_support.c
[28.400s] -- Installing: /home/chelbaev/NSU/robots/ros2_ws/install/turtlesim/include/turtlesim/turtlesim/msg/detail/color__rosidl_typesupport_introspection_c.h
[28.400s] -- Installing: /home/chelbaev/NSU/robots/ros2_ws/install/turtlesim/include/turtlesim/turtlesim/msg/detail/pose__type_support.c
[28.400s] -- Installing: /home/chelbaev/NSU/robots/ros2_ws/install/turtlesim/include/turtlesim/turtlesim/msg/rosidl_typesupport_introspection_c__visibility_control.h
[28.401s] -- Up-to-date: /home/chelbaev/NSU/robots/ros2_ws/install/turtlesim/include/turtlesim/turtlesim/action
[28.401s] -- Up-to-date: /home/chelbaev/NSU/robots/ros2_ws/install/turtlesim/include/turtlesim/turtlesim/action/detail
[28.401s] -- Installing: /home/chelbaev/NSU/robots/ros2_ws/install/turtlesim/include/turtlesim/turtlesim/action/detail/rotate_absolute__type_support.c
[28.402s] -- Installing: /home/chelbaev/NSU/robots/ros2_ws/install/turtlesim/include/turtlesim/turtlesim/action/detail/rotate_absolute__rosidl_typesupport_introspection_c.h
[28.403s] -- Installing: /home/chelbaev/NSU/robots/ros2_ws/install/turtlesim/lib/libturtlesim__rosidl_typesupport_introspection_c.so
[28.404s] -- Set runtime path of "/home/chelbaev/NSU/robots/ros2_ws/install/turtlesim/lib/libturtlesim__rosidl_typesupport_introspection_c.so" to ""
[28.404s] -- Installing: /home/chelbaev/NSU/robots/ros2_ws/install/turtlesim/lib/libturtlesim__rosidl_typesupport_c.so
[28.405s] -- Set runtime path of "/home/chelbaev/NSU/robots/ros2_ws/install/turtlesim/lib/libturtlesim__rosidl_typesupport_c.so" to ""
[28.405s] -- Up-to-date: /home/chelbaev/NSU/robots/ros2_ws/install/turtlesim/include/turtlesim/turtlesim
[28.406s] -- Up-to-date: /home/chelbaev/NSU/robots/ros2_ws/install/turtlesim/include/turtlesim/turtlesim/srv
[28.406s] -- Up-to-date: /home/chelbaev/NSU/robots/ros2_ws/install/turtlesim/include/turtlesim/turtlesim/srv/detail
[28.406s] -- Installing: /home/chelbaev/NSU/robots/ros2_ws/install/turtlesim/include/turtlesim/turtlesim/srv/detail/spawn__type_support.cpp
[28.407s] -- Installing: /home/chelbaev/NSU/robots/ros2_ws/install/turtlesim/include/turtlesim/turtlesim/srv/detail/teleport_absolute__type_support.cpp
[28.407s] -- Installing: /home/chelbaev/NSU/robots/ros2_ws/install/turtlesim/include/turtlesim/turtlesim/srv/detail/teleport_relative__rosidl_typesupport_introspection_cpp.hpp
[28.408s] -- Installing: /home/chelbaev/NSU/robots/ros2_ws/install/turtlesim/include/turtlesim/turtlesim/srv/detail/teleport_absolute__rosidl_typesupport_introspection_cpp.hpp
[28.408s] -- Installing: /home/chelbaev/NSU/robots/ros2_ws/install/turtlesim/include/turtlesim/turtlesim/srv/detail/set_pen__rosidl_typesupport_introspection_cpp.hpp
[28.408s] -- Installing: /home/chelbaev/NSU/robots/ros2_ws/install/turtlesim/include/turtlesim/turtlesim/srv/detail/kill__type_support.cpp
[28.409s] -- Installing: /home/chelbaev/NSU/robots/ros2_ws/install/turtlesim/include/turtlesim/turtlesim/srv/detail/kill__rosidl_typesupport_introspection_cpp.hpp
[28.409s] -- Installing: /home/chelbaev/NSU/robots/ros2_ws/install/turtlesim/include/turtlesim/turtlesim/srv/detail/set_pen__type_support.cpp
[28.410s] -- Installing: /home/chelbaev/NSU/robots/ros2_ws/install/turtlesim/include/turtlesim/turtlesim/srv/detail/spawn__rosidl_typesupport_introspection_cpp.hpp
[28.410s] -- Installing: /home/chelbaev/NSU/robots/ros2_ws/install/turtlesim/include/turtlesim/turtlesim/srv/detail/teleport_relative__type_support.cpp
[28.410s] -- Up-to-date: /home/chelbaev/NSU/robots/ros2_ws/install/turtlesim/include/turtlesim/turtlesim/msg
[28.411s] -- Up-to-date: /home/chelbaev/NSU/robots/ros2_ws/install/turtlesim/include/turtlesim/turtlesim/msg/detail
[28.411s] -- Installing: /home/chelbaev/NSU/robots/ros2_ws/install/turtlesim/include/turtlesim/turtlesim/msg/detail/color__rosidl_typesupport_introspection_cpp.hpp
[28.411s] -- Installing: /home/chelbaev/NSU/robots/ros2_ws/install/turtlesim/include/turtlesim/turtlesim/msg/detail/color__type_support.cpp
[28.411s] -- Installing: /home/chelbaev/NSU/robots/ros2_ws/install/turtlesim/include/turtlesim/turtlesim/msg/detail/pose__type_support.cpp
[28.412s] -- Installing: /home/chelbaev/NSU/robots/ros2_ws/install/turtlesim/include/turtlesim/turtlesim/msg/detail/pose__rosidl_typesupport_introspection_cpp.hpp
[28.412s] -- Up-to-date: /home/chelbaev/NSU/robots/ros2_ws/install/turtlesim/include/turtlesim/turtlesim/action
[28.412s] -- Up-to-date: /home/chelbaev/NSU/robots/ros2_ws/install/turtlesim/include/turtlesim/turtlesim/action/detail
[28.413s] -- Installing: /home/chelbaev/NSU/robots/ros2_ws/install/turtlesim/include/turtlesim/turtlesim/action/detail/rotate_absolute__type_support.cpp
[28.413s] -- Installing: /home/chelbaev/NSU/robots/ros2_ws/install/turtlesim/include/turtlesim/turtlesim/action/detail/rotate_absolute__rosidl_typesupport_introspection_cpp.hpp
[28.413s] -- Installing: /home/chelbaev/NSU/robots/ros2_ws/install/turtlesim/lib/libturtlesim__rosidl_typesupport_introspection_cpp.so
[28.414s] -- Set runtime path of "/home/chelbaev/NSU/robots/ros2_ws/install/turtlesim/lib/libturtlesim__rosidl_typesupport_introspection_cpp.so" to ""
[28.414s] -- Installing: /home/chelbaev/NSU/robots/ros2_ws/install/turtlesim/lib/libturtlesim__rosidl_typesupport_cpp.so
[28.414s] -- Set runtime path of "/home/chelbaev/NSU/robots/ros2_ws/install/turtlesim/lib/libturtlesim__rosidl_typesupport_cpp.so" to ""
[28.415s] -- Installing: /home/chelbaev/NSU/robots/ros2_ws/install/turtlesim/share/turtlesim/environment/pythonpath.sh
[28.415s] -- Installing: /home/chelbaev/NSU/robots/ros2_ws/install/turtlesim/share/turtlesim/environment/pythonpath.dsv
[28.415s] -- Installing: /home/chelbaev/NSU/robots/ros2_ws/install/turtlesim/local/lib/python3.10/dist-packages/turtlesim-1.4.2-py3.10.egg-info
[28.416s] -- Installing: /home/chelbaev/NSU/robots/ros2_ws/install/turtlesim/local/lib/python3.10/dist-packages/turtlesim-1.4.2-py3.10.egg-info/top_level.txt
[28.416s] -- Installing: /home/chelbaev/NSU/robots/ros2_ws/install/turtlesim/local/lib/python3.10/dist-packages/turtlesim-1.4.2-py3.10.egg-info/dependency_links.txt
[28.416s] -- Installing: /home/chelbaev/NSU/robots/ros2_ws/install/turtlesim/local/lib/python3.10/dist-packages/turtlesim-1.4.2-py3.10.egg-info/PKG-INFO
[28.417s] -- Installing: /home/chelbaev/NSU/robots/ros2_ws/install/turtlesim/local/lib/python3.10/dist-packages/turtlesim-1.4.2-py3.10.egg-info/SOURCES.txt
[28.417s] -- Installing: /home/chelbaev/NSU/robots/ros2_ws/install/turtlesim/local/lib/python3.10/dist-packages/turtlesim
[28.418s] -- Installing: /home/chelbaev/NSU/robots/ros2_ws/install/turtlesim/local/lib/python3.10/dist-packages/turtlesim/turtlesim_s__rosidl_typesupport_fastrtps_c.cpython-310-x86_64-linux-gnu.so
[28.418s] -- Installing: /home/chelbaev/NSU/robots/ros2_ws/install/turtlesim/local/lib/python3.10/dist-packages/turtlesim/srv
[28.418s] -- Installing: /home/chelbaev/NSU/robots/ros2_ws/install/turtlesim/local/lib/python3.10/dist-packages/turtlesim/srv/_teleport_relative_s.c
[28.419s] -- Installing: /home/chelbaev/NSU/robots/ros2_ws/install/turtlesim/local/lib/python3.10/dist-packages/turtlesim/srv/_set_pen.py
[28.419s] -- Installing: /home/chelbaev/NSU/robots/ros2_ws/install/turtlesim/local/lib/python3.10/dist-packages/turtlesim/srv/__init__.py
[28.419s] -- Installing: /home/chelbaev/NSU/robots/ros2_ws/install/turtlesim/local/lib/python3.10/dist-packages/turtlesim/srv/_spawn_s.c
[28.420s] -- Installing: /home/chelbaev/NSU/robots/ros2_ws/install/turtlesim/local/lib/python3.10/dist-packages/turtlesim/srv/_teleport_absolute.py
[28.420s] -- Installing: /home/chelbaev/NSU/robots/ros2_ws/install/turtlesim/local/lib/python3.10/dist-packages/turtlesim/srv/_teleport_absolute_s.c
[28.420s] -- Installing: /home/chelbaev/NSU/robots/ros2_ws/install/turtlesim/local/lib/python3.10/dist-packages/turtlesim/srv/_teleport_relative.py
[28.420s] -- Installing: /home/chelbaev/NSU/robots/ros2_ws/install/turtlesim/local/lib/python3.10/dist-packages/turtlesim/srv/_spawn.py
[28.421s] -- Installing: /home/chelbaev/NSU/robots/ros2_ws/install/turtlesim/local/lib/python3.10/dist-packages/turtlesim/srv/_set_pen_s.c
[28.421s] -- Installing: /home/chelbaev/NSU/robots/ros2_ws/install/turtlesim/local/lib/python3.10/dist-packages/turtlesim/srv/_kill_s.c
[28.421s] -- Installing: /home/chelbaev/NSU/robots/ros2_ws/install/turtlesim/local/lib/python3.10/dist-packages/turtlesim/srv/_kill.py
[28.421s] -- Installing: /home/chelbaev/NSU/robots/ros2_ws/install/turtlesim/local/lib/python3.10/dist-packages/turtlesim/__init__.py
[28.422s] -- Installing: /home/chelbaev/NSU/robots/ros2_ws/install/turtlesim/local/lib/python3.10/dist-packages/turtlesim/msg
[28.422s] -- Installing: /home/chelbaev/NSU/robots/ros2_ws/install/turtlesim/local/lib/python3.10/dist-packages/turtlesim/msg/_color.py
[28.422s] -- Installing: /home/chelbaev/NSU/robots/ros2_ws/install/turtlesim/local/lib/python3.10/dist-packages/turtlesim/msg/__init__.py
[28.423s] -- Installing: /home/chelbaev/NSU/robots/ros2_ws/install/turtlesim/local/lib/python3.10/dist-packages/turtlesim/msg/_color_s.c
[28.423s] -- Installing: /home/chelbaev/NSU/robots/ros2_ws/install/turtlesim/local/lib/python3.10/dist-packages/turtlesim/msg/_pose_s.c
[28.423s] -- Installing: /home/chelbaev/NSU/robots/ros2_ws/install/turtlesim/local/lib/python3.10/dist-packages/turtlesim/msg/_pose.py
[28.423s] -- Installing: /home/chelbaev/NSU/robots/ros2_ws/install/turtlesim/local/lib/python3.10/dist-packages/turtlesim/turtlesim_s__rosidl_typesupport_c.cpython-310-x86_64-linux-gnu.so
[28.423s] -- Installing: /home/chelbaev/NSU/robots/ros2_ws/install/turtlesim/local/lib/python3.10/dist-packages/turtlesim/turtlesim_s__rosidl_typesupport_introspection_c.cpython-310-x86_64-linux-gnu.so
[28.424s] -- Installing: /home/chelbaev/NSU/robots/ros2_ws/install/turtlesim/local/lib/python3.10/dist-packages/turtlesim/_turtlesim_s.ep.rosidl_typesupport_c.c
[28.424s] -- Installing: /home/chelbaev/NSU/robots/ros2_ws/install/turtlesim/local/lib/python3.10/dist-packages/turtlesim/_turtlesim_s.ep.rosidl_typesupport_fastrtps_c.c
[28.424s] -- Installing: /home/chelbaev/NSU/robots/ros2_ws/install/turtlesim/local/lib/python3.10/dist-packages/turtlesim/action
[28.424s] -- Installing: /home/chelbaev/NSU/robots/ros2_ws/install/turtlesim/local/lib/python3.10/dist-packages/turtlesim/action/_rotate_absolute_s.c
[28.425s] -- Installing: /home/chelbaev/NSU/robots/ros2_ws/install/turtlesim/local/lib/python3.10/dist-packages/turtlesim/action/__init__.py
[28.425s] -- Installing: /home/chelbaev/NSU/robots/ros2_ws/install/turtlesim/local/lib/python3.10/dist-packages/turtlesim/action/_rotate_absolute.py
[28.425s] -- Installing: /home/chelbaev/NSU/robots/ros2_ws/install/turtlesim/local/lib/python3.10/dist-packages/turtlesim/_turtlesim_s.ep.rosidl_typesupport_introspection_c.c
[28.425s] -- Installing: /home/chelbaev/NSU/robots/ros2_ws/install/turtlesim/local/lib/python3.10/dist-packages/turtlesim/libturtlesim__rosidl_generator_py.so
[28.562s] Listing '/home/chelbaev/NSU/robots/ros2_ws/install/turtlesim/local/lib/python3.10/dist-packages/turtlesim'...
[28.562s] Compiling '/home/chelbaev/NSU/robots/ros2_ws/install/turtlesim/local/lib/python3.10/dist-packages/turtlesim/__init__.py'...
[28.562s] Listing '/home/chelbaev/NSU/robots/ros2_ws/install/turtlesim/local/lib/python3.10/dist-packages/turtlesim/action'...
[28.562s] Compiling '/home/chelbaev/NSU/robots/ros2_ws/install/turtlesim/local/lib/python3.10/dist-packages/turtlesim/action/__init__.py'...
[28.562s] Compiling '/home/chelbaev/NSU/robots/ros2_ws/install/turtlesim/local/lib/python3.10/dist-packages/turtlesim/action/_rotate_absolute.py'...
[28.562s] Listing '/home/chelbaev/NSU/robots/ros2_ws/install/turtlesim/local/lib/python3.10/dist-packages/turtlesim/msg'...
[28.562s] Compiling '/home/chelbaev/NSU/robots/ros2_ws/install/turtlesim/local/lib/python3.10/dist-packages/turtlesim/msg/__init__.py'...
[28.562s] Compiling '/home/chelbaev/NSU/robots/ros2_ws/install/turtlesim/local/lib/python3.10/dist-packages/turtlesim/msg/_color.py'...
[28.562s] Compiling '/home/chelbaev/NSU/robots/ros2_ws/install/turtlesim/local/lib/python3.10/dist-packages/turtlesim/msg/_pose.py'...
[28.563s] Listing '/home/chelbaev/NSU/robots/ros2_ws/install/turtlesim/local/lib/python3.10/dist-packages/turtlesim/srv'...
[28.563s] Compiling '/home/chelbaev/NSU/robots/ros2_ws/install/turtlesim/local/lib/python3.10/dist-packages/turtlesim/srv/__init__.py'...
[28.563s] Compiling '/home/chelbaev/NSU/robots/ros2_ws/install/turtlesim/local/lib/python3.10/dist-packages/turtlesim/srv/_kill.py'...
[28.563s] Compiling '/home/chelbaev/NSU/robots/ros2_ws/install/turtlesim/local/lib/python3.10/dist-packages/turtlesim/srv/_set_pen.py'...
[28.563s] Compiling '/home/chelbaev/NSU/robots/ros2_ws/install/turtlesim/local/lib/python3.10/dist-packages/turtlesim/srv/_spawn.py'...
[28.563s] Compiling '/home/chelbaev/NSU/robots/ros2_ws/install/turtlesim/local/lib/python3.10/dist-packages/turtlesim/srv/_teleport_absolute.py'...
[28.563s] Compiling '/home/chelbaev/NSU/robots/ros2_ws/install/turtlesim/local/lib/python3.10/dist-packages/turtlesim/srv/_teleport_relative.py'...
[28.569s] -- Installing: /home/chelbaev/NSU/robots/ros2_ws/install/turtlesim/local/lib/python3.10/dist-packages/turtlesim/turtlesim_s__rosidl_typesupport_fastrtps_c.cpython-310-x86_64-linux-gnu.so
[28.569s] -- Set runtime path of "/home/chelbaev/NSU/robots/ros2_ws/install/turtlesim/local/lib/python3.10/dist-packages/turtlesim/turtlesim_s__rosidl_typesupport_fastrtps_c.cpython-310-x86_64-linux-gnu.so" to ""
[28.570s] -- Installing: /home/chelbaev/NSU/robots/ros2_ws/install/turtlesim/local/lib/python3.10/dist-packages/turtlesim/turtlesim_s__rosidl_typesupport_introspection_c.cpython-310-x86_64-linux-gnu.so
[28.570s] -- Set runtime path of "/home/chelbaev/NSU/robots/ros2_ws/install/turtlesim/local/lib/python3.10/dist-packages/turtlesim/turtlesim_s__rosidl_typesupport_introspection_c.cpython-310-x86_64-linux-gnu.so" to ""
[28.571s] -- Installing: /home/chelbaev/NSU/robots/ros2_ws/install/turtlesim/local/lib/python3.10/dist-packages/turtlesim/turtlesim_s__rosidl_typesupport_c.cpython-310-x86_64-linux-gnu.so
[28.571s] -- Set runtime path of "/home/chelbaev/NSU/robots/ros2_ws/install/turtlesim/local/lib/python3.10/dist-packages/turtlesim/turtlesim_s__rosidl_typesupport_c.cpython-310-x86_64-linux-gnu.so" to ""
[28.571s] -- Installing: /home/chelbaev/NSU/robots/ros2_ws/install/turtlesim/lib/libturtlesim__rosidl_generator_py.so
[28.571s] -- Set runtime path of "/home/chelbaev/NSU/robots/ros2_ws/install/turtlesim/lib/libturtlesim__rosidl_generator_py.so" to ""
[28.572s] -- Installing: /home/chelbaev/NSU/robots/ros2_ws/install/turtlesim/share/turtlesim/action/RotateAbsolute.idl
[28.572s] -- Installing: /home/chelbaev/NSU/robots/ros2_ws/install/turtlesim/share/turtlesim/msg/Color.idl
[28.573s] -- Installing: /home/chelbaev/NSU/robots/ros2_ws/install/turtlesim/share/turtlesim/msg/Pose.idl
[28.573s] -- Installing: /home/chelbaev/NSU/robots/ros2_ws/install/turtlesim/share/turtlesim/srv/Kill.idl
[28.574s] -- Installing: /home/chelbaev/NSU/robots/ros2_ws/install/turtlesim/share/turtlesim/srv/SetPen.idl
[28.574s] -- Installing: /home/chelbaev/NSU/robots/ros2_ws/install/turtlesim/share/turtlesim/srv/Spawn.idl
[28.574s] -- Installing: /home/chelbaev/NSU/robots/ros2_ws/install/turtlesim/share/turtlesim/srv/TeleportAbsolute.idl
[28.575s] -- Installing: /home/chelbaev/NSU/robots/ros2_ws/install/turtlesim/share/turtlesim/srv/TeleportRelative.idl
[28.576s] -- Installing: /home/chelbaev/NSU/robots/ros2_ws/install/turtlesim/share/turtlesim/action/RotateAbsolute.action
[28.577s] -- Installing: /home/chelbaev/NSU/robots/ros2_ws/install/turtlesim/share/turtlesim/msg/Color.msg
[28.577s] -- Installing: /home/chelbaev/NSU/robots/ros2_ws/install/turtlesim/share/turtlesim/msg/Pose.msg
[28.579s] -- Installing: /home/chelbaev/NSU/robots/ros2_ws/install/turtlesim/share/turtlesim/srv/Kill.srv
[28.579s] -- Installing: /home/chelbaev/NSU/robots/ros2_ws/install/turtlesim/share/turtlesim/srv/Kill_Request.msg
[28.579s] -- Installing: /home/chelbaev/NSU/robots/ros2_ws/install/turtlesim/share/turtlesim/srv/Kill_Response.msg
[28.580s] -- Installing: /home/chelbaev/NSU/robots/ros2_ws/install/turtlesim/share/turtlesim/srv/SetPen.srv
[28.580s] -- Installing: /home/chelbaev/NSU/robots/ros2_ws/install/turtlesim/share/turtlesim/srv/SetPen_Request.msg
[28.580s] -- Installing: /home/chelbaev/NSU/robots/ros2_ws/install/turtlesim/share/turtlesim/srv/SetPen_Response.msg
[28.580s] -- Installing: /home/chelbaev/NSU/robots/ros2_ws/install/turtlesim/share/turtlesim/srv/Spawn.srv
[28.580s] -- Installing: /home/chelbaev/NSU/robots/ros2_ws/install/turtlesim/share/turtlesim/srv/Spawn_Request.msg
[28.581s] -- Installing: /home/chelbaev/NSU/robots/ros2_ws/install/turtlesim/share/turtlesim/srv/Spawn_Response.msg
[28.581s] -- Installing: /home/chelbaev/NSU/robots/ros2_ws/install/turtlesim/share/turtlesim/srv/TeleportAbsolute.srv
[28.581s] -- Installing: /home/chelbaev/NSU/robots/ros2_ws/install/turtlesim/share/turtlesim/srv/TeleportAbsolute_Request.msg
[28.581s] -- Installing: /home/chelbaev/NSU/robots/ros2_ws/install/turtlesim/share/turtlesim/srv/TeleportAbsolute_Response.msg
[28.581s] -- Installing: /home/chelbaev/NSU/robots/ros2_ws/install/turtlesim/share/turtlesim/srv/TeleportRelative.srv
[28.582s] -- Installing: /home/chelbaev/NSU/robots/ros2_ws/install/turtlesim/share/turtlesim/srv/TeleportRelative_Request.msg
[28.582s] -- Installing: /home/chelbaev/NSU/robots/ros2_ws/install/turtlesim/share/turtlesim/srv/TeleportRelative_Response.msg
[28.582s] -- Installing: /home/chelbaev/NSU/robots/ros2_ws/install/turtlesim/lib/turtlesim/turtlesim_node
[28.600s] -- Set runtime path of "/home/chelbaev/NSU/robots/ros2_ws/install/turtlesim/lib/turtlesim/turtlesim_node" to ""
[28.601s] -- Installing: /home/chelbaev/NSU/robots/ros2_ws/install/turtlesim/lib/turtlesim/turtle_teleop_key
[28.604s] -- Set runtime path of "/home/chelbaev/NSU/robots/ros2_ws/install/turtlesim/lib/turtlesim/turtle_teleop_key" to ""
[28.605s] -- Installing: /home/chelbaev/NSU/robots/ros2_ws/install/turtlesim/lib/turtlesim/draw_square
[28.615s] -- Set runtime path of "/home/chelbaev/NSU/robots/ros2_ws/install/turtlesim/lib/turtlesim/draw_square" to ""
[28.615s] -- Installing: /home/chelbaev/NSU/robots/ros2_ws/install/turtlesim/lib/turtlesim/mimic
[28.624s] -- Set runtime path of "/home/chelbaev/NSU/robots/ros2_ws/install/turtlesim/lib/turtlesim/mimic" to ""
[28.625s] -- Installing: /home/chelbaev/NSU/robots/ros2_ws/install/turtlesim/share/turtlesim/images
[28.627s] -- Installing: /home/chelbaev/NSU/robots/ros2_ws/install/turtlesim/share/turtlesim/images/eloquent.png
[28.628s] -- Installing: /home/chelbaev/NSU/robots/ros2_ws/install/turtlesim/share/turtlesim/images/rolling.png
[28.628s] -- Installing: /home/chelbaev/NSU/robots/ros2_ws/install/turtlesim/share/turtlesim/images/bouncy.png
[28.629s] -- Installing: /home/chelbaev/NSU/robots/ros2_ws/install/turtlesim/share/turtlesim/images/dashing.png
[28.630s] -- Installing: /home/chelbaev/NSU/robots/ros2_ws/install/turtlesim/share/turtlesim/images/crystal.png
[28.631s] -- Installing: /home/chelbaev/NSU/robots/ros2_ws/install/turtlesim/share/turtlesim/images/humble.png
[28.631s] -- Installing: /home/chelbaev/NSU/robots/ros2_ws/install/turtlesim/share/turtlesim/images/foxy.png
[28.632s] -- Installing: /home/chelbaev/NSU/robots/ros2_ws/install/turtlesim/share/turtlesim/images/ardent.png
[28.633s] -- Installing: /home/chelbaev/NSU/robots/ros2_ws/install/turtlesim/share/turtlesim/images/galactic.png
[28.634s] -- Installing: /home/chelbaev/NSU/robots/ros2_ws/install/turtlesim/share/turtlesim/launch
[28.636s] -- Installing: /home/chelbaev/NSU/robots/ros2_ws/install/turtlesim/share/turtlesim/launch/turtlesim_mimic_launch.py
[28.637s] -- Installing: /home/chelbaev/NSU/robots/ros2_ws/install/turtlesim/share/turtlesim/launch/__pycache__
[28.638s] -- Installing: /home/chelbaev/NSU/robots/ros2_ws/install/turtlesim/share/turtlesim/launch/__pycache__/turtlesim_mimic_launch.cpython-310.pyc
[28.639s] -- Installing: /home/chelbaev/NSU/robots/ros2_ws/install/turtlesim/share/turtlesim/launch/multisim.launch.py
[28.640s] -- Installing: /home/chelbaev/NSU/robots/ros2_ws/install/turtlesim/share/ament_index/resource_index/package_run_dependencies/turtlesim
[28.642s] -- Installing: /home/chelbaev/NSU/robots/ros2_ws/install/turtlesim/share/ament_index/resource_index/parent_prefix_path/turtlesim
[28.643s] -- Installing: /home/chelbaev/NSU/robots/ros2_ws/install/turtlesim/share/turtlesim/environment/ament_prefix_path.sh
[28.644s] -- Installing: /home/chelbaev/NSU/robots/ros2_ws/install/turtlesim/share/turtlesim/environment/ament_prefix_path.dsv
[28.645s] -- Installing: /home/chelbaev/NSU/robots/ros2_ws/install/turtlesim/share/turtlesim/environment/path.sh
[28.646s] -- Installing: /home/chelbaev/NSU/robots/ros2_ws/install/turtlesim/share/turtlesim/environment/path.dsv
[28.647s] -- Installing: /home/chelbaev/NSU/robots/ros2_ws/install/turtlesim/share/turtlesim/local_setup.bash
[28.649s] -- Installing: /home/chelbaev/NSU/robots/ros2_ws/install/turtlesim/share/turtlesim/local_setup.sh
[28.650s] -- Installing: /home/chelbaev/NSU/robots/ros2_ws/install/turtlesim/share/turtlesim/local_setup.zsh
[28.650s] -- Installing: /home/chelbaev/NSU/robots/ros2_ws/install/turtlesim/share/turtlesim/local_setup.dsv
[28.651s] -- Installing: /home/chelbaev/NSU/robots/ros2_ws/install/turtlesim/share/turtlesim/package.dsv
[28.653s] -- Installing: /home/chelbaev/NSU/robots/ros2_ws/install/turtlesim/share/ament_index/resource_index/packages/turtlesim
[28.654s] -- Installing: /home/chelbaev/NSU/robots/ros2_ws/install/turtlesim/share/turtlesim/cmake/export_turtlesim__rosidl_generator_cExport.cmake
[28.655s] -- Installing: /home/chelbaev/NSU/robots/ros2_ws/install/turtlesim/share/turtlesim/cmake/export_turtlesim__rosidl_generator_cExport-noconfig.cmake
[28.656s] -- Installing: /home/chelbaev/NSU/robots/ros2_ws/install/turtlesim/share/turtlesim/cmake/export_turtlesim__rosidl_typesupport_fastrtps_cExport.cmake
[28.657s] -- Installing: /home/chelbaev/NSU/robots/ros2_ws/install/turtlesim/share/turtlesim/cmake/export_turtlesim__rosidl_typesupport_fastrtps_cExport-noconfig.cmake
[28.657s] -- Installing: /home/chelbaev/NSU/robots/ros2_ws/install/turtlesim/share/turtlesim/cmake/export_turtlesim__rosidl_generator_cppExport.cmake
[28.658s] -- Installing: /home/chelbaev/NSU/robots/ros2_ws/install/turtlesim/share/turtlesim/cmake/export_turtlesim__rosidl_typesupport_fastrtps_cppExport.cmake
[28.659s] -- Installing: /home/chelbaev/NSU/robots/ros2_ws/install/turtlesim/share/turtlesim/cmake/export_turtlesim__rosidl_typesupport_fastrtps_cppExport-noconfig.cmake
[28.660s] -- Installing: /home/chelbaev/NSU/robots/ros2_ws/install/turtlesim/share/turtlesim/cmake/turtlesim__rosidl_typesupport_introspection_cExport.cmake
[28.661s] -- Installing: /home/chelbaev/NSU/robots/ros2_ws/install/turtlesim/share/turtlesim/cmake/turtlesim__rosidl_typesupport_introspection_cExport-noconfig.cmake
[28.663s] -- Installing: /home/chelbaev/NSU/robots/ros2_ws/install/turtlesim/share/turtlesim/cmake/turtlesim__rosidl_typesupport_cExport.cmake
[28.664s] -- Installing: /home/chelbaev/NSU/robots/ros2_ws/install/turtlesim/share/turtlesim/cmake/turtlesim__rosidl_typesupport_cExport-noconfig.cmake
[28.665s] -- Installing: /home/chelbaev/NSU/robots/ros2_ws/install/turtlesim/share/turtlesim/cmake/turtlesim__rosidl_typesupport_introspection_cppExport.cmake
[28.666s] -- Installing: /home/chelbaev/NSU/robots/ros2_ws/install/turtlesim/share/turtlesim/cmake/turtlesim__rosidl_typesupport_introspection_cppExport-noconfig.cmake
[28.668s] -- Installing: /home/chelbaev/NSU/robots/ros2_ws/install/turtlesim/share/turtlesim/cmake/turtlesim__rosidl_typesupport_cppExport.cmake
[28.669s] -- Installing: /home/chelbaev/NSU/robots/ros2_ws/install/turtlesim/share/turtlesim/cmake/turtlesim__rosidl_typesupport_cppExport-noconfig.cmake
[28.670s] -- Installing: /home/chelbaev/NSU/robots/ros2_ws/install/turtlesim/share/turtlesim/cmake/export_turtlesim__rosidl_generator_pyExport.cmake
[28.672s] -- Installing: /home/chelbaev/NSU/robots/ros2_ws/install/turtlesim/share/turtlesim/cmake/export_turtlesim__rosidl_generator_pyExport-noconfig.cmake
[28.673s] -- Installing: /home/chelbaev/NSU/robots/ros2_ws/install/turtlesim/share/turtlesim/cmake/rosidl_cmake-extras.cmake
[28.674s] -- Installing: /home/chelbaev/NSU/robots/ros2_ws/install/turtlesim/share/turtlesim/cmake/ament_cmake_export_dependencies-extras.cmake
[28.675s] -- Installing: /home/chelbaev/NSU/robots/ros2_ws/install/turtlesim/share/turtlesim/cmake/ament_cmake_export_include_directories-extras.cmake
[28.676s] -- Installing: /home/chelbaev/NSU/robots/ros2_ws/install/turtlesim/share/turtlesim/cmake/ament_cmake_export_libraries-extras.cmake
[28.677s] -- Installing: /home/chelbaev/NSU/robots/ros2_ws/install/turtlesim/share/turtlesim/cmake/ament_cmake_export_targets-extras.cmake
[28.678s] -- Installing: /home/chelbaev/NSU/robots/ros2_ws/install/turtlesim/share/turtlesim/cmake/rosidl_cmake_export_typesupport_targets-extras.cmake
[28.679s] -- Installing: /home/chelbaev/NSU/robots/ros2_ws/install/turtlesim/share/turtlesim/cmake/rosidl_cmake_export_typesupport_libraries-extras.cmake
[28.680s] -- Installing: /home/chelbaev/NSU/robots/ros2_ws/install/turtlesim/share/turtlesim/cmake/turtlesimConfig.cmake
[28.681s] -- Installing: /home/chelbaev/NSU/robots/ros2_ws/install/turtlesim/share/turtlesim/cmake/turtlesimConfig-version.cmake
[28.682s] -- Installing: /home/chelbaev/NSU/robots/ros2_ws/install/turtlesim/share/turtlesim/package.xml
[28.697s] Invoked command in '/home/chelbaev/NSU/robots/ros2_ws/build/turtlesim' returned '0': CMAKE_PREFIX_PATH=${CMAKE_PREFIX_PATH}:/home/chelbaev/NSU/robots/ros2_ws/install/py_pubsub:/opt/ros/humble /usr/bin/cmake --install /home/chelbaev/NSU/robots/ros2_ws/build/turtlesim
