[0.317s] Invoking command in '/home/chelbaev/NSU/robots/ex03/ros2_ws/build/examples_rclpy_minimal_action_server': PYTHONPATH=/home/chelbaev/NSU/robots/ex03/ros2_ws/build/examples_rclpy_minimal_action_server/prefix_override:/usr/lib/python3/dist-packages/colcon_core/task/python/colcon_distutils_commands:/home/chelbaev/NSU/robots/ex03/ros2_ws/install/examples_rclpy_minimal_action_server/lib/python3.10/site-packages:${PYTHONPATH} /usr/bin/python3 -W ignore:setup.py install is deprecated -W ignore:easy_install command is deprecated setup.py develop --editable --build-directory /home/chelbaev/NSU/robots/ex03/ros2_ws/build/examples_rclpy_minimal_action_server/build --no-deps symlink_data
[0.454s] running develop
[0.526s] running egg_info
[0.526s] creating examples_rclpy_minimal_action_server.egg-info
[0.526s] writing examples_rclpy_minimal_action_server.egg-info/PKG-INFO
[0.526s] writing dependency_links to examples_rclpy_minimal_action_server.egg-info/dependency_links.txt
[0.526s] writing entry points to examples_rclpy_minimal_action_server.egg-info/entry_points.txt
[0.526s] writing requirements to examples_rclpy_minimal_action_server.egg-info/requires.txt
[0.526s] writing top-level names to examples_rclpy_minimal_action_server.egg-info/top_level.txt
[0.526s] writing manifest file 'examples_rclpy_minimal_action_server.egg-info/SOURCES.txt'
[0.527s] reading manifest file 'examples_rclpy_minimal_action_server.egg-info/SOURCES.txt'
[0.527s] writing manifest file 'examples_rclpy_minimal_action_server.egg-info/SOURCES.txt'
[0.528s] running build_ext
[0.528s] Creating /home/chelbaev/NSU/robots/ex03/ros2_ws/install/examples_rclpy_minimal_action_server/lib/python3.10/site-packages/examples-rclpy-minimal-action-server.egg-link (link to .)
[0.529s] Installing server script to /home/chelbaev/NSU/robots/ex03/ros2_ws/install/examples_rclpy_minimal_action_server/lib/examples_rclpy_minimal_action_server
[0.529s] Installing server_defer script to /home/chelbaev/NSU/robots/ex03/ros2_ws/install/examples_rclpy_minimal_action_server/lib/examples_rclpy_minimal_action_server
[0.529s] Installing server_not_composable script to /home/chelbaev/NSU/robots/ex03/ros2_ws/install/examples_rclpy_minimal_action_server/lib/examples_rclpy_minimal_action_server
[0.529s] Installing server_queue_goals script to /home/chelbaev/NSU/robots/ex03/ros2_ws/install/examples_rclpy_minimal_action_server/lib/examples_rclpy_minimal_action_server
[0.529s] Installing server_single_goal script to /home/chelbaev/NSU/robots/ex03/ros2_ws/install/examples_rclpy_minimal_action_server/lib/examples_rclpy_minimal_action_server
[0.529s] 
[0.529s] Installed /home/chelbaev/NSU/robots/ex03/ros2_ws/build/examples_rclpy_minimal_action_server
[0.529s] running symlink_data
[0.529s] creating /home/chelbaev/NSU/robots/ex03/ros2_ws/install/examples_rclpy_minimal_action_server/share/ament_index
[0.529s] creating /home/chelbaev/NSU/robots/ex03/ros2_ws/install/examples_rclpy_minimal_action_server/share/ament_index/resource_index
[0.529s] creating /home/chelbaev/NSU/robots/ex03/ros2_ws/install/examples_rclpy_minimal_action_server/share/ament_index/resource_index/packages
[0.529s] symbolically linking /home/chelbaev/NSU/robots/ex03/ros2_ws/build/examples_rclpy_minimal_action_server/resource/examples_rclpy_minimal_action_server -> /home/chelbaev/NSU/robots/ex03/ros2_ws/install/examples_rclpy_minimal_action_server/share/ament_index/resource_index/packages
[0.530s] symbolically linking /home/chelbaev/NSU/robots/ex03/ros2_ws/build/examples_rclpy_minimal_action_server/package.xml -> /home/chelbaev/NSU/robots/ex03/ros2_ws/install/examples_rclpy_minimal_action_server/share/examples_rclpy_minimal_action_server
[0.547s] Invoked command in '/home/chelbaev/NSU/robots/ex03/ros2_ws/build/examples_rclpy_minimal_action_server' returned '0': PYTHONPATH=/home/chelbaev/NSU/robots/ex03/ros2_ws/build/examples_rclpy_minimal_action_server/prefix_override:/usr/lib/python3/dist-packages/colcon_core/task/python/colcon_distutils_commands:/home/chelbaev/NSU/robots/ex03/ros2_ws/install/examples_rclpy_minimal_action_server/lib/python3.10/site-packages:${PYTHONPATH} /usr/bin/python3 -W ignore:setup.py install is deprecated -W ignore:easy_install command is deprecated setup.py develop --editable --build-directory /home/chelbaev/NSU/robots/ex03/ros2_ws/build/examples_rclpy_minimal_action_server/build --no-deps symlink_data
