[0.323s] Invoking command in '/home/chelbaev/NSU/robots/ex03/ros2_ws/build/examples_rclpy_minimal_publisher': PYTHONPATH=/home/chelbaev/NSU/robots/ex03/ros2_ws/build/examples_rclpy_minimal_publisher/prefix_override:/usr/lib/python3/dist-packages/colcon_core/task/python/colcon_distutils_commands:/home/chelbaev/NSU/robots/ex03/ros2_ws/install/examples_rclpy_minimal_publisher/lib/python3.10/site-packages:${PYTHONPATH} /usr/bin/python3 -W ignore:setup.py install is deprecated -W ignore:easy_install command is deprecated setup.py develop --editable --build-directory /home/chelbaev/NSU/robots/ex03/ros2_ws/build/examples_rclpy_minimal_publisher/build --no-deps symlink_data
[0.461s] running develop
[0.533s] running egg_info
[0.534s] creating examples_rclpy_minimal_publisher.egg-info
[0.534s] writing examples_rclpy_minimal_publisher.egg-info/PKG-INFO
[0.534s] writing dependency_links to examples_rclpy_minimal_publisher.egg-info/dependency_links.txt
[0.534s] writing entry points to examples_rclpy_minimal_publisher.egg-info/entry_points.txt
[0.534s] writing requirements to examples_rclpy_minimal_publisher.egg-info/requires.txt
[0.534s] writing top-level names to examples_rclpy_minimal_publisher.egg-info/top_level.txt
[0.534s] writing manifest file 'examples_rclpy_minimal_publisher.egg-info/SOURCES.txt'
[0.535s] reading manifest file 'examples_rclpy_minimal_publisher.egg-info/SOURCES.txt'
[0.536s] writing manifest file 'examples_rclpy_minimal_publisher.egg-info/SOURCES.txt'
[0.536s] running build_ext
[0.536s] Creating /home/chelbaev/NSU/robots/ex03/ros2_ws/install/examples_rclpy_minimal_publisher/lib/python3.10/site-packages/examples-rclpy-minimal-publisher.egg-link (link to .)
[0.537s] Installing publisher_local_function script to /home/chelbaev/NSU/robots/ex03/ros2_ws/install/examples_rclpy_minimal_publisher/lib/examples_rclpy_minimal_publisher
[0.537s] Installing publisher_member_function script to /home/chelbaev/NSU/robots/ex03/ros2_ws/install/examples_rclpy_minimal_publisher/lib/examples_rclpy_minimal_publisher
[0.537s] Installing publisher_member_function_with_wait_for_all_acked script to /home/chelbaev/NSU/robots/ex03/ros2_ws/install/examples_rclpy_minimal_publisher/lib/examples_rclpy_minimal_publisher
[0.537s] Installing publisher_old_school script to /home/chelbaev/NSU/robots/ex03/ros2_ws/install/examples_rclpy_minimal_publisher/lib/examples_rclpy_minimal_publisher
[0.537s] 
[0.537s] Installed /home/chelbaev/NSU/robots/ex03/ros2_ws/build/examples_rclpy_minimal_publisher
[0.537s] running symlink_data
[0.537s] creating /home/chelbaev/NSU/robots/ex03/ros2_ws/install/examples_rclpy_minimal_publisher/share/ament_index
[0.537s] creating /home/chelbaev/NSU/robots/ex03/ros2_ws/install/examples_rclpy_minimal_publisher/share/ament_index/resource_index
[0.537s] creating /home/chelbaev/NSU/robots/ex03/ros2_ws/install/examples_rclpy_minimal_publisher/share/ament_index/resource_index/packages
[0.538s] symbolically linking /home/chelbaev/NSU/robots/ex03/ros2_ws/build/examples_rclpy_minimal_publisher/resource/examples_rclpy_minimal_publisher -> /home/chelbaev/NSU/robots/ex03/ros2_ws/install/examples_rclpy_minimal_publisher/share/ament_index/resource_index/packages
[0.538s] symbolically linking /home/chelbaev/NSU/robots/ex03/ros2_ws/build/examples_rclpy_minimal_publisher/package.xml -> /home/chelbaev/NSU/robots/ex03/ros2_ws/install/examples_rclpy_minimal_publisher/share/examples_rclpy_minimal_publisher
[0.555s] Invoked command in '/home/chelbaev/NSU/robots/ex03/ros2_ws/build/examples_rclpy_minimal_publisher' returned '0': PYTHONPATH=/home/chelbaev/NSU/robots/ex03/ros2_ws/build/examples_rclpy_minimal_publisher/prefix_override:/usr/lib/python3/dist-packages/colcon_core/task/python/colcon_distutils_commands:/home/chelbaev/NSU/robots/ex03/ros2_ws/install/examples_rclpy_minimal_publisher/lib/python3.10/site-packages:${PYTHONPATH} /usr/bin/python3 -W ignore:setup.py install is deprecated -W ignore:easy_install command is deprecated setup.py develop --editable --build-directory /home/chelbaev/NSU/robots/ex03/ros2_ws/build/examples_rclpy_minimal_publisher/build --no-deps symlink_data
