[0.325s] Invoking command in '/home/chelbaev/NSU/robots/ex03/ros2_ws/build/examples_rclpy_guard_conditions': PYTHONPATH=/home/chelbaev/NSU/robots/ex03/ros2_ws/build/examples_rclpy_guard_conditions/prefix_override:/usr/lib/python3/dist-packages/colcon_core/task/python/colcon_distutils_commands:/home/chelbaev/NSU/robots/ex03/ros2_ws/install/examples_rclpy_guard_conditions/lib/python3.10/site-packages:${PYTHONPATH} /usr/bin/python3 -W ignore:setup.py install is deprecated -W ignore:easy_install command is deprecated setup.py develop --editable --build-directory /home/chelbaev/NSU/robots/ex03/ros2_ws/build/examples_rclpy_guard_conditions/build --no-deps symlink_data
[0.462s] running develop
[0.534s] running egg_info
[0.534s] creating examples_rclpy_guard_conditions.egg-info
[0.534s] writing examples_rclpy_guard_conditions.egg-info/PKG-INFO
[0.534s] writing dependency_links to examples_rclpy_guard_conditions.egg-info/dependency_links.txt
[0.534s] writing entry points to examples_rclpy_guard_conditions.egg-info/entry_points.txt
[0.534s] writing requirements to examples_rclpy_guard_conditions.egg-info/requires.txt
[0.534s] writing top-level names to examples_rclpy_guard_conditions.egg-info/top_level.txt
[0.534s] writing manifest file 'examples_rclpy_guard_conditions.egg-info/SOURCES.txt'
[0.535s] reading manifest file 'examples_rclpy_guard_conditions.egg-info/SOURCES.txt'
[0.536s] writing manifest file 'examples_rclpy_guard_conditions.egg-info/SOURCES.txt'
[0.537s] running build_ext
[0.537s] Creating /home/chelbaev/NSU/robots/ex03/ros2_ws/install/examples_rclpy_guard_conditions/lib/python3.10/site-packages/examples-rclpy-guard-conditions.egg-link (link to .)
[0.537s] Installing trigger_guard_condition script to /home/chelbaev/NSU/robots/ex03/ros2_ws/install/examples_rclpy_guard_conditions/lib/examples_rclpy_guard_conditions
[0.538s] 
[0.538s] Installed /home/chelbaev/NSU/robots/ex03/ros2_ws/build/examples_rclpy_guard_conditions
[0.538s] running symlink_data
[0.538s] creating /home/chelbaev/NSU/robots/ex03/ros2_ws/install/examples_rclpy_guard_conditions/share/ament_index
[0.538s] creating /home/chelbaev/NSU/robots/ex03/ros2_ws/install/examples_rclpy_guard_conditions/share/ament_index/resource_index
[0.538s] creating /home/chelbaev/NSU/robots/ex03/ros2_ws/install/examples_rclpy_guard_conditions/share/ament_index/resource_index/packages
[0.538s] symbolically linking /home/chelbaev/NSU/robots/ex03/ros2_ws/build/examples_rclpy_guard_conditions/resource/examples_rclpy_guard_conditions -> /home/chelbaev/NSU/robots/ex03/ros2_ws/install/examples_rclpy_guard_conditions/share/ament_index/resource_index/packages
[0.538s] symbolically linking /home/chelbaev/NSU/robots/ex03/ros2_ws/build/examples_rclpy_guard_conditions/package.xml -> /home/chelbaev/NSU/robots/ex03/ros2_ws/install/examples_rclpy_guard_conditions/share/examples_rclpy_guard_conditions
[0.562s] Invoked command in '/home/chelbaev/NSU/robots/ex03/ros2_ws/build/examples_rclpy_guard_conditions' returned '0': PYTHONPATH=/home/chelbaev/NSU/robots/ex03/ros2_ws/build/examples_rclpy_guard_conditions/prefix_override:/usr/lib/python3/dist-packages/colcon_core/task/python/colcon_distutils_commands:/home/chelbaev/NSU/robots/ex03/ros2_ws/install/examples_rclpy_guard_conditions/lib/python3.10/site-packages:${PYTHONPATH} /usr/bin/python3 -W ignore:setup.py install is deprecated -W ignore:easy_install command is deprecated setup.py develop --editable --build-directory /home/chelbaev/NSU/robots/ex03/ros2_ws/build/examples_rclpy_guard_conditions/build --no-deps symlink_data
