[0.346s] Invoking command in '/home/chelbaev/NSU/robots/ex03/ros2_ws/build/examples_rclpy_executors': PYTHONPATH=/home/chelbaev/NSU/robots/ex03/ros2_ws/build/examples_rclpy_executors/prefix_override:/usr/lib/python3/dist-packages/colcon_core/task/python/colcon_distutils_commands:/home/chelbaev/NSU/robots/ex03/ros2_ws/install/examples_rclpy_executors/lib/python3.10/site-packages:${PYTHONPATH} /usr/bin/python3 -W ignore:setup.py install is deprecated -W ignore:easy_install command is deprecated setup.py develop --editable --build-directory /home/chelbaev/NSU/robots/ex03/ros2_ws/build/examples_rclpy_executors/build --no-deps symlink_data
[0.483s] running develop
[0.557s] running egg_info
[0.557s] creating examples_rclpy_executors.egg-info
[0.557s] writing examples_rclpy_executors.egg-info/PKG-INFO
[0.557s] writing dependency_links to examples_rclpy_executors.egg-info/dependency_links.txt
[0.557s] writing entry points to examples_rclpy_executors.egg-info/entry_points.txt
[0.557s] writing requirements to examples_rclpy_executors.egg-info/requires.txt
[0.557s] writing top-level names to examples_rclpy_executors.egg-info/top_level.txt
[0.557s] writing manifest file 'examples_rclpy_executors.egg-info/SOURCES.txt'
[0.558s] reading manifest file 'examples_rclpy_executors.egg-info/SOURCES.txt'
[0.558s] writing manifest file 'examples_rclpy_executors.egg-info/SOURCES.txt'
[0.559s] running build_ext
[0.559s] Creating /home/chelbaev/NSU/robots/ex03/ros2_ws/install/examples_rclpy_executors/lib/python3.10/site-packages/examples-rclpy-executors.egg-link (link to .)
[0.560s] Installing callback_group script to /home/chelbaev/NSU/robots/ex03/ros2_ws/install/examples_rclpy_executors/lib/examples_rclpy_executors
[0.560s] Installing composed script to /home/chelbaev/NSU/robots/ex03/ros2_ws/install/examples_rclpy_executors/lib/examples_rclpy_executors
[0.560s] Installing custom_callback_group script to /home/chelbaev/NSU/robots/ex03/ros2_ws/install/examples_rclpy_executors/lib/examples_rclpy_executors
[0.560s] Installing custom_executor script to /home/chelbaev/NSU/robots/ex03/ros2_ws/install/examples_rclpy_executors/lib/examples_rclpy_executors
[0.560s] Installing listener script to /home/chelbaev/NSU/robots/ex03/ros2_ws/install/examples_rclpy_executors/lib/examples_rclpy_executors
[0.560s] Installing talker script to /home/chelbaev/NSU/robots/ex03/ros2_ws/install/examples_rclpy_executors/lib/examples_rclpy_executors
[0.560s] 
[0.561s] Installed /home/chelbaev/NSU/robots/ex03/ros2_ws/build/examples_rclpy_executors
[0.561s] running symlink_data
[0.561s] creating /home/chelbaev/NSU/robots/ex03/ros2_ws/install/examples_rclpy_executors/share/ament_index
[0.561s] creating /home/chelbaev/NSU/robots/ex03/ros2_ws/install/examples_rclpy_executors/share/ament_index/resource_index
[0.561s] creating /home/chelbaev/NSU/robots/ex03/ros2_ws/install/examples_rclpy_executors/share/ament_index/resource_index/packages
[0.561s] symbolically linking /home/chelbaev/NSU/robots/ex03/ros2_ws/build/examples_rclpy_executors/resource/examples_rclpy_executors -> /home/chelbaev/NSU/robots/ex03/ros2_ws/install/examples_rclpy_executors/share/ament_index/resource_index/packages
[0.561s] symbolically linking /home/chelbaev/NSU/robots/ex03/ros2_ws/build/examples_rclpy_executors/package.xml -> /home/chelbaev/NSU/robots/ex03/ros2_ws/install/examples_rclpy_executors/share/examples_rclpy_executors
[0.578s] Invoked command in '/home/chelbaev/NSU/robots/ex03/ros2_ws/build/examples_rclpy_executors' returned '0': PYTHONPATH=/home/chelbaev/NSU/robots/ex03/ros2_ws/build/examples_rclpy_executors/prefix_override:/usr/lib/python3/dist-packages/colcon_core/task/python/colcon_distutils_commands:/home/chelbaev/NSU/robots/ex03/ros2_ws/install/examples_rclpy_executors/lib/python3.10/site-packages:${PYTHONPATH} /usr/bin/python3 -W ignore:setup.py install is deprecated -W ignore:easy_install command is deprecated setup.py develop --editable --build-directory /home/chelbaev/NSU/robots/ex03/ros2_ws/build/examples_rclpy_executors/build --no-deps symlink_data
